      0: system.cpu1 T0 : @_end+140737345580016    : mov	rdi, rsp              
      0: system.cpu1 T0 : @_end+140737345580016.0  :   MOV_R_R : mov   rdi, rdi, rsp : IntAlu :  D=0x00007fffffffee60
    500: system.cpu0 T      0 : 500: system.cpu1 T0 : @_end+140737345580019    : @                         _end+140737345580019    : call	0xd78                
    500: system.cpu0 T0 :   0 : 500: system.cpu1 T0 : @_end+140737345580019    : @                         _end+140737345580019    : call	0xd78                
  CALL_NEAR_I : limm   t1, 0xd78     : IntAlu    500 D=: 0xstem.cpu1                             Td780000000000000
   1000: system.cpu1 T0 : @_end+140737345580019.1  :   CALL_NEAR_I : rdip   t7, %ctrl153,  :    1500 : :  D=tem.cpu0                T0 : 00007ffff7dd7c38
   2000: system.cpu0 T0 : @_end+140737345580019.3  :    1500: system.cpu1                T0 : @_end+140737345580019.2  :   CALL_NEAR_I : subi   rsp, rsp, 0x8 : IntAlu :  D=0x00007fffffffee58
   2000: system.cpu1 T0 : @_end+140737345580019.3  :   CALL_NEAR_I : subi   rsp, rsp, 0x8 : IntAlu :  D=0x00007fffffffee58
   2500: system.cpu1 T0 : @_end+140737345580019.4  :   CALL_NEAR_I : wrip   , t7, t1 : IntAlu : 
   3500: system.cpu1 T0 : @_end+140737345583472.1  :   PUSH_R : subi   rsp, rsp, 0x8 : IntAlu :  D=0x00007fffffffee50
   6500: system.cpu0 T0 :    4000: system.cpu1 T0 : d+140737345583480.0  : @                         _end+140737345583473    : mov	rbp, : p              
   6500: system.cpu0 T0 :    4000: system.cpu1 T0 : d+140737345583480.0  : @                         _end+140737345583473    : mov	rbp, : p              
   7000: system.cpu0.1  :    4000: system.cpu1                T0 :   PUSH_R : subi   rsp, rsp, 0x8 : IntAlu :  D=0x00007fffffffee38
   7000: system.cpu0.1  :    4000: system.cpu1                T0 :   PUSH_R : subi   rsp, rsp, 0x8 : IntAlu :  D=0x00007fffffffee38
   8500: system.cpu0 T0 : @_end+140737345583484.0  :    5500: system.cpu1                T0 :   MOV_R_R : mov   r12, r12, rdi : IntAlu :  D=0x00007fffffffee60
   8500: system.cpu0 T0 : @_end+140737345583484.0  :    5500: system.cpu1                T0 :   MOV_R_R : mov   r12, r12, rdi : IntAlu :  D=0x00007fffffffee60
   5500: system.cpu1 T0 : @_end+140737345583478.0  :   PUSH_R : stis   r14, SS:[rsp + 0xfffffffffffffff8] : MemWrite :  D=0x0000000000000000 A=0x7fffffffee40
   9000: system.cpu0 T0 :       :_end+140737345583487   system.cpu1s   T0 : push	rbx
   9000: system.cpu0 T0 :       :_end+140737345583487   system.cpu1s   T0 : push	rbx
   6500: system.cpu1 T0 :    9500: system.cpu0 T0 : @_end+140737345583480    : push	r13                  
   6500: system.cpu1 T0 :    9500: system.cpu0 T0 : @_end+140737345583480    : push	r13                  
   7000: system.cpu1 T0 : @_end+140737345583480.1  :   PUSH_R : subi   rsp, rsp, 0x8 : IntAlu :  D=0x00007fffffffee38
  10500: system.cpu0 T0 : @_end+140737345583488.1      :    8000: system.cpu1 T0 :   SUB_R_I : sub   rsp, rsp, t1 : IntAlu :  D=0x0_end+140737345583482
  10500: system.cpu0 T0 : @_end+140737345583488.1      :    8000: system.cpu1 T0 :   SUB_R_I : sub   rsp, rsp, t1 : IntAlu :  D=0x0_end+140737345583482
   8500: system.cpu1 T0 : @_end+140737345583484    : mov	r12, rdi              
   8500: system.cpu1                T0 : @_end+140737345583484.0  :   MOV_R_R : mov   r12, r12, rdi : IntAlu :  D=0x00007fffffffee60
   8500: system.cpu1                T0 : @_end+140737345583484.0  :   MOV_R_R : mov   r12, r12, rdi : IntAlu :  D=0x00007fffffffee60
  11000: system.cpu0 T0 : @_end+140737345583492.0  :    9000: system.cpu1                T0 :   RDTSC : rdtsc   t1d, %ctrl26,  : IntAlu :  D=0x0000000000000016
  11000: system.cpu0 T0 : @_end+140737345583492.0  :    9000: system.cpu1                T0 :   RDTSC : rdtsc   t1d, %ctrl26,  : IntAlu :  D=0x0000000000000016
      0:_system.cpu145583492.1  :   T0 : @_end+140737345583487.0  :   PUSH_R : stis   rbx, SS:[rsp + 0xfffffffffffffff8]  RDTSC : mov   eax, eax, t1dMemWrite : IntAlu D= D=0x0000000000000016
      0:_system.cpu145583492.1  :   T0 : @_end+140737345583487.0  :   PUSH_R : stis   rbx, SS:[rsp + 0xfffffffffffffff8]  RDTSC : mov   eax, eax, t1dMemWrite : IntAlu D= D=0x0000000000000016
@_end+140737345583492.2  :    9500: IntAlu : system.cpu1                 D=0 : 0000000000000000
@_end+140737345583492.2  :    9500: IntAlu : system.cpu1                 D=0 : 0000000000000000
  10000: system.cpu1 T0 : @_end+140737345583488    : sub	rax, 0x38             
 T0 :   10000: system.cpu1 T0 : @_end+140737345583494    : @                         _end+140737345583488.0  :   SUB_R_I : limm   t1, 0x38 : IntAlu :  D=0x0000000000000038
  10500: system.cpu1 T0 : @_end+140737345583488.1  :   SUB_R_I : sub   rsp, rsp, t1 : IntAlu :  D=0x0000000000000000
: system.cpu1 T0 : 13500: system.cpu0 T0 : @_end+140737345583498. 0 : @                         _end+140737345583492    : rdtsc	                    
: system.cpu1 T0 : 13500: system.cpu0 T0 : @_end+140737345583498. 0 : @                         _end+140737345583492    : rdtsc	                    
  11500: system.cpu1 T0 : @_end+140737345583492.1  :   RDTSC : mov   eax, eax, t1d : IntAlu :  D=0x0000000000000016
  13000: system.cpu1 T0 :   15000: system.cpu0 T0 : d+140737345583494    : sal	rdx, 0x20             
  13000: system.cpu1 T0 :   15000: system.cpu0 T0 : d+140737345583494    : sal	rdx, 0x20             
  13500: system.cpu1 T0 :   15500: system.cpu0 T0 : @@end+140737345583503.1  : _end+140737345583498    : mov	eax, eax              
  13500: system.cpu1 T0 :   15500: system.cpu0 T0 : @@end+140737345583503.1  : _end+140737345583498    : mov	eax, eax              
  14000: system.cpu1 T0 : @_end+140737345583500    : or	rax, rdx               
  14000: system.cpu1 T0 : @_end+140737345583510    : @                         _end+140737345583500.0  :   OR_R_R : or   rax, rax, rdx : IntAlu :  D=0x0000000000000000
  14000: system.cpu1 T0 : @_end+140737345583510    : @                         _end+140737345583500.0  :   OR_R_R : or   rax, rax, rdx : IntAlu :  D=0x0000000000000000
  15000: system.cpu1 T0 : @_end+140737345583503.0  :   LEA_R_P : rdip   t7, %ctrl153,  : IntAlu :  D=0x00007ffff7dd89d6
 T0 : @_end+140737345583510.1  :   15500: system.cpu1                T0 :   MOV_P_R : st   rax, DS:[t7 + 0x224283] : MemWrite :  D=0x0000000000000016 A=0x7ffff7ffcc60
 T0 : @_end+140737345583510.1  :   15500: system.cpu1                T0 :   MOV_P_R : st   rax, DS:[t7 + 0x224283] : MemWrite :  D=0x0000000000000016 A=0x7ffff7ffcc60
ystem.cpu1                T0 : @_end+140737345583510    : mov	DS:[rip + 0x224283], rax
  16500:  : tem.cpu1                D=0x000000000000000 T00007ffff7dd89dd
  18000: system.cpu1 T0 :   19000: system.cpu0 T0 : @_end+140737345583517    : mov	rax, DS:[rip + 0x22449c]
  18000: system.cpu1 T0 :   19000: system.cpu0 T0 : @_end+140737345583517    : mov	rax, DS:[rip + 0x22449c]
  18500: system.cpu1 T0 : @_end+140737345583517.1  :   MOV_R_P : ld   rax, DS:[t7 + 0x22449c] : MemRead :  D=0x000000000000000e A=0x7ffff7ffce80
  20000: system.cpu0 T  19000      0 : system.cpu1 T0 : @_end+140737345583527. 0 : @                         _end+140737345583524    : mov	r14, rdx              
  20000: system.cpu0 T  19000      0 : system.cpu1 T0 : @_end+140737345583527. 0 : @                         _end+140737345583524    : mov	r14, rdx              
  21000: system.cpu0 T0 : @_end+140737345583527.2      :   20000: system.cpu1 T0 :   SUB_R_P : sub   r14, r14, t1 : IntAlu :  D=0x0000000000000000
  21000: system.cpu0 T0 : @_end+140737345583527.2      :   20000: system.cpu1 T0 :   SUB_R_P : sub   r14, r14, t1 : IntAlu :  D=0x0000000000000000
  20000: system.cpu1 T0 : @_end+140737345583527.0  :   SUB_R_P : rdip   t7, %ctrl153,  : IntAlu :  D=0x00007ffff7dd89ee
  22000: system.cpu0 T0 :   20500: system.cpu1@_end+140737345583534T00 : 00000000000000000000000000 :   MOV_P_R : rdip   t7, %ctrl153,  : IntAlu :  D=0x00007ffff7dd89f5
  22000: system.cpu0 T0 :   20500: system.cpu1@_end+140737345583534T00 : 00000000000000000000000000 :   MOV_P_R : rdip   t7, %ctrl153,  : IntAlu :  D=0x00007ffff7dd89f5
  22500: system.cpu0 T0 : @_end+140737345583534.10 :   21000: system.cpu1000000000000000 T0 :   MOV_P_R : st   rdx, DS:[t7 + 0x224ff3] : MemWrite :  D=0x00007ffff7ffce80 A=0x7ffff7ffd9e8
  22500: system.cpu0 T0 : @_end+140737345583534.10 :   21000: system.cpu1000000000000000 T0 :   MOV_P_R : st   rdx, DS:[t7 + 0x224ff3] : MemWrite :  D=0x00007ffff7ffce80 A=0x7ffff7ffd9e8
  23000: system.cpu0 T0 :   22000: system.cpu1 T0 : @_end+140737345583541    : @0000000000000000000000000_end+140737345583534    : mov	DS:[rip + 0x224ff3], rdxt  23000: system.cpu0 T0 :   22000: system.cpu1 T0 : @_end+140737345583541    : @0000000000000000000000000_end+140737345583534    : mov	DS:[rip + 0x224ff3], rdxtest	rax, rax0000000000000
  22500: system.cpu1 T0 :   23500: system.cpu0 T0 : @_end+140737345583534.10 :   MOV_P_R : st   rdx, DS:[t7 + 0x224ff3] : MemWrite :  D=0x@_end+1407373455835447ff :  A=0x7ffff7ffd9e8
  22500: system.cpu1 T0 :   23500: system.cpu0 T0 : @_end+140737345583534.10 :   MOV_P_R : st   rdx, DS:[t7 + 0x224ff3] : MemWrite :  D=0x@_end+1407373455835447ff :  A=0x7ffff7ffd9e8
@_end+140737345583544.10 :   23000: system.cpu1000000000000000 T0 :   MOV_P_R : st   r14, DS:[t7 + 0x224fd9] : MemWrite :  D=0x00007ffff7dd7000 A=0x7ffff7ffd9d8
@_end+140737345583544.10 :   23000: system.cpu1000000000000000 T0 :   MOV_P_R : st   r14, DS:[t7 + 0x224fd9] : MemWrite :  D=0x00007ffff7dd7000 A=0x7ffff7ffd9d8
  26000: system.cpu0 20 : : system.cpu1 T0 : @_end+140737345583551. 2 : @                         _end+140737345583544.1  :   MOV_P_R : st   r14, DS:[t7 + 0x224fd9] : MemWrite wrip   , t1, t2 :  : Alu : 
  26000: system.cpu0 20 : : system.cpu1 T0 : @_end+140737345583551. 2 : @                         _end+140737345583544.1  :   MOV_P_R : st   r14, DS:[t7 + 0x224fd9] : MemWrite wrip   , t1, t2 :  : Alu : 
  25000: system.cpu1                T0 : @_end+140737345583551    : jz	0x8d                   
  25000: system.cpu1 T0 : @_end+140737345583557    : lea	rcx, DS:[rip + 0x224634]
  25000: system.cpu1                T0 : @_end+140737345583551    : jz	0x8d                   
  28500: system.cpu0 T0 :   26000: system.cpu1 T0 : d+140737345583564    : @ m                       _en  28500: system.cpu0 T0 :   26000: system.cpu1 T0 : d+140737345583564    : @ m                       _end+140737345583551.2  :   JZ_I : wrip   , t1, t2   : IntAlu : 
  27000: system.cpu1 T0 : @_end+140737345583557    : lea	rcx, DS:[rip + 0x224634]
  27000: system.cpu1 T0 : @_end+140737345583557    : lea	rcx, DS:[rip + 0x224634]
  27000: system.cpu1 T0 : @_end+1 : IntAlu :   29500: system.cpu0 T0x : 7ffff7dd8a0c
  27000: system.cpu1 T0 : @_end+1 : IntAlu :   29500: system.cpu0 T0x : 7ffff7dd8a0c
  30000: system.cpu0 T0 : @_end+140737345583584    :   27500: system.cpu1                T0 : mov	esi, 0x6fffffff
  28500: system.cpu1 T0 : @_end+140737345583564    : mov	r9, 0x3800003d8       
  MOV_R_I : limm   r11d, 0x6ffffdff  2IntAlu :  D= :system.cpu1                T000000006ffffdff
  MOV_R_I : limm   r11d, 0x6ffffdff  2IntAlu :  D= :system.cpu1                T000000006ffffdff
  29500: system.cpu0 T:  : system.cpu1 T0 : @_end+140737345583595.0  : @                         _end+140737345583574    : mov	r8, 0x37ffffb78       
  29500: system.cpu0 T:  : system.cpu1 T0 : @_end+140737345583595.0  : @                         _end+140737345583574    : mov	r8, 0x37ffffb78       
  31000: system.cpu1 T0 : @_end+140737345583589.0  :   MOV_R_I : limm   r11d, 0x6ffffdff : IntAlu :  D=0x000000006ffffdff
  36000: system.cpu0 T0 : @_end+140737345583617.2  :   33500: system.cpu1                T0 :   JMP_I : wrip   , t1, t2 : IntAlu : 
  36000: system.cpu0 T0 : @_end+140737345583617.2  :   33500: system.cpu1                T0 :   JMP_I : wrip   , t1, t2 : IntAlu : 
  33500: system.cpu1 T0 : @_end+140737345583606.0  :   MOV_R_I : limm   r10d, 0x31 : IntAlu :   37000:  D=tem.cpu0 T00000000000000 : 
  37000: system.cpu0 T0 : @_end+140737345583647.0  :   34500: system.cpu1                T  CMP_R_I : limm   t1, 0x21 : IntAlu : 0 : D=0x0000000000000021
  37000: system.cpu0 T0 : @_end+140737345583647.0  :   34500: system.cpu1                T  CMP_R_I : limm   t1, 0x21 : IntAlu : 0 : D=0x0000000000000021
 :   34500: system.cpu1                T0 :   CMP_R_I : sub   t0, rax, t1 : IntAlu :  D=0x0000000000000001
 :   34500: system.cpu1                T0 :   CMP_R_I : sub   t0, rax, t1 : IntAlu :  D=0x0000000000000001
  35000: system.cpu1 T0 :   38500: system.cpu0 T0 : @_end+140737345583651.@_end+140737345583617    : jmp	0x1c                  
  35000: system.cpu1 T0 :   38500: system.cpu0 T0 : @_end+140737345583651.@_end+140737345583617    : jmp	0x1c                  
system.cpu1 T0 : @_end+140737345583617.1  :   JMP_I : limm   t2, 0x1c  : IntAlu :  D=0x000000000000001c
  36000: system.cpu1 T0 : @_end+140737345583617.2  :   JMP_I : wrip   , t1, t2  : 500: system.cpu0 T0 : lu : 
  36000: system.cpu1 T0 : @_end+140737345583617.2  :   JMP_I : wrip   , t1, t2  : 500: system.cpu0 T0 : lu : 
  40000: system.cpu0 T0 : @_end+140737345583624.1  :   37000: system.cpu1                T0 :   LEA_R_P : lea   rcx, DS:[t7 + 0x224fc9] : IntAlu :  D=0x00007ffff7ffda18
  40000: system.cpu0 T0 : @_end+140737345583624.1  :   37000: system.cpu1                T0 :   LEA_R_P : lea   rcx, DS:[t7 + 0x224fc9] : IntAlu :  D=0x00007ffff7ffda18
  37000: system.cpu1 T0 : @_end+140737345583647.0  :   CMP_R_I : limm   t1, 0x21 : IntAlu :  D=0x0000000000000021
  38000: system.cpu1 T0 : @_end+140737345583651    : jbe	0xffffffffffffffe3    
  38000: system.cpu1@Tend+140737345583635    : 0                          : add	rax, 0x10
  41500: system.cpu1@Tend+140737345583635    : 0                          : add	rax, 0x10
  44000: system.cpu0 T0 : @_end+140737345583645    : jz	0x33                      44000: system.cpu0 T0 : @_end+140737345583645    : jz	0x33                    : system.cpu1                T0 : @_end+140737345583631    : mov	DS:[8*rax + rcx], rdx 
  44000: system.cpu0 T0 : @_end+140737345583645    : jz	0x33                    : system.cpu1                T0 : @_end+140737345583631    : mov	DS:[8*rax + rcx], rdx 
  41500: system.cpu1 T0     : T0 : @_end+140737345583645. 2 : @                         _end+140737345583635    : add	rax, 0x10             
  41500: system.cpu1 T0     : T0 : @_end+140737345583645. 2 : @                         _end+140737345583635    : add	rax, 0x10             
  45000: system.cpu1 T0 : @_end+140737345583645.2  :   JZ_I : wrip   , t1, t2   : IntAlu : 
  45000: system.cpu1 T0 : @_end+140737345583645.2  :   JZ_I : wrip   , t1, t2   : IntAlu : 
  46000: system.cpu1 T0 :   51000: system.cpu0 T@ : _end+140737345583647    : cmp	rax, 0x21             
  46000: system.cpu1 T0 :   51000: system.cpu0 T@ : _end+140737345583647    : cmp	rax, 0x21             
  52000: system.cpu0 T0 :   46500: system.cpu1 T0 : @_end+140737345583639.0  :   MOV_R_M : ld   rax, DS:[rdx] : MemRead :  D=0x000000006ffffef5 A=0x7ffff7ffcea0
  52000: system.cpu0 T0 :   46500: system.cpu1 T0 : @_end+140737345583639.0  :   MOV_R_M : ld   rax, DS:[rdx] : MemRead :  D=0x000000006ffffef5 A=0x7ffff7ffcea0
  47500: system.cpu1 T0 :   53500: system.cpu0 T0 : @_end+140737345583645.1  :   JZ_I : limm   t2, 0x33  @                    00   00000000033
  47500: system.cpu1 T0 :   53500: system.cpu0 T0 : @_end+140737345583645.1  :   JZ_I : limm   t2, 0x33  @                    00   00000000033
  55000: system.cpu0 T0 : @_end+140737345583647  48500::  :   CMP_R_I : limm   t1, 0 : tem.cpu1 IntAluT:  D=0x0000000000000021
  48500: system.cpu1 T0 : x224fc9]
  48500: system.cpu1 T0 : @_end+140737345583624.0  :   LEA_R_P : rdip   t7, %ctrl153,  : IntAlu :  D=0x00007ffff7dd8a4f
  48500: system.cpu1 T0 : @_end+140737345583624.0  :   LEA_R_P : rdip   t7, %ctrl153,  : IntAlu :  D=0x00007ffff7dd8a4f
  49000: system.cpu1 T  560000 : stem.cpu T0 : @_end+140737345583651. 0 :   JBE_I : rdip   t1, %ctrl153,  : IntAlu : @_end+140737345583624.00007ffff7dd8a651  49000: system.cpu1 T  560000 : stem.cpu T0 : @_end+140737345583651. 0 :   JBE_I : rdip   t1, %ctrl153,  : IntAlu : @_end+140737345583624.00007ffff7dd8a6510 :   LEA_R_P : lea   rcx, DS:[t7 + 0x224fc9] : IntAlu :  D=0x00007ffff7ffda18
@_system.cpu0 T0 :   50000: system.cpu1 T0 : @_end+140737345583653    : @                         _end+140737345583631.0  :   MOV_M_R : st   rdx, DS:[8*rax + rcx] : MemWrite :  D=0x0000 A=0rcx, rsi
  57500: system.cpu0 50000: system.cpu1 T0 : @_end+140737345583653    : @                         _end+140737345583631.0  :   MOV_M_R : st   rdx, DS:[8*rax + rcx] : MemWrite :  D=0x0000 A=0rcx, rsi
  50500: system.cpu1 T0 : @_end+140737345583635    : add	rax, 0x10             
  50500: system.cpu1                T0 : sub	rcx, rax
  58000: system.cpu1                T0 : sub	rcx, rax
  52000: system.cpu1 T0 :  mov	rax, DS:[rdx]         
  53000: system.cpu1 T0 : @_end+140737345583645    : jz	0x33  61000: system.cpu0  : 8a75
  53000: system.cpu1 T0 : @_end+140737345583645    : jz	0x33  61000: system.cpu0  : 8a75
  61500: system.cpu0 T0 : @  53500:  : tem.cpu1 T0 : @_end+140737345583645.1  :   JZ_I : limm   t2, 0x33 l :    
  61500: system.cpu0 T0 : @  53500:  : tem.cpu1 T0 : @_end+140737345583645.1  :   JZ_I : limm   t2, 0x33 l :    
  62000: system.cpu0 T0 : @_end+140737345584171    : 55000: system.cpu1 T0 : sar	ecx
  62000: system.cpu0 T0 : @_end+140737345584171    : 55000: system.cpu1 T0 : sar	ecx
  55000: system.cpu1                T0 :   SAR_1_R : srai   ecx, ecx, 0x1 : IntAlu :  D=0x0000000000000000
  55000: system.cpu1                T0 :   SAR_1_R : srai   ecx, ecx, 0x1 : IntAlu :  D=0x0000000000000000
  55500: system.cpu1 T0 :   62500: system.cpu0 T0 : @@_end+14073734558417.    :   CMP_R_I : sub   t0, rax, t1 : IntAlu :  D=0x0000000000000000
  55500: system.cpu1 T0 :   62500: system.cpu0 T0 : @@_end+14073734558417.    :   CMP_R_I : sub   t0, rax, t1 : IntAlu :  D=0x0000000000000000
  62500: system.cpu0 T0 : @_end+140737345584173.  56000: system.cpu1 T0 :   CMP_R_I : limm   t1d, 0xfffffffffffffffc : IntAlu@_end+140737345583651 D= : jbe	0xffffffffffffffe30ff0ffffc000000000000000000 ,
  62500: system.cpu0 T0 : @_end+140737345584173.  56000: system.cpu1 T0 :   CMP_R_I : limm   t1d, 0xfffffffffffffffc : IntAlu@_end+140737345583651 D= : jbe	0xffffffffffffffe30ff0ffffc000000000000000000 ,
  56000: system.cpu1 @0. : : @_end+140737345583651.0  :   JBE_I : rdip   t1, %ctrl153,  : IntAlu :  D=0x  CMP_R_I : sub   t0d, ecx, t1d : 7ffff7 : 
  56000: system.cpu1 @0. : : @_end+140737345583651.0  :   JBE_I : rdip   t1, %ctrl153,  : IntAlu :  D=0x  CMP_R_I : sub   t0d, ecx, t1d : 7ffff7 : 
  56500: system.cpu1 T0 : @_end+140737345583651.01 :   JBE_I : limm   t2, 0xffffffffffffffe3 : IntAlu :  D=0xffffffffffffffe3
  56500: system.cpu1 T0 : @_end+140737345583651.01 :   JBE_I : limm   t2, 0xffffffffffffffe3 : IntAlu :  D=0xffffffffffffffe3
@_end+140737345583653    : mov	rcx, rsi  64000:  57500: system.cpu1     : mov	rcx, rsi  64000: system.cpu0 T0 : @_end+140737345584176.10 :   JBE_I : limm   t2, 0x1e0 : IntAlu :  D=0x000000000000001e
  58000: system.cpu1 T0 : @_end+140737345583656    : sub	rcx, rax00000000000000
  58000: system.cpu1000000000000000 mov	rcx, r11
  58500: system.cpu1 T0 : @_end+14073734558365965500    : cT0	rax, 0xf0 : 000000000000
  58500: system.cpu1 T0 : @_end+14073734558365965500    : cT0	rax, 0xf0 : 000000000000
  59000: system.cpu1 T0 : @_end+140737345583659.10 :   CMP_R_I : sub   t0, rcx, t1 : IntAlu :  D=0x0000000000000000
  66500: system.cpu0 T0 : @_end+140737345584214.00 :   60000: system.cpu1000000000000000 T0  CMP_R_I : limm   t1, 0xb : IntAlu :  D=0x000000000000000b
  66500: system.cpu0 T0 : @_end+140737345584214.00 :   60000: system.cpu1000000000000000 T0  CMP_R_I : limm   t1, 0xb : IntAlu :  D=0x000000000000000b
  60000: system.cpu1000000000000000 T0 :   CMP_R_I : sub   t0, rcx, t1 : IntAlu :  D=0x0000000000000000
  60000: system.cpu1000000000000000 T0 :   CMP_R_I : sub   t0, rcx, t1 : IntAlu :  D=0x0000000000000000
  61000: system.cpu1 T0 :   68000: system.cpu0 T0 : @_end+140737345583663.20 :   JNBE_I : wrip   , t1, t2 : IntAlu : 
  61000: system.cpu1 T0 :   68000: system.cpu0 T0 : @_end+140737345583663.20 :   JNBE_I : wrip   , t1, t2 : IntAlu : 
  61500: system.cpu1 T0    system.cpu0 T0 : @_end+140737345584218.02 : @0000000000000000000000000_end+140737345584168    : lea	ecx, DS:[rax + rax]000
  61500: system.cpu1 T0    system.cpu0 T0 : @_end+140737345584218.02 : @0000000000000000000000000_end+140737345584168    : lea	ecx, DS:[rax + rax]000
system.cpu1 T0     : : system.cpu0 T0 : @_end+140737345584536.00 : @0000000000000000000000000_end+140737345584171    : sar	ecx0000000000000000000
system.cpu1 T0     : : system.cpu0 T0 : @_end+140737345584536.00 : @0000000000000000000000000_end+140737345584171    : sar	ecx0000000000000000000
  62500: system.cpu1 T0 :   70500: system.cpu0 T0 : @_end+140737345584542    : @_end+140737345584173.0  :   CMP_R_I : limm   t1d, 0xfffffffffffffffc : IntAlu :  D=0x00000000fffffffc
  62500: system.cpu1 T0 :   70500: system.cpu0 T0 : @_end+140737345584542    : @_end+140737345584173.0  :   CMP_R_I : limm   t1d, 0xfffffffffffffffc : IntAlu :  D=0x00000000fffffffc
  70500: system.cpu0 T0 :   63000: system.cpu1 T0 : @_end+140737345584542.0  : @                         _end+140737345584173.  CMP_R_I : limm   t1, 0xa : IntAlu :  D=0x000  CMP_R_I : s
  70500: system.cpu0 T0 :   63000: system.cpu1 T0 : @_end+140737345584542.0  : @                         _end+140737345584173.  CMP_R_I : limm   t1, 0xa : IntAlu :  D=0x000  CMP_R_I : s
  63500: system.cpu1 T0 :   71500: system.cpu0 T0 : @_end+140737345584176    : jbe	0x1e                  
  63500: system.cpu1 T0 :   71500: system.cpu0 T0 : @_end+140737345584176    : jbe	0x1e                  
  64000: system.cpu1 T0 :   72000: system.cpu0 T0 : @_end+140737345584176.1  :   JBE_I : limm   t2, 0x1e  : IntAlu :  D=0x000000000000001e
  64000: system.cpu1 T0 :   72000: system.cpu0 T0 : @_end+140737345584176.1  :   JBE_I : limm   t2, 0x1e  : IntAlu :  D=0x000000000000001e
  64500: system.cpu1 T0 :   72500: system.cpu0 T0 : @_end+140737345584176.2  :   JBE_I : wrip   , t1, t2  : IntAlu : 
  64500: system.cpu1 T0 :   72500: system.cpu0 T0 : @_end+140737345584176.2  :   JBE_I : wrip   , t1, t2  : IntAlu : 
  65000: system.cpu1 T0 : @_end+140737345584208    : mov	rcx, r11              
  65000: system.cpu1 T0 :   73000: system.cpu0 T0 : @_end+140737345584208.0  :   MOV_R_R : mov   rcx, rcx, r11 : IntAlu : @_end+140737345584552    : 0x                        6ffffdff00000000
  65000: system.cpu1 T0 :   73000: system.cpu0 T0 : @_end+140737345584208.0  :   MOV_R_R : mov   rcx, rcx, r11 : IntAlu : @_end+140737345584552    : 0x                        6ffffdff00000000
  73000: system.cpu0 T0 : @_end+140737345584552.0  :   65500: system.cpu1                T0 :   NEG_R : sub   rax, t0, rax : IntAlu :  D=0x0000000000000001
  73000: system.cpu0 T0 : @_end+140737345584552.0  :   65500: system.cpu1                T0 :   NEG_R : sub   rax, t0, rax : IntAlu :  D=0x0000000000000001
  65500: system.cpu1 T0 :   73500_esystem.cpu0 T0 SUB_R_R : sub   rcx, rcx, rax : IntAlu :  D=0x0000000000000001
  73500: system.cpu0 T0 : @_end+140737345584555.0  :   66500: system.cpu1                T0 :   MOV_M_R : st   rdx, DS:[8*rax + r9] : MemWrite :  D=0x00007ffff7ffcea0 A=0x7ffff7ffdc70
  73500: system.cpu0 T0 : @_end+140737345584555.0  :   66500: system.cpu1                T0 :   MOV_M_R : st   rdx, DS:[8*rax + r9] : MemWrite :  D=0x00007ffff7ffcea0 A=0x7ffff7ffdc70
  66500: system.cpu1 T0 : @_end+140737345584214.0  :   CMP_R_I : limm   t1, 0xb : IntAlu :  D=0x000000b: system.cpu0 
  75000: system.cpu0 T0 :   67500: system.cpu1 T0 : @_end+140737345584559.1  : @                         _end+140737345584218    : ffffffffff0000000000000000
  75000: system.cpu0 T0 :   67500: system.cpu1 T0 : @_end+140737345584559.1  : @                         _end+140737345584218    : ffffffffff0000000000000000
  67500: system.cpu1 T0 : @_end+140737345584218.0  :   JNBE_I : rdip   t1, %ctrl153,  : IntAlu :  D=0x00007ffff7dd8ca0
  69000: system.cpu1 T7500: 0 : T0 : @_end+140737345583639    : mov	rax, DS:[rdx]         
  78000: system.cpu0 T0 :   69500: system.cpu1 T0 : @_end+140737345583642    : test	rax, rax             
  78000: system.cpu0 T0 :   69500: system.cpu1 T0 : @_end+140737345583642    : test	rax, rax             
  70500: system.cpu1 T0 :   79000: system.cpu0 T0 : @_end+140737345584542    : cmp	rax, 0xa              
  70500: system.cpu1 T0 :   79000: system.cpu0 T0 : @_end+140737345584542    : cmp	rax, 0xa              
  71000: system.cpu1 T0 : @_end+140737345584542.1  :   CMP_R_I : sub   t0, rcx, t1 : IntAlu :  D=0x0000000000000000
  71500: system.cpu1 T0 :   81000: system.cpu0 T0 : @_end+140737345584546    : jnbe	0xfffffffffffffc6b   
  71500: system.cpu1 T0 :   81000: system.cpu0 T0 : @_end+140737345584546    : jnbe	0xfffffffffffffc6b   
  81500: system.cpu0 T0 : 72000: system.cpu1 T0 : @_end+140737345583651. 0 :   JBE_I : rdip   t1, %ctrl153,  : IntAlu :  D=0x00007ffff7dd8a65
  81500: system.cpu0 T0 : 72000: system.cpu1 T0 : @_end+140737345583651. 0 :   JBE_I : rdip   t1, %ctrl153,  : IntAlu :  D=0x00007ffff7dd8a65
  73000: system.cpu1 T0 : @_end+140737345584552    : neg	rax               sys 
  73000: system.cpu1 T0 : @_end+140737345584552    : neg	rax               sys 
  73500: system.cpu1 T0 : @_end+140737345583631    : mov	DS:[8*rax + rcx], rdx 
  75000: system.cpu1 T0 : @_end+140737345584559.1  :   JMP_I : limm   t2, 0xfffffffffffffc5f : IntAlu :  D=0xfffffffffffffc5f
  87000: system.cpu0 T0 :   76000: system.cpu1 T0 : @_end+140737345583642    : test	rax, rax             
  87000: system.cpu0 T0 :   76000: system.cpu1 T0 : @_end+140737345583642    : test	rax, rax             
  87500: system.cpu0 T0 :   76500: system.cpu1 T0 : d+140737345583645.0  :   JZ_I : rdip   t1, %ctrl153,  : IntAlu :  D=0x00007ffff7dd8a5f
  77500: system.cpu1 T0 : @_end+140737345583639    : mov	rax, DS:[rdx]         
  77500: system.cpu1 T0 : @_end+140737345583639    : mov	rax, DS:[rdx]         
  78000: system.cpu1 T0 :   90000: system.cpu0 T0 : @_end+140737345583647@1  : _end+140737345583642, rax, t1 :     : test	rax, rax 0        0  
  78000: system.cpu1 T0 :   90000: system.cpu0 T0 : @_end+140737345583647@1  : 
  81000: system.cpu1 T0 :   94500: system.cpu0 T0 : @_end+140737345583647.10 :   CMP_R_I : sub   t0, rax, t1 : IntAlu :  D=0x000000000000000@_end+140737345583635
u  81000: system.cpu1 T0 :   94500: system.cpu0 T0 : @_end+140737345583647.10 :   CMP_R_I : sub   t0, rax, t1 : IntAlu :  D=0x000000000000000@_end+140737345583635
  81500: system.cpu1 T0 : @_end+140737345583651    : jbe	0xffffffffffffffe30000
  81500: system.cpu1 T0 : @_end+140737345583651    : jbe	0xffffffffffffffe30000
  82000: system.cpu1 T0 : @_end+140737345583651.10 :   JBE_I : limm   t2, 0xffffffffffffffe3 : IntAlu :  D=0xffffffffffffffe3
@_end+140737345583645. 1 :   JZ_I : limm   t2, 0x338  : : IntAlu.cpu1 T :  D=l150x0000000000000033
@_end+140737345583645. 1 :   JZ_I : limm   t2, 0x338  : : IntAlu.cpu1 T :  D=l150x0000000000000033
  99000: system.cpu0 T0 :   84500: system.cpu1 T0 : d+140737345583647.10 :   CMP_R_I : sub   t0, rax, t1 : IntAlu :  D=0x0000000000000001
  99000: system.cpu0 T0 :   84500: system.cpu1 T0 : d+140737345583647.10 :   CMP_R_I : sub   t0, rax, t1 : IntAlu :  D=0x0000000000000001
      @_end+14system.cpu151    : jbe	0xffffffffffffffe30000
  85500: system.cpu1 T0 : @ 101500: system.cpu0 T :   ADD_R_I : add   rdx, rdx, t1 : 0      :                  f7dd8a :  D=0x0000000000000000
  85500: system.cpu1 T0 : @ 101500: system.cpu0 T :   ADD_R_I : add   rdx, rdx, t1 : 0      :                  f7dd8a :  D=0x0000000000000000
  86500: system.cpu1 T0 :  102500: system.cpu0 T0 : @_end+140737345583639    : mov	rax, DS:[rdx]    @    
  86500: system.cpu1 T0 :  102500: system.cpu0 T0 : @_end+140737345583639    : mov	rax, DS:[rdx]    @    
  87000: system.cpu1 T0 :  103000: system.cpu0 T0 : @_end+140737345583642    : test	rax, rax             
  87000: system.cpu1 T0 :  103000: system.cpu0 T0 : @_end+140737345583642    : test	rax, rax             
  87500: system.cpu1 T0 :  103500: system.cpu0 T0 : @_end+140737345583635.1  :   ADD_R_I : add   rdx, rdx, t1 : @_end+140737345583645    D=jz	0x33                 00                  87500: system.cpu1 T0 :  103500: system.cpu0 T0 : @_end+140737345583635.1  :   ADD_R_I : add   rdx, rdx, t1 : @_end+140737345583645    D=jz	0x33                 00                 
  87500: system.cpu1 T0 :  104500: system.cpu0 T0 : @_end+140737345583645.0  :   JZ_I : rdip   t1, %ctrl153,  : IntAlu :  D=0x@0007ffff7dd8a5f
  87500: system.cpu1 T0 :  104500: system.cpu0 T0 : @_end+140737345583645.0  :   JZ_I : rdip   t1, %ctrl153,  : IntAlu :  D=0x@0007ffff7dd8a5f
 104500: system.cpu0 T88000 : : system.cpu1 T0 : @_end+140737345583639.0  :   MOV_R_M : ld   rax, DS:[rdx] : MemRead :  D=0x000000000000000b A=0x7ffff7ffcee0
 104500: system.cpu0 T88000 : : system.cpu1 T0 : @_end+140737345583639.0  :   MOV_R_M : ld   rax, DS:[rdx] : MemRead :  D=0x000000000000000b A=0x7ffff7ffcee0
  88500: system.cpu1 T0 : @_end+140737345583645.2  :   JZ_I : wrip   , t1, t2   : IntAlu : 
 105500: system.cpu0   89500e0 : system.cpu1 T0 : @_end+140737345583645.0  :   JZ_I : rdip   t1, %ctrl153,  : IntAlu :  D=0x00007ffff7dd8a5f
 105500: system.cpu0   89500e0 : system.cpu1 T0 : @_end+140737345583645.0  :   JZ_I : rdip   t1, %ctrl153,  : IntAlu :  D=0x00007ffff7dd8a5f
  89500: system.cpu1 T0 : @_end+140737345583645.1  :   JZ_I : limm   t2, 0x33   : IntAlu :  D=0x0000000000000033
  89500: system.cpu1 T0 : @_end+140737345583647.0  :   CMP_R_I : limm   t1, 0x21 : IntAlu :  D=0x0000000000000021
  89500: system.cpu1 T0 : @_end+140737345583647.0  :   CMP_R_I : limm   t1, 0x21 : IntAlu :  D=0x0000000000000021
  90000: system.cpu1 T0 : @_end+140737345583647.1  :   CMP_R_I : sub   t0, rax, t1 : IntAlu :  D=0x0000000000000001
  90000: system.cpu1 T0 : @_end+140737345583647.1  :   CMP_R_I : sub   t0, rax, t1 : IntAlu :  D=0x0000000000000001
  91000: system.cpu1 T0  s  : mT0 : @_end+140737345583651. 0 :   JBE_I : rdip   t1, %ctrl153,  : @ntAlu :  D=.0x00007ffff7dd8a65   91000: system.cpu1 T0  s  : mT0 : @_end+140737345583651. 0 :   JBE_I : rdip   t1, %ctrl153,  : @ntAlu :  D=.0x00007ffff7dd8a65   JBE_I : limm   t2, 0xffffffffffffffe3 : IntAlu :  D=0xffffffffffffffe3
  92000: system.cpu1 T0 :  110000: system.cpu0 T0 : @_end+140737345583624    : lea	rcx, DS:[rip + 0x224fc9]
  92000: system.cpu1 T0 :  110000: system.cpu0 T0 : @_end+140737345583624    : lea	rcx, DS:[rip + 0x224fc9]
  92500: system.cpu1 T0 :  110500: system.cpu0 T0 : @_end+140737345583624.1  :   LEA_R_P : lea   rcx, DS:[t7 + 0x224fc9] : IntAlu :  D=0x@_end+140737345583624.01 :    92500: system.cpu1 T0 :  110500: system.cpu0 T0 : @_end+140737345583624.1  :   LEA_R_P : lea   rcx, DS:[t7 + 0x224fc9] : IntAlu :  D=0x@_end+140737345583624.01 :   LEA_R_P : lea   rcx, DS:[t7 + 0x224fc9]8 : IntAlu :  D=0x00007ffff7ffda18
  93500: system.cpu1 T0 : @_end+140737345583631    : mov	DS:[8*rax + rcx], rdx 
  93500: system.cpu1 T0 : @_end+140737345583631    : mov	DS:[8*rax + rcx], rdx 
  93500: system.cpu1 T0 : @_end+140737345583631.0  :   MOV_M_R : st   rdx, DS:[8*rax + rcx] : MemWrite :  D=0x00007ffff7ffcec0111500 mov	D: 00000system.cpu0
  93500: system.cpu1 T0 : @_end+140737345583631.0  :   MOV_M_R : st   rdx, DS:[8*rax + rcx] : MemWrite :  D=0x00007ffff7ffcec0111500 mov	D: 00000system.cpu0
  94000: system.cpu1 T0 :  112000: system.cpu0 T0 : @_end+140737345583635    : add	rax, 0x100000@00000000
  94000: system.cpu1 T0 :  112000: system.cpu0 T0 : @_end+140737345583635    : add	rax, 0x100000@00000000
  94500: system.cpu1 T0 :  112500: system.cpu0 T0 : @_end+140737345583635.10 : 1 ADD_R_I : add   rdx, rdx, t1 : IntAlu :  :   AD                    0x : IntAlu :    94500: system.cpu1 T0 :  112500: system.cpu0 T0 : @_end+140737345583635.10 : 1 ADD_R_I : add   rdx, rdx, t1 : IntAlu :  :   AD                    0x : IntAlu :  D=0x0000000000000000
system.cpu1 T0 : @_end+140737345583639.00 :   MOV_R_M : ld   rax, DS:[rdx] : MemRead :  D=0x000000000000000a A=0x7ffff7ffced0
  96000: system.cpu1 T0 :  114500: system.cpu0 T0 : @_end+140737345583642    : test	rax, rax0000000000000
  96000: system.cpu1 T0 :  114500: system.cpu0 T0 : @_end+140737345583642    : test	rax, rax0000000000000
  96500: system.cpu1 T0 : @_end+140737345583645    : jz	0x330000000000000000000
  96500: system.cpu1 T0 : @_end+140737345583645    : jz	0x330000000000000000000
  97000: system.cpu1 T0 : @_end+140737345583645.10 :   JZ_I : limm   t2, 0x3300 : IntAlu :  D=0x0000000000000033
  97000: system.cpu1 T0 : @_end+140737345583645.10 :   JZ_I : limm   t2, 0x3300 : IntAlu :  D=0x0000000000000033
 116500: system.cpu0 T0 :   97500: system.cpu1 T0 : @_end+140737345583647.00 :   CMP_R_I : limm   t1, 0x21 : IntAlu :  D=0x0000000000000021
 116500: system.cpu0 T0 :   97500: system.cpu1 T0 : @_end+140737345583647.00 :   CMP_R_I : limm   t1, 0x21 : IntAlu :  D=0x0000000000000021
  98500: system.cpu1 T0 :  117500: system.cpu0 T@_end+140737345583647    : cmp	rax, 0x210000000000000
  98500: system.cpu1 T0 :  117500: system.cpu0 T@_end+140737345583647    : cmp	rax, 0x210000000000000
  99000: system.cpu1 T0 :  118000: system.cpu0 T0 : @_end+140737345583651.10 :   JBE_I : limm   t2, 0xffffffffffffffe3 : @000000 0x00000f0000000000fffe3
  99000: system.cpu1 T0 :  118000: system.cpu0 T0 : @_end+140737345583651.10 :   JBE_I : limm   t2, 0xffffffffffffffe3 : @000000 0x00000f0000000000fffe3
  99500: system.cpu1 T0 :  119000: system.cpu0 T0 : @_end+140737345583651    : jbe	0xffffffffffffffe30000
  99500: system.cpu1 T0 :  119000: system.cpu0 T0 : @_end+140737345583651    : jbe	0xffffffffffffffe30000
 100000: system.cpu1 T0 :  119500: system.cpu0 T0 : @_end+140737345583651.10 :   JBE_I : limm   t2, 0xffffffffffffffe3 : IntAlu :  D=@ffffffffffffffe33624.1 100000: system.cpu1 T0 :  119500: system.cpu0 T0 : @_end+140737345583651.10 :   JBE_I : limm   t2, 0xffffffffffffffe3 : IntAlu :  D=@ffffffffffffffe33624.10 :   LEA_R_P : lea   rcx, DS:[t7 + 0x224fc9] : IntAlu :  D=0x00007ffff7ffda18
 100500: system.cpu1 T0 : @_end+140737345583651.20 :   JBE_I : wrip   , t1, t20 : IntAlu : 
 101500: system.cpu1 T0 :  121500: system.cpu0 T0 : @_end+140737345583624.10 :   LEA_R_P : lea   rcx, DS:[t7 + 0x224fc9] : IntAlu :  D=0x000000000000000
 101500: system.cpu1 T0 :  121500: system.cpu0 T0 : @_end+140737345583624.10 :   LEA_R_P : lea   rcx, DS:[t7 + 0x224fc9] : IntAlu :  D=0x000000000000000
 123000: system.cpu0 T0 : @_end+140737345583642.0  : 103000 R_R : and   t0, rax, rax : 07ff: system.cpu1x7ffff7ff T0x0000000000000000.cp
 123000: system.cpu0 T0 : @_end+140737345583642.0  : 103000 R_R : and   t0, rax, rax : 07ff: system.cpu1x7ffff7ff T0x0000000000000000.cp
 104500: system.cpu1 T0 : @_end+140737345583639    : mov	rax, DS:[rdx]         
 104500: system.cpu1 T0 : @_end+140737345583647    : cmp	rax, 0x21             
 105000: system.cpu1 T0 : @_end+140737345583651    : jbe	0xffffffffffffffe3    
 105500: system.cpu1 T0 :  127000: system.cpu0 T0 : @_end+140737345583645    : @_end+1 0737345583651. 1      JB        
 105500: system.cpu1 T0 :  127000: system.cpu0 T0 : @_end+140737345583645    : @_end+1 0737345583651. 1      JB        
 106000: system.cpu1 T0 : @_end+140737345583645.1  :   JZ_I : limm   t2, 0x33   : IntAlu :  128000: system.cpu05T000000000000003
 106000: system.cpu1 T0 : @_end+140737345583645.1  :   JZ_I : limm   t2, 0x33   : IntAlu :  128000: system.cpu05T000000000000003
 128000: system.cpu0 T0 :  106500: system.cpu1 T0 : @_end+140737345583624.0  :   LEA_R_P : rdip   t7, %ctrl153,  : IntAlu :  D=0x00007ffff7dd8a4f
 128000: system.cpu0 T0 :  106500: system.cpu1 T0 : @_end+140737345583624.0  :   LEA_R_P : rdip   t7, %ctrl153,  : IntAlu :  D=0x00007ffff7dd8a4f
 107500: system.cpu1 T0129500: system.cpu0 T0 : @_end+140737345583631    : @ov	DS:[8*rax + rcx], rdx 
 107500: system.cpu1 T0 : @_end+140737345583631.0  :   MOV_M_R : st   rdx, DS:[8*rax + rcx] : MemWrite :  D=0x00007ffff7ffcf00 A=0x7ffff7ffda28
 108000: system.cpu1 T0 :  130500: system.cpu0 T0 : @_end+140737345583647.1  :   CMP_R_I : sub   t0, rax, t1 : IntAlu :  D=0x0000000000000001
 108000: system.cpu1 T0 :  130500: system.cpu0 T0 : @_end+140737345583647.1  :   CMP_R_I : sub   t0, rax, t1 : IntAlu :  D=0x0000000000000001
 108500: system.cpu1 T0 : @ 1315000737345583651    : : system.cpu0fffffffe3    
 108500: system.cpu1 T0 : @ 1315000737345583651    : : system.cpu0fffffffe3    
 109000: system.cpu1 T0 : @_end+140737345583651.1  :   JBE_I : limm   t2, 0xffffffffffffffe3 : IntAlu :  D=0xffffffffffffffe3
 109000: system.cpu1 T0 : @_end+140737345583651.1  :   JBE_I : limm   t2, 0xffffffffffffffe3 : IntAlu :  D=0xffffffffffffffe3
 132000: system.cpu0 T0 :  109500: system.cpu1 T0 : @_end+140737345583642.00 :   TEST_R_R : and   t0, rax, rax : IntAlu :  D=0x0000000000000000
 132000: system.cpu0 T0 :  109500: system.cpu1 T0 : @_end+140737345583642.00 :   TEST_R_R : and   t0, rax, rax : IntAlu :  D=0x0000000000000000
 132500: system.cpu0 100000j : : system.cpu1 T0 : @_end+140737345583645.00 :   JZ_I : rdip   t1, %ctrl153,  : IntAlu :  D=0x00007ffff7dd8a5f
 132500: system.cpu0 100000j : : system.cpu1 T0 : @_end+140737345583645.00 :   JZ_I : rdip   t1, %ctrl153,  : IntAlu :  D=0x00007ffff7dd8a5f
      @_end+140737345583645.system.cpu11 0 JZ_I : limm   t2, 0x3300  : IntAlu :  D=0x0000000000000033
      @_end+140737345583645.system.cpu11 0 JZ_I : limm   t2, 0x3300  : IntAlu :  D=0x0000000000000033
 111500: system.cpu1 T0 : @_end+140737345583631    : mov	DS:[8*rax + rcx], rdx0
 111500: system.cpu1 T0 :  135000: system.cpu0 T0 : @_end+140737345583631.00 :   MOV_M_R : st   rdx, DS:[8*rax + rcx] : MemWrite :  D=0x00007ffff7ffcee0@A=0x7ffff7ffda70_ 111500: system.cpu1 T0 :  135000: system.cpu0 T0 : @_end+140737345583631.00 :   MOV_M_R : st   rdx, DS:[8*rax + rcx] : MemWrite :  D=0x00007ffff7ffcee0@A=0x7ffff7ffda70_end+140737345583647.10 :   CMP_R_I : sub   t0, rax, t1 : IntAlu :  D=0x0000000000000001
 112000: system.cpu1 T0 :  13 500:  system.cpu0 end+140737345583635   Tadd	rax, 0x100000000000000
 112000: system.cpu1 T0 :  13 500:  system.cpu0 end+140737345583635   Tadd	rax, 0x100000000000000
 112500: system.cpu1 T0 :  136000: system.cpu0 T0 : @_end+140737345583635.10 :   ADD_R_I : add   rdx, rdx, t1@00000000000000000I0000000 :  D=0x 10000000000000 :   112500: system.cpu1 T0 :  136000: system.cpu0 T0 : @_end+140737345583635.10 :   ADD_R_I : add   rdx, rdx, t1@00000000000000000I0000000 :  D=0x 10000000000000 :   JBE_I : limm   t2, 0xffffffffffffffe3a : IntAlu :  D=0xffffffffffffffe3
system.cpu1 T0 : @_end+140737345583639    : mov	rax, DS:[rdx]000000000
system.cpu1 T0 : @_end+140737345583639    : mov	rax, DS:[rdx]000000000
@_system.cpu0 T0 :  114000: system.cpu1 T0 : @_end+140737345583631    : mov	DS:[8*rax + rcx], rdx0
 138500: system.cpu0 14000: system.cpu1 T0 : @_end+140737345583631    : mov	DS:[8*rax + rcx], rdx0
 114500: system.cpu1 T0 :  139000: system.cpu0 T0 : @_end+140737345583645    : jz	0x330000000000000000000
 114500: system.cpu1 T0 :  139000: system.cpu0 T0 : @_end+140737345583645    : jz	0x330000000000000000000
 115000: system.cpu1 T0 :  139500: system.cpu0 T0 : @_end+140737345583645.10 :   JZ_I : limm   t2, 0x3300 : IntAlu :  D=0x@0000000000000033
 115000: system.cpu1 T0 :  139500: system.cpu0 T0 : @_end+140737345583645.10 :   JZ_I : limm   t2, 0x3300 : IntAlu :  D=0x@0000000000000033
 115500: system.cpu1 T0 : @_end+140737345583645.20 :   JZ_I : wrip   , t1, t200 : IntAlu : 
 140500: system.cpu0 T1 : : system.cpu1 T0 : @_end+140737345583639.00 :   MOV_R_M : ld   rax, DS:[rdx] : MemRead :  D=0x0000000000000017 A=0x7ffff7ffcf20
 140500: system.cpu0 T1 : : system.cpu1 T0 : @_end+140737345583639.00 :   MOV_R_M : ld   rax, DS:[rdx] : MemRead :  D=0x0000000000000017 A=0x7ffff7ffcf20
 117000: system.cpu1 T0 : @_end+140737345583647.1  :   CMP_R_I : sub   t0, rax, t1 : IntAlu :  141500: system.cpu01T0
: 0 117000: system.cpu1 T0 : @_end+140737345583647.1  :   CMP_R_I : sub   t0, rax, t1 : IntAlu :  141500: system.cpu01T0
 141500: system.cpu0 T0 : @_end+140737345583645.0  :   JZ_I : rdip   t1, %ctrl153,  : IntAlu :  D=117500: system.cpu1      1        
 141500: system.cpu0 T0 : @_end+140737345583645.0  :   JZ_I : rdip   t1, %ctrl153,  : IntAlu :  D=117500: system.cpu1      1        
 117500: system.cpu1 T0 : @_end+140737345583645.0  :   JZ_I : rdip   t1, %ctrl153,  : IntAlu :  D=117500: system.cpu1      1        
 118000: system.cpu1 T0 : @_end+140737345583651.1  :   JBE_I : limm   t2, 0xffffffffffffffe3 : IntAlu :  D=0xffffffffffffffe3
 118000: system.cpu1 T0 : @_end+140737345583651.1  :   JBE_I : limm   t2, 0xffffffffffffffe3 : IntAlu :  D=0xffffffffffffffe3
 119500: system.cpu1 T0 : @_end+140737345583624.10 :   LEA_R_P : lea   rcx, DS:[t7 + 0x224fc9] : IntAlu :  D= 1450000xsystem.cpu0 T0 : 
 119500: system.cpu1 T0 : @_end+140737345583624.10 :   LEA_R_P : lea   rcx, DS:[t7 + 0x224fc9] : IntAlu :  D= 1450000xsystem.cpu0 T0 : 
 120500: system.cpu1 T0 :  146000: system.cpu0 T0 : @_end+140737345583631    : mov	DS:[8*rax + rcx], rdx0
 120500: system.cpu1 T0 :  146000: system.cpu0 T0 : @_end+140737345583631    : mov	DS:[8*rax + rcx], rdx0
 121000: system.cpu1 T0 :  146500: system.cpu0 T0 : @_end+140737345583635   @add	rax, 0x1000836240000 000000
 121000: system.cpu1 T0 :  146500: system.cpu0 T0 : @_end+140737345583635   @add	rax, 0x1000836240000 000000
 122500: system.cpu1 T0 :  148000: system.cpu0 T0 : @_end+140737345583635.00 :   ADD_R_I : limm   t1, 0x10 : IntAlu@_end+140737345583639 D= : mov	rax, DS:[rdx]         0000000000000010
 122500: system.cpu1 T0 :  148000: system.cpu0 T0 : @_end+140737345583635.00 :   ADD_R_I : limm   t1, 0x10 : IntAlu@_end+140737345583639 D= : mov	rax, DS:[rdx]         0@_end+140737345583635.10     :   ADD_R:  : add   rdx, rdx, t1 : IntAlu : system.cpu10x0000000000000000
@_end+140737345583635.10     :   ADD_R:  : add   rdx, rdx, t1 : IntAlu : system.cpu10x0000000000000000
 123000: system.cpu1 T0 : @_end+140737345583642150000:    tem.cpu0  : test	rax, rax0000000000000
 123000: system.cpu1 T0 : @_end+140737345583642150000:    tem.cpu0  : test	rax, rax0000000000000
 123500: system.cpu1 T0 :  150500: system.cpu0 T0 : @_end+140737345583645    : jz	0x330000000000000000000
 124000: system.cpu1 T0 :  151500: system.cpu0 T0 : @_end+140737345583645.1  :   JZ_I : limm   t2, 0x33   : IntAlu :  D=0x@_end+1407373455836450000000000000033
 124000: system.cpu1 T0 :  151500: system.cpu0 T0 : @_end+140737345583645.1  :   JZ_I : limm   t2, 0x33   : IntAlu :  D=0x@_end+1407373455836450000000000000033
 124500: system.cpu1 T0 : @_end+140737345583645.2  :   JZ_I : wrip   , t1, t2   : IntAlu : 
 124500: system.cpu1 T0 : @_end+140737345583645.2  :   JZ_I : wrip   , t1, t2   : IntAlu : 
 125500: system.cpu1 T0 :  153000: system.cpu0 T@ : _end+140737345583647    : cmp	rax, 0x21             
 125500: system.cpu1 T0 :  153000: system.cpu0 T@ : _end+140737345583647    : cmp	rax, 0x21             
 153500: system.cpu0 T0 :  126000: system.cpu1 T0 : @_end+140737345583651.0  :   JBE_I : rdip   t1, %ctrl153,  : IntAlu :  D=0x00007ffff7dd8a65
 153500: system.cpu0 T0 :  126000: system.cpu1 T0 : @_end+140737345583651.0  :   JBE_I : rdip   t1, %ctrl153,  : IntAlu :  D=0x00007ffff7dd8a65
 126500: system.cpu1 T0 : @_end+140737345583651    : jbe	0xffffffffffffffe3    
 126500: system.cpu1 T0 : @_end+140737345583651    : jbe	0xffffffffffffffe3    
 154500: system.cpu0 T0 : 126500: system.cpu1 T0 : @_end+140737345583651.2  :   JBE_I : wrip   , t1, t2  : IntAlu : 
 126500: system.cpu1 T0 : @_end+140737345583651    : jbe	0xffffffffffffffe3    
 154500: system.cpu0 T0 : 126500: system.cpu1 T0 : @_end+140737345583651.2  :   JBE_I : wrip   , t1, t2  : IntAlu : 
 127500: system.cpu1 T0 : @_end+140737345583651.2  :   JBE_I : wrip   , t1, t2  : IntAlu : 
 127500: system.cpu1 T0 : @_end+140737345583651.2  :   JBE_I : wrip   , t1, t2  : IntAlu : 
 128000: system.cpu1 T0 : @_end+140737345583624    : lea	rcx, DS:[rip + 0x224fc9]
system.cpu0 T0 :  128000: system.cpu1 T0 : @_end+140737345583635    : add	rax, 0x10             
 157000: system.cpu0 T00: system.cpu1 T0 : @_end+140737345583635    : add	rax, 0x10             
 128500: system.cpu1 T0 :  157500: system.cpu0 T0 : @_end+140737345583624.1  :   LEA_R_P : lea   rcx, DS:[t7 + 0x224fc9] : IntAlu :  D=0x000000000000000
 128500: system.cpu1 T0 :  157500: system.cpu0 T0 : @_end+140737345583624.1  :   LEA_R_P : lea   rcx, DS:[t7 + 0x224fc9] : IntAlu :  D=0x000000000000000
 130000: system.cpu1 T0 : @_end+140737345583635.0  :   ADD_R_I : limm   t1, 0x10 : IntAlu :  D=0x0000000000000010
 130000: system.cpu1 T0 : @_end+140737345583635.0  :   ADD_R_I : limm   t1, 0x10 : IntAlu :  D=0x0000000000000010
 130500: system.cpu1 T159500:  : tem.cpu0 T0 : @_end+140737345583645. 0 :   JZ_I : rdip   t1, %ctrl153,  : IntAlu : @_end+140737345583635 :.0007ffff7dd8a5f
 130500: system.cpu1 T159500:  : tem.cpu0 T0 : @_end+140737345583645. 0 :   JZ_I : rdip   t1, %ctrl153,  : IntAlu : @_end+140737345583635 :.0007ffff7dd8a5f
 132000: system.cpu1 T0 :  test	rax, rax             
 132000: system.cpu1 T0 : @_end+140737345583642.0  :   TEST_R_R : and   t0, rax, rax : IntAlu :  162500: system.cpu0 T0 : 0000000000000000
 132000: system.cpu1 T0 : @_end+140737345583642.0  :   TEST_R_R : and   t0, rax, rax : IntAlu :  162500: system.cpu0 T0 : 0000000000000000
 132500: system.cpu1 T0 :  163000: system.cpu0 T0 : @_end+140737345583651.1  :  : BE_I : limm   t2, 0xffffffffffffffe3 : IntAlu    0x00f ffffffffffffe3
 132500: system.cpu1 T0 :  163000: system.cpu0 T0 : @_end+140737345583651.1  :  : BE_I : limm   t2, 0xffffffffffffffe3 : IntAlu    0x00f ffffffffffffe3
 132500: system.cpu1 T0 : @_end+140737345583645.0  :   JZ_I : rdip   t1, %ctrl153,  : IntAlu :  D=0x00007ffff7dd8a5f
 132500: system.cpu1 T0 : @_end+140737345583645.0  :   JZ_I : rdip   t1, %ctrl153,  : IntAlu :  D=0x00007ffff7dd8a5f
 164000: system.cpu0 T0 :  133000: system.cpu1 T0 : @_end+140737345583624.0  :   LEA_R_P : rdip   t7, %ctrl153,  : IntAlu :  D=0x00007ffff7dd8a4f
 133500: system.cpu1 T0 : @_end+140737345583645.2  :   JZ_I : wrip   , t1, t2   : IntAlu : 
 165500: system.cpu0 T0 : 134500: system.cpu1 T0 : @_end+140737345583631. 0 :   MOV_M_R : st   rdx, DS:[8*rax + rcx] : MemWrite :  D=0x00007ffff7ffcf40 A=0x7ffff7ffda58
 165500: system.cpu0 T0 : 134500: system.cpu1 T0 : @_end+140737345583631. 0 :   MOV_M_R : st   rdx, DS:[8*rax + rcx] : MemWrite :  D=0x00007ffff7ffcf40 A=0x7ffff7ffda58
T0 13  : : system.cpu1 T0 : @_end+140737345583635    : add	rax, 0x10             
 166000: : system.cpu1 T0 : @_end+140737345583635    : add	rax, 0x10             
 135000: system.cpu1 T0 :  166500: system.cpu0 T0 : @_end+140737345583647.1  :   CMP_R_I : sub   t0, rax, t1 : IntAlu :  D=0x0000000000000001
 135000: system.cpu1 T0 :  166500: system.cpu0 T0 : @_end+140737345583647.1  :   CMP_R_I : sub   t0, rax, t1 : IntAlu :  D=0x0000000000000001
 135500: system.cpu1 T0 : @_end+140737345583651    : jbe	0xffffffffffffffe3    
 135500: system.cpu1 T0 : @_end+140737345583651    : jbe	0xffffffffffffffe3    
 136000: system.cpu1 T0 : @_end+140737345583651.1     000:  : tem.cpu0 TJBE_I : limm   t2, 0xffffffffffffffe37 : 0ntAlu  :  D=0xffffffffffffffe3
 136000: system.cpu1 T0 : @_end+140737345583651.1     000:  : tem.cpu0 TJBE_I : limm   t2, 0xffffffffffffffe37 : 0ntAlu  :  D=0xffffffffffffffe3
 168000: system.cpu0 T0 :  136500: system.cpu1 T0 : @_end+140737345583642.0  :   TEST_R_R : and   t0, rax, rax : IntAlu :  D=0x0000000000000000
 168000: system.cpu0 T0 :  136500: system.cpu1 T0 : @_end+140737345583642.0  :   TEST_R_R : and   t0, rax, rax : IntAlu :  D=0x0000000000000000
 137000168500: system.cpu0system.cpu1  00 :  : @_end+140737345583645.0  :   JZ_I : rdip   t1, %ctrl153,  : IntAlu :  D=0x00007ffff7dd8a5f
 137000168500: system.cpu0system.cpu1  00 :  : @_end+140737345583645.0  :   JZ_I : rdip   t1, %ctrl153,  : IntAlu :  D=0x00007ffff7dd8a5f
 137000: system.cpu1 T0 : d+140737345583645.1  :   JZ_I : limm   t2, 0x33   : IntAlu :  D=0x0000000000000033
 137000: system.cpu1 T0 : d+140737345583645.1  :   JZ_I : limm   t2, 0x33   : IntAlu :  D=0x0000000000000033
 137500: system.cpu1 T0 : @_end+140737345583624.1  :   LEA_R_P : lea   rcx, DS:[t7 + 0x224fc9] : IntAlu :  D=0x00007ffff7ffda18
@_end+140737345583651.1  :   JBE_I : limm   t2, 0xffffffffffffffe3 : IntAlu :  130x00ctr: system.cpu1       1       
@_end+140737345583651.1  :   JBE_I : limm   t2, 0xffffffffffffffe3 : IntAlu :  130x00ctr: system.cpu1       1       
 139500: system.cpu1 T0 : @_end+140737345583635.1  :   ADD_R_I : add   rdx, rdx, t1 : IntAlu173000: system.cpu0               0T      0                 0000000000000000
 139500: system.cpu1 T0 : @_end+140737345583635.1  :   ADD_R_I : add   rdx, rdx, t1 : IntAlu173000: system.cpu0               0T      0                 0000000000000000
 173500: system.cpu0 T0 :  140500: system.cpu1 T@_end+140737345583624. :  :   LEA_R_P : lea   rcx, DS:[t7 + 0x224fc9] : IntAlu :  D=0x00007ffff7ffda18
 173500: system.cpu0 T0 :  140500: system.cpu1 T@_end+140737345583624. :  :   LEA_R_P : lea   rcx, DS:[t7 + 0x224fc9] : IntAlu :  D=0x00007ffff7ffda18
 140500: system.cpu1 T0 :  174500: system.cpu0 T0 : @_end+140737345583639.0  :   MOV_R_M : ld   rax, DS:[rdx] : M_end+1 :  D=45583631    : mov	DS:[8*rax + rcx], rdx 0 174500: system.cpu0 T0 :  174500: system.cpu0 T0 : @_end+140737345583639.0  :   MOV_R_M : ld   rax, DS:[rdx] : M_end+1 :  D=45583631    : mov	DS:[8*rax + rcx], rdx 0x                        1700000000000000 A=0x7ffff7ffcf20
 141000: system.cpu1 T0 :  175000: system.cpu0 T0 : @_end+140737345583642    : test	rax, rax             
 141000: system.cpu1 T0 :  175000: system.cpu0 T0 : @_end+140737345583642    : test	rax, rax             
 141500: system.cpu1 T0 :  175500: system.cpu0 T0 : @_end+140737345583645    : jz	0x33                   
 141500: system.cpu1 T0 :  175500: system.cpu0 T0 : @_end+140737345583645    : jz	0x33                   
 144000: system.cpu1 T0 :  178000: system.cpu0 T0 : @_end+140737345583647.1  :   CMP_R_I : sub   t0, rax, t1 : IntAlu :  D=0x000000000000000@
 144000: system.cpu1 T0 :  178000: system.cpu0 T0 : @_end+140737345583647.1  :   CMP_R_I : sub   t0, rax, t1 : IntAlu :  D=0x000000000000000@
 144500: system.cpu1 T0 : @_end+140737345583651.0  :   JBE_I : rdip   t1, %ctrl153,  : IntAlu :  D=0x00007ffff7dd8a65
 145000: system.cpu1 T0 : @_end+140737345583651.1  :   JBE_I : limm   t2, 0xffffffffffffffe3 : IntAlu :  D=0x0179500: system.csystem.cpu0 T0 : @_end+140737345583647    : cmp	rax, 0x21             
 145000: system.cpu1 T0 : @_end+140737345583651.1  :   JBE_I : limm   t2, 0xffffffffffffffe3 : IntAlu :  D=0x0179500: system.cpu0Alu :  D T0 : @_end+140737345583647.0  :   CMP_R_I : limm   t1, 0x21 : IntAlu :  D=0x0000000000000021
 145500: system.cpu1 T0 :  180000: system.cpu0 T0 : @_end+140737345583651.2  :   JBE_I : wrip   , t1, t2  : IntAlu : 
 145500: system.cpu1 T0 :  180000: system.cpu0 T0 : @_end+140737345583651.2  :   JBE_I : wrip   , t1, t2  : IntAlu : 
 146000: system.cpu1 T0 :  180500: system.cpu0 T0 : @_end+140737345583624    : lea	rcx, DS:[rip + 0x224fc9]
 146000: system.cpu1 T0 :  180500: system.cpu0 T0 : @_end+140737345583624    : lea	rcx, DS:[rip + 0x224fc9]
 146500: system.cpu1 T0 :  181000: system.cpu0 T0 : @_end+140737345583624.1  :   LEA_R_P : lea   rcx, DS:[t7 + 0x224fc9] : IntAlu :  D=0x@_end+140737345583651.1 146500: system.cpu1 T0 :  181000: system.cpu0 T0 : @_end+140737345583624.1  :   LEA_R_P : lea   rcx, DS:[t7 + 0x224fc9] : IntAlu :  D=0x@_end+140737345583651.1  :   JBE_I : limm   t2, 0xffffffffffffffe3 : IntAlu :  D=0xffffffffffffffe3
 147500: system.cpu1 T0 :  mov	DS:[8*rax + rcx], rdx 
 148000: system.cpu1182500: system.cpu0TT0 :  : @_end+140737345583656    : sub	rcx, rax              
 183000: system.cpu0 T0 :  148500: system.cpu1 T0@: 1_end+140737345583659.0  :   CMP_R_I : limm   t1, 0xf : IntAlu :  D=0x000000000000000f
 150000: system.cpu1 T0 :  186000: system.cpu0 @0 : _end+140737345583642    : test	rax, rax0000000000000
 150000: system.cpu1 T0 :  186000: system.cpu0 @0 : _end+140737345583642    : test	rax, rax0000000000000
 150500: system.cpu1 T0 : @_end+140737345583645    : jz	0x33                   
 186500: system.cpu0 T0 150500d+14073: system.cpu1 T0 : @_end+140737345583672    : sub	rcx, rax              
 186500: system.cpu0 T0 150500d+14073: system.cpu1 T0 : @_end+140737345583672    : sub	rcx, rax              
 151000: system.cpu1 T0 : @_end+140737345583645.1  :   JZ_I : limm   t2, 0x33   : IntAlu :  D=0x0000000000000033
 151500: system.cpu1 T0 : @_end+140737345583645.2  :   JZ_I : wrip   , t1, t2   : IntAlu : 
 152500: system.cpu1 T0 :  : cmp	rax, 0x21             
 188500: system.cpu0 T0 : @_end+140737345583682    :  153500: system.cpu1                T0 : mov	DS:[8*rcx + rax], rdx
 188500: system.cpu0 T0 : @_end+140737345583682    :  153500: system.cpu1                T0 : mov	DS:[8*rcx + rax], rdx
 153500: system.cpu1                T0 :   MOV_M_R : st   rdx, DS:[8*rcx + rax] : MemWrite :  D=0x00007ffff7ffcf60 A=0x@ffff7ffdb40_ 153500: system.cpu1                T0 :   MOV_M_R : st   rdx, DS:[8*rcx + rax] : MemWrite :  D=0x00007ffff7ffcf60 A=0x@ffff7ffdb40_end+140737345583651.0  :   JBE_I : rdip   t1, %ctrl153,  : IntAlu :  D=0x00007ffff7dd8a65
 154000: system.cpu1 T0 :  189500: system.cpu0 T0 : @_end+140737345583651.1  :   JBE_I : limm   t2, 0xffffffffffffffe3 : IntAlu :  D=0x@_end+140737345583686    : ffffffffe3
 154000: system.cpu1 T0 :  189500: system.cpu0 T0 : @_end+140737345583651.1  :   JBE_I : limm   t2, 0xffffffffffffffe3 : IntAlu :  D=0x@_end+140737345583686    : ffffffffe3
 189500: system.cpu0 T0 :  154500: system.cpu1 T0 : @_end+140737345583686.0  :   ADD_R_I : limm   t1, 0x10 : IntAlu :  D=0x0000000000000010
 155000: system.cpu11T0 : : system.cpu0 T0 : @_end+140737345583690    : mov	rax, DS:[rdx]         
 1system.cpu1 T0 191000    system.cpu0 T0 : @_end+140737345583693. 0 :   TEST_R_R : and   t0, rax, rax : IntAlu :  D=0_end+140737345583624.000000000000000
 1system.cpu1 T0 191000    system.cpu0 T0 : @_end+140737345583693. 0 :   TEST_R_R : and   t0, rax, rax : IntAlu :  D=0_end+140737345583624.000000000000000
 157000: system.cpu1 T0 :  192500: system.cpu0 T0 : @_end+140737345583635    : add	rax, 0x10             
 157000: system.cpu1 T0 :  192500: system.cpu0 T0 : @_end+140737345583635    : add	rax, 0x10             
 195000: system.cpu0 T0 :  159000: system.cpu1 T0 : @_end+140737345583651.1  :   JBE_I : limm   t2, 0xffffffffffffffe3 : IntAlu :  D=0xffffffffffffffe3
 195000: system.cpu0 T0 :  159000: system.cpu1 T0 : @_end+140737345583651.1  :   JBE_I : limm   t2, 0xffffffffffffffe3 : IntAlu :  D=0xffffffffffffffe3
 196000: system.cpu0 T0 159 : : system.cpu1 T0 : @_end+140737345583653. 0 :   MOV_R_R : mov   rcx, rcx, rsi : IntAlu :  D=0x000000006fffffff
 196000: system.cpu0 T0 159 : : system.cpu1 T0 : @_end+140737345583653. 0 :   MOV_R_R : mov   rcx, rcx, rsi : IntAlu :  D=0x000000006fffffff
 196500: system.cpu0 T0 :  159500: system.cpu1 T0 : @_end+140737345583656    : sub	rcx, rax              
 196500: system.cpu0 T0 :  159500: system.cpu1 T0 : @_end+140737345583656    : sub	rcx, rax              
 160000: system.cpu1 T0 : @_end+140737345583645.1  :  197000: limm   t2, 0x33   : IntAlusys T0 :  D=0x0000000000000033
 160000: system.cpu1 T0 : @_end+140737345583645.1  :  197000: limm   t2, 0x33   : IntAlusys T0 :  D=0x0000000000000033
 197000: system.cpu0 T0 :  160500: system.cpu1 T0 : @_end+140737345583659.0  :   CMP_R_I : limm   t1, 0xf : IntAlu :  D=0x000000000000000f
 197000: system.cpu0 T0 :  160500: system.cpu1 T0 : @_end+140737345583659.0  :   CMP_R_I : limm   t1, 0xf : IntAlu :  D=0x000000000000000f
 161500: system.cpu1 T0 : @_end+140737345583647    : cmp	rax, 0x21             
 161500: system.cpu1 T0 : @_end+140737345583647    : cmp	rax, 0x21             
 162000: system.cpu1 T0 :  199000: system.cpu0 T0 : @_end+140737345583647.1  :   CMP_R_I : sub   t0, rax, t1 : @ : d+140737345583663.1  :   JNBE_I : limm   t2, 0x1f3 : IntAlu D= D=0x00000000000001f3
 162000: system.cpu1 T0 :  199000: system.cpu0 T0 : @_end+140737345583647.1  :   CMP_R_I : sub   t0, rax, t1 : @ : d+140737345583663.1  :   JNBE_I : limm   t2, 0x1f3 : IntAlu D= D=0x00000000000001f3
 162500: system.cpu1 T0 : @_end+140737345583651    : jbe	0xffffffffffffffe3    
 162500: system.cpu1 T0 : @_end+140737345583651    : jbe	0xffffffffffffffe3    
 163000: system.cpu1 T0 : @_end+140737345583651.1      :   JBE_I : limm   t2, 0xffffffffffffffe3system.cpu0 T0 :  :  D=0xffffffffffffffe3
 163000: system.cpu1 T0 : @_end+140737345583651.1      :   JBE_I : limm   t2, 0xffffffffffffffe3system.cpu0 T0 :  :  D=0xffffffffffffffe3
 200500: system.cpu0 T0 :  163500: system.cpu1 T0 : @_end+140737345583672.0  :   SUB_R_R : sub   rcx, rcx, rax : IntAlu :  D=0x0000000000000000
 200500: system.cpu0 T0 :  163500: system.cpu1 T0 : @_end+140737345583672.0  :   SUB_R_R : sub   rcx, rcx, rax : IntAlu :  D=0x0000000000000000
 164500: system.cpu1 T0 : @_end+140737345583624.1  :   LEA_R_P : lea   rcx, DS:[t7 + 0x224fc9] : IntAlu :  D=0x00007ffff7ffda18
 164500: system.cpu1 T0 : @_end+140737345583624.1  :   LEA_R_P : lea   rcx, DS:[t7 + 0x224fc9] : IntAlu :  D=0x00007ffff7ffda18
@_end+140737345583686.1  :   ADD_R_I : add   rdx, rdx, t1 : IntAlu :  165500 D=0xstem.cpu1 0000000000000000
@_end+140737345583686.1  :   ADD_R_I : add   rdx, rdx, t1 : IntAlu :  165500 D=0xstem.cpu1 0000000000000000
 205000: system.cpu0 T28870: system.cpu1 T0 : @_end+140737345583693    : test	rax, rax             
 205000: system.cpu0 T28870: system.cpu1 T0 : @_end+140737345583693    : test	rax, rax             
 166500: system.cpu1 T0 : @_end+140737345583635205500: system.cpu0 T0:   ADD_R_I : add   rdx, rdx, t1000 : IntAlu :  D=0x0000000000000000
 166500: system.cpu1 T0 : @_end+140737345583635205500: system.cpu0 T0:   ADD_R_I : add   rdx, rdx, t1000 : IntAlu :  D=0x0000000000000000
 167500: system.cpu1 T0 :  206000: system.cpu0 T0 : @_end+140737345583639    : mov	rax, DS:[rdx]         
 167500: system.cpu1 T0 :  206000: system.cpu0 T0 : @_end+140737345583639    : mov	rax, DS:[rdx]         
 168000: system.cpu1 T0 : @_end+140737345583642    : test	rax, rax             
 168000: system.cpu1 T0 : @_end+140737345583642.0  :   TEST_R_R : and   t0, rax, rax : IntAlu :  D=0x0000000000000000
 207500: system.cpu0 T068500: system.cpu1 T   : 0 : @_end+140737345583647. 0 :   CMP_R_I : limm   t1, 0x21 : IntAlu :  D=0x0000 207500: system.cpu0 T068500: system.cpu1 T   : 0 : @_end+140737345583647. 0 :   CMP_R_I : limm   t1, 0x21 : IntAlu :  D=0x000000000000000@_end+140737345583645    : jz	0x33                   
 168500: system.cpu1 T0_end+140737345583647. :  :   CMP_R_I : sub   t0, rax, t1 : IntAlu :  D=0x0000000000000000
 168500: system.cpu1 T0_end+140737345583647. :  :   CMP_R_I : sub   t0, rax, t1 : IntAlu :  D=0x0000000000000000
 209500: system.cpu0 T0 :  170500: system.cpu1 T0 : @_end+140737345583651.2  :   JBE_I : wrip   , t1, t2  : IntAlu : 
 209500: system.cpu0 T0 :  170500: system.cpu1 T0 : @_end+140737345583651.2  :   JBE_I : wrip   , t1, t2  : IntAlu : 
 170500: system.cpu1 T0 : @_end+140737345583653    : mov	rcx, rsi              
 210000: system.cpu1 T0 : @_end+140737345583653    : mov	rcx, rsi              
 171000: system.cpu1 T0 : @_end+140737345583647.1  :   CMP_R_I : sub   t0, rax, t1 : IntAlu :  D=2105000xsystem.cpu0 T0 171000: system.cpu1 T0 : @_end+140737345583647.1  :   CMP_R_I : sub   t0, rax, t1 : IntAlu :  D=2105000xsystem.cpu0 T0 : @_end+140737345583656    : sub	rcx, rax              
 172000: system.cpu1 T0 :  211500: system.cpu0 T0 : @_end+140737345583651.1  :   JBE_I : limm   t2, 0xffffffffffffffe3 : IntAlu :  D=0x00000000
 172000: system.cpu1 T0 :  211500: system.cpu0 T0 : @_end+140737345583651.1  :   JBE_I : limm   t2, 0xffffffffffffffe3 : IntAlu :  D=0x00000000
 172500: system.cpu1 T0 : @_end+140737345583651.2  :   JBE_I : wrip   , t1, t2  : IntAlu : 
 173500: system.cpu1 T0 :  213500: system.cpu0 T0 : @_end+140737345583624.1  :   LEA_R_P : lea   rcx, DS:[t7 + 0x224fc9] : IntAlu :  D=0x00007ffff7ffda18
 173500: system.cpu1 T0 :  213500: system.cpu0 T0 : @_end+140737345583624.1  :   LEA_R_P : lea   rcx, DS:[t7 + 0x224fc9] : IntAlu :  D=0x00007ffff7ffda18
 214000: system.cpu0 T0 :  174500: system.cpu1 T0 : @_end+140737345583669. 0 :   MOV_R_R : mov   rcx, rcx, rdi : IntAlu :  D=0x0000000070000021
 214000: system.cpu0 T0 :  174500: system.cpu1 T0 : @_end+140737345583669. 0 :   MOV_R_R : mov   rcx, rcx, rdi : IntAlu :  D=0x0000000070000021
 174500: system.cpu1 T0 : @_end+140737345583672    : sub	rcx, rax              
 175000: system.cpu1 T0 : @_end+140737345583635    : add	rax, 0x10             
 175000: system.cpu1 T0 : @_end+140737345583635    : add	rax, 0x10             
 175500: system.cpu1 T0 :  216000: system.cpu0 T0 : @_end+140737345583635.1  :   ADD_R_I : add   rdx, rdx, t1 : IntAlu :  D=0x000000000000000@
 175500: system.cpu1 T0 :  216000: system.cpu0 T0 : @_end+140737345583635.1  :   ADD_R_I : add   rdx, rdx, t1 : IntAlu :  D=0x000000000000000@
 177000: system.cpu1 T218000 : system.cpu0 T0 : @_end+140737345583686. 1 :   ADD_R_I : add   rdx, rdx, t1 : IntAlu :  D=@0000000000000000
 177000: system.cpu1 T218000 : system.cpu0 T0 : @_end+140737345583686. 1 :   ADD_R_I : add   rdx, rdx, t1 : IntAlu :  D=@0000000000000000
 177500: system.cpu1 T0 : @_end+140737345583645    : jz	0x33                  T
 177500: system.cpu1 T0 : @_end+140737345583645    : jz	0x33                  T
 178000: system.cpu1 T0 :  219500  s stem.cpu0 T0 : +140737345583645.1 :   JZ_I : limm   t2, 0x33   : IntAlu :  D=0x0000000000000033
 178000: system.cpu1 T0 :  219500  s stem.cpu0 T0 : +140737345583645.1 :   JZ_I : limm   t2, 0x33   : IntAlu :  D=0x0000000000000033
 219500: system.cpu0 T0 :  178500: system.cpu1 T0 : @_end+140737345583696.0  :   JNZ_I : rdip   t1, %ctrl153,  : IntAlu :  D=0x00007ffff7dd8a92
 219500: system.cpu0 T0 :  178500: system.cpu1 T0 : @_end+140737345583696.0  :   JNZ_I : rdip   t1, %ctrl153,  : IntAlu :  D=0x00007ffff7dd8a92
 179500: system.cpu1 T0 : @_end+140737345583647.0  :   CMP_R_I : limm   t1, 0x21 : IntAlu :  D=0x0000000000000021
 180500: system.cpu1 T0 :  222000: system.cpu0 T0 : @_end+140737345583651    : jbe	0xffffffffffffffe3    
 180500: system.cpu1 T0 :  222000: system.cpu0 T0 : @_end+140737345583651    : jbe	0xffffffffffffffe3    
 180500: system.cpu1 T0 : @_end+140737345583651.0  :   JBE_I : rdip   t1, %ctrl153,  : IntAlu :  D=0x00007ffff7dd8a65
 181500: system.cpu1 T0 :  223000: system.cpu0 T0 : @_end+140737345583651.2  :   JBE_I : wrip   , t1, t2  : IntAlu : 
 181500: system.cpu1 T0 :  223000: system.cpu0 T0 : @_end+140737345583651.2  :   JBE_I : wrip   , t1, t2  : IntAlu : 
 224500: system.cpu0 T0 :  182500: system.cpu1 T0 : @_end+140737345583656    : sub	rcx, rax              
 224500: system.cpu0 T0 :  182500: system.cpu1 T0 : @_end+140737345583656    : sub	rcx, rax              
 183000: system.cpu1     : cmp	rax, 0xf              
 184500: system.cpu1 T0 :  228000: system.cpu0 T0 : @_end+140737345583663    : jnbe	0x1f3                
 184500: system.cpu1 T0 :  228000: system.cpu0 T0 : @_end+140737345583663    : jnbe	0x1f3                
 185000: system.cpu1 T0 :  22   @_end+140737345583663T1  :   JNBE_I : limm   t2, 0x1f3 : IntAlu :  D=0x00000000000001f3
 185000: system.cpu1 T0 :  22   @_end+140737345583663T1  :   JNBE_I : limm   t2, 0x1f3 : IntAlu :  D=0x00000000000001f3
 228500: system.cpu0 T0 :  185500: system.cpu1 T0 : @_end+140737345583672.0  :   SUB_R_R : sub   rcx, rcx, rax : IntAlu :  D=0x0000000000000000
 228500: system.cpu0 T0 :  185500: system.cpu1 T0 : @_end+140737345583672.0  :   SUB_R_R : sub   rcx, rcx, rax : IntAlu :  D=0x0000000000000000
 186500: system.cpu1 230500: system.cpu0 00 :  : @_end+140737345583682    : mov	DS:[8*rcx + rax], rdx 
 187500: system.cpu1 T0 : @_end+140737345583675    : lea	rax, DS:[rip + 0x224f96]
 187500: system.cpu1 T0 : @_end+140737345583675    : lea	rax, DS:[rip + 0x224f96]
 189500: system.cpu1 T0 :  234000: system.cpu0 T0 : @_end+140737345583686    : add	rax, 0x10             
 189500: system.cpu1 T0 :  234000: system.cpu0 T0 : @_end+140737345583686    : add	rax, 0x10             
 190000: system.cpu1 T0 : @_end+140737345583686.1  :   ADD_R_I : add   rdx, rdx, t1 : IntAlu :  D=0x0000000000000000
 235000: system.cpu0 T0 : @_end+140737345583698.0  :  190500: system.cpu1                T0 :   TEST_R_R : and   t0, r14, r14 : IntAlu :  D=0x0000000000000000
 235000: system.cpu0 T0 : @_end+140737345583698.0  :  190500: system.cpu1                T0 :   TEST_R_R : and   t0, r14, r14 : IntAlu :  D=0x0000000000000000
 190500: system.cpu1 T0 : @_end+140737345583690.0  :   MOV_R_M : ld   rax, DS:[rdx] : MemRead :  D= 236000    system.cpu00T0 : 1879048189 A=0x7ffff7ffcf70
 190500: system.cpu1 T0 : @_end+140737345583690.0  :   MOV_R_M : ld   rax, DS:[rdx] : MemRead :  D= 236000    system.cpu00T0 : 1879048189 A=0x7ffff7ffcf70
 191000: system.cpu1 T0 :  236500: system.cpu0 T@ : _end+140737345583693    : test	rax, rax             
 191000: system.cpu1 T0 :  236500: system.cpu0 T@ : _end+140737345583693    : test	rax, rax             
 191500: system.cpu1 T0 : @_end+140737345583696    : jnz	0xffffffffffffffcd    
 191500: system.cpu1 T0@: @_end+140737345583707    : @                         _end+140737345583696.0  :   JNZ_I : rdip   t1, %ctrl153,  : IntAlumov	rax, DS:[rip + 0x224f96]
 239000: system.cpu0 T0 :  193500: system.cpu1 _end+140737345583714T0  :   TEST_R_R : and   t0, rax, rax : IntAlu0                          D=0x0000000000000000
 239000: system.cpu0 T0 :  193500: system.cpu1 _end+140737345583714T0  :   TEST_R_R : and   t0, rax, rax : IntAlu0                          D=0x0000000000000000
 193500: system.cpu1 T0 :  239500: system.cpu0 T0 : @_end+140737345583717    : @_end+140737345583647.0  :   CMP_R_I : limm   t1, 0x21 : IntAlu :  D=0x0000000000000021
 193500: system.cpu1 T0 :  239500: system.cpu0 T0 : @_end+140737345583717    : @_end+140737345583647.0  :   CMP_R_I : limm   t1, 0x21 : IntAlu :  D=0x0000000000000021
 239500: system.cpu0 T0 :  194000: system.cpu1 T0 : @_end+140737345583717. 0 : @                         _end+140737345583647.  JZ_I : rdip   t1, %ctrl153, 1  IntAlu :   C0x_R_I : sub   t0, rax, t10x2 : IntAlu : 7ffff7dd8aa7
 239500: system.cpu0 T0 :  194000: system.cpu1 T0 : @_end+140737345583717. 0 : @                         _end+140737345583647.  JZ_I : rdip   t1, %ctrl153, 1  IntAlu :   C0x_R_I : sub   t0, rax, t10x2 : IntAlu : 7ffff7dd8aa7
 241500: system.cpu0 T0 : @_end+140737345583719    :  195000: system.cpu1000000000000000 T0 : add	DS:[rax + 0x8], r14
 241500: system.cpu0 T0 : @_end+140737345583719    :  195000: system.cpu1000000000000000 T0 : add	DS:[rax + 0x8], r14
 196000: system.cpu1 T0 : @_end+140737345583653    : mov	rcx, rsi00000000000000
 196500: system.cpu1 T0 : @_end+140737345583656    : sub	rcx, rax00000000000000
  MOV_R_P : rdip   t7, %ctrl153,  :   19650 : 3.00: system.cpu10 D=00000000000              T         0x00000000000000 : 
  MOV_R_P : rdip   t7, %ctrl153,  :   19650 : 3.00: system.cpu10 D=00000000000              T         0x00000000000000 : @_end+140737345583656. 0 :   SUB_R_R : sub   rcx, rcx, rax : IntAlu :  D=0x0000000000000000
T0 : @_end+140737345583723.1  :   MOV_R_P : ld   rax, DS:[t7 + 0x224f7e] : MemRead :  D=0x00007ffff7ffcef0 A=0x7ffff7ffda30:T0 : @_end+140737345583723.1  :   MOV_R_P : ld   rax, DS:[t7 + 0x224f7e] : MemRead :  D=0x00007ffff7ffcef0 A=0x7ffff7ffda30: system.cpu1      T0 : @_end+140737345583659    : cmp	rax, 0xf              
system.cpu0 T0 :  197000: system.cpu1 T0 : @_end+140737345583730    : test	rax, rax             
 244500: system.cpu0 T00: system.cpu1 T0 : @_end+140737345583730    : test	rax, rax             
 197500: system.cpu1 T0 : @_end+140737345583659.1  :   CMP_R_I : sub   t0, rcx, t1 :  245000:  : tem.cpu0                T0 :  D=0x0000000000000001
 197500: system.cpu1 T0 : @_end+140737345583659.1  :   CMP_R_I : sub   t0, rcx, t1 :  245000:  : tem.cpu0                T0 :  D=0x0000000000000001
 198500: system.cpu1 T0 :  245500: system.cpu0 T0 : @_end+140737345583663    : jnbe	0x1f3                
 198500: system.cpu1 T0 :  245500: system.cpu0 T0 : @_end+140737345583663    : jnbe	0x1f3                
 199500: system.cpu1 T0 :  247000: system.cpu0 T0 : @_end+140737345583735   @add	DS:[rax + 0x8], r14   . 247000: system.cpu0 T0 :  247000: system.cpu0 T0 : @_end+140737345583735   @add	DS:[rax + 0x8], r14   .2  :   JNBE_I : wrip   , t1, t2 : IntAlu : 
 200000: system.cpu1 T0 :  247500: system.cpu0 T0 : @_end+140737345583669    _end+140737345583735mov	rcx, rdi1             M_R : add   t1, t1, r14 : IntAlu
 200000: system.cpu1 T0 :  247500: system.cpu0 T0 : @_end+140737345583669    _end+140737345583735mov	rcx, rdi1             M_R : add   t1, t1, r14 : IntAlu
 200500: system.cpu1 T0 : @_end+140737345583672    : sub	rcx, rax              
 200500: system.cpu1 T0 : @_end+140737345583672    : sub	rcx, rax              
 201500: system.cpu1 T0 : @_end+140737345583675.0  :   LEA_R_P : rdip   t7, %ctrl153,  : IntAlu :  D=0x00007ffff7dd8a82
 202000: system.cpu1 T0 : @_end+140737345583675.1  :   LEA_R_P : lea   rax, DS:[t7 + 0x224f96] : IntAlu :  D=0x00007ffff7ffda18
 202000: system.cpu1 T0 : @_end+140737345583675.1  :   LEA_R_P : lea   rax, DS:[t7 + 0x224f96] : IntAlu :  D=0x00007ffff7ffda18
 252500: system.cpu0 T0 :  203500: system.cpu1 T0 : @_end+140737345583751.00 :   ADD_M_R : ldst   t1, DS:[rax + 0x8] : MemRead :  D=0x0000000000000648 A=0x7ffff7ffceb8
 252500: system.cpu0 T0 :  203500: system.cpu1 T0 : @_end+140737345583751.00 :   ADD_M_R : ldst   t1, DS:[rax + 0x8] : MemRead :  D=0x0000000000000648 A=0x7ffff7ffceb8
@_end+140737345583751. 1 :   ADD_M_R : add   t1, t1, r14 : IntAlu203500: system.cpu1 T0x00000000000000 : 
@_end+140737345583751. 1 :   ADD_M_R : add   t1, t1, r14 : IntAlu203500: system.cpu1 T0x00000000000000 : @_end+140737345583686.0  :   ADD_R_I : limm   t1, 0x10 : IntAlu :  D=0x0000000000000010
 205500: system.cpu1 T0 :  256000: @ystem.cpu0_T   0 :                        @ 205500: system.cpu1 T0 :  256000: @ystem.cpu0_T   0 :                        @_end+140737345583765    : jz	0x4                    
 206000: system.cpu1 T0 :     s @T.1  : 0  :  : IntAlu :  D=0xffffffffffffffcd
 206000: system.cpu1 T0 :     s @T.1  : 0  :  : IntAlu :  D=0xffffffffffffffcd
 206500: system.cpu1 T0 :  257000: system.cpu0 T0 : @_end+140737345583765.2   JZ_I : wrip   , t1, t2   :            206500: system.cpu1 T0 :  257000: system.cpu0 T0 : @_end+140737345583765.2   JZ_I : wrip   , t1, t2   :                          JNZ_I : wrip   , t1, t2  : IntAlu : 
 207500: system.cpu1 T0 : @_end+140737345583647    : cmp	rax, 0x21             
 207500: system.cpu1 T0 : @_end+140737345583767.0  :   ADD_M_R : ldst   t1, DS:[rax + 0x8] : MemRead :  D=0x0000000000000390 A=0x7ffff7ffcec8
 208500: system.cpu1 T0 : @_end+140737345583651    : jbe	0xffffffffffffffe3    
 209500: system.cpu1 T0 : @_end+140737345583651.2  :   JBE_I : wrip   , t1, t2  : IntAlu : 
 209500: system.cpu1 T0 : @_end+140737345583651.2  :   JBE_I : wrip   , t1, t2  : IntAlu : 
 210000: system.cpu1 T0  : mov	rcx, rsi              
 210500: system.cpu1 T0 :  262000: system.cpu0 T0 : @_end+140737345583781.1  :   JZ_I : limm   t2, 0x4    : IntAlu : @0xnd+140737345583656    : 0000000000004
 210500: system.cpu1 T0 :  262000: system.cpu0 T0 : @_end+140737345583781.1  :   JZ_I : limm   t2, 0x4    : IntAlu : @0xnd+140737345583656    : 0000000000004
 210500: system.cpu1 T0 : @_end+140737345583656.0  :   SUB_R_R : sub   rcx, rcx, rax : IntAlu :  D=0x0000000000000000
 211500: system.cpu1 T0 : @_end+140737345583659.1  :   CMP_R_I : sub   t0, rcx, t1 : IntAlu :  D=264500: system.cpu0 T0  211500: system.cpu1 T0 : @_end+140737345583659.1  :   CMP_R_I : sub   t0, rcx, t1 : IntAlu :  D=264500: system.cpu0 T0 : 0@_end+140737345583783. 2 :   ADD_M_R : st   t1, DS:[rax + 0x8] : MemWrite :  D=0x00007ffff7dd78d8 A=0x7ffff7ffcf38
 212500: system.cpu1 T0 : @_end+140737345583663    : jnbe	0x1f3                
 212500: system.cpu1 T0 :  265500: system.cpu0 T0 : @_end+140737345583663.0  :   JNBE_I : rdip   t1, %ctrl153,  : IntAlu :  D=0x00007ffff7dd8a75
 212500: system.cpu1 T0 :  265500: system.cpu0 T0 : @_end+140737345583663.0  :   JNBE_I : rdip   t1, %ctrl153,  : IntAlu :  D=0x00007ffff7dd8a75
 214000: system.cpu15583669    : mov	rcx, rdi              
 214500: system.cpu1 T0 :  267000: system.cpu0 T0 : @_end+140737345583672    : sub	rcx, rax              
 214500: system.cpu1 T0 :  267000: system.cpu0 T0 : @_end+140737345583672    : sub	rcx, rax              
 216500: system.cpu1 T0 : @_end+140737345583682.0  :   MOV_M_R : st   rdx, DS:[8*rcx + rax] : MemWrite :  D=0x00007ffff7ffcf80 A=0x7ffff7ffdba0
 216500: system.cpu1 T0 : @_end+140737345583682.0  :   MOV_M_R : st   rdx, DS:[8*rcx + rax] : MemWrite :  D=0x00007ffff7ffcf80 A=0x7ffff7ffdba0
 217500: system.cpu1 T0271000: system.cpu0 T0 : @_end+140737345583803    : @                         _end+140737345583686    : add	rax, 0x10             
 217500: system.cpu1 T0271000: system.cpu0 T0 : @_end+140737345583803    : @                         _end+140737345583686    : add	rax, 0x10             
 218000: system.cpu1 T0 : @ 271500: .ystem.cpu0 T0 : 1 :   ADD_R_I : add   rdx, rdx, t1 : IntAlu :  D=0x0000000000000000
 218000: system.cpu1 T0 : @ 271500: .ystem.cpu0 T0 : 1 :   ADD_R_I : add   rdx, rdx, t1 : IntAlu :  D=0x0000000000000000
 272000: system.cpu0 T0 :  218500: system.cpu1 T0 : @_end+140737345583810    : test	rax, rax             
 272000: system.cpu0 T0 :  218500: system.cpu1 T0 : @_end+140737345583810    : test	rax, rax             
 219500: system.cpu1 T0 : @_end+140737345583696    : jnz	0xffffffffffffffcd0000
 219500: system.cpu1 T0 : @_end+140737345583696    : jnz	0xffffffffffffffcd0000
 220000: system.cpu1 T0 : @_end+140737345583696.10 :   JNZ_I : limm   t2, 0xffffffffffffffcd : IntAlu :  D=0xffffffffffffffcd
 221500: system.cpu1 T0 : @_end+140737345583647    : cmp	rax, 0x210000000000000
 221500: system.cpu1000000000000000 T0 : mov	rax, DS:[rip + 0x22515e]
system.cpu1 T0 : @_end+140737345583651    : jbe	0xffffffffffffffe30000
system.cpu1 T0 : @_end+140737345583651    : jbe	0xffffffffffffffe30000
 223000: system.cpu1 T0 : @_end+140737345583651.10     : 00system.cpu0 T0 :  : IntAlu :  D=0xffffffffffffffe3
 223000: system.cpu1 T0 : @_end+140737345583651.10     : 00system.cpu0 T0 :  : IntAlu :  D=0xffffffffffffffe3
 278000: system.cpu0 T0 :  223500: system.cpu1 T0 : @_end+140737345583829.00 :   JZ_I : rdip   t1, %ctrl153,  : IntAlu :  D=0x00007ffff7dd8b17
 278000: system.cpu0 T0 :  223500: system.cpu1 T0 : @_end+140737345583829.00 :   JZ_I : rdip   t1, %ctrl153,  : IntAlu :  D=0x00007ffff7dd8b17
 224000: system.cpu1 T0 :  279000: system.cpu0 T0 : @_end+140737345583653    : mov	rcx, rsi00000000000000
 224000: system.cpu1 T0 :  279000: system.cpu0 T0 : @_end+140737345583653    : mov	rcx, rsi00000000000000
 281000: system.cpu0 T0 :  225000: system.cpu1 T0 : @_end+140737345583831.20 :   ADD_M_R : st   t1, DS:[rax + 0x8] : MemWrite :  D=0x00007ffff7dd72b0 A=0x7ffff7ffcea8
 281000: system.cpu0 T0 :  225000: system.cpu1 T0 : @_end+140737345583831.20 :   ADD_M_R : st   t1, DS:[rax + 0x8] : MemWrite :  D=0x00007ffff7dd72b0 A=0x7ffff7ffcea8
 225000: system.cpu1 T0 : @_end+140737345583659.00 :   CMP_R_I : limm   t1, 0xf 28IntA: system.cpu0 T  : 0x000000000000000f
 225000: system.cpu1 T0 : @_end+140737345583659.00 :   CMP_R_I : limm   t1, 0xf 28IntA: system.cpu0 T  : 0x000000000000000f
 226500: system.cpu1 T 282500: system.cpu0 T0 :  : @_end+140737345583835. 1 : @                         _end+140737345583663    : jnbe	0x1f3                
 226500: system.cpu1 T 282500: system.cpu0 T0 :  : @_end+140737345583835. 1 : @                         _end+140737345583663    : jnbe	0x1f3                
@_end+140737345583842    :  227000test	rdx, rdxsystem.cpu1             
 283000: system.cpu0 T0 :   227000test	rdx, rdxsystem.cpu1             
 228000: system.cpu1 T0 : @_end+140737345583669    : mov	rcx, rdi              
 0 :  228000: system.cpu1 T0 : @_end+140737345583845    : @                         _end+140737345583669.0  :   MOV_R_R : mov   rcx, rcx, rdi : IntAlu :  D=0xjz	0xb0 283500: system.cpu0 Tpu1 T0 : @_end+140737345583845    : @                         _end+140737345583669.0  :   MOV_R_R : mov   rcx, rcx, rdi : IntAlu :  D=0xjz	0xb0000000070000021
 228500: system.cpu1 T0 : @_end+140737345583672    : sub	rcx, rax              
  JZ_I : limm   t2, 0xb    : 228500 : : system.cpu1        0       
  JZ_I : limm   t2, 0xb    : 228500 : : system.cpu1        0       
 229500: system.cpu1 T0 : @_end+140737345583675    : lea	rax, DS:[rip + 0x224f96]
 229500: system.cpu1 T0 :  285500: system.cpu0 T0 : @_end+140737345583847    : @_end+140737345583675.0  :   LEA_R_P : rdip   t7, %ctrl153,  : IntAlu :  D=0x00007ffff7dd8a82
 229500: system.cpu1 T0 :  285500: system.cpu0 T0 : @_end+140737345583847    : @_end+140737345583675.0  :   LEA_R_P : rdip   t7, %ctrl153,  : IntAlu :  D=0x00007ffff7dd8a82
 285500: system.cpu0 20 : : system.cpu1 T0 : @_end+140737345583847. 0 : @                         _end+140737345583675.  CMP_M_I : limm   t2, 0x7 : Int  L : R_P : lea   rax, DS:[t7 + 0x224f96] : IntAlu :  D=0x0x0000000000000007
 286000: system.cpu0 T0 : : system.cpu1 T0 : @_end+140737345583847. 0 : @                         _end+140737345583675.  CMP_M_I : limm   t2, 0x7 : Int  L : R_P : lea   rax, DS:[t7 + 0x224f96] : IntAlu :  D=0x0x0000000000000007
 230500: system.cpu1 T0 :  286500: system.cpu0 T0 : @_end+140737345583847.2  : @                         _end+140737345583682    : mov	DS:[8*rcx + rax], rdx 
 230500: system.cpu1 T0 :  286500: system.cpu0 T0 : @_end+140737345583847.2  : @                         _end+140737345583682    : mov	DS:[8*rcx + rax], rdx 
 232500: system.cpu1 T0 : @_end+140737345583690    : mov	rax, DS:[rdx]         
@_end+140737345583858       2500: system.cpu1 : T                         0 : mov	rax, DS:[rip + 0x224f17]
 289500: system.cpu0 T      2500: system.cpu1 : T                         0 : mov	rax, DS:[rip + 0x224f17]
 233000: system.cpu1 T0 : @_end+140737345583693    : test	rax, rax             
 233000: system.cpu1 T0 : @_end+140737345583693    : test	rax, rax             
 233500: system.cpu1 T0 :  291000: system.cpu0 T0 : @_end+140737345583696.00 :   JNZ_I : rdip   t1, %ctrl153,  : IntAlu :  D=0x0_end+1407373455 : 
 233500: system.cpu1 T0 :  291000: system.cpu0 T0 : @_end+140737345583696.00 :   JNZ_I : rdip   t1, %ctrl153,  : IntAlu :  D=0x0_end+1407373455 : 
 291000: system.cpu0 2340000 system.cpu1  : 0 : @_end+140737345583868.0  : @                         _end+140737345583696.1  :   JNZ_I : limm   t2, 0xffffffffffffffcd : IntAlu :  D=0xffffffffffffffcd
 291000: system.cpu0 2340000 system.cpu1  : 0 : @_end+140737345583868.0  : @                         _end+140737345583696.1  :   JNZ_I : limm   t2, 0xffffffffffffffcd : IntAlu :  D=0xffffffffffffffcd
 234500: system.cpu1 T0 :  291500: system.cpu0 T0 : @_end+140737345583696.2  :   JNZ_I : wrip   , t1, t2  : IntAlu : 
 234500: system.cpu1 T0 :  291500: system.cpu0 T0 : @_end+140737345583696.2  :   JNZ_I : wrip   , t1, t2  : IntAlu : 
 292000: system.cpu0 T0 :  235000: system.cpu1 T0 : @_end+140737345583868.2  : @                         _end+140737345583698 : IntAlu : 
 292000: system.cpu0 T0 :  235000: system.cpu1 T0 : @_end+140737345583868.2  : @                         _end+140737345583698 : IntAlu : 
 235000: system.cpu1 T0 : @_end+140737345583698.0  :   TEST_R_R : and   t0, r14, r14 : IntAlu :  D=0x0000000000000000
 293000: system.cpu0 T0 : @_end+140737345583870.0  :  236000: system.cpu1                T0 : IntAlu :  D=0x00007ffff7dd8b45
 293000: system.cpu0 T0 : @_end+140737345583870.0  :  236000: system.cpu1                T0 : IntAlu :  D=0x00007ffff7dd8b45
 236000: system.cpu1 T0 : @_end+140737345583701.0  :   JZ_I : rdip   t1, %ctrl153,  : IntAlu :  D=0x00007ffff7dd8a9b
T0 : @_end+140737345583870.1  :  236500: system.cpu1                T0 :   MOV_R_P : ld   rcx, DS:[t7 + 0x224f1b] : MemRead :  D=0x00007ffff7ffcf50 A=0x7ffff7ffda60
T0 : @_end+140737345583870.1  :  236500: system.cpu1                T0 :   MOV_R_P : ld   rcx, DS:[t7 + 0x224f1b] : MemRead :  D=0x00007ffff7ffcf50 A=0x7ffff7ffda60
 237000: system.cpu1 T0 : @_end+140737345583701.2  :   JZ_I : wrip   , t1, t2   : IntAlu : 
 294500: system.cpu0 T0 :  238000: system.cpu1 T0 : @_end+140737345583877    : @                         _end+140737345583707    : mov	rax, DS:[rip + 0x224f96]
 294500: system.cpu0 T0 :  238000: system.cpu1 T0 : @_end+140737345583877    : @                         _end+140737345583707    : mov	rax, DS:[rip + 0x224f96]
 238500: system.cpu1 T0 :  295000: system.cpu0 T0 : @@_end+1407373455837071  : 1  :   MOV_R_P : ld   rax, DS:[t7 + 0x224f96] : MemRead :  D=0x00007ffff7ffce90 A=0x7ffff7ffda38
 238500: system.cpu1 T0 :  295000: system.cpu0 T0 : @@_end+1407373455837071  : 1  :   MOV_R_P : ld   rax, DS:[t7 + 0x224f96] : MemRead :  D=0x00007ffff7ffce90 A=0x7ffff7ffda38
 295500: system.cpu0 T0 :  239000: system.cpu1 T0 : @_end+140737345583877.2  : @                         _end+140737345583714    :   CMP_M_I : sub   t       
 295500: system.cpu0 T0 :  239000: system.cpu1 T0 : @_end+140737345583877.2  : @                         _end+140737345583714    :   CMP_M_I : sub   t       
 240500: system.cpu1 T0 : @_end+140737345583717.2  :   JZ_I : wrip   , t1, t2   : IntAlu : 
 241500: system.cpu1 T0 : @_end+140737345583719    : add	DS:[rax + 0x8], r14   
 241500: system.cpu1 T0 : @_end+140737345583719    : add	DS:[rax + 0x8], r14   
 242000: system.cpu1 T0 : @_end+140737345583719.1  :   ADD_M_R : add   t1, t1, r14 : IntAlu :  D=0x0000000000000000
 242000: system.cpu1 T0 : @_end+140737345583719.1  :   ADD_M_R : add   t1, t1, r14 : IntAlu :  D=0x0000000000000000
 299500: system.cpu0 T0 :       @_esystem.cpu15583898.0 DT0 :   JZ_I : rdip   t1, %ctrl153,  : IntAlu : @0x00007ffff7dd8b5c
 299500: system.cpu0 T0 :       @_esystem.cpu15583898.0 DT0 :   JZ_I : rdip   t1, %ctrl153,  : IntAlu : @0x00007ffff7dd8b5c
 243500: system.cpu1 T300500: system.cpu00T0 : @_end+140737345583898. 2 : @                         _end+140737345583723    : mov	rax, DS:[rip + 0x224f7e]
 243500: system.cpu1 T300500: system.cpu00T0 : @_end+140737345583898. 2 : @                         _end+140737345583723    : mov	rax, DS:[rip + 0x224f7e]
 244000: system.cpu1 T0 : @_end+140737345583723.1  :   MOV_R_P : ld   rax, DS:[t7 + 0x224f7e] : MemRead :  D=301500: 0xstem.cpu07f T0140 A=0x7ffff7ffda30
 244000: system.cpu1 T0 : @_end+140737345583723.1  :   MOV_R_P : ld   rax, DS:[t7 + 0x224f7e] : MemRead :  D=301500: 0xstem.cpu07f T0140 A=0x7ffff7ffda30
 244500: system.cpu1 T0 : @_end+140737345583730    : test	rax, rax             
 244500: system.cpu1 T0 :  302000: system.cpu0@T0 : .0  :   TEST_R_R : and   t0, rax, rax : IntAlu :  D=0x0000000000000000
 245000: system.cpu1 T0 : @_end+140737345583733    : jz	0x4   30              s
 245000: system.cpu1 T0 : @_end+140737345583733    : jz	0x4   30              s
 245500: system.cpu1 T0 : @_end+140737345583733.1  :  303000: limm   t2, 0x4 : system.cpu0 T0 :  D=0x0000000000000004
 245500: system.cpu1 T0 : @_end+140737345583733.1  :  303000: limm   t2, 0x4 : system.cpu0 T0 :  D=0x0000000000000004
 303000: system.cpu0 T0 :  246000: system.cpu1 T0 : @_end+140737345583924.0  :   JZ_I : rdip   t1, %ctrl153,  : IntAlu :  D=0x00007ffff7dd8b76
 303000: system.cpu0 T0 :  246000: system.cpu1 T0 : @_end+140737345583924.0  :   JZ_I : rdip   t1, %ctrl153,  : IntAlu :  D=0x00007ffff7dd8b76
 247000: system.cpu1 T0 :  305000: system.cpu0 T0 : @_end+140737345583940    : 0 :   ADD_M_R : ldst   t1, DS:[rax + 0x8] : MemRead :  D=0x0000000000226000 A=0x7ffff7ffcef8
 247000: system.cpu1 T0 :  305000: system.cpu0 T0 : @_end+140737345583940    : 0 :   ADD_M_R : ldst   t1, DS:[rax + 0x8] : MemRead :  D=0x0000000000226000 A=0x7ffff7ffcef8
 305000: system.cpu0 T0 :  247500: system.cpu1 T0 : @_end+140737345583940.0  : @       CMP_P_I : limm   t2, 0      ntAl      0x   0000000000000000
 305000: system.cpu0 T0 :  247500: system.cpu1 T0 : @_end+140737345583940.0  : @       CMP_P_I : limm   t2, 0      ntAl      0x   0000000000000000
 249000: system.cpu1 T0 : @_end+140737345583739    : mov	rax, DS:[rip + 0x224f7e]
 249000: system.cpu1                T0 : jnz	0x349
 307500: system.cpu1                T0 : jnz	0x349
 249500: system.cpu1 T0 :  308000: system.cpu0 T0 : @_end+140737345583739.1  :   MOV_R_P : ld   rax, DS:[t7 + 0x224f7e] : MemRead :  D=0x00007ffff7ffceb0 A=0x7_end+140737
 249500: system.cpu1 T0 :  308000: system.cpu0 T0 : @_end+140737345583739.1  :   MOV_R_P : ld   rax, DS:[t7 + 0x224f7e] : MemRead :  D=0x00007ffff7ffceb0 A=0x7_end+140737
 308500: system.cpu0 T0 : @_end+140737345583948.2  :  250000: system.cpu1                T0 :   JNZ_I : wrip   , t1, t2 : IntAlu : 
 308500: system.cpu0 T0 : @_end+140737345583948.2  :  250000: system.cpu1                T0 :   JNZ_I : wrip   , t1, t2 : IntAlu : 
 250000: system.cpu1 T0 : @_end+140737345583746.0  :   TEST_R_R : and   t0, rax, rax : IntAlu :  D= 3095000xsystem.cpu0 T000000000000000
 309500: system.cpu0 T0 :  250500: system.cpu1 T0 : @_end+140737345583954.0  : @ :     IntA              0x0000000000000000
 309500: system.cpu0 T0 :  250500: system.cpu1 T0 : @_end+140737345583954.0  : @ :     IntA              0x0000000000000000
@_end+140737345583954.1  250500 : system.cpu1                T0 :   CMP_P_I : rdip   t7, %ctrl153,  : IntAlu :  D=0x0_end+1407373455
@_end+140737345583954.1  250500 : system.cpu1                T0 :   CMP_P_I : rdip   t7, %ctrl153,  : IntAlu :  D=0x0_end+1407373455
 310500: system.cpu0 T0 : @_end+140737345583954.2  :  251000: system.cpu1                T0 :   CMP_P_I : ld   t1, DS:[t7 + 0x224ef6] : MemRead :  D=0x0000000000000000 A=0x7ffff7ffda90
 310500: system.cpu0 T0 : @_end+140737345583954.2  :  251000: system.cpu1                T0 :   CMP_P_I : ld   t1, DS:[t7 + 0x224ef6] : MemRead :  D=0x0000000000000000 A=0x7ffff7ffda90
251500: system.cpu1      T0 : @_end+140737345583749.2  :   JZ_I : wrip   , t1, t2   : IntAlu : 
251500: system.cpu1      T0 : @_end+140737345583749.2  :   JZ_I : wrip   , t1, t2   : IntAlu : 
 252500: system.cpu1 T0 :  312000: system.cpu0 T0 : @_end+140737345583751    : add	DS:[rax + 0x8], r14   
 252500: system.cpu1 T0 :  312000: system.cpu0 T0 : @_end+140737345583751    : add	DS:[rax + 0x8], r14   
 253000: system.cpu1 T0 : @_end+140737345583751.1  :   ADD_M_R : add   t1, t1, r14 : IntAlu :  D=0x0000000000000000
 253000: system.cpu1 T0 : @_end+140737345583751.1  :   ADD_M_R : add   t1, t1, r14 : IntAlu :  D=0x0000000000000000
 314000: system.cpu0 T0 :  254500: system.cpu1 T0 : @_end+140737345583971.0  : @              Z_I : rdip   t1, %ctrl153,         D=_end+1407373455837550x   07ffff7dd8ba9
 314000: system.cpu0 T0 :  254500: system.cpu1 T0 : @_end+140737345583971.0  : @              Z_I : rdip   t1, %ctrl153,         D=_end+1407373455837550x   07ffff7dd8ba9
      254500: system.cpu1345583971.system.cpu11T : 0                          :   JNZ_I : limm   t2, 0x107 : IntAlu :  D=0x0000000000000107
      254500: system.cpu1345583971.system.cpu11T : 0                          :   JNZ_I : limm   t2, 0x107 : IntAlu :  D=0x0000000000000107
 255500: system.cpu1 T0316500: system.cpu0 T0 : @_end+140737345584243   @:  _end+140737345583762.0  :   TEST_R_R : and   t0, rax, rax : IntAlu :  D=0x0000000000000000
 255500: system.cpu1 T0316500: system.cpu0 T0 : @_end+140737345584243   @:  _end+140737345583762.0  :   TEST_R_R : and   t0, rax, rax : IntAlu :  D=0x0000000000000000
 316500: system.cpu0 T0 : @_end+140737345584243.0  :  256000: system.cpu1                T0 :   JZ_I : rdip   t1, %ctrl153,  : IntAlu :  D=0x00007ffff7dd8cb9
 316500: system.cpu0 T0 : @_end+140737345584243.0  :  256000: system.cpu1                T0 :   JZ_I : rdip   t1, %ctrl153,  : IntAlu :  D=0x00007ffff7dd8cb9
 256000: system.cpu1 T0 : @_end+140737345583765.0  :   JZ_I : rdip   t1, %ctrl153,  : IntAlu :  D=0x00007ffff7dd8ad7
 257000: system.cpu1 T0 : @_end+140737345583765.2  :   JZ_I : wrip   , t1, t2   : IntAlu : 
 258000: system.cpu1 T0 : @_end+140737345583767   @add	+14[rax + 0x8], .14   
 258000: system.cpu1 T0 : @_end+140737345583767   @add	+14[rax + 0x8], .14   
2 :   JZ_I : wrip   , t1, D=0x0000000000000 258000: system.cpu1 T0 : @_end+140737345583767.0  :   ADD_M_R : ldst   t1, DS:[rax + 0x8] : MemRead :  D=0x0000000000000390 A=0x7ffff7ffcec8
 258500: system.cpu1 T0 : @_end+140737345583767.1  :   ADD_M_R : add   t1, t1, r14 : IntAlu :  318000: system.cpu0            00  T0mov	rcx, DS:[rax + 0x8]   
 260000: system.cpu1 T0 : @_end+140737345583771    : mov	rax, DS:[rip + 0x224f6e]
 260000: system.cpu1 T0 : @_end+140737345583771.0  :   MOV_R_P : rdip   t7, %ctrl153,  : IntAlu :  D=0x00007ffff7dd8ae2
 261000: system.cpu1 T0 :  319500: system.cpu0 T0 : @_end+140737345583778    : test	rax, rax  @          
 261000: system.cpu1 T0 :  319500: system.cpu0 T0 : @_end+140737345583778    : test	rax, rax  @          
 261500: system.cpu1 T0 :  320000: system.cpu0 T0 : @_end+140737345583781    : jz	0x4                    
 261500: system.cpu1 T0 :  320000: system.cpu0 T0 : @_end+140737345583781    : jz	0x4                    
 321000: system.cpu0 T0 : @_end+140737345584264.1  :  263500: system.cpu1                T0 :   MOV_R_P : ld   rax, DS:[t7 + 0x224e89] : MemRead :  D=0x00007ffff7ffcf90 A=0x7ffff7ffdb58
 321000: system.cpu0 T0 : @_end+140737345584264.1  :  263500: system.cpu1                T0 :   MOV_R_P : ld   rax, DS:[t7 + 0x224e89] : MemRead :  D=0x00007ffff7ffcf90 A=0x7ffff7ffdb58
 263500: system.cpu1 T0 :  322000: system.cpu0 T_end+1407373455837830 : 0  :   ADD_M_R : ldst   t1, DS:[rax + 0x8] : MemRead :  D=0x00000000000008d8 A=0x7ffff7ffcf38
 263500: system.cpu1 T0 :  322000: system.cpu0 T_end+1407373455837830 : 0  :   ADD_M_R : ldst   t1, DS:[rax + 0x8] : MemRead :  D=0x00000000000008d8 A=0x7ffff7ffcf38
 322000: system.cpu0 T0 :  264000: system.cpu1 T0 : @_end+140737345584271.0  :   TEST_R_R : and   t0, rax, rax : IntAlu :  D=0x0000000000000000
 322000: system.cpu0 T0 :  264000: system.cpu1 T0 : @_end+140737345584271.0  :   TEST_R_R : and   t0, rax, rax : IntAlu :  D=0x0000000000000000
 265500: system.cpu1 T0 : @_end+140737345583787    : mov	rax, DS:[rip + 0x224fde]
 265500: system.cpu1                Tjz	0x1d5
 266000: system.cpu1 T0 : 324000: system.cpu0 T0 : @@_end+140737345583787.1  :   MOV_R_P : ld   rax, DS:[t7 + 0x224fde] : MemRead :  D=0x00007ffff7ffcf20 A=0x7ffff7ffdad0
 266000: system.cpu1 T0 : 324000: system.cpu0 T0 : @@_end+140737345583787.1  :   MOV_R_P : ld   rax, DS:[t7 + 0x224fde] : MemRead :  D=0x00007ffff7ffcf20 A=0x7ffff7ffdad0
 324500: system.cpu0 T0 :  266500: system.cpu1 T0 : @_end+140737345584278.2  : @                         _end+140737345583794    : test	rax, rax              wrip   , t1, t2   : IntAlu : 
 324500: system.cpu0 T0 :  266500: system.cpu1 T0 : @_end+140737345584278.2  : @                         _end+140737345583794    : test	rax, rax              wrip   , t1, t2   : IntAlu : 
 266500: system.cpu1 T0 : @_end+140737345583794.0  :   TEST_R_R : and   t0, rax, rax : IntAlu :  D=0x0000000000000000
 325000: system.cpu0 T0 :  267000: system.cpu1 T0 : @_end+140737345584284.0  : @                         _end+140737345583797    : jz	0x4                    
 325000: system.cpu0 T0 :  267000: system.cpu1 T0 : @_end+140737345584284.0  : @                         _end+140737345583797    : jz	0x4                    
@_end+140737345584288    :  267500: system.cpu1                T0 : lea	rax, DS:[2*rax + rax]
 325500: system.cpu0 T0 :   267500: system.cpu1                T0 : lea	rax, DS:[2*rax + rax]
 326000: system.cpu0 T0 :  269000: system.cpu1 T0_end+140737345584292.0  :  : @_end+140737345583799    : add	DS:[rax + 0x8], r14   EA_R_M : lea   r13, DS:[8*rax + rcx] 
 326000: system.cpu0 T0 :  269000: system.cpu1 T0_end+140737345584292.0  :  : @_end+140737345583799    : add	DS:[rax + 0x8], r14   EA_R_M : lea   r13, DS:[8*rax + rcx] 
@_end+140737345584296    :  269500: system.cpu1   
@_end+140737345584296    :  269500: system.cpu1   
@_end+140737345584296    :  269500: system.cpu1   
 270000: system.cpu1 T0 : @_end+140737345583799.2  :   ADD_M_R : st   t1, DS:[rax + 0x8] : MemWrite :  D=0x00007ffff7dd79f8 A=0x7ffff7ffcf28
 270000: system.cpu1 T0 : @_end+140737345583799.2  :   ADD_M_R : st   t1, DS:[rax + 0x8] : MemWrite :  D=0x00007ffff7dd79f8 A=0x7ffff7ffcf28
 271000: system.cpu1 T0 :  327500: system.cpu0 T0 : @_end+140737345583803    : mov	rax, DS:[rip + 0x22509e]
 271000: system.cpu1 T0 :  327500: system.cpu0 T0 : @_end+140737345583803    : mov	rax, DS:[rip + 0x22509e]
 271500: system.cpu1 T0 :  328000: system.cpu0 T0 : @_end+140737345583803.10 :   MOV_R_P : ld   rax, DS:[t7 + 0x22509e] : MemRead : @_end+140737345584302.100x0000000000 00 : 7ffff7ffdba0
 271500: system.cpu1 T0 :  328000: system.cpu0 T0 : @_end+140737345583803.10 :   MOV_R_P : ld   rax, DS:[t7 + 0x22509e] : MemRead : @_end+140737345584302.100x0000000000 00 : 7ffff7ffdba0
 272500: system.cpu1 T0 : @_end+140737345583813    : jz	0x400000000000000000000
 272500: system.cpu1 T0 : @_end+140737345584304    : mov	rdx, DS:[rip + 0x224d31]
 272500: system.cpu1 T0 : @_end+140737345583813    : jz	0x400000000000000000000
@_end+140737345584304.10 :  273000: system.cpu100 000000000000 TMemRead0 :  D=0x00007ffff7ffcf00 A=0x7ffff7ffda28
@_end+140737345584304.10 :  273000: system.cpu100 000000000000 TMemRead0 :  D=0x00007ffff7ffcf00 A=0x7ffff7ffda28
 330500: system.cpu0 T0 :  273500: system.cpu1 @0end+140737345584311    :  : mov	r8, DS:[rip + 0x224dd2]
 330500: system.cpu0 T0 :  273500: system.cpu1 @0end+140737345584311    :  : mov	r8, DS:[rip + 0x224dd2]
 332000: system.cpu0 T0 : @_end+140737345584318    : 275000: system.cpu1 T0 : mov	rdx, DS:[rdx + 0x8]
 332000: system.cpu0 T0 : @_end+140737345584318    : 275000: system.cpu1 T0 : mov	rdx, DS:[rdx + 0x8]
 275500: system.cpu1 T0 : @_end+140737345583815.2  :   ADD_M_R : st   t1, DS:[rax + 0x8] : MemWrite :  D=0x00007ffff7dd77f0 A=0x7ffff7ffcf88
 275500: system.cpu1 T0 : @_end+140737345583815.2  :   ADD_M_R : st   t1, DS:[rax + 0x8] : MemWrite :  D=0x00007ffff7dd77f0 A=0x7ffff7ffcf88
 276500: system.cpu1 T0 : @_end+140737345583819.0  :   MOV_R_P : rdip   t7, %ctrl153,  : IntAlu :  D=0x00007ffff7dd8b12
 277500: system.cpu1 T0 : @_end+140737345583826    : test	rax, rax             
 334000: system.cpu0 T0 :  277500: system.cpu1 T0 : @_end+140737345584325.1  : @                         _end+140737345583826.0  :   TEST_R_R : and   t0, rax, rax : IntAlu :  D=0x0000000000000000
 334000: system.cpu0 T0 :  277500: system.cpu1 T0 : @_end+140737345584325.1  : @                         _end+140737345583826.0  :   TEST_R_R : and   t0, rax, rax : IntAlu :  D=0x0000000000000000
 278000: system.cpu1 T0 : @_end+140737345583829    : jz	0x4                    
 278000: system.cpu1 T0 : @_end+140737345583829    : jz	0x4                    
 278500: system.cpu1 T0 : @_end+140737345583829.1  :   JZ_I : limm   t2, 0x4    : IntAlu :  D=0x0000000000000004
 279000: system.cpu1 T0 : @_end+140737345583829.2  :   JZ_I : wrip   , t1, t2   : IntAlu : 
280000: 00000system.cpu1 T0 : @_end+140737345583831.00 :   ADD_M_R : ldst   t1, DS:[rax + 0x8] : MemRead :  D=0x00000000000002b0 A=0x7ffff7ffcea8
 280500: system.cpu1 T0 : @_end+140737345583831.10 :   ADD_M_R : add   t1, t1, r14 : IntAlu :  D=0x0000000000000000
: system.cpu1 T0 : @_end+140737345583835    : mov	rdx, DS:[rip + 0x224f96]
0 :  282000: system.cpu1 T0 : @_end+140737345584338    : @0000000000000000000000000_end+140737345583835.00 :   MOV_R_P : rdip   t7, %ctrl153,  : IntAlu :  D=0x00007ffff7dd8b22
0 :  282000: system.cpu1 T0 : @_end+140737345584338    : @0000000000000000000000000_end+140737345583835.00 :   MOV_R_P : rdip   t7, %ctrl153,  : IntAlu :  D=0x00007ffff7dd8b22
 336500: system.cpu0 T0 :  282500: system.cpu1 T0 : @_end+140737345584338.00 : @0000000000000000000000000_end+140737345583835.10 :   MOV_R_P : ld   rdx, DS:[t7 + 0x224f96] : MemRead :  D=0x00007ffff7ffcf10 A=0x7ffff7ffdab8
 336500: system.cpu0 T0 :  282500: system.cpu1 T0 : @_end+140737345584338.00 : @0000000000000000000000000_end+140737345583835.10 :   MOV_R_P : ld   rdx, DS:[t7 + 0x224f96] : MemRead :  D=0x00007ffff7ffcf10 A=0x7ffff7ffdab8
 283000: system.cpu1 T0 : @_end+140737345583842    : test	rdx, rdx0000000000000
 283000: system.cpu1 T0 : @_end+140737345583842.00 :   TEST_R_R : and   t0, rdx, rdx : IntAlu :  D=0x0000000000000000
 337500: system.cpu0 T0 :  283500: system.cpu1 T0 : @_end+140737345584342    : @0000000000000000000000000_end+140737345583845    : jz	0xb00000000000000000000
 283500: system.cpu1 T0 :  283500: system.cpu1 T0 : @_end+140737345584342    : @0000000000000000000000000_end+140737345583845    : jz	0xb00000000000000000000
  CMOVZ_R_R : mov   rdi, rdi, rdi : IntAlu :  D=0x284000: system.cp  CMOVZ_R_R : mov   rdi, rdi, rdi : IntAlu :  D=0x284000: system.cpu1 T0 : @_end+140737345583845.10 :   JZ_I : limm   t2, 0xb000 : IntAlu :  D=0x000000000000000b
 284500: system.cpu1 T0 : @_end+140737345583845.20 :   JZ_I : wrip   , t1, t200 : IntAlu : 
 285500: system.cpu1 T0 : @_end+140737345583847.00 :   CMP_M_I : limm   t2, 0x7 : IntAlu :  D=0x0000000000000007
 286000: system.cpu1 T0 : @_end+140737345583847.10 :   CMP_M_I : ld   t1, DS:[rdx + 0x8] : MemRead :  D=0x0000000000000007 A=0x7ffff7ffcf18
 286500: system.cpu1 T0 : @_end+140737345583847.2  :   CMP_M_I : sub   t0, t1, t2 : IntAlu :  D=0x0000000000000000
 287500: system.cpu1 T0 :  340500: system.cpu0 T0 : @_end+140737345583852    : jnz	0x425                 
 287500: system.cpu1 T0 :  340500: system.cpu0 T0 : @_end+140737345583852    : jnz	0x425                 
 288000: system.cpu1 T0 : @_end+140737345583852.10 :   JNZ_I : limm   t2, 0x425 : IntAlu :  D=0x0000000000000425
 288500: system.cpu1 T0 : @_end+140737345583852.20 :   JNZ_I : wrip   , t1, t20 : IntAlu : 
 289500: system.cpu1 T0 :  342000: system.cpu0 T0 : @_end+140737345583858.00 :   MOV_R_P : rdip   t7, %ctrl153,  : IntAlu :  D=0x00007ffff7dd8b39
 290500: system.cpu1 T0 : @_end+140737345583865    : test	rax, rax 342500:     
 291000: system.cpu1 T0 : @_end+140737345583868    : jz	0x120000000000000000000
 291000: system.cpu1 T0 : @_end+140737345583868.00 :   JZ_I : rdip   t1, %ctrl153,  : IntAlu :  D=0x00007ffff7dd8b3e
 291500: system.cpu1 T0 :  343500: system.cpu0 T0 : @_end+140737345583868.10 :   JZ_I : limm   t2, 0x1200 : IntAlu :  D=0x0000000000000012
 292000: system.cpu1000000000000000 T0 : hint	
 292000: system.cpu1000000000000000 T0 : hint	
 344000: system.cpu0 T0     : : system.cpu1 T0 : @_end+140737345584368@   : _end+140737345583870.00 :   MOV_R_P : rdip   t7, %ctrl153,  : IntAlu :  D=0x00007ffff7dd8b45
 344000: system.cpu0 T0     : : system.cpu1 T0 : @_end+140737345584368@   : _end+140737345583870.00 :   MOV_R_P : rdip   t7, %ctrl153,  : IntAlu :  D=0x00007ffff7dd8b45
 344000: 293500 cpu0 T: :system.cpu1 T0 : @_end+140737345584368.@_end+140737345583870. : :                          MOV_R_P : ld   rcx, DS:[t7 + 0x224f1b] : MemRead :  D=0x00007ffff7ffcf50 A=0x7ffff7ffda60
 344000: 293500 cpu0 T: :system.cpu1 T0 : @_end+140737345584368.@_end+140737345583870. : :                          MOV_R_P : ld   rcx, DS:[t7 + 0x224f1b] : MemRead :  D=0x00007ffff7ffcf50 A=0x7ffff7ffda60
 294500: system.cpu1 T0 : @_end+140737345583877    : cmp	DS:[rcx + 0x8], 0x18  
 294500: system.cpu1 T0 : @_end+140737345583877.0  :   CMP_M_I : limm   t2, 0x18 : IntAlu :  D=0x0000000000000018
 295000: system.cpu1 T0 : @_end+140737345583877.1  :   CMP_M_I : ld   t1, DS:[rcx + 0x8] : MemRead :  D=0x0000000000000018 A=0x7ffff7ffcf58
 295500: system.cpu1 T0 : @_end+140737345583877.2  :   CMP_M_I : sub   t0, t1, t2 : IntAlu :  D=0x0000000000000000
 345000: system.cpu0 T0 : @_end+140737345584371.1  :  296000: system.cpu1                T0 :   ADD_R_M : add   rdx, rdx, t1 : IntAlu :  D=0x0000000000000000
 345000: system.cpu0 T0 : @_end+140737345584371.1  :  296000: system.cpu1                T0 :   ADD_R_M : add   rdx, rdx, t1 : IntAlu :  D=0x0000000000000000
 296000: system.cpu1 T0 : @_end+140737345583882.0  :   JNZ_I : rdip   t1, %ctrl153,  : IntAlu :  D=0x00007ffff7dd8b50
 346000: system.cpu0 T0 :  296500: system.cpu1 T@ : d+140737345584374    : @                         _end+140737345583882.1  :   JNZ_I : limm   t2, 0x3e8 : IntAlu :  D=0x00000000000003e8
 346000: system.cpu0 T0 :  296500: system.cpu1 T@ : d+140737345584374    : @                         _end+140737345583882.1  :   JNZ_I : limm   t2, 0x3e8 : IntAlu :  D=0x00000000000003e8
 297500: system.cpu1 T0 : @_end+140737345583888    : mov	rcx, DS:[rip + 0x224ff1]
@_end+140737345584374.1  29  : : system.cpu1 T0 : @_end+140737345583888.0  :   MOV_R_P : rdip   t7, %ctrl153,  : IntAlu :  D=0x00007ffff7dd8b57
@_end+140737345584374.1  29  : : system.cpu1 T0 : @_end+140737345583888.0  :   MOV_R_P : rdip   t7, %ctrl153,  : IntAlu :  D=0x00007ffff7dd8b57
 298000: system.cpu1 T0 : @_end+140737345583888.1  :   MOV_R_P : ld   rcx, DS:[t7 + 0x224ff1] : MemRead : 000: system.cpu0                T0x00000 00000000 : 7ffff7ffdb48
 299000: system.cpu1 T0 : @_end+140737345583895    : test	rcx, rcx             
 347500: system.cpu0 T0 :  299500: system.cpu1 T0 : @_end+140737345584378.0  : @                         _end+140737345583898    : jz	0xe                    
 347500: system.cpu0 T0 :  299500: system.cpu1 T0 : @_end+140737345584378.0  : @                         _end+140737345583898    : jz	0xe                    
 300000: system.cpu1 T0 : @_end+140737345583898.1  :   JZ_I : limm   t2, 0xe    : IntAlu :  D=0x000000000000000e
 348500: system.cpu0 T0 :  300500: system.cpu1@_end+140737345584378.2  : 0                          : @_end+140737345583898.2  :   JZ_I : wrip   , t1, t2   : IntAlu : 
 348500: system.cpu0 T0 :  300500: system.cpu1@_end+140737345584378.2  : 0                          : @_end+140737345583898.2  :   JZ_I : wrip   , t1, t2   : IntAlu : 
 301500: system.cpu1 T0 : @_end+140737345583914    : mov	rcx, DS:[rip + 0x224f97]
@_end+140737345584384    :  301500: system.cpu1 T0 : @_end+140737345583914.0 mov	rcx, r14 @_end+140737345584384    :  301500: system.cpu1 T0 : @_end+140737345583914.0 mov	rcx, r14  MOV_R_P : rdip   t7, %ctrl153,  : IntAlu :  D=0x00007ffff7dd8b71
 349500: system.cpu0 T0 :  302500: system.cpu1@T_end+1407373455843870   :  :                        @_end+140737345583921    : test	rcx, rcx             
 302500: system.cpu1 T0 :  302500: s37345583921.0  :   TEST_R_R : and   t0, rcx, rcx : IntAlu :  D=0x0000000000000000
 302500: system.cpu1 T0 : @_end+140737345583921.0  :   TEST_R_R : and   t0, rcx, rcx : IntAlu :  D=0x0000000000000000
 350000: system.cpu0 T 303000  system.cpu1Read :   : 0 : @_end+140737345583924. 0@  JZ_I : rdip   t1, .ctrl153, 583924    : jz	0xe001  : IntAlu :  D=0x00007ffff7dd8b76
 304000: system.cpu1 T0 :  351000: system.cpu0 T0 : @_end+140737345583924.2  :   JZ_I : wrip   , t1, t2   : IntAlu : 
 351000: system.cpu0 T0 :  305000: system.cpu1 T0 : @_end+140737345584391.0  : @                         _end+140737345583940    : cmp	DS:[rip + 0x224f74], 0
 305000: system.cpu1 T0 :  305000: system.cpu1 T0 : @_end+140737345584391.0  : @                         _end+140737345583940    : cmp	DS:[rip + 0x224f74], 0
 305500: system.cpu1 T0 : @_end+140737345583940.1  :   CMP_P_I : rdip   t7, %ctrl153,  : IntAlu :  D=0x00007ffff7dd8b8c
 305500: system.cpu1 T0 : @_end+140737345583940.1  :   CMP_P_I : rdip   t7, %ctrl153,  : IntAlu :  D=0x00007ffff7dd8b8c
 35200030syst:  Tstem.cpu1 T0 : 0 : @_end+140737345583940. 2@:  _enMemR D=00x000  CMP_R_R : sub   t0, rax, r13 : IntAlu A=0x7ffff7ffdb00
 35200030syst:  Tstem.cpu1 T0 : 0 : @_end+140737345583940. 2@:  _enMemR D=00x000  CMP_R_R : sub   t0, rax, r13 : IntAlu A=0x7ffff7ffdb00
 353000: system.cpu0 T0 : @_end+140737345584398    :  307500: system.cpu1                T0 : mov	DS:[rdx], rcx
 353000: system.cpu0 T0 : @_end+140737345584398    :  307500: system.cpu1                T0 : mov	DS:[rdx], rcx
 307500: system.cpu1                T0 :   MOV_M_R : st   rcx, DS:[rdx] : MemWrite@_end+140737345583948dx D=0  :   JNZ_I : rdip   t1, %ctrl153, 7ffIntAlu :  A=0x7ffff7ffcdb8
 307500: system.cpu1                T0 :   MOV_M_R : st   rcx, DS:[rdx] : MemWrite@_end+140737345583948dx D=0  :   JNZ_I : rdip   t1, %ctrl153, 7ffIntAlu :  A=0x7ffff7ffcdb8
 308000: system.cpu1 T0 :  35350@_end+140737345583948:  1 :  T  JNZ_I : limm   t2, 0x349 : IntAlu :  D=0x0000000000000349
 308500: system.cpu1 T0 : @_end+140737345583948.2  :   JNZ_I : wrip   , t1, t2  : IntAlu : 
 309500: system.cpu1 T0 : @_end+140737345583954    : cmp	DS:[rip + 0x224ef6], 0
 309500: system.cpu1                T0 :   JB_I : limm   t2, 0xffffffffffffffdd : IntAlu :  D=0xffffffffffffffdd
 309500: system.cpu1                T0 :   JB_I : limm   t2, 0xffffffffffffffdd : IntAlu :  D=0xffffffffffffffdd
 354500: system.cpu0 T0 : @_end+140737345584401.2  :  310000: system.cpu1                T0 :   JB_I : wrip   , t1, t2 : IntAlu : 
 354500: system.cpu0 T0 : @_end+140737345584401.2  :  310000: system.cpu1                T0 :   JB_I : wrip   , t1, t2 : IntAlu : 
 355000: system.cpu0 T0 : @_end+140737345584368.0  310500 :   MOV_R_R : mov   rdx, rdx, r14system.cpu1IntAluT : 0 :  D=0x00007ffff7dd7000
 355000: system.cpu0 T0 : @_end+140737345584368.0  310500 :   MOV_R_R : mov   rdx, rdx, r14system.cpu1IntAluT : 0 :  D=0x00007ffff7dd7000
 311000: system.cpu1 T0 : @_end+140737345583954.3  :   CMP_P_I : sub   t0, t1, t2 : IntAlu :  D=0x0000000000000000
 311000: system.cpu1 T0 : @_end+140737345583954.3  :   CMP_P_I : sub   t0, t1, t2 : IntAlu :  D=0x0000000000000000
 311500: system.cpu1 T0 : @_end+140737345583962    : jnz	0x3d6                 
 311500: system.cpu1 T0 : @_end+140737345583962    : jnz	0x3d6                 
 311500: system.cpu1 T0 : @_end+140737345583962.0  :   JNZ_I : rdip   t1, %ctrl153,  : IntAlu :  D=0x00007ffff7dd8ba0
: system.cpu1 T0 : @_end+140737345583962.1  :   JNZ_I : limm   t2, 0x3d6 : IntAlu :  D=0x00000000000003d6
@_end+140737345584374313000: system.cpu1 T0 : lu  D=0x0000000000000000
@_end+140737345584374313000: system.cpu1 T0 : lu  D=0x0000000000000000
 315000: system.cpu1 T0 : @_end+140737345583971.2  :   JNZ_I : wrip   , t1, t2  : IntAlu : 
 315500: system.cpu1 T0 : @_end+140737345584240.0  :   TEST_R_R : and   t0, rax, rax : IntAlu :  D=0x0000000000000000
 317500: system.cpu1 T0 : @_end+140737345584243.2  :   JZ_I : wrip   , t1, t2   : IntAlu : 
 318000: system.cpu1 T0 :  362500: system.cpu0 T0 : d+140737345584249    : mov	rcx, DS:[rax + 0x8]   
 318000: system.cpu1 T0 :  362500: system.cpu0 T0 : d+140737345584249    : mov	rcx, DS:[rax + 0x8]   
 318000: system.cpu1 T0 : @_end+140737345584249.0  :   MOV_R_M : ld   rcx, DS:[rax + 0x8] : MemRead :  D=0x00007ffff7dd78d8 A=0x7ffff7ffcf38
 319000: system.cpu1pu0 T0 : @_end+140737345584253    : mov	rax, DS:[rip + 0x224d94]
 320000: system.cpu1 T0 :  364500: system.cpu0 T0 : @_end+140737345584260    : mov	rdi, DS:[rax + 0x8]   
 320000: system.cpu1 T0 :  364500: system.cpu0 T0 : @_end+140737345584260    : mov	rdi, DS:[rax + 0x8]   
 320500: system.cpu1 T0 :  365000: system.cpu0 T0 : d+140737345584264    : mov	rax, DS:[rip + 0x224e89]
 320500: system.cpu1 T0 :  365000: system.cpu0 T0 : d+140737345584264    : mov	rax, DS:[rip + 0x224e89]
 366000: system.cpu0 T0 :  322000: system.cpu1 T0 : d+140737345584368.0  :   MOV_R_R : mov   rdx, rdx, r14 : IntAlu :  D=0x00007ffff7dd7000
 366000: system.cpu0 T0 :  322000: system.cpu1 T0 : d+140737345584368.0  :   MOV_R_R : mov   rdx, rdx, r14 : IntAlu :  D=0x00007ffff7dd7000
 322000: system.cpu1 T0 :  366500: @_end+140737T45584271.0 :    TEST_R_R : and   t0, rax, : IntAlu :  D=0x0000000000000000
 322000: system.cpu1 T0 :  366500: @_end+140737T45584271.0 :    TEST_R_R : and   t0, rax, : IntAlu :  D=0x0000000000000000
 366500: system.cpu0 T0 :  322500: system.cpu1 T0 : @_end+140737345584371.0  :   ADD_R_M : ld   t1, DS:[rax] : MemRead :  D=0x0000000000225dc8 A=0x7ffff7dd7908
 366500: system.cpu0 T0 :  322500: system.cpu1 T0 : @_end+140737345584371.0  :   ADD_R_M : ld   t1, DS:[rax] : MemRead :  D=0x0000000000225dc8 A=0x7ffff7dd7908
system.cpu0 T0 :  322500: system.cpu1 T0 : @_end+140737345584371.@   ADD_R_M : add   rdx, rdx, t1 : IntAlu0  :   LEA_R_M : lea   rsi, DS:[rdi + rcx] : In                    D=00            0x1system.cpu0 T0 :  322500: system.cpu1 T0 : @_end+140737345584371.@   ADD_R_M : add   rdx, rdx, t1 : IntAlu0  :   LEA_R_M : lea   rsi, DS:[rdi + rcx] : In                    D=00            0x1407373518750640
 368000: system.cpu0 T0 :       @_end+140737345584374    : : p	DS:[rax + 0x8], 0x8   s 368000: system.cpu0 T0 :       @_end+140737345584374    : : p	DS:[rax + 0x8], 0x8   system.cpu1 T0 : @_end+140737345584278    : jz	0x1d5                  
 323500: system.cpu1 T0 : @_end+140737345584278.0  :   JZ_I : rdip   t1, %ctrl153,  : IntAlu :  D=0x00007ffff7dd8cdc
 324000: system.cpu1 T0 :  368500: system.cpu0 T0 : @_end+140737345584278.1  :   JZ_I : limm   t2, 0x1d5  : IntAlu :  D=0x00000000000001d5
 324000: system.cpu1 T0 :  368500: system.cpu0 T0 : @_end+140737345584278.1  :   JZ_I : limm   t2, 0x1d5  : IntAlu :  D=0x00000000000001d5
 324500: system.cpu1 T0 : @_end+140737345584278.2  :   JZ_I : wrip   , t1, t2   : IntAlu : 
 325000: system.cpu1 T0 : @_end+140737345584378    : jnz	0x17c                 
 325000: system.cpu1 T0 : @_end+140737345584378    : jnz	0x17c                 
 325500: system.cpu1 T0 : @_end+140737345584288    : lea	rax, DS:[2*rax + rax] 
 325500: system.cpu1 T0 : @_end+140737345584288    : lea	rax, DS:[2*rax + rax] 
 326500: system.cpu1 T0 : @_end+140737345584296    : mov	rax, rcx              
 326500: system.cpu1 @0 :     : add	rcx, DS:[rax + 0x10]  
 326500: system.cpu1 @0 :     : add	rcx, DS:[rax + 0x10]  
 327000: system.cpu1 T0 : @_end+140737345584299    : test	rdx, rdx             
 327000: system.cpu1 T0 : @_end+140737345584299.0  :   TEST_R_R : and   t0, rdx, rdx : IntAlu :  D=0x0000000000000000
 327500: system.cpu1 T0 : @_end+140737345584302    : jz	0x2d                   
 327500: system.cpu1 T0 :  373000: system.cpu0 T0 : @_end+140737345584302.0  :   JZ_I : rdip   t1, %ctrl153,  : IntAlu :  D=0x00007ffff7dd8cf0
 327500: system.cpu1 T0 :  373000: system.cpu0 T0 : @_end+140737345584302.0  :   JZ_I : rdip   t1, %ctrl153,  : IntAlu :  D=0x00007ffff7dd8cf0
 329000: system.cpu1 T0 : @_end+140737345584304    : mov	rdx, DS:[rip + 0x224d31]
 330500: system.cpu1 T0 : @_end+140737345584311    : mov	r8, DS:[rip + 0x224dd2]
 332000: system.cpu1 T0 :  3760 :_end+140737345584318system.cpu0 :  T 332000: system.cpu1 T0 :  3760 :_end+140737345584318system.cpu0 :  Tv0 : @_end+140737345584401.1  :   JB_I : limm   t2, 0xffffffffffffffdd : IntAlu :  D=0xffffffffffffffdd
 332000: system.cpu1 T0 : @_end+140737345584318.0  :   MOV_R_M : ld   rdx, DS:[rdx + 0x8] : MemRead :  D=0x0000000000000060 A=0x7ffff7ffcf08
 332500: system.cpu1 T0 : @_end+140737345584368    : mov	rdx, r14              
 377000: system.cpu1 T0 : @_end+140737345584368    : mov	rdx, r14              
 333500: system.cpu1 T0 :  377500: system.cpu0 T0 : @_end+140737345584325    : add	r9, DS:[r8 + 0x8]     
 333500: system.cpu1 T0 :  377500: system.cpu0 T0 : @_end+140737345584325    : add	r9, DS:[r8 + 0x8]     
 333500: system.cpu1 T0 : @_end+140737345584325.0  :   ADD_R_M : ld   t1, DS:[r8 + 0x8] : MemRead :  D=0x00007ffff7dd79f8 A=0x7ffff7ffcf28
 333500: system.cpu1 T0 : @_end+140737345584325.0  :   ADD_R_M : ld   t1, DS:[r8 + 0x8] : MemRead :  D=0x00007ffff7dd79f8 A=0x7ffff7ffcf28
 334500: system.cpu1 T0 : @_end+140737345584329    : mov	r8, rdi               
 334500: system.cpu1 T@ : _end+140737345584374    : cmp	DS:[rax + 0x8], 0x8   
 334500: system.cpu1 T@ : _end+140737345584374    : cmp	DS:[rax + 0x8], 0x8   
 335000: system.cpu1 T0 : @_end+140737345584332    : sub	r8, rdx               
 335000: system.cpu1 T0 : @_end+140737345584332    : sub	r8, rdx               
 335000: system.cpu1 T0 : @_end+140737345584332    : sub	r8, rdx               
 335000: system.cpu1 T0 : @_end+140737345584332.0  :   SUB_R_R : sub   r8, r8, rdx : IntAlu :  D=0x0000000000000000
 336000: system.cpu1 T0 : @_end+140737345584335380500:  : cmp	r9, rTi  D=0x000          0    
 336000: system.cpu1 T0 : @_end+140737345584335380500:  : cmp	r9, rTi  D=0x000          0    
 336500: system.cpu1 T0 :  381000: system.cpu0 T0 : d+140737345584338    : lea	rsi, DS:[rcx + rdx]   
 336500: system.cpu1 T0 :  381000: system.cpu0 T0 : d+140737345584338    : lea	rsi, DS:[rcx + rdx]   
 337500: system.cpu1 T0 : @_end+140737345584342    : cmovz	rdi, r8             
 337500: system.cpu1 T0 : @_end+140737345584342    : cmovz	rdi, r8             
 338500: system.cpu1 T0 :  382500: system.cpu0 T0 : @_end+140737345584346    : add	rsi, rdi              
 338500: system.cpu1 T0 :  382500: system.cpu0 T0 : @_end+140737345584346    : add	rsi, rdi              
 338500: system.cpu1 T0 : @_end+140737345584346.0  :   ADD_R_R : add   rsi, rsi, rdi : IntAlu :  D=0x0000000000000000
 339500: system.cpu1 T0 : @_end+140737345584349    : mov	rdx, DS:[rip + 0x224d24]
 339500: system.cpu1 @0 :     : add	rax, 0x18             
 339500: system.cpu1 @0 :     : add	rax, 0x18             
 340000: system.cpu1 T0 :  384500: system.cpu0 T0 : @_end+140737345584349.1  :   MOV_R_P : ld   rdx, DS:[t7 + 0x224d24] : MemRead :  D=0x00007ffff7ffcec0 A=0x7ffff7ffda48
 340000: system.cpu1 T0 :  384500: system.cpu0 T0 : @_end+140737345584349.1  :   MOV_R_P : ld   rdx, DS:[t7 + 0x224d24] : MemRead :  D=0x00007ffff7ffcec0 A=0x7ffff7ffda48
 340500: system.cpu1 T0 : @_end+140737345584356    : cmp	rax, r13              
 342000: system.cpu1 T0 : @_end+140737345584363    : jnb	0x26                    342000: system.cpu0 T0 : @_end+140737345584401    : jb	0xffffffffffffffdd     
 342000: system.cpu1 T0 : @_end+140737345584363    : jnb	0x26                   386500: system.cpu0                T0 : @_end+140737345584401.0  :   JB_I : rdip   t1, %ctrl153,  : IntAlu :  D=0x00007ffff7dd8d53
 342000: system.cpu1 T0 : @_end+140737345584363.0  :   JNB_I : rdip   t1, %ctrl153,  : IntAlu :  D=0x00007ffff7dd8d2d
 343000: system.cpu1 T0 : @_end+140737345584363.2  :   JNB_I : wrip   , t1, t2  : IntAlu : 
 343500: system.cpu1m.cpu0 T0 : @_end+140737345584365    : hint	                     
 344000: system.cpu1 T0 : @_end+140737345584368    : mov	rdx, r14              
 344000: system.cpu1 T0 : @_end+140737345584371    : 0 : rdx, DS:[rax]         
 388500: system.cpu1 T0 : @_end+140737345584371    : 0 : rdx, DS:[rax]         
 344500: system.cpu1 T0 : @_end+140737345584371.0      39  ADD_R_M : ld   t1, DS:[rax] : MemReadsystem.cpu0  00000000000000 A=0x7ffff7dd78d8
 344500: system.cpu1 T0 : @_end+140737345584371.0      39  ADD_R_M : ld   t1, DS:[rax] : MemReadsystem.cpu0  00000000000000 A=0x7ffff7dd78d8
 345000: system.cpu1 T090000: system.cpu0 T0 : @_end+140737345584371. @ :   ADD_R_M : add   rdx, rdx, t1 :  0 :   CMP_M_I : limm   t2d, 0x8 :  D=0x 40 D=0x00000000000000
 345000: system.cpu1 T090000: system.cpu0 T0 : @_end+140737345584371. @ :   ADD_R_M : add   rdx, rdx, t1 :  0 :   CMP_M_I : limm   t2d, 0x8 :  D=0x 40 D=0x00000000000000
 390500: system.cpu0 T0 :  346000: system.cpu1 T0 : @_end+140737345584374.1  :   CMP_M_I : ld   t1d, DS:[rax + 0x8] : MemRead :  D=0x0000000000000008 A=0x7ffff7dd7940
 390500: system.cpu0 T0 :  346000: system.cpu1 T0 : @_end+140737345584374.1  :   CMP_M_I : ld   t1d, DS:[rax + 0x8] : MemRead :  D=0x0000000000000008 A=0x7ffff7dd7940
 391000: system.cpu0 T0 :  346000: system.cpu1 T0 : @_end+140737345584374. 2 :   CMP_M_I : sub   t0d, t1d, t2d : @ntAlu :  D=d+140737345584374.0x 00000000000000000  391000: system.cpu0 T0 :  346000: system.cpu1 T0 : @_end+140737345584374. 2 :   CMP_M_I : sub   t0d, t1d, t2d : @ntAlu :  D=d+140737345584374.0x 00000000000000000  CMP_M_I : limm   t2d, 0x8 : IntAlu :  D=0x0000000000000008
 347500: system.cpu1 T0 :  392500@_end+140737345584378    : .cpu0 T0 : jnz	0x17c
 347500: system.cpu1 T0 :  392500@_end+140737345584378    : .cpu0 T0 : jnz	0x17c
system.cpu1 T0 : @_end+140737345584378.2  :   JNZ_I : wrip   , t1, t2  : IntAlu : 
 349500: system.cpu1 T0 : @_end+140737345584387    : add	rcx, DS:[rax + 0x10]  
 34   :_end+140737345584391   system.cpu1 Ta  34   :_end+140737345584391   system.cpu1 Ta : @_end+140737345584387.0  :   ADD_R_M : ld   t1, DS:[rax + 0x10] : MemRead :  D=0x0000000000011790 A=0x7ffff7dd78e8
 350000: system.cpu1 T0 : @_end+140737345584387.1  :   ADD_R_M : add   rcx, rcx, t1 : IntAlu :  D=0x0000000000000000
 351000: system.cpu1 T0 : @_end+140737345584391    : add	rax, 0x18             
 351000: system.cpu1 T0 : @_end+140737345584391.0  :   ADD_R_I : limm   t1, 0x18 : IntAlu :  D=0x0000000000000018
 352000: system.cpu1 T0 : @_end+140737345584395    : cmp	rax, r13              
 352000: system.cpu1 T0 : @_end+140737345584395    : cmp	rax, r13              
 352000: system.cpu1 T0 : @_end+140737345584395.0  :   CMP_R_R : sub   t0, rax, r13 : IntAlu :  D=0x0000000000000001
 39 353000: system.cpu1 T0 : @_end+140737345584401.2  :   JB_I : wrip   , t1, t2   : IntAlu : 
 39 353000: system.cpu1 T0 : @_end+140737345584401.2  :   JB_I : wrip   , t1, t2   : IntAlu : 
 399500: system.cpu0 T0 :  354000@ system.cpu1 T   0 : dd	rdx, DS:[ra         
 399500: system.cpu0 T0 :  354000@ system.cpu1 T   0 : dd	rdx, DS:[ra         
 355000: system.cpu1 T0 : 401000: system.cpu0 T0 : @_end+140737345584368. 0 :   MOV_R_R : mov   rdx, rdx, r14@I                 0x     _end+140737345584374   7ffcmp	DS:[rax + 0x8], 0x8000
 355000: system.cpu1 T0 : 401000: system.cpu0 T0 : @_end+140737345584368. 0 :   MOV_R_R : mov   rdx, rdx, r14@I                 0x     _end+140737345584374   7ffcmp	DS:[rax + 0x8], 0x8000
 355500: system.cpu1 T0 : @_end+140737345584371    : add	rdx, DS:[rax]         
 355500: system.cpu1 T0 : @_end+140737345584371.0  :   ADD_R_M : ld   t1, DS:[rax] : MemRead :  D=0x0000000000225dc0 A=0x7ffff7dd78f0
 401500: system.cpu0 T0 :       :_end+140737345584374system.cpu1 T0 :  :  : MemRead :  D=0x0000000000000008 A=0x7ffff7dd7958
 401500: system.cpu0 T0 :       :_end+140737345584374system.cpu1 T0 :  :  : MemRead :  D=0x0000000000000008 A=0x7ffff7dd7958
 402500: system.cpu0 T0 :  357000: system.cpu1 T0 : @_end+140737345584378    : jnz	0x17c                 
 402500: system.cpu0 T0 :  357000: system.cpu1 T0 : @_end+140737345584378    : jnz	0x17c                 
 357500: system.cpu1 T0 : @_end+140737345584374.1  :   CMP_M_I : ld   t1d, DS:[rax + 0x8] : MemRead :  403000: 00000000000 T07ffff7dd78f8
 357500: system.cpu1 T0 : @_end+140737345584374.1  :   CMP_M_I : ld   t1d, DS:[rax + 0x8] : MemRead :  403000: 00000000000 T07ffff7dd78f8
 358000: system.cpu1 T0 : @_end+140737345584374.2  :   CMP_M_I : sub   t0d, t1d, t2d : IntAlu :  403500: 00000000000 T00003000: 0000
 358000: system.cpu1 T0 : @_end+140737345584374.2  :   CMP_M_I : sub   t0d, t1d, t2d : IntAlu :  403500: 00000000000 T00003000: 0000
 358500: system.cpu1 T0 : @_end+140737345584378    : jnz	0x17c                 
      @: _end+140737345584384   tem.cpu1 T : mov	rcx, r14              
      @: _end+140737345584384   tem.cpu1 T : mov	rcx, r14              
 359500: system.cpu1 T0 : @_end+140737345584378.2  :   JNZ_I : wrip   , t1, t2  : IntAlu : 
 360500: system.cpu1 T0 : @_end+140737345584391.1  :   ADD_R_I : add   rax, rax, t1 : IntAlu :  D=0x0000000000000000
 360500: system.cpu1 T0 : @_end+140737345584391.1  :   ADD_R_I : add   rax, rax, t1 : IntAlu :  D=0x0000000000000000
 361000: system.cpu1 T0 : @_end+140737345584387.1  :   ADD_R_M : add   rcx, rcx, t1 : IntAlu :  D=0x0000000000000000
 362000: system.cpu1 T0 : @_end+140737345584391    : add	rax, 0x18             
 363000: system.cpu1 T0 : @_end+140737345584395.0  :   CMP_R_R : sub   t0, rax, r13 : IntAlu :  D=0x0000000000000001
 364000: system.cpu1 T0 :       s_end+140737    T0 : D       
 364000: system.cpu1 T0 :       s_end+140737    T0 : D       
system.cpu1 T0 :  410000: system.cpu0 T0 : @_end+140737345584368.0     :   MOV_R_R : mov   rdx     
system.cpu1 T0 :  410000: system.cpu0 T0 : @_end+140737345584368.0     :   MOV_R_R : mov   rdx     
 364500: system.cpu1 T0 : @_end+140737345584401.0  :   JB_I : rdip   t1, %ctrl153,  : IntAlu :  D=0x00007ffff7dd8d53
 364500: system.cpu1 T0 : @_end+140737345584401.0  :   JB_I : rdip   t1, %ctrl153,  : IntAlu :  D=0x00007ffff7dd8d53
system.cpu1 T0 :  410500: system.cpu0 T0 : @_end+140737345584371@p_end+140737345584401  ADD_R_M : ld   t1, DS:[rax]1  MemRead :  D=  JB_I : limm   t2, 0xffffffffffffffdd : IntAlu : 0225de8 A=0x7ffff7dd7968
system.cpu1 T0 :  410500: system.cpu0 T0 : @_end+140737345584371@p_end+140737345584401  ADD_R_M : ld   t1, DS:[rax]1  MemRead :  D=  JB_I : limm   t2, 0xffffffffffffffdd : IntAlu : 0225de8 A=0x7ffff7dd7968
 365500: system.cpu1 T0 : @_end+140737345584401.2  :   JB_I : wrip   , t1, t2   : IntAlu : 
 366000: system.cpu1            
ystem.cpu1 T0 : @_end+140737345584371.0  :   ADD_R_M : ld   t1, DS:[rax] : MemRead :  D=0x0000000000225dc8 A=0x7ffff7dd7908
 367000: system.cpu1 T0 : @_end+140737345584371.1  :   ADD_R_M : add   rdx, rdx, t1 : IntAlu :  D=0x0000000000000000
 368000: system.cpu1 T0 :  414000: system.cpu0 T0 : @_end+140737345584374    : cmp	DS:[rax + 0x8], 0x8   
 368000: system.cpu1 T0 :  414000: system.cpu0 T0 : @_end+140737345584374    : cmp	DS:[rax + 0x8], 0x8   
 368500: system.cpu1 T0 : @_end+140737345584374.1  :   CMP_M_I : ld   t1d, DS:[rax + 0x8] : MemRead :  D=0x0000000000000008 A=0x7ffff7dd7910
 369000: system.cpu1 T0 : @_end+140737345584374.2  :   CMP_M_I : sub   t0d, t1d, t2d : IntAlu :  D=0x0000000000000000
 369500: system.cpu1 T0 : @_end+140737345584378    : jnz	0x17c                 
 369500: system.cpu1 T0 : @_end+140737345584378    : jnz	0x17c                 
 371000: system.cpu1            
system.cpu1 T0 : @_end+140737345584387.0  :   ADD_R_M : ld   t1, DS:[rax + 0x10] : MemRead :  D=0x00000000000102d0 A=0x7ffff7dd7918
 373000: system.cpu1 T0 :  419500: system.cpu0 T0 : @_end+140737345584391.0  :   ADD_R_I : limm   t1, 0x18 : IntAlu :  D=0x0000000000000018
 373000: system.cpu1 T0 :  419500: system.cpu0 T0 : @_end+140737345584391.0  :   ADD_R_I : limm   t1, 0x18 : IntAlu :  D=0x0000000000000018
 374000: system.cpu1 T0 : @_end+140737345584395    : cmp	rax, r13              
 374000: system.cpu1 T0 : @_end+140737345584395    : cmp	rax, r13              
 375000: system.cpu1 T0 : @_end+140737345584398    : mov	DS:[rdx], rcx         
 375000: system.cpu1 T0 : @_end+140737345584398    : mov	DS:[rdx], rcx         
 375500: system.cpu1 T0 : @_end+140737345584401    : jb	0xffffffffffffffdd     
 375500: system.cpu1 T0_end+140737345584371    : add	rdx, DS:[rax]         
 375500: system.cpu1 T0_end+140737345584371    : add	rdx, DS:[rax]         
 377000: system.cpu1 T0 : @_end+140737345584368    : mov	rdx, r14              
 377000: system.cpu1 T0 : @_end+140737345584368.0  :   MOV_R_R : mov   rdx, rdx, r14 : IntAlu :  D=0x00007ffff7dd7000
 378000: system.cpu1 T0 : @_end+140737345584371.1  :   ADD_R_M : add   rdx, rdx, t1 : IntAlu :  D=0x0000000000000000
 379000: system.cpu1 T0 :       0: system.cpu0 T0 : +140737345584374    : cmp	DS:[rax + 0x8], 0x8   
 379000: system.cpu1 T0 :       0: system.cpu0 T0 : +140737345584374    : cmp	DS:[rax + 0x8], 0x8   
 380500: system.cpu1 T0 : @_end+140737345584378    : jnz	0x17c                 
 380500: system.cpu1 T0 : @_end+140737345584387    : add	rcx, DS:[rax + 0x10]  
 380500: system.cpu1 T0 : @_end+140737345584387    : add	rcx, DS:[rax + 0x10]  
 381000: system.cpu1 T0 : @_end+140737345584378.1  :   JNZ_I : limm   t2, 0x17c : IntAlu :  D=0x000000000000017c
 381500: system.cpu1 T0 : @_end+140737345584378.2  :   JNZ_I : wrip   , t1, t2  : IntAlu : 
 382000: system.cpu1 T0 : @_end+140737345584384    : mov	rcx, r14              
382000: 00000system.cpu1 T0 : @_end+140737345584384.00 :   MOV_R_R : mov   rcx, rcx, r14 : IntAlu :  D=0x00007ffff7dd7000
 382500: system.cpu1 T0 : @_end+140737345584395    : cmp	rax, r1300000000000000
 382500: system.cpu1 T0 : @_end+140737345584395    : cmp	rax, r1300000000000000
 430000: system.cpu0 T0 : 384000: system.cpu1 T0 : @_end+140737345584398.00 :   MOV_M_R : st   rcx, DS:[rdx]@000 0000 0000000000fff7dee170 0=0x70fff7ffcdf0
 430000: system.cpu0 T0 : 384000: system.cpu1 T0 : @_end+140737345584398.00 :   MOV_M_R : st   rcx, DS:[rdx]@000 0000 0000000000fff7dee170 0=0x70fff7ffcdf0
 384000: system.cpu1 T0 :  430500: system.cpu0 T0 : @_end+140737345584391.00 :   ADD_R_I : limm   t1, 0x18 : IntAlu :  D=0x0_end+140737345584401
 384000: system.cpu1 T0 :  430500: system.cpu0 T0 : @_end+140737345584391.00 :   ADD_R_I : limm   t1, 0x18 : IntAlu :  D=0x0_end+140737345584401
 385000: system.cpu1 T0 : @_end+140737345584395    : cmp	rax, r1300000000000000
 385000: system.cpu1 T0 : @_end+140737345584395    : cmp	rax, r1300000000000000
 385000: system.cpu1 T0 : @_end+140737345584395.00 :   CMP_R_R : sub   t0, rax, r13 : IntAlu :  D=0x0000000000000001
 386000: system.cpu1 T0 :  432000: system.cpu0 T0 : @_end+140737345584398    : mov	DS:[rdx], rcx000000000
 386000: system.cpu1 T0 :  432000: system.cpu0 T0 : @_end+140737345584398    : mov	DS:[rdx], rcx000000000
 386500: system.cpu1 T0 : @_end+140737345584401    : jb	0xffffffffffffffdd00000
@_end+140737345584371386 : add	rdx, DS:[rax]         :@_end+140737345584371386 : add	rdx, DS:[rax]         :system.cpu1 T0 : @_end+140737345584401.00 :   JB_I : rdip   t1, %ctrl153,  : IntAlu :  D=0x00007ffff7dd8d53
 388000: system.cpu1 T0 : @_end+140737345584368    : mov	rdx, r1400000000000000
 388000: system.cpu1 T0 : @_end+140737345584374.00 :   CMP_M_I : limm   t2d, 0x8 : IntAlu :  D=0x0000000000000008
 388000: system.cpu1 T0 : @_end+140737345584368.00 :   MOV_R_R : mov   rdx, rdx, r14 : IntAlu :  D=0x00007ffff7dd7000
      @_esystem.cpu15584374.dd	rdx, DS: 20 : 000  CMP_M_I : sub   t0d, t1d, t2d : IntAlu :  D=0x0000000000000000
      @_esystem.cpu15584374.dd	rdx, DS: 20 : 000  CMP_M_I : sub   t0d, t1d, t2d : IntAlu :  D=0x0000000000000000
 435500: system.cpu0 T0 : @_end+140737345584378    : jnz	0x17c   389000        : 435500: system.cpu0 T0 : @_end+140737345584378    : jnz	0x17c   389000        :system.cpu1 T0 : @_end+140737345584371.10 :   ADD_R_M : add   rdx, rdx, t1 : IntAlu :  D=0x0000000000000000
 390000: system.cpu1 T0 :  436000: system.cpu0 T0 : d+140737345584374    : cmp	DS:[rax + 0x8], 0x8000
 390000: system.cpu1 T0 :  436000: system.cpu0 T0 : d+140737345584374    : cmp	DS:[rax +  :  D=0x0000000000000008
 390000: system.cpu1 T0 : @_end+140737345584374.00 :   CMP_M_I : limm   t2d, 0x8 : IntAlu :  D=0x0000000000000008
 390500: system.cpu1 T0 : @_end+140737345584374.10 :   CMP_M_I : ld   t1d, DS:[rax + 0x8] : MemRead :  D=0x0000000000000008 A=0x7ffff7dd7940
 391000: system.cpu1 T0 : @_end+140737345584374.20 :   CMP_M_I : sub   t0d, t1d, t2d : IntAlu :  D=0x0000000000000000
 391500: system.cpu1 T0 : @_end+140737345584378    : jnz	0x17c00000000000000000
 393000: system.cpu1 T0 : @_end+140737345584384    : mov	rcx, r1400000000000000
 393000: system.cpu1 T0 : @_end+140737345584391.00 :   ADD_R_I : limm   t1, 0x18 : IntAlu :  D=0x0000000000000018
 393000: system.cpu1 T0 : @_end+140737345584384.00 :   MOV_R_R : mov   rcx, rcx, r14 : IntAlu :  D=0x00007ffff7dd7000
 393500: system.cpu1 T0 : @_end+140737345584387.00 :   ADD_R_M : ld   t1, DS:[rax + 0x10] : MemRead :  D=0x000000000000a9d0 A=0x7ffff7dd7948
 394000: system.cpu1 T0 :  440000: system.cpu0 T0 : @_end+140737345584387.10 :   ADD_R_M : add   rcx, rcx, t1 : IntAlu :  D=0x0000000000000000
 394000: system.cpu1 T0 :  440000: system.cpu0 T0 : @_end+140737345584387.10 :   ADD_R_M : add   rcx, rcx, t1 : IntAlu :  D=0x0000000000000000
 440000: system.cpu0 T0 : @_end+140737345584395. 05000:  : tem.cpu1 T0  CMP_R_R : sub   t0, rax, r13, r : IntAlu :  D=0x0000000000000001
 440000: system.cpu0 T0 : @_end+140737345584395. 05000:  : tem.cpu1 T0  CMP_R_R : sub   t0, rax, r13, r : IntAlu :  D=0x0000000000000001
 395000: system.cpu1 T0 : @_end+140737345584391.00 :   ADD_R_I : limm   t1, 0x18 : IntAlu :  D=0x0000000000000018
 395500: system.cpu1 T0 : @_end+140737345584391.10 :   ADD_R_I : add   rax, rax, t1 : IntAlu :  D=0x0000000000000000
 396000: system.cpu1 T0 : @_end+140737345584395.00 :   CMP_R_R : sub   t0, rax, r13 : IntAlu :  D=0x0000000000000001
 397000: system.cpu1 T0 :  442000: system.cpu0 T0 : @_end+140737345584398    : mov	DS:[rdx], rcx000000000
 397000: system.cpu1 T0 : @_end+140737345584398.00 :   MOV_M_R : st   rcx, DS:[rdx] : MemWrite :  D=0x00007ffff7de19d0 A=0x7ffff7ffcdd8
 397000: system.cpu1 T0 : @_end+140737345584398.00 :   MOV_M_R : st   rcx, DS:[rdx] : MemWrite :  D=0x00007ffff7de19d0 A=0x7ffff7ffcdd8
 443000: system.cpu0 T0 : 397500: system.cpu1 T0 : @_end+140737345584368   @: t_end+1407373              
 443000: system.cpu0 T0 : 397500: system.cpu1 T0 : @_end+140737345584368   @: t_end+1407373              
 399000: system.cpu1 T0 : @_end+140737345584368    : mov	rdx, r14              
 399000: system.cpu1 T0 : @_end+140737345584368    : mov	rdx, r14              
 400000: system.cpu1 T0 : @_end+140737345584371. 1 :   ADD_R_M : add   rdx, rdx, t1 : IntAlu :  D=0x0000000000000000
@_end+1: system.cpu1 T0 : @_end+140737345584374    : cmp	DS:[rax + 0x8], 0x8   
@_end+1: system.cpu1 T0 : @_end+140737345584374    : cmp	DS:[rax + 0x8], 0x8   
@_end+1: system.cpu1 T0 : @_end+140737345584374    : cmp	DS:[rax + 0x8], 0x8   
 401000: system.cpu1                T0 : @_end+140737345584374.0  :   CMP_M_I : limm   t2d, 0x8 : IntAlu :  D=0x0000000000000008
 402000: system.cpu1 T0 : @_end+140737345584374.2  :   CMP_M_I : sub   t0d, t1d, t2d : IntAlu :  447500: 00000000000 T0 :  402000: system.cpu1 T0 : @_end+140737345584374.2  :   CMP_M_I : sub   t0d, t1d, t2d : IntAlu :  447500: 00000000000 T0 : @_end+140737345584378.2  :   JNZ_I : wrip   , t1, t2  : IntAlu : 
 402500: system.cpu1 T0 : @_end+140737345584378    : jnz	0x17c                 
 402500: system.cpu1 T0 : @_end+140737345584378.0  :   JNZ_I : rdip   t1, %ctrl153,  : IntAlu :  D=0x00007ffff7dd8d40
 448000: system.cpu0 T0 : @_end+140737345584384    : mov	rcx, r14                448000: system.cpu0 T0 : @_end+140737345584384    : mov	rcx, r14               : system.cpu1                T0 : @_0
 404000: system.cpu1 T0 : @_end+140737345584384    : mov	rcx, r14              
 404500: system.cpu1 T0 : @_end+140737345584391    : add	rax, 0x18             
 404500: system.cpu1 T0 : @_end+140737345584391    : add	rax, 0x18             
 406000: system.cpu1 T0 : @_end+140737345584391    : add	rax, 0x18             
 406000: system.cpu1 T0 : @_end+140737345584391    : add	rax, 0x18             
 407000: system.cpu1 T0 : @_end+140737345584395    : cmp	rax, r13              
 407000: system.cpu1 T0 : @_end+140737345584395    : cmp	rax, r13              
system.cpu0 T0     : : system.cpu1 T0 : @_end+140737345584401.@  :   JB_I : wrip   , t1, t2  _end+140737345584398   IntAlu.: 
system.cpu0 T0     : : system.cpu1 T0 : @_end+140737345584401.@  :   JB_I : wrip   , t1, t2  _end+140737345584398   IntAlu.: 
 408500: system.cpu1 T0 : @ 454500: system.cpu0ffffffffdd     
 408500: system.cpu1                T0 : @mp	DS:[rip + 0x224e45], 0
 408500: system.cpu1                T0 : @mp	DS:[rip + 0x224e45], 0
 409000: system.cpu1                T0 CMP_P_I : limm   t2, 0 : IntAlu :  D=0x0000000000000000
 409000: system.cpu1                T0 CMP_P_I : limm   t2, 0 : IntAlu :  D=0x0000000000000000
system.cpu0 T0 : @_end+140737345584403.1  :  409500: system.cpu1                T0 : @_end+140737345584401  CMP_P_I : rdip   t7, %ctrl153, 2  In  JB : : wrip   , t1, t2u :    :  D=Alu : 
system.cpu0 T0 : @_end+140737345584403.1  :  409500: system.cpu1                T0 : @_end+140737345584401  CMP_P_I : rdip   t7, %ctrl153, 2  In  JB : : wrip   , t1, t2u :    :  D=Alu : 
 410000: system.cpu1 T0 : @_end+140737345584368    : mov	rdx, r14              
 410000: system.cpu1 T0 : @_end+140737345584368    : mov	rdx, r14              
 410000: system.cpu1 T0 : @_end+140737345584368.0  :   MOV_R_R : mov   rdx, rdx, r14 : IntAlu :  D=0x00007ffff7dd7000
 410500: system.cpu1 T0 : @_end+140737345584371    : add	rdx, DS:[rax]         
 410500: system.cpu1 T0 : @_end+140737345584371.0  :   ADD_R_M : ld   t1, DS:[rax] : MemRead :  D=0x0000000000225de8 A=0x7ffff7dd7968
 411000: system.cpu1 T0 :  457000: system.cpu0 T0 : @_end+140737345584371.1  :   ADD_R_M : add   rdx, rdx, t1 : IntAlu :  D=0x0000000000000000
 457000: system.cpu0 T0 : 412000: system.cpu1 T0 : @_end+140737345584411. 0 : @                         _end+140737345584374    : cmp	DS:[rax + 0x8], 0x8   
 412000: system.cpu1 T0 : 412000: system.cpu1 T0 : @_end+140737345584411. 0 : @                         _end+140737345584374    : cmp	DS:[rax + 0x8], 0x8   
0 : @_end+140737345584411.2  :  413000: system.cpu1                T0 :   JZ_I : wrip   , t1, t2 : IntAlu : 
0 : @_end+140737345584411.2  :  413000: system.cpu1                T0 :   JZ_I : wrip   , t1, t2 : IntAlu : 
 458500: system.cpu0 T0 :  413500: system.cpu1 T0 : @_end+140737345584417    : @                         _end+140737345584378    : jnz	0x17c                 
 413500: system.cpu1 T0 :  413500: system.cpu1 T0 : @_end+140737345584417    : @                         _end+140737345584378    : jnz	0x17c                 
  CMP_R_R : sub   t0, rsi, r13 : IntAlu :  D=0x00000000000000004  CMP_R_R : sub   t0, rsi, r13 : IntAlu :  D=0x0000000000000000414000: system.cpu1 T0 : @_end+140737345584378.1  :   JNZ_I : limm   t2, 0x17c : IntAlu :  D=0x000000000000017c
 414500: system.cpu1 T0 : @_end+140737345584378.2  :   JNZ_I : wrip   , t1, t2  : IntAlu : 
 415000: system.cpu1 T0 : @_end+140737345584384    : mov	rcx, r14              
 415000: system.cpu1 T0 : @_end+140737345584384.0  :   MOV_R_R : mov   rcx, rcx, r14 : IntAlu :  D=0x00007ffff7dd7000
@_end+140737345584420    :  415500: system.cpu1                T0 : lea	r8, DS:[rip + 0x1ca35]
@_end+140737345584420    :  415500: system.cpu1                T0 : lea	r8, DS:[rip + 0x1ca35]
 459500: system.cpu0 T0 : @_end+140737345584420.0  :  415500: system.cpu1                T0 : @_end+140737345584387.0  :   LEA_R_P : rdip   t7, %ctrl153,  :  : IntAlu :  D=0x
 459500: system.cpu0 T0 : @_end+140737345584420.0  :  415500: system.cpu1                T0 : @_end+140737345584387.0  :   LEA_R_P : rdip   t7, %ctrl153,  :  : IntAlu :  D=0x
 460000: system.cpu0 T0 : @_end+140737345584420.1  :  416000: system.cpu1                T0 : @_end+140737345584387.1  :   ADD_R_M : add   rcx, rcx, t1 : IntAlu :  D=0x0000000000000000
 460000: system.cpu0 T0 : @_end+140737345584420.1  :  416000: system.cpu1                T0 : @_end+140737345584387.1  :   ADD_R_M : add   rcx, rcx, t1 : IntAlu :  D=0x0000000000000000
 417000: system.cpu1 T0 : @_end+140737345584391    : add	rax, 0x18             
 417000: system.cpu1 T0 : @_end+140737345584427   _end+140737345584391.0  :   ADD_R_I : limm   t1, 0x18 : IntAlu :  D=0x0000000000000018
 417000: system.cpu1 T0 : @_end+140737345584427   _end+140737345584391.0  :   ADD_R_I : limm   t1, 0x18 : IntAlu :  D=0x0000000000000018
 418000: system.cpu1 T0 : @_end+140737345584427.1  : @                         _end+140737345584395.0  :   CMP_R_R : sub   t0, rax, r13 : IntAlu :  D=0x0000000000000001
 418000: system.cpu1 T0 : @_end+140737345584427.1  : @                         _end+140737345584395.0  :   CMP_R_R : sub   t0, rax, r13 : IntAlu :  D=0x0000000000000001
 462000: system.cpu0 T0 : @_end+140737345584427.2  :  419000: system.cpu1                T0 :   JBE_I : wrip   , t1, t2 : IntAlu : 
 462000: system.cpu0 T0 : @_end+140737345584427.2  :  419000: system.cpu1                T0 :   JBE_I : wrip   , t1, t2 : IntAlu : 
 419000: system.cpu1 T0 : @_end+140737345584398.0  :   MOV_M_R : st   rcx, DS:[rdx] : MemWrite :  D=0x00007ffff7debcf0 A=0x7ffff7ffcde8
 419500: system.cpu1 T0 : @_end+140737345584401.0  :   JB_I : rdip   t1, %ctrl153,  : IntAlu :  D=0x00007ffff7dd8d53
 420000: system.cpu1 T0 : @_end+140737345584401.1  :   JB_I : limm   t2, 0xffffffffffffffdd : IntAlu :  D=463000: system.cpu0fffdd
 420500: system.cpu1        
 420500: system.cpu1        
  MOV_R_M : ld   rax, DS:[r13 + 0x8] : MemRead :  D=0x0000000a00000006 A=0x4210007fsystem.cpu1  MOV_R_M : ld   rax, DS:[r13 + 0x8] : MemRead :  D=0x0000000a00000006 A=0x4210007fsystem.cpu1 : IntAlu : T0 : @_end+140737345584368    : mov	rdx, r1400000000000000
 421000: system.cpu1 T0 : @_end+140737345584368.00 :   MOV_R_R : mov   rdx, rdx, r14 : IntAlu :  D=0x00007ffff7dd7000
 422000: system.cpu1 T0 : @_end+140737345584371.10 :   ADD_R_M : add   rdx, rdx, t1 : IntAlu464500: system.cpu0 T D= : 0x0000000000000000
0x0000000000225ff0 A=0x423000 7ffff7dd79c8:0x0000000000225ff0 A=0x423000 7ffff7dd79c8: 3system.cpu1 T0 : @_end+140737345584374. 0 :   CMP_M_I : limm   t2d, 0x8 : IntAlu :  D=0x0000000000000008
 465000: system.cpu0 T0 : @_end+140737345584447.1  :  423500: system.cpu1                T0 :   ADD_R_M : add   rcx, rcx, t1 : IntAlu :  D=0x0000000000000000
 465000: system.cpu0 T0 : @_end+140737345584447.1  :  423500: system.cpu1                T0 :   ADD_R_M : add   rcx, rcx, t1 : IntAlu :  D=0x0000000000000000
 424000: system.cpu1 T0 :  465500: @ystem.cpu0 T.2  :   CMP_M_I : sub   t0d, t1d, t2d : IntAlu :  D=0x0000000000000000
: system.cpu1 T0 : @_end+140737345584378. 0 :   JNZ_I : rdip   t1, %ctrl153,  : IntAlu :  D=0x00007ffff7dd8d40
 425000: system.cpu1 T0 :  466000: system.cpu0 T0 : @_end+140737345584378.1  :   JNZ_I : limm   t2, 0x17c : IntAlu :  D=0x000000000000017c
 425000: system.cpu1 T0 :  466000: system.cpu0 T0 : @_end+140737345584378.1  :   JNZ_I : limm   t2, 0x17c : IntAlu :  D=0x000000000000017c
 466000: system.cpu1 T0 :  466000: system.cpu0 T0 : @_end+140737345584378.1  :   JNZ_I : limm   t2, 0x17c : IntAlu :  D=0x000000000000017c
 425500: system.cpu1 T0 : @_end+140737345584378.2  :   JNZ_I : wrip   , t1, t2  : IntAlu : 
 426000: system.cpu1 T0 : @_end+140737345584384.0  :   MOV_R_R : mov   rcx, rcx, r14 : IntAlu :  D=0x00007ffff7dd7000
 426500: system.cpu1 T0 : @_end+140737345584387    : add	rcx, DS:[rax + 0x10]  
 426500: system.cpu1 T0 : @_end+140737345584460    : @                         _end+140737345584387.0  :   ADD_R_M : ld   t1, DS:[rax + 0x10] : MemRead :  D=0x0000000000017170 A=0x7ffff7dd7990t 426500: system.cpu1 T0 : @_end+140737345584460    : @                         _end+140737345584387.0  :   ADD_R_M : ld   t1, DS:[rax + 0x10] : MemRead :  D=0x0000000000017170 A=0x7ffff7dd7990test	rbx, rbxt
 428000: system.cpu1 T0 : @_end+140737345584391    : add	rax, 0x18             
 468000: system.cpu0 T028000: system.cpu1 : T0 : @_end+140737345584391. @ :   ADD_R_I : limm   t1, 0x18 : _end+140737345584463 :  :  D=                        0x0000000000000018
 428500: system.cpu1 T0 : @_end+140737345584391.1  :   ADD_R_I : add   rax, rax, t1 : IntAlu :  D=0x: system.cpu0000
 429000: system.cpu1 T0 : @_end+140737345584395    : cmp	rax, r13              
 429000: system.cpu1 T0 :  468500: system.cpu0 T0 : @_end+140737345584395.0  :   CMP_R_R : sub   t0, rax, r13 : IntAlu :  D=0x0000000000000001
 468500: system.cpu0 T0 :  430000: system.cpu1 T0 : @_end+140737345584467.0  : @                         _end+140737345584398    : mov	DS:[rdx], rcx         
 430000: system.cpu0 T0 :  430000: system.cpu1 T0 : @_end+140737345584467.0  : @                         _end+140737345584398    : mov	DS:[rdx], rcx         
 430500: system.cpu1 T0 :  469500: system.cpu0 T0 : d+140737345584401    : jb	0xffffffffffffffdd     
 430500: system.cpu1                T0jz	0x71
: system.cpu1 T0 : @_end+140737345584401.1  :   JB_I : limm   t2, 0xffffffffffffffdd : IntAlu :  D=0xffffffffffffffdd
 470000: system.cpu0 T0 : @_end+140737345584471.1  :   JZ_I : limm   t2, 0x71   43IntA:  : tem.cpu1    D=0T0000000000000071
 470000: system.cpu0 T0 : @_end+140737345584471.1  :   JZ_I : limm   t2, 0x71   43IntA:  : tem.cpu1    D=0T0000000000000071
 470500: system.cpu0 T0 : @_end+140737345584471.2  :   JZ_I : wrip   , t1, t2   : IntAlu : 4 470500: system.cpu0 T0 : @_end+140737345584471.2  :   JZ_I : wrip   , t1, t2   : IntAlu : 432000u: system.cpu1                T0 : @_end+140737345584368    : mov	rdx, r14              
 432000: system.cpu1 T0 : @_end+140737345584368.0  :   MOV_R_R : mov   rdx, rdx, r14 : IntAlu :  D=0x00007ffff7dd7000
 432000: system.cpu1 T0 : @_end+140737345584368.0  :   MOV_R_R : mov   rdx, rdx, r14 : IntAlu :  D=0x00007ffff7dd7000
 471000: system.cpu0 T0 :  432500: system.cpu1 T0 : d+140737345584473.0  : @                         _end+140737345584371    : add	rdx, DS:[rax]         
 471000: system.cpu0 T0 :  432500: system.cpu1 T0 : d+140737345584473.0  : @                         _end+140737345584371    : add	rdx, DS:[rax]         
 433000: system.cpu1 T0 : @_end+140737345584371.1  :   ADD_R_M : add   rdx, rdx, t1 : IntAlu :  D=0x0000000000000000
 434000: system.cpu1 T0 : @_end+140737345584374    : cmp	DS:[rax + 0x8], 0x8   
 434000: system.cpu1 T0 : @_end+140737345584476    : @                         _end+140737345584374.0  :   CMP_M_I : limm   t2d, 0x8 : IntAlu :  D=0xjz	0xae000000008
 434000: system.cpu1 T0 : @_end+140737345584476    : @                         _end+140737345584374.0  :   CMP_M_I : limm   t2d, 0x8 : IntAlu :  D=0xjz	0xae000000008
system.cpu1 T      0: system.cpu0 T0 : @@end+140737345584476.0  : .1  :   CMP_M_I : ld   t1d, DS:[rax + 0x8] : MemRead :  D=0x0000000000000008 A=0x7ffff7dd79a0
system.cpu1 T      0: system.cpu0 T0 : @@end+140737345584476.0  : .1  :   CMP_M_I : ld   t1d, DS:[rax + 0x8] : MemRead :  D=0x0000000000000008 A=0x7ffff7dd79a0
 435500: system.cpu1@T0end+140737345584476.2  :  : @_end+140737345584378.0  :   JNZ_I : rdip   t1, %ctrl153,  : IntAlu :  D=0x00007ffff7dd8d40  435500: system.cpu1@T0end+140737345584476.2  :  : @_end+140737345584378.0  :   JNZ_I : rdip   t1, %ctrl153,  : IntAlu :  D=0x00007ffff7dd8d40  JZ_I : wrip   , t1, t2  : IntAlu : 
 436500: system.cpu1 T0 : @_end+140737345584378.2  :   JNZ_I : wrip   , t1, t2  : IntAlu : 
 437000: system.cpu1                T0 : @_end+140737345584384    : mov	rcx, r14              
 437000: system.cpu1 T0             T0 : @_end+140737345584384    : mov	rcx, r14              
 437500: system.cpu1 T0 : @_end+140737345584387    : add	rcx, DS:[rax + 0x10]  
 437500: system.cpu1 T0 : @_end+140737345584482.1  : @                         _end+140737345584387.0  :   ADD_R_M : ld   t1, DS:[rax + 0x10] : MemRead :  D=0x0000000000013d00 A=0x7ffff7dd79a8
 437500: system.cpu1 T0 : @_end+140737345584482.1  : @                         _end+140737345584387.0  :   ADD_R_M : ld   t1, DS:[rax + 0x10] : MemRead :  D=0x0000000000013d00 A=0x7ffff7dd79a8
 475000: system.cpu0 T0 : @_end+140737345584487    :  439000: system.cpu1                T0 : @_end+140737345584391    : mov	rax, DS:[            475000: system.cpu0 T0 : @_end+140737345584487    :  439000: system.cpu1                T0 : @_end+140737345584391    : mov	rax, DS:[             
 439000: system.cpu1                T0 : @_end+140737345584391.0   MOV_R_M : ld   rax, DS:[r15 + 0x8]  ADD_R_I : limm   t1, 0x18MemIntAlu :  :  D=000000000000001800
 439000: system.cpu1                T0 : @_end+140737345584391.0   MOV_R_M : ld   rax, DS:[r15 + 0x8]  ADD_R_I : limm   t1, 0x18MemIntAlu :  :  D=000000000000001800
 476000: system.cpu0 T0 : @_end+140737345584491    :  440000: system.cpu1                T0 : a_end+140737345584395 476000: system.cpu0 T0 : @_end+140737345584491    :  440000: system.cpu1                T0 : a_end+140737345584395    : cmp	rax, r13              
 440000: system.cpu1                T0 : @ ADD_R_P : rdip   t7, %ctrl153, _enIntAlu : 45584395.  :   CMP_R_R : sub   t0, rax, r13 : IntAlu : 00007ffff7dd8db2  440000: system.cpu1                T0 : @ ADD_R_P : rdip   t7, %ctrl153, _enIntAlu : 45584395.  :   CMP_R_R : sub   t0, rax, r13 : IntAlu : 00007ffff7dd8db2 0x0000000000000001
 441000: system.cpu1 T0 : @_end+140737345584398    : mov	DS:[rdx], rcx000000000
 441000: system.cpu1 T0 : @_end+140737345584398.00 :   MOV_M_R : st   rcx, DS:[rdx] : MemWrite :  D=0x00007ffff7dead00 A=0x7ffff7ffcdf8
 477000: system.cpu0 T0 : @_end+140737345584491.20 :   ADD_R_P : add   rax, rax, t1 : IntAlu :  D=0x: system.cpu10
 477000: system.cpu0 T0 : @_end+140737345584491.20 :   ADD_R_P : add   rax, rax, t1 : IntAlu :  D=0x: system.cpu10
 441500: system.cpu1 T0 : @_end+140737345584401.00 :   JB_I : rdip   t1, %ctrl153,  : IntAlu :  D=0x00007ffff7dd8d53
@_end+140737345584498    :  442000: system.cpu1000000000000000 T0 : and	eax, 0xf@@_end+140737345584498    :  442000: system.cpu1000000000000000 T0 : and	eax, 0xf@,_end+140737345584401.10 :   JB_I : limm   t2, 0xffffffffffffffdd : IntAlu :  D=0xffffffffffffffdd
000000000442500: system.cpu1 T0 : @_end+140737345584401.20 :   JB_I : wrip   , t1, t200 : IntAlu : 
 478000: system.cpu0 T0 : @_end+140737345584498.10 :  443000: system.cpu1000000000000000 T0 :   AND_R_I : and   edx, edx, t1d : IntAlu :  D=0x0000000000000000
 478000: system.cpu0 T0 : @_end+140737345584498.10 :  443000: system.cpu1000000000000000 T0 :   AND_R_I : and   edx, edx, t1d : IntAlu :  D=0x0000000000000000
 443000: system.cpu1 T0 : @_end+140737345584368.00 :   MOV_R_R : mov   rdx, rdx, r14 : IntAlu :  D=0x00007ffff7dd7000
 443500: system.cpu1 T0 : @_end+140737345584371    : add	rdx, DS:[rax]000000000
 443500: system.cpu1000000000000000 T0 : @  CMP_R_I : limm   t.b, 0xa : 00 : IntAluR_M : ld   t1, DS:[rax] :  : Rea D= D=0      000225e00        0x7ffff7dd79b0
 443500: system.cpu1000000000000000 T0 : @  CMP_R_I : limm   t.b, 0xa : 00 : IntAluR_M : ld   t1, DS:[rax] :  : Rea D= D=0      000225e00        0x7ffff7dd79b0
 445000: system.cpu1 T0 : @_end+140737345584374    : cmp	DS:[rax + 0x8], 0x8000
 445000: system.cpu1 T0 : @_end+140737345584374.00 :   CMP_M_I : limm   t2d, 0x8 : IntAlu :  D=479500: 00000000000 0008
 446500: system.cpu1 T0 : @_end+140737345584378    : jnz	0x17c                 
 447000: system.cpu1 T0 : @_end+140737345584378.1  :   JNZ_I : limm   t2, 0x17c : IntAlu :  D=0x000000000000017c
 447500: system.cpu1 T0 : @_end+140737345584378.2  :   JNZ_I : wrip   , t1, t2  : IntAlu : 
 481500: system.cpu0 T0 : @_end+140737345584510    :  448000: system.cpu1                T0 : sub	rax, 0x6
 481500: system.cpu0 T0 : @_end+140737345584510    :  448000: system.cpu1                T0 : sub	rax, 0x6
 448000: system.cpu1                T0 :   SUB_R_I : limm   t1, 0x6 : IntAlu :  D=0x0000000000000006
 448000: system.cpu1                T0 :   SUB_R_I : limm   t1, 0x6 : IntAlu :  D=0x0000000000000006
 482000: system.cpu0 T0 : @_end+140737345584510.1  :  448500: system.cpu1                IntAlu : 0 D=0x0000000000000000
 482000: system.cpu0 T0 : @_end+140737345584510.1  :  448500: system.cpu1                IntAlu : 0 D=0x0000000000000000
 448500: system.cpu1 T0 : @_end+140737345584387.0  :   ADD_R_M : ld   t1, DS:[rax + 0x10] : MemRead : 2500:  D=tem.cpu0                       T               0x0000000000019ab0 A=0x7ffff7dd79c0
 450000: system.cpu1000000000000000 T0 :   CMP_R_I : sub   t0, rbx, t1 : IntAlu :  D=0x0000000000000001
 450000: system.cpu1000000000000000 T0 :   CMP_R_I : sub   t0, rbx, t1 : IntAlu :  D=0x0000000000000001
 450500: system.cpu1 T0 :  483500: system.cpu0 T0_end+140737345584391.10 :   ADD_R_I : add   rax, rax, t1 : IntAlu :  D=0x0000000000000000
 451000: system.cpu1 T0 : @_end+140737345584395    : cmp	rax, r1300000000000000
 451000: system.cpu1 T0 : @_end+140737345584395.00 :   CMP_R_R : sub   t0, rax, r13 : IntAlu :  D=0x0000000000000000
 452000: system.cpu1 T0 : @_end+140737345584398    : mov	DS:[rdx], rcx000000000
 452000: system.cpu1000000000000000 T0 :   JNBE_I : wrip   , t1, t2 : IntAlu : 
 452000: system.cpu1000000000000000 T0 :   JNBE_I : wrip   , t1, t2 : IntAlu : 
 452500: system.cpu1 T0 : @_end+140737345584401    : jb	0xffffffffffffffdd00000
 452500: system.cpu1 T0 : @_end+140737345584520    : @0000000000000000000000000_end+140737345584401.00 :   JB_I : rdip   t1, %ctrl153,  : IntAlu :  D=0x00007ffff7dd8d53
 452500: system.cpu1 T0 : @_end+140737345584520    : @0000000000000000000000000_end+140737345584401.00 :   JB_I : rdip   t1, %ctrl153,  : IntAlu :  D=0x00007ffff7dd8d53
 453500: system.cpu1 T0 : @_end+140737345584401.2  :   JB_I : wrip   , t1, t2   : IntAlu : 
 454500: system.cpu1 T0 : @_end+140737345584403    : cmp	DS:[rip + 0x224e45], 0
 454500: system.cpu1 T0 :  486  @: system.cpu0 T0  : 0  C               :        D=0x0000000000000000
 455000: system.cpu1 T0 : @_end+140737345584403.1  :   CMP_P_I : rdip   t7, %ctrl153,  : IntAlu :  D=0x00007ffff7dd8d5b
 455500: system.cpu1 T0 : @_end+140737345584403.2  :   CMP_P_I : ld   t1, DS:[t7 + 0x224e45] : MemRead :  D=0x00007ffff7ffcf80 A=0x7ffff7ffdba0
 456000: system.cpu1 T0 : @_end+140737345584403.3  :   CMP_P_I : sub   t0, t1, t2 : IntAlu :  D=0x0000000000000000
: system.cpu1                T0 : @_end+140737345584411    : jz	0x234                  
 457000: system.cpu1                T0 :   JMP_R : wripi   , rdx, 0 : IntAlu : @ 457000: system.cpu1                T0 :   JMP_R : wripi   , rdx, 0 : IntAlu : @_end+140737345584411.0  :   JZ_I : rdip   t1, %ctrl153,  : IntAlu :  D=0x00007ffff7dd8d61
 457500: system.cpu1 T0 :  487500: system.cpu0 @0 : +1 :   JZ_I : limm   t2, 0x234  : IntAlu :  D=0x0000000000000234
 458000: system.cpu1 T0 : @_end+140737345584411.2  :   JZ_I : wrip   , t1, t2   : IntAlu : 
 458500: system.cpu1 T0 : @_end+140737345584579.1  : @                         _end+140737345584417.0  :   CMP_R_R : sub   t0, rsi, r13 : IntAlu :  D=0x0000000000000000
 458500: system.cpu1 T0 : @_end+140737345584579.1  : @                         _end+140737345584417.0  :   CMP_R_R : sub   t0, rsi, r13 : IntAlu :  D=0x0000000000000000
 459500: system.cpu1 T0 : @_end+140737345584420    : lea	r8, DS:[rip + 0x1ca35]
 459500: system.cpu1 T0 :  489000: system.cpu0 T0 : @_end+140737345584420.0  :   LEA_R_P : rdip   t7, %ctrl153,  : IntAlu :  D=0x00007ffff7dd8d6b
 461000: system.cpu1 T0 : @_end+140737345584427    : jbe	0xfffffffffffffe46    
 461000: system.cpu1 T0 : @_end+140737345584586    : @                         _end+140737345584427.0  :   JBE_I : rdip   t1, %ctrl153,  : IntAlu :  D=0x00007ffff7dd8d71
 461000: system.cpu1 T0 : @_end+140737345584586    : @                         _end+140737345584427.0  :   JBE_I : rdip   t1, %ctrl153,  : IntAlu :  D=0x00007ffff7dd8d71
 462500: system.cpu1 T0 : @_end+140737345584433    : hint	                     
 462500: system.cpu1 T0 : @_end+140737345584433.0  :   HINT_NOP : fault   No Fault : No_OpClass : 
 491000: system.cpu0 T0 :  463000: system.cpu1 T0 : @_end+140737345584590    : cmp	rsi, r13              
 491000: system.cpu0 T0 :  463000: system.cpu1 T0 : @_end+140737345584590    : cmp	rsi, r13              
 463000: system.cpu1 T0 : @_end+140737345584440.00 :   MOV_R_M : ld   rax, DS:[r13 + 0x8] : MemRead :  D=0x0000000a00000006 A=0x7ffff7dd79d0
 491500: system.cpu0 T0 : @_end+140737345584593    :  463500: system.cpu1000000000000000 T0 : jnbe	0xffffffffffffff61
 491500: system.cpu0 T0 : @_end+140737345584593    :  463500: system.cpu1000000000000000 T0 : jnbe	0xffffffffffffff61
 463500: system.cpu1000000000000000 T0 : @_end+140737345584444.0: r D=  MIntAlu : 0x0x00007ffff7dd8e17
 463500: system.cpu1000000000000000 T0 : @_end+140737345584444.0: r D=  MIntAlu : 0x0x00007ffff7dd8e17
 492000: system.cpu0 T0 : @_end+140737345584593.10 :  464500: system.cpu1000000000000000 T0 :   JNBE_I : limm   t2, 0xffffffffffffff61 : IntAlu :  D=0xffffffffffffff61
 492000: system.cpu0 T0 : @_end+140737345584593.10 :  464500: system.cpu1000000000000000 T0 :   JNBE_I : limm   t2, 0xffffffffffffff61 : IntAlu :  D=0xffffffffffffff61
0 :  464500: system.cpu1 T0 : @_end+140737345584593.20 : @0000000000000000000000000_end+140737345584447.00 :   ADD_R_M : ld   t1, DS:[r13] : MemRead :  D=0x0000000000225ff0 A=0x7ffff7dd79c8
0 :  464500: system.cpu1 T0 : @_end+140737345584593.20 : @0000000000000000000000000_end+140737345584447.00 :   ADD_R_M : ld   t1, DS:[r13] : MemRead :  D=0x0000000000225ff0 A=0x7ffff7dd79c8
 4system.cpu1 T0 : @_end+140737345584447.10 :   ADD_R_M : add   rcx, rcx, t1 : IntAlu :  D=0x0000000000000000
 466500: system.cpu1 T0 : @_end+140737345584456 494500 : shr	rdx, 0x20000000000syst
 466500: system.cpu1 T0 : @_end+140737345584456 494500 : shr	rdx, 0x20000000000syst
 494500: system.cpu1 T0 : @_end+140737345584456.00 :   SHR_R_I : srli   rdx, rdx, 0x20 : IntAlu :  D=0x0000000000000000
 467000: system.cpu1 T0 : @_end+140737345584460    : test	rbx, rbx0000000000000
 467000: system.cpu1 T0 : @_end+140737345584460    : test	rbx, rbx0000000000000
 467000: system.cpu1 T0 : @_end+140737345584460    : test	rbx, rbx0000000000000
 467000: system.cpu1 T0 : @_end+140737345584460.00 :   TEST_R_R : and   t0, rbx, rbx : IntAlu :  D=0x0000000000000000
 468500: system.cpu1 T0 : @_end+140737345584467    : lea	r15, DS:[8*rdx + rdi]0
 468500: system.cpu1 T0 : @_end+140737345584454.00 :   MOV_R_R : mov   ebx, ebx, eax : IntAlu :  D=0x0000000000000006
 468500: system.cpu1 T0 : @_end+140737345584467.00 :   LEA_R_M : lea   r15, DS:[8*rdx + rdi] : IntAlu :  D=0x00007ffff7dd7480
 470000: system.cpu1000000000000000 T0 : @_end+140737345584471.10 :   JZ_I : limm   t2, 0x7100 : IntAlu :  D=0x0000000000000071
 471000: system.cpu1 T0 :  498500: system.cpu0 T0 : @_end+140737345584473.00 :   TEST_R_R : and   t0, r15, r15 : IntAlu :  D=0x@000000000000000
 471000: system.cpu1 T0 :  498500: system.cpu0 T0 : @_end+140737345584473.00 :   TEST_R_R : and   t0, r15, r15 : IntAlu :  D=0x@000000000000000
 472000: system.cpu14T9500 j0: system.cpu0 T0 : @_end+140737345584476. @ :     : jz	0x71      I       :  D=0x
 472000: system.cpu14T9500 j0: system.cpu0 T0 : @_end+140737345584476. @ :     : jz	0x71      I       :  D=0x
 473500: system.cpu1 T0 : @_end+140737345584482    : movzx	edx, DS:[r15 + 0x4] 
 473500: system.cpu1 T0 : @_end+140737345584482.0  :   MOVZX_B_R_M : ld   t1b, DS:[r15 + 0x4] : MemRead :  D=0x00007ffff7dd8d11 A=0x7ffff7dd7484
 475000: system.cpu1 T0 : @_end+140737345584487    : mov	rax, DS:[r15 + 0x8]   
 476000: system.cpu1 T0 : @_end+140737345584491    : add	rax, DS:[rip + 0x224c26]
T0 476000: system.cpu1 T0 : @_end+140737345584482    : movzx	edx, DS:[r15 + 0x4] @T0 476000: system.cpu1 T0 : @_end+140737345584482    : movzx	edx, DS:[r15 + 0x4] @                         _end+140737345584491.0  :   ADD_R_P : rdip   t7, %ctrl153,  : IntAlu :  D=0x00007ffff7dd8db2
 477000: system.cpu1 T0 : @_end+140737345584491.20 :   ADD_R_P : add   rax, rax, t1 : IntAlu :  D=0x0000000000000000
 477500: system.cpu1 T0 : @_end+140737345584498    : and	eax, 0xf00000000000000
 477500: system.cpu1 T0 : @_end+140737345584487    :   AND_R_I : limm   t1d, 0xf : IntAlu :  D=0x000000000000000f
 477500: system.cpu1 T0 : @_end+140737345584498.00 :   AND_R_I : limm   t1d, 0xf : IntAlu :  D=0x000000000000000f
 478000: system.cpu1 T0 : @_end+140737345584498.10 50  : system.cpu0 T  AND_R_I : and   edx, edx, t1d :  : Alu :  D=0x0000000000000000
 478000: system.cpu1 T0 : @_end+140737345584498.10 50  : system.cpu0 T  AND_R_I : and   edx, edx, t1d :  : Alu :  D=0x0000000000000000
 478500: system.cpu1 T0 :  506500: system.cpu0 T0 : @_end+140737345584501.00 :   CMP_R_I : limm   t1b, 0xa : IntAlu :  D=0x000000000000000a@ 478500: system.cpu1 T0 :  506500: system.cpu0 T0 : @_end+140737345584501.00 :   CMP_R_I : limm   t1b, 0xa : IntAlu :  D=0x000000000000000a@_end+140737345584491.10 :   ADD_R_P : ld   t1, DS:[t7 + 0x224c26] : MemRead :  D=0x00007ffff7dd7000 A=0x7ffff7ffd9d8
 479000: system.cpu1 T0 : @_end+140737345584501.10 :   CMP_R_I : sub   t0b, dl, t1b : IntAlu :  D=0x0000000000000001
 479500: system.cpu1 T0 :  507500: system.cpu0 T0 : @_end+140737345584504.00 :   JZ_I : rdip   t1, %ctrl153,  : IntAlu :  D=0x00007ffff7dd8dbe
 479500: system.cpu1 T0 :  507500: system.cpu0 T0 : @_end+140737345584504.00 :   JZ_I : rdip   t1, %ctrl153,  : IntAlu :  D=0x00007ffff7dd8dbe
 481500: system.cpu1 T0 :  508500: system.cpu0 T0 : @_end+140737345584510    : sub	rax, 0x600000000000000
 481500: system.cpu1 T0 :  508500: system.cpu0 T0 : @_end+140737345584510    : sub	rax, 0x600000000000000
 482500: system.cpu1 T0 : @_end+140737345584514    : cmp	rax, 0x1e0000000000000
 482500: system.cpu1 T0 : @_end+140737345584514    : cmp	rax, 0x1e0000000000000
 482500: system.cpu1000000000000000 T0 : @_end+140737345584514.00 :   CMP_R_I : limm   t1, 0x1e : IntAlu :  D=0x000000000000001e
 483500: system.cpu1 T0 : @_end+140737345584518    : jnbe	0x4200000000000000000
0 :  483500: system.cpu1 T0 : @_end+140737345584504.20 :   JZ_I : wrip   , t1, t200 : IntAlu : 
0 :  483500: system.cpu1 T0 : @_end+140737345584504.20 :   JZ_I : wrip   , t1, t200 : IntAlu : 
 484500: system.cpu1 T0 : @_end+140737345584518.2  :   JNBE_I : wrip   , t1, t2 : IntAlu : 
 484500: system.cpu1 T0 : @_end+140737345584518.2  :   JNBE_I : wrip   , t1, t2 : IntAlu : 
 512500: system.cpu0 T0 :  485000: system.cpu1 T0@_end+140737345584514    : cmp	rax, 0x1e             
 512500: system.cpu0 T0 :  485000: system.cpu1 T0@_end+140737345584514    : cmp	rax, 0x1e             
 485000: system.cpu1 T0 : @_end+140737345584520.00 :   MOVSXD_R_M : ld   t1d, DS:[4*rbx + r8] : MemRead :  D=0x00000000fffe3663 A=0x7ffff7df57a0
 485500: system.cpu1 T0 : @_end+140737345584520.10 :   MOVSXD_R_M : sexti   rdx, t1, 0x1f : IntAlu :  D=0xfffffffffffe3663
 486000: system.cpu1 T0 : @_end+140737345584524    : add	rdx, r8000000000000000
 487000: system.cpu1 T0 : @_end+140737345584527    : jmp	rdx0000000000000000000
 487000: system.cpu1 T0 : @_end+140737345584527    : jmp	rdx0000000000000000000
 487000: system.cpu1 T0 : @_end+140737345584527.00 :   JMP_R : wripi   , rdx, 0 : IntAlu : 
 516000: system.cpu0 T0 :  489000: system.cpu1 T0 : @_end+140737345584524.00 :   ADD_R_R : add   rdx, rdx, r8 : IntAlu :  D=0x0000000000000001
 516000: system.cpu0 T0 :  489000: system.cpu1 T0 : @_end+140737345584524.00 :   ADD_R_R : add   rdx, rdx, r8 : IntAlu :  D=0x0000000000000001
 489000: system.cpu1 T0 : @_end+140737345584583.00 :   MOV_M_R : st   rax, DS:[rcx] : MemWrite :  D=517000: 7ffff7ffe14000000000000000 A=0x T0 : 7ffcff0
 489000: system.cpu1 T0 : @_end+140737345584583.00 :   MOV_M_R : st   rax, DS:[rcx] : MemWrite :  D=517000: 7ffff7ffe14000000000000000 A=0x T0 : @_end+140737345584527    : jmp	rdx                   
 517000: system.cpu0 T0 :  489500: system.cpu1 T0 : @_end+140737345584527.0  :   JMP_R : wripi   , rdx, 0 : IntAlu : 
 517000: system.cpu0 T0 :  489500: system.cpu1 T0 : @_end+140737345584527.0  :   JMP_R : wripi   , rdx, 0 : IntAlu : 
 489500: system.cpu1 T0 :  517500: system.cpu0@T_end+1407373455845860 : .0  :   ADD_R_I : limm   t1, 0x18 : IntAlu :  D=0x0000000000000018
 489500: system.cpu1 T0 :  517500: system.cpu0@T_end+1407373455845860 : .0  :   ADD_R_I : limm   t1, 0x18 : IntAlu :  D=0x0000000000000018
491000: 00000system.cpu1 T0 : @_end+140737345584590    : cmp	rsi, r1300000000000000
 491000: system.cpu1 T0 : @_end+140737345584590.00 :   CMP_R_R : sub   t0, rsi, r13 : IntAlu :  D=0x0000000000000000
: system.cpu1 T0 : 519000: system.cpu0 T0 : @_end+140737345584593    : jnbe	0xffffffffffffff61000
 491500: system.cpu119000: system.cpu0 T0 : @_end+140737345584593    : jnbe	0xffffffffffffff61000
 493000: system.cpu1 T0 : @_end+140737345584440    : mov	rax, DS:[r13 + 0x8]000
 494500: system.cpu1 T0 :  522500: system.cpu0_T0 :  : add	rcx, DS:[r13]000000000
 494500: system.cpu1 T0 :  522500: system.cpu0_T0 :  : add	rcx, DS:[r13]000000000
 523000: system.cpu0 T0 :  495000: system.cpu1@_end+140737345584440    0: mov	rax, DS:[r13 + 0x8]000
 523000: system.cpu0 T0 :  495000: system.cpu1@_end+140737345584440    0: mov	rax, DS:[r13 + 0x8]000
 495500: system.cpu1 T0 : @_end+140737345584444    : mov	rcx, r1400000000000000
 495500: system.cpu1 T0 : @_end+140737345584444    : mov	rcx, r1400000000000000
 496000: system.cpu1 T0 : @_end+140737345584454    : mov	ebx, eax00000000000000
 496000: system.cpu1 T0 : @_end+140737345584454.00 :   MOV_R_R : mov   ebx, ebx, eax : IntAlu :  D=0x0000000000000006
 496500: system.cpu1 T0 : @_end+140737345584456.00 :   SHR_R_I : srli   rdx, rdx, 0x20 : IntAlu :  D=0x0000000000000000
 497000: system.cpu1 T0 : @_end+140737345584460    : test	rbx, rbx0000000000000
 497000: system.cpu1 T0 :  525500: system.cpu0 T0 : @_end+140737345584460.00 :   TEST_R_R : and   t0, rbx, rbx : IntAlu :  D=0x0000000000000000@ 497000: system.cpu1 T0 :  525500: system.cpu0 T0 : @_end+140737345584460.00 :   TEST_R_R : and   t0, rbx, rbx : IntAlu :  D=0x0000000000000000@_end+140737345584451    : mov	rdx, rax00000000000000
 525500: system.cpu0 T0 : @_end+140737345584451.00 :   MOV_R_R : mov   rdx, rdx, rax : IntAlu :  D=4980000xsystem.cpu1 T515396075590
 525500: system.cpu0 T0 : @_end+140737345584451.00 :   MOV_R_R : mov   rdx, rdx, rax : IntAlu :  D=4980000xsystem.cpu1 T515396075590
 498000: system.cpu1 T0 : 526000: system.cpu0 T0 : @_end+140737345584463. 0 :   LEA_R_M : lea   rdx, DS:[2*rdx + rdx] : @                         _end+140737345584454000 : mov	ebx, eax0000000
 498000: system.cpu1 T0 : 526000: system.cpu0 T0 : @_end+140737345584463. 0 :   LEA_R_M : lea   rdx, DS:[2*rdx + rdx] : @                         _end+140737345584454000 : mov	ebx, eax0000000
 526000: system.cpu0 T0 49  : : system.cpu1 T0 : @_end+140737345584454.@ _end+140737345584467    : lea	r15, DS:[8*rdx + rdi] 
 498500: system.cpu0 T0 49  : : system.cpu1 T0 : @_end+140737345584454.@ _end+140737345584467    : lea	r15, DS:[8*rdx + rdi] 
 527000: system.cpu0 T0 : @_end+140737345584460500 : : system.cpu1             5T
 527000: system.cpu0 T0 : @_end+140737345584460500 : : system.cpu1             5T
 500500: system.cpu1 T0 : @_end+140737345584471.2  :   JZ_I : wrip   , t1, t2   : IntAlu : 
 501000: system.cpu1 T0 : @_end+140737345584473    : test	r15, r15             
501000: system.cpu1 T0 : @_end+140737345584473. 0 :   TEST_R_R : and   t0, r15, r15 : IntAlu :  D=0x0000000000000000
 529500: system.cpu0 T0 :  502500: system.cpu1 T0 : @_end+140737345584471    : jz	0x71                   
 529500: system.cpu0 T0 :  502500: system.cpu1 T0 : @_end+140737345584471    : jz	0x71                   
 503500: system.cpu1 T0 : @_end+140737345584482    : movzx	edx, DS:[r15 + 0x4] 
 503500: system.cpu1 T0 : @_end+140737345584482    : movzx	edx, DS:[r15 + 0x4] 
 503500: system.cpu1 T0 : @_end+140737345584482.0  :   MOVZX_B_R_M : ld   t1b, DS:[r15 + 0x4] : MemRead :  D=0x00007ffff7dd8d22 A=0x7ffff7dd743c
 504000: system.cpu1 T0 : @_end+140737345584482.1  :   MOVZX_B_R_M : zexti   edx, t1d, 0x7 : IntAlu :  D=0x0000000000000022
 505000: system.cpu1 T0 : @_end+140737345584487    : mov	rax, DS:[r15 + 0x8]   
 505000: system.cpu1 T0 :  532000: system.cpu0 T0 : @_end+140737345584487.0  :   MOV_R_M : ld   rax, DS:[r15 + 0x8] : MemRead :  D=0x0000000000019e90 A=0x7ffff7dd7440
 505000: system.cpu1 T0 :  532000: system.cpu0 T0 : @_end+140737345584487.0  :   MOV_R_M : ld   rax, DS:[r15 + 0x8] : MemRead :  D=0x0000000000019e90 A=0x7ffff7dd7440
 532000: system.cpu0 T0 :  506000: system.cpu1@T_end+14073734558447600  :   JZ_I : rdip   t1, %ctrl153,  : IntAlu :  D=0x00007ffff7dd8da2
 532000: system.cpu0 T0 :  506000: system.cpu1@T_end+14073734558447600  :   JZ_I : rdip   t1, %ctrl153,  : IntAlu :  D=0x00007ffff7dd8da2
 :  506000: system.cpu1 T0 : @_end+140737345584476.1  :   JZ_I : limm   t2, 0xae   : IntAlu :  D=0x@00000000000000ae
 :  506000: system.cpu1 T0 : @_end+140737345584476.1  :   JZ_I : limm   t2, 0xae   : IntAlu :  D=0x@00000000000000ae
1  :   MOVZX_B_R_M : zexti   edx, t1d, 0x7 : IntAlu :  D=      507500.c00system.cpu102240737345584
1  :   MOVZX_B_R_M : zexti   edx, t1d, 0x7 : IntAlu :  D=      507500.c00system.cpu102240737345584
 508000: system.cpu1 T0 : @_end+140737345584498.1  :   AND_R_I : and   edx, edx, t1d : IntAlu :  D=0x0000000000000000
 508500: system.cpu1 T0 :  535000: system.cpu0 T0 : @_end+140737345584501    : cmp	al, 0xa               
 508500: system.cpu1 T0 :  535000: system.cpu0 T0 : @_end+140737345584501    : cmp	al, 0xa               
 509000: system.cpu1 T0 : @_end+140737345584501.1  :   CMP_R_I : sub   t0b, dl, t1b : IntAlu :  D=536000: system.cpu0ld1T0 : 
 509000: system.cpu1 T0 : @_end+140737345584501.1  :   CMP_R_I : sub   t0b, dl, t1b : IntAlu :  D=536000: system.cpu0ld1T0 : 
 509500: system.cpu1 T0 : @_end+140737345584504    : jz	0xa2                   
 509500: system.cpu1 T0 : @_end+140737345584504    : jz	0xa2                   
 509500: system.cpu1 T0 : @_end+140737345584504.0  :   JZ_I : rdip   t1, %ctrl153,  : IntAlu :  D=0x00007ffff7dd8dbe
 510000: system.cpu1 T0 : @_end+140737345584504.1  :   JZ_I : limm   t2, 0xa2   : IntAlu :  D=0x00000000000000a2
 510500: system.cpu1 T0 : @_end+140737345584504.2  :   JZ_I : wrip   , t1, t2   : IntAlu : 
 511500: system.cpu1 T0 : @_end+140737345584510    : sub	rax, 0x6              
 511500: system.cpu1 T0 : @_end+140737345584510    : sub	rax, 0x6              
 511500: system.cpu1 T0 : @_end+140737345584510.0  :   SUB_R_I : limm   t1, 0x6 : IntAlu :  D=0x0000000000000006
 538500: system.cpu0 T0 : @_end+140737345584501    : cmp	al, 0xa                 538500: system.cpu0 T0 : @_end+140737345584501    : cmp	al, 0xa                512000: system.cpu1 T0 : @_end+140737345584510.1  :   SUB_R_I : sub   rbx, rbx, t1 : IntAlu :  D=0x0000000000000000
system.cpu1 T0 : @_end+140737345584514    : cmp	rax, 0x1e             
 512500: system.cpu1 T0 : 737345584514    : cmp	rax, 0x1e             
 512500: system.cpu1 T0 : @_end+140737345584514.0  :   CMP_R_I : limm   t1, 0x1e : IntAlu :  D=0x000000000000001e
 513000: system.cpu1 T0 : @_end+140737345584514.1  :   CMP_R_I : sub   t0, rbx, t1 : IntAlu :  D=0x0000000000000001
 513500: system.cpu1 T0 : @_end+140737345584518    : jnbe	0x42                 
 513500: system.cpu1 T0 : @_end+140737345584518.0  :   JNBE_I : rdip   t1, %ctrl153,  : IntAlu :  D=0x00007ffff7dd8dc8
 513500: system.cpu1 T0 : @_end+140737345584518.0  :   JNBE_I : rdip   t1, %ctrl153,  : IntAlu :  D=0x00007ffff7dd8dc8
 517000: system.cpu1 T0 : @_end+140737345584527    : jmp	rdx                   
 517000: system.cpu1 T0 : @_end+140737345584527    : jmp	rdx                   
 517000: system.cpu1 T0 : @_end+140737345584527.0  :   JMP_R : wripi   , rdx, 0 : IntAlu : 
 517500: system.cpu1 T0 :  5    : @_end+140737345584579T0 : add	rax, DS:[r13 + 0x10]  
 517500: system.cpu1 T0 :  5    : @_end+140737345584579T0 : add	rax, DS:[r13 + 0x10]  
 517500: system.cpu1 T0 : @_end+140737345584579.0  :   ADD_R_M : ld   t1, DS:[r13 + 0x10] : MemRead :  D=0x0000000000000000 A=0x7ffff7dd79f0
 518000: system.cpu1 T0 : @_end+140737345584579.1  :   ADD_R_M : add   rax, rax, t1 : IntAlu :  D=0x0000000000000000
 519500: system.cpu1 T0 : @_end+140737345584586.0  :   ADD_R_I : limm   t1, 0x18 : IntAlu :  D=0x0000000000000018
 519500: system.cpu1 T0 : @_end+140737345584586.0  :   ADD_R_I : limm   t1, 0x18 : IntAlu :  D=0x0000000000000018
 547000: system.cpu0 T0 : 520000: system.cpu1 T0 : @_end+140737345584527. 0 :   JMP_R : wripi   , rdx, 0 : IntAlu : 
 547000: system.cpu0 T0 : 520000: system.cpu1 T0 : @_end+140737345584527. 0 :   JMP_R : wripi   , rdx, 0 : IntAlu : 
 521500: system.cpu1 T0 : @_end+140737345584593.0  :   JNBE_I : rdip   t1, %ctrl153,  : IntAlu :  D=0x00007ffff7dd8e17
 522000: system.cpu1 T0 : @_end+140737345584593.1  :   JNBE_I : limm   t2, 0xffffffffffffff61 : IntAlu :  D=0xffffffffffffff61
 549500: system.cpu0 T0 : 523000: system.cpu1 T0 : @_end+140737345584586. 0 :   ADD_R_I : limm   t1, 0x18 : IntAlu :  D=0x0_end+1407373455
 549500: system.cpu0 T0 : 523000: system.cpu1 T0 : @_end+140737345584586. 0 :   ADD_R_I : limm   t1, 0x18 : IntAlu :  D=0x0_end+1407373455
0 :  523000: system.cpu1 T0 : @_end+140737345584586.1  :   ADD_R_I : add   r13, r13, t1 : IntAlu : @_end+1407373455844400x 00000000000000
0 :  523000: system.cpu1 T0 : @_end+140737345584586.1  :   ADD_R_I : add   r13, r13, t1 : IntAlu : @_end+1407373455844400x 00000000000000
 523500: system.cpu1 T0 : @_end+140737345584444    : mov	rcx, r14              
 523500: system.cpu1 T0 : @_end+140737345584444    : mov	rcx, r14              
 523500: system.cpu1 T0 : @_end+140737345584444.0  :   MOV_R_R : mov   rcx, rcx, r14 : IntAlu :  D=0x00007ffff7dd7000
 524500: system.cpu1 T0 : 551500: system.cpu0 T0 : @@ : add	rcx, DS:[r13]         0 524500: system.cpu1 T0 : 551500: system.cpu0 T0 : @@ : add	rcx, DS:[r13]         0  JNBE_I : rdip   t1, %ctrl153,  : IntAlu :  D=0x00007ffff7dd8e17
 525000: system.cpu1 T0 : @_end+140737345584447.1  :   ADD_R_M : add   rcx, rcx, t1 : IntAlu :  D=0x0000000000000000
 525500: system.cpu1 T0 : @_end+140737345584451.0  :   MOV_R_R : mov   rdx, rdx, rax : IntAlu :  D=0x0000000c00000007
 526000: system.cpu1 T0 : @_end+140737345584454    : mov	ebx, eax              
 526500: system.cpu1 T0 : @_end+140737345584456    : shr	rdx, 0x20             
 526500: system.cpu1 T0 : @_end+140737345584444.0  :   MOV_R_R : mov   rcx, rcx, r14 : IntAlu :  D=0x00007ffff7dd7000
 554500: system.cpu0 T0 :  5270 @: _end+140737345584447   tem.cpu1 T : add	rcx, DS:[r13]         
 554500: system.cpu0 T0 :  5270 @: _end+140737345584447   tem.cpu1 T : add	rcx, DS:[r13]         
: system.cpu1 T0 : @_end+140737345584460. 0 :   TEST_R_R : and   t0, rbx, rbx : IntAlu :  D=0x0000000000000000
 528000: system.cpu1 T0 : @_end+140737345584451    : mov	rdx, rax              
 555500: system.cpu1 T0 : @_end+140737345584451    : mov	rdx, rax              
528500: system.cpu1 T0 : @_end+140737345584467.0  :   LEA_R_M : lea   r15, DS:[8*rdx + rdi] : IntAlu :  D=0x00007ffff7dd74b0
 529500: system.cpu1 T0 : @_end+140737345584471    : jz	0x71                   
 530000: system.cpu1 T0 : @_end+140737345584471.1  :   JZ_I : limm   t2, 0x71   : IntAlu :  D=0x0000000000000071
 557000: system.cpu0 T0 :       @system.cpu1 _end+1407373455844600 : test	rbx, rbx             
 557000: system.cpu0 T0 :       @system.cpu1 _end+1407373455844600 : test	rbx, rbx             
 531000: system.cpu1 T0 : @_end+140737345584473    : test	r15, r15             
 T0 531000: system.cpu1 T0 : @_end+140737345584463    : lea	rdx, DS:[2*rdx + rdx] @ T0 531000: system.cpu1 T0 : @_end+140737345584463    : lea	rdx, DS:[2*rdx + rdx] @                         _end+140737345584473.0  :   TEST_R_R : and   t0, r15, r15 : IntAlu :  D=0x0000000000000000
 532000: system.cpu1 T0 : @_end+140737345584476    : jz	0xae                   
 532000: system.cpu1 T0 : @_end+140737345584476.0  :   JZ_I : rdip   t1, %ctrl153,  : IntAlu :  D=0x00007ffff7dd8da2
 558500: system.cpu1 T0 : @_end+140737345584476.0  :   JZ_I : rdip   t1, %ctrl153,  : IntAlu :  D=0x00007ffff7dd8da2
 559500: system.cpu0 T0 : @_end+140737345584471    : jz	0x71              5    : 559500: system.cpu0 T0 : @_end+140737345584471    : jz	0x71              5    : system.cpu1                T0 : @_end+140737345584476.2  :   JZ_I : wrip   , t1, t2   : IntAlu : 
 533500: system.cpu1 T0 :  560000: system.cpu01 T0 :  : movzx	edx, DS:[r15 + 0x4] 
 533500: system.cpu1 T0 :  560000: system.cpu01 T0 :  : movzx	edx, DS:[r15 + 0x4] 
 561000: system.cpu0 T0 : @_end+140737345584473.0  :   TEST_R_R : and   t0, r15, r15 : IntAlu :  D=0x00system.cpu1000: limm   t2
 561000: system.cpu0 T0 : @_end+140737345584473.0  :   TEST_R_R : and   t0, r15, r15 : IntAlu :  D=0x00system.cpu1000: limm   t2
 535000: system.cpu1 T0 : 562000: system.cpu0 T0 : @_end+140737345584487. 0 :   MOV_R_M : ld   rax, DS:[r15 + 0x8] : MemRead : @0x_end+140737345584476    A=0x7ffff7dd74b8
 535000: system.cpu1 T0 : 562000: system.cpu0 T0 : @_end+140737345584487. 0 :   MOV_R_M : ld   rax, DS:[r15 + 0x8] : MemRead : @0x_end+140737345584476    A=0x7ffff7dd74b8
 562000: system.cpu0 T0 : @_end+140737345584476.0  :   JZ_I : rdip   t1, %ctrl153,  : IntAlu 536000: 0xsystem.cpu100000000000007f T
 562000: system.cpu0 T0 : @_end+140737345584476.0  :   JZ_I : rdip   t1, %ctrl153,  : IntAlu 536000: 0xsystem.cpu100000000000007f T
 536000: system.cpu1 T0 : d+140737345584476.1  :   JZ_I : limm   t2, 0xae   : IntAlu :  D=0x00000000000000ae
 536000: system.cpu1 T0 : d+140737345584476.1  :   JZ_I : limm   t2, 0xae   : IntAlu :  D=0x00000000000000ae
 537000: system.cpu1 T0 : @_end+140737345584491.2  :   ADD_R_P : add   rax, rax, t1 : IntAlu :  D=0x0000000000000000
 537500: system.cpu1 T0 :   : and	eax, 0xf              
 537500: system.cpu1 T0 : @_end+140737345584498.0  :   AND_R_I : limm   t1d, 0xf : IntAlu :  D=0x000000000000000f
 538000: system.cpu1 T0 :  565000: system.cpu0 T0 : @_end+140737345584498.1  :   AND_R_I : and   edx, edx, t1d : IntAlu :  D=0x0000000000000000
 538000: system.cpu1 T0 :  565000: system.cpu0 T0 : @_end+140737345584498.1  :   AND_R_I : and   edx, edx, t1d : IntAlu :  D=0x0000000000000000
 538500: system.cpu1 T0 : @_end+140737345584501    : cmp	al, 0xa               
 538500: system.cpu1 T0 : 566000: system.cpu0 T0 : @_end+140737345584501. 0 :   CMP_R_I : limm   t1b, 0xa : IntAlu :  D=0x@_end+1407373455
 538500: system.cpu1 T0 : 566000: system.cpu0 T0 : @_end+140737345ub   t0b, dl, t1b : I : limm   t1b, 0xa : IntAlu :  D=0x@_end+1407373455
 566000: system.cpu1 T0 : @_end+140737345584501.1  :   CMP_R_I : sub   t0b, dl, t1b : IntAlu :  D=0x0000000000000001
 539500: system.cpu1 T@ : d+140737345584491.1  :   ADD_R_P : ld   t1, DS:[t7 + 0x224c26] : MemRead :  D=0x00007ffff7dd7000 A=0x7ffff7ffd9d8
 539500: system.cpu1 T@ : d+140737345584491.1  :   ADD_R_P : ld   t1, DS:[t7 + 0x224c26] : MemRead :  D=0x00007ffff7dd7000 A=0x7ffff7ffd9d8
: system.cpu1 T0 : @_end+140737345584504.1  :   JZ_I : limm   t2, 0xa2   : IntAlu :  D=0x00000000000000a2
 540500: system.cpu1 T0 : @_end+140737345584504.2  :   JZ_I : wrip   , t1, t2   : IntAlu : 
 541500: system.cpu1 T0 : @_end+140737345584510    : sub	rax, 0x6              
 541500: system.cpu1 T0 : @_end+140737345584510    : sub	rax, 0x6              
 541500: system.cpu1 T0 : @_end+140737345584510.0  :   SUB_R_I : limm   t1, 0x6 : IntAlu :  D=0x0000000000000006
 542000: system.cpu1 T0 : @_end+140737345584510.1  :   SUB_R_I : sub   rbx, rbx, t1 : IntAlu :  D=0x0000000000000000
 542500: system.cpu1 T0 : @_end+140737345584514    : cmp	rax, 0x1e            5
 542500: system.cpu1 T0 : @_end+140737345584514    : cmp	rax, 0x1e            5
 542500: system.cpu1 T0 : @_end+140737345584514.0  :   CMP_R_I : limm   t1, 0x1e : IntAlu :  D=0x000000000000001e
 543000: system.cpu1 T0 : @_end+140737345584514.1  :   CMP_R_I : sub   t0, rbx, t1 : IntAlu :  570000: system.cpu0  0 : 0x0000000000000001
 543000: system.cpu1 T0 : @_end+140737345584514.1  :   CMP_R_I : sub   t0, rbx, t1 : IntAlu :  570000: system.cpu0  0 : 0x0000000000000001
 543500: system.cpu1 T0 : @_end+140737345584518    : jnbe	0x42 5               : 543500: system.cpu1 T0 : @_end+140737345584518    : jnbe	0x42 5               : system.cpu0 T0 : @_end+140737345584504.2  :   JZ_I : wrip   , t1, t2   : IntAlu : 
 545000: system.cpu1 T0 : @_end+140737345584520    : movsxd	rdx, DS:[4*rbx + r8]
 545000: system.cpu1 T0 : @_end+140737345584520    : movsxd	rdx, DS:[4*rbx1d, DS:[4*rbx + r8] : MemRead :  D=0x00000000fffe3663 A=0x7ffff7df57a4
 572500: system.cpu1 T0 : @_end+140737345584520.0  :   MOVSXD_R_M : ld   t1d, DS:[4*rbx + r8] : MemRead :  D=0x00000000fffe3663 A=0x7ffff7df57a4
 546000: system.cpu1 T0 : @_end+140737345584524    : add	rdx, r8               
 547000: system.cpu1 T0 :  574000: system.cpu0 T0 : _end+140737345584527    : jmp	rdx                   
 547000: system.cpu1 T0 :  574000: system.cpu0 T0 : _end+140737345584527    : jmp	rdx                   
 547000: system.cpu1 T0 : @_end+140737345584527.0  :   JMP_R : wripi   , rdx, 0 : IntAlu : 
 547500: system.cpu1 T0 : @_end+140737345584579    : add	rax, DS:[r13 + 0x10]  
 547500: system.cpu1 T0 : @_end+140737345584579    : add	rax, DS:[r13 + 0x10]  
 549000: system.cpu1 T0 : 576000: system.cpu0 T0 : @_end+140737345584583    : mov	DS:[rcx], rax         
 549000: system.cpu1 T0 : 576000: system.cpu0 T0 : @_end+140737345584583    : mov	DS:[rcx], rax         
 549500: system.cpu1 T0 : @_end+140737345584586    : add	rax, 0x18             
 549500: system.cpu1 T0 : @_end+140737345584527    : jmp	rdx                   
 577000: system.cpu1 T0 : @_end+140737345584527    : jmp	rdx                   
 577500: system.cpu0 T0     : : system.cpu1 T0 : @_end+140737345584579.@  _end+140737345584590   DS:[r13 + 0x10] : MemRead :  :  D=	rsi, r13             
 551000: system.cpu1 T0     : : system.cpu1 T0 : @_end+140737345584579.@  _end+140737345584590   DS:[r13 + 0x10] : MemRead :  :  D=	rsi, r13             
 551000: system.cpu1 T0 : @_end+140737345584590.0  :   CMP_R_R : sub   t0, rsi, r13 : IntAlu :  D=0x0000000000000000
 551500: system.cpu1 T0 : @_end+140737345584593    : jnbe	0xffffffffffffff61   
 551500: system.cpu1 T0 : @_end+140737345584593.0  :   JNBE_I : rdip   t1, %ctrl153,  : IntAlu :  D=0x579000140737351880215
 552000: system.cpu1 T0 : @_end+140737345584593.1  :   JNBE_I : limm   t2, 0xffffffffffffff61 : IntAlu :  D=0xffffffffffffff61
 552000: system.cpu1 T0 : @_end+140737345584593.1  :   JNBE_I : limm   t2, 0xffffffffffffff61 : IntAlu :  D=0xffffffffffffff61
 552500: system.cpu1 T0 : @_end+140737345584593.2  :   JNBE_I : wrip   , t1, t2 : IntAlu : 
 553500: system.cpu15T1000 m0 : system.cpu0 T0 : @_end+140737345584444. 0 :   MOV_R_R : mov   rcx, rcx, r14 : @             0      ff7dd7000
 553500: system.cpu15T1000 m0 : system.cpu0 T0 : @_end+140737345584444. 0 :   MOV_R_R : mov   rcx, rcx, r14 : @             0      ff7dd7000
 581500: system.cpu0 T0 : 554500: system.cpu1 T0 : @_end+140737345584593    : jnbe	0xffffffffffffff61   
 581500: system.cpu0 T0 : 554500: system.cpu1 T0 : @_end+140737345584593    : jnbe	0xffffffffffffff61   
 555500: system.cpu1 T0 : @_end+140737345584451    : mov	rdx, rax              
 555500: system.cpu1 T0 : @_end+140737345584593.2  :   JNBE_I : wrip   , t1, t2 : IntAlu : 
 555500: system.cpu1 T0 : @_end+140737345584593.2  :   JNBE_I : wrip   , t1, t2 : IntAlu : 
 583000: system.cpu0 T0 :  556000: system.cpu1 T0_end+140737345584440    :  : 	rax, DS:[r13 + 0x8]   
 583000: system.cpu0 T0 :  556000: system.cpu1 T0_end+140737345584440    :  : 	rax, DS:[r13 + 0x8]   
556000: system.cpu1 T0 : @_end+140737345584454.00 :   MOV_R_R : mov   ebx, ebx, eax : IntAlu :  D=0x0000000000000007
 556500: system.cpu1 T0 : @_end+140737345584456    : shr	rdx, 0x200000000000000
 556500: system.cpu1 T0 : @_end+140737345584444.00 :   MOV_R_R : mov   rcx, rcx, r14 : IntAlu :  D=0x00007ffff7dd7000
 556500: system.cpu1 T0 : @_end+140737345584456.00 :   SHR_R_I : srli   rdx, rdx, 0x20 : IntAlu :  D=0x0000000000000000
 584500: system.cpu0 T0 :  557000: system.cpu1 T0 : @_end+140737345584447    : add	rcx, DS:[r13]000000000
 584500: system.cpu0 T0 :  557000: system.cpu1 T0 : @_end+140737345584447    : add	rcx, DS:[r13]000000000
 50000000000226028 A=0x557000: 00000 50000000000226028 A=0x557000: 00000system.cpu1 T0 : @_end+140737345584460.00 :   TEST_R_R : and   t0, rbx, rbx : IntAlu :  D=0x0000000000000000
 558000: system.cpu1 T0 : @_end+140737345584451    : mov	rdx, rax00000000000000
 558500: system.cpu1 T0 : @_end+140737345584467    : lea	r15, DS:[8*rdx + rdi]0
 558500: system.cpu1 T0 : @_end+140737345584467    : lea	r15, DS:[8*rdx + rdi]0
 559500: system.cpu1 T0 : @_end+140737345584471    : jz	0x71                   
 559500: system.cpu1 T0 : @_end+140737345584456    : shr	rdx, 0x20             
 560500: system.cpu1 T0 : @_end+140737345584471.2  :   JZ_I : wrip   , t1, t2   : IntAlu : 
 561000: system.cpu1 T0 : @_end+140737345584473    : test	r15, r15             
 561000: system.cpu1 T0 : @_end+140737345584463    : lea	rdx, DS:[2*rdx + rdx] 
 561000: system.cpu1 T0 : @_end+140737345584463    : lea	rdx, DS:[2*rdx + rdx] 
 562000: system.cpu1 T0 : @_end+140737345584476    : jz	0xae                   
 562000: system.cpu1 T0 : @_end+140737345584476    : jz	0xae                   
 563000: system.cpu1                T0 : @_end+140737345584476.2  :   JZ_I : wrip   , t1, t2   : IntAlu : 
 563500: system.cpu1 T0 : @_end+140737345584482    : movzx	edx, DS:[r15 + 0x4] 
 563500: system.cpu1 T0 : @_end+140737345584482.0  :   MOVZX_B_R_M : ld   t1b, DS:[r15 + 0x4] : MemRead :  D=0x00007ffff7dd8d22 A=0x7ffff7dd75d4
564000 : system.cpu1 T0 : @_end+140737345584482.1  :   MOVZX_B_R_M : zexti   edx, t1d, 0x7 : IntAlu :  D=0x0000000000000022
 565000: system.cpu1 T0 : @_end+140737345584487    : mov	rax, DS:[r15 + 0x8]   
 566000: system.cpu1 T0 : @_end+140737345584491    : add	rax, DS:[rip + 0x224c26]
 566000: system.cpu1 T0 : @_end+140737345584476    : jz	0xae                   
 566000: system.cpu1 T0 : @_end+140737345584476    : jz	0xae                   
 567000: system.cpu1 T0 : @_end+140737345584491.2  :   ADD_R_P : add   rax, rax, t1 : IntAlu :  D=0x0000000000000000
 567500: system.cpu1 T0 :  593500: system.cpu0 T0 : @_end+140737345584498.0  :   AND_R_I : limm   t1d, 0xf : IntAlu :  D=0x000000000000000f
 567500: system.cpu1 T0 :  593500: system.cpu0 T0 : @_end+140737345584498.0  :   AND_R_I : limm   t1d, 0xf : IntAlu :  D=0x000000000000000f
 568500: system.cpu1 T0 : @_end+140737345584501    : cmp	al, 0xa               
 568500: system.cpu1 T0 : @_end+140737345584501.0  :   CMP_R_I : limm   t1b, 0xa : IntAlu :  D=0x000000000000000a
 568500: system.cpu1 T0 : @_end+140737345584501.0  :   CMP_R_I : limm   t1b, 0xa : IntAlu :  D=0x000000000000000a
 568500: system.cpu1 T0 : @_end+140737345584501.0  :   CMP_R_I : limm   t1b, 0xa : IntAlu :  D=0x000000000000000a
 569000: system.cpu1 T0 : @_end+140737345584501.1  :   CMP_R_I : sub   t0b, dl, t1b : IntAlu :  D=0x0000000000000001
 569500: system.cpu1 T0 : @_end+140737345584504    : jz	0xa2                   
system.cpu1 T0 : @_end+140737345584504.0  :   JZ_I : rdip   t1, %ctrl153,  : IntAlu :  D=0x00007ffff7dd8dbe
 570000: system.cpu1 T0 : @_end+140737345584504.1  :   JZ_I : limm   t2, 0xa2   : IntAlu :  D=0x00000000000000a2
 571500: system.cpu1 T0 : @_end+140737345584510    : sub	rax, 0x6              
: system.cpu1 T0 : @_end+140737345584510. 0 :   SUB_R_I : limm   t1, 0x6 : IntAlu :  D=0x0000000000000006
 572000: system.cpu1 T0 : @_end+140737345584510.1  :   SUB_R_I : sub   rbx, rbx, t1 : IntAlu :  D=0x0000000000000000
 572500: system.cpu1 T0 : @_end+140737345584514    : cmp	rax, 0x1e             
 572500: system.cpu1 T0 : @_end+140737345584498.0  :   AND_R_I : limm   t1d, 0xf : IntAlu :  D=0x000000000000000f
 572500: system.cpu1 T0 : @_end+140737345584514.0  :   CMP_R_I : limm   t1, 0x1e : IntAlu :  D=0x000000000000001e
 573000: system.cpu1 T0 : @_end+140737345584514.1  :   CMP_R_I : sub   t0, rbx, t1 : IntAlu :  D=0x0000000000000001
 598500: system.cpu0 T0 :  573500: system.cpu1 T0 : @_end+140737345584501    : cmp	al, 0xa               
 598500: system.cpu0 T0 :  573500: system.cpu1 T0 : @_end+140737345584501    : cmp	al, 0xa               
 573500: system.cpu1 T0 : @_end+140737345584518. 0 :   JNBE_I : rdip   t1, %ctrl153,  : IntAlu :  D=0x00007ffff7dd8dc8
574000 : system.cpu1 T0 : @_end+140737345584518.1  :   JNBE_I : limm   t2, 0x42 : IntAlu :  D=0x0000000000000042
 574500: system.cpu1 T0 : @_end+140737345584518.2  :   JNBE_I : wrip   , t1, t2 : IntAlu : 
 575000: system.cpu1 T0 :  600000: system.cpu0 T0 : d+140737345584520    : movsxd	rdx, DS:[4*rbx + r8]
 575000: system.cpu1 T0 :  600000: system.cpu0 T0 : d+140737345584520    : movsxd	rdx, DS:[4*rbx + r8]
 576000: system.cpu1 T0 : @_end+140737345584524    : add	rdx, r8               
 576000: system.cpu1 T0 : @_end+140737345584524    : add	rdx, r8               
 577000: system.cpu1 T0 : @_end+140737345584527    : jmp	rdx                   
 577000: system.cpu1 T0 : @_end+140737345584527    : jmp	rdx                   
 577500: system.cpu1 T0 : @_end+140737345584579    : add	rax, DS:[r13 + 0x10]  
.1  577500yste : system.cpu1 T0 :  : IntAlu :  D=0x0000000000000001
.1  577500yste : system.cpu1 T0 :  : IntAlu :  D=0x0000000000000001
 578000: system.cpu1 T0 : @_end+140737345584579.1  :   ADD_R_M : add   rax, rax, t1 : IntAlu :  D=0x0000000000000000
0 :  579000: system.cpu1 T0 : @_end+140737345584518.2  :   JNBE_I : wrip   , t1, t2 : IntAlu : 
0 :  579000: system.cpu1 T0 : @_end+140737345584518.2  :   JNBE_I : wrip   , t1, t2 : IntAlu : 
 579500: system.cpu1 T0 : @_end+140737345584520.0  :   MOVSXD_R_M : ld   t1d, DS:[4*rbx + r8] : MemRead :  D=0x00000000fffe3663 A=0x7ffff7df57a4
 580000: system.cpu1 T0 : @_end+140737345584586.1  :   ADD_R_I : add   r13, r13, t1 : IntAlu :  D=0x0000000000000000
 581500: system.cpu1 T0 :  60 0004  :_end+140737345584593    : jTbe	0xffffffffffffff61   
 581500: system.cpu1 T0 :  60 0004  :_end+140737345584593    : jTbe	0xffffffffffffff61   
: system.cpu1 T0 : @_end+140737345584593.2  :   JNBE_I : wrip   , t1, t2 : IntAlu : 
 583000: system.cpu1 T0 : @_end+140737345584440    : mov	rax, DS:[r13 + 0x8]   
 583000: system.cpu1 T0 : @_end+140737345584440    : mov	rax, DS:[r13 + 0x8]   
 583000: system.cpu1 T0 : @_end+140737345584440.0  :   MOV_R_M : ld   rax, DS:[r13 + 0x8] : MemRead :  D=0x0000000f00000007 A=0x7ffff7dd7a30
 583500: system.cpu1 T0 : @_end+140737345584444. 0 :   MOV_R_R : mov   rcx, rcx, r14 : IntAlu :  D=0x00007ffff7dd7000
 585000: system.cpu1 T0 : @_end+140737345584447.1  :   ADD_R_M : add   rcx, rcx, t1 : IntAlu :  D=0x0000000000000000
 585500: system.cpu1 T0 :       @: system.cpu0345584451t1 : IntAlu T0 : rdx, rax              
 585500: system.cpu1 T0 :       @: system.cpu0345584451t1 : IntAlu T0 : rdx, rax              
system.cpu1 T0 : @_end+140737345584454    : mov	ebx, eax              
T0     586000 : system.cpu1 T0 : @_end+140737345584593_en : jnbe	0xffffffffffffff61  .
T0     586000 : system.cpu1 T0 : @_end+140737345584593_en : jnbe	0xffffffffffffff61  .
 586500: system.cpu1 T0 : @_end+140737345584456    : shr	rdx, 0x20             
 586500: system.cpu1 T0 : @_end+140737345584456    : shr	rdx, 0x20             
 586500: system.cpu1 T0 : @_end+140737345584456.0  :   SHR_R_I : srli   rdx, rdx, 0x20 : IntAlu :  D=0x0000000000000000
 613000: system.cpu0 T0     : : system.cpu1 T0 : @_end+140737345584440_en : 40737345584460.0 v	rax, DS:[r13 + 0x8]   6
 613000: system.cpu0 T0     : : system.cpu1 T0 : @_end+140737345584440_en : 40737345584460.0 v	rax, DS:[r13 + 0x8]   6
 588000: system.cpu1 T0 : @_end+140737345584463    : lea	rdx, DS:[2*rdx + rdx] 
@_end+140737345584444    : mov	rcx, r14    : sys  m.cpu1    T
@_end+140737345584444    : mov	rcx, r14    : sys  m.cpu1    T
 588500: system.cpu1 T0 :  614500: system.cpu0 T0 : @_end+140737345584467.0  :   LEA_R_M : lea   r15, DS:[8*rdx + rdi] : IntAlu :  D=0x@0007ffff7dd74f8
 588500: system.cpu1 T0 :  614500: system.cpu0 T0 : @_end+140737345584467.0  :   LEA_R_M : lea   r15, DS:[8*rdx + rdi] : IntAlu :  D=0x@0007ffff7dd74f8
 589500: system.cpu1 T0 : @_end+140737345584471    : jz	0x71                   
590000: system.cpu1                T0 : @_end+140737345584471.1  :   JZ_I : limm   t2, 0x71   : IntAlu :  D=0x0000000000000071
 591000: system.cpu1@T_end+140737345584473    : test	r15, r15             
 592500: system.cpu1                T0 : @_end+140737345584476.1  :   JZ_I : limm   t2, 0xae   : IntAlu :  D=0x00000000000000ae
 593500: system.cpu1 T0 : @_end+140737345584482.0  :   MOVZX_B_R_M : ld   t1b, DS:[r15 + 0x4] : MemRead :  D=0x00007ffff7dd8d22 A=0x7ffff7dd74fc
 596000: system.cpu1 T0 : @_end+140737345584491    : add	rax, DS:[rip + 0x224c26]
 596000: system.cpu1 T0 : @_end+140737345584491    : add	rax, DS:[rip + 0x224c26]
 596500: system.cpu1 T0 : @_end+140737345584491.10 :  621000  system.cpu0d   t1, DS:[t7 + 0x224c26] w : MemRead T  : 0x00007ffff7dd7000 A=0x7ffff7ffd9d8
 596500: system.cpu1 T0 : @_end+140737345584491.10 :  621000  system.cpu0d   t1, DS:[t7 + 0x224c26] w : MemRead T  : 0x00007ffff7dd7000 A=0x7ffff7ffd9d8
 597500: system.cpu1  T0 : @_end+140737345584476.00 :   JZ_I : rdip   t1, %ctrl153,  : IntAlu :  D=0x00007ffff7dd8da2
 598500: system.cpu1 T0 : @_end+140737345584501    : cmp	al, 0xa000000000000000
 598500 623500system.cpu1 system.cpu0 00 :  : @_end+140737345584501. 0 :   CMP_R_I : limm   t1b, 0xa : @ntAlu :  D=_end+140737345584482000 : movzx	edx, DS:[r15 + 0x4]0
 598500 623500system.cpu1 system.cpu0 00 :  : @_end+140737345584501. 0 :   CMP_R_I : limm   t1b, 0xa : @ntAlu :  D=_end+140737345584482000 : movzx	edx, DS:[r15 + 0x4]0
 599500: system.cpu1 T0 : @_end+140737345584504    624000jzs         T0
 599500: system.cpu1 T0 : @_end+140737345584504    624000jzs         T0
 600000: system.cpu1 T0 :  625000: system.cpu0 T@ : d+140737345584504.1  :   JZ_I : limm   t2, 0xa2   : IntAlu :  D=0x00000000000000a2
 600000: system.cpu1 T0 :  625000: system.cpu0 T@ : d+140737345584504.1  :   JZ_I : limm   t2, 0xa2   : IntAlu :  D=0x00000000000000a2
 601500: system.cpu1 T0 : @_end+140737345584510    : sub	rax, 0x6              
 601500: system.cpu1 T0 : @_end+140737345584491    : add	rax, DS:[rip + 0x224c26]
 601500: system.cpu1 T0 : @_end+140737345584491    : add	rax, DS:[rip + t7, %ctrl153,  : IntAlu :  D=0x00007ffff7dd8db2
 602500: system.cpu1 T0 : @_end+140737345584514    : cmp	rax, 0x1e             
 602500: system.cpu1 T0 : @_end+140737345584514    : cmp	rax, 0x1e             
 602500: system.cpu1 T0 : @_end+140737345584514.0  :   CMP_R_I : limm   t1, 0x1e : IntAlu :  D=0x000000000000001e
 603000: system.cpu1 T0 : @_end+140737345584514.1  :   CMP_R_I : sub   t0, rbx, t1 : IntAlu :  D=0x0000000000000001
 603500: system.cpu1 T0 : @_end+140737345584518    : jnbe	0x42                 
 603500: system.cpu1 T0 : @_end+140737345584518    : jnbe	0x42                 
 603500: system.cpu1 T0 : @_end+140737345584518.0  :   JNBE_I : rdip   t1, %ctrl153,  : IntAlu :  D=0x00007ffff7dd8dc8
 604000: system.cpu1 T0 : @_end+140737345584518.1  :   JNBE_I : limm   t2, 0x42 : IntAlu :  D=0x0000000000000042
 605000: system.cpu1 T0 : @_end+140737345584520    : movsxd	rdx, DS:[4*rbx + r8]
 605000: system.cpu1 T0 : @_end+140737345584520    : movsxd	rdx, DS:[4*rbx + r8]
 606000: system.cpu1 T0 : @_end+140737345584524    : add	rdx, r8               
 606000: system.cpu1 T0 : @_end+140737345584524    : add	rdx, r8               
 606000: system.cpu1 T0 : @_end+140737345584524.0  :   ADD_R_R : add   rdx, rdx, r8 : IntAlu :  D=0x0000000000000001
 607000: system.cpu1 T0 : @_end+140737345584527.0  :   JMP_R : wripi   , rdx, 0 : IntAlu : 
 607500: system.cpu1 T0 : @_end+140737345584579    : add	rax, DS:[r13 + 0x10]  
 607500: system.cpu1 T0 : @_end+140737345584579    : add	rax, DS:[r13 + 0x10]  
 608000: system.cpu1 T0 : @_end+140737345584579.10 :   ADD_R_M : add   rax, rax, t1 : IntAlu :  D=0x0000000000000000
 609000: system.cpu1 T0 : @_end+140737345584583    : mov	DS:[rcx], rax000000000
 609000: system.cpu1 T0 : @_end+140737345584583    : mov	DS:[rcx], rax000000000
 609000: system.cpu1 T0 : @_end+140737345584583.00 :   MOV_M_R : st   rax, DS:[rcx] : MemWrite :  D=0x00007ffff7df0e50 A=0x7ffff7ffd028
 609000: system.cpu1 T0 : @_end+140737345584583.00 :   MOV_M_R : st   rax, DS:[rcx] : MemWrite :  D=0x00007ffff7df0e50 A=0x7ffff7ffd028
 609500: system.cpu1 T0 : @_end+140737345584586    : add	rax, 0x180000000000000  609500: system.cpu1 T0 : @_end+140737345584586    : add	rax, 0x180000000000000 634000: system.cpu0 T0 : @_end+140737345584518.10 :   JNBE_I : limm   t2, 0x42 : IntAlu :  D=0x0000000000000042
 609500: system.cpu1 T0 : @_end+140737345584586.00 :   ADD_R_I : limm   t1, 0x18 : IntAlu :  D=0x0000000000000018
 611500: system.cpu1 T0 : @_end+140737345584593.00 :   JNBE_I : rdip   t1, %ctrl153,  : IntAlu :  D=0x00007ffff7dd8e17
 636000: system.cpu0 T0 :  612000: system.cpu1 T0 : @_end+140737345584524    : add	rdx, r8000000000000000
 636000: system.cpu0 T0 :  612000: system.cpu1 T0 : @_end+140737345584524    : add	rdx, r8000000000000000
 613000: system.cpu1 T0 : @_end+140737345584440    : mov	rax, DS:[r13 + 0x8]000
 613000: system.cpu1 T0 : @_end+140737345584527.00 :   JMP_R : wripi   , rdx, 0 : IntAlu : 
 613500: system.cpu1 T0 : @_end+140737345584444    : mov	rcx, r1400000000000000
 613500: system.cpu1 T0 : @_end+140737345584579.00 :   ADD_R_M : ld   t1, DS:[r13 + 0x10] : MemRead :  D=0x0000000000000000 A=0x7ffff7dd7a50
 613500: system.cpu1 T0 : @_end+140737345584444.00 :   MOV_R_R : mov   rcx, rcx, r14 : IntAlu :  D=0x00007ffff7dd7000
 614500: system.cpu1 T0 : @_end+140737345584447    : add	rcx, DS:[r13]000000000
 639000: system.cpu0 T0   4500: s stem.cpu14 : T0 : @_end+140737345584447.00 : @ ADD_R_M : ld   t1, DS:[r13]_end+140737345584583   MemRead : 	DS:[rcx], rax000000000  639000: system.cpu0 T0   4500: s stem.cpu14 : T0 : @_end+140737345584447.00 : @ ADD_R_M : ld   t1, DS:[r13]_end+140737345584583   MemRead : 	DS:[rcx], rax000000000 D=0x0000000000226030 A=0x7ffff7dd7a40
 615500: system.cpu1 T0 :  mov	rdx, rax00000000000000
 615500: system.cpu1 T0 : @_end+140737345584451.00 :   MOV_R_R : mov   rdx, rdx, rax : IntAlu :  D=0x0000000800000007
 616000: system.cpu1 00000
 616500: system.cpu1 T0 : @_end+140737345584456    : shr	rdx, 0x200000000000000
 616500: system.cpu1_end+140737345584593    : jnbe	0xffffffffffffff61000
 616500: system.cpu1 T0 : @_end+140737345584456    : shr	rdx, 0x200000000000000
 618000: system.cpu1 T0 : @_end+140737345584463    : lea	rdx, DS:[2*rdx + rdx]0
@_end+140737345584599    :  618000: system.cpu1 T0 : @_end+140737345584463.00 :   LEA_R_M : lea   rdx, DS:[2*rdx + rdx] : jmp	0xfffffffffffffd9b : 
@_end+140737345584599    :  618000: system.cpu1 T0 : @_end+140737345584463.00 :   LEA_R_M : lea   rdx, DS:[2*rdx + rdx] : jmp	0xfffffffffffffd9b : 
  JMP_I : rdip   t1, %ctrl153,  : IntAlu :  D= 61850x: system.cpu17T
  JMP_I : rdip   t1, %ctrl153,  : IntAlu :  D= 61850x: system.cpu17T
0 :  618500: system.cpu1 T0 : @_end+140737345584599.1  : @                         _end+140737345584467.0  :   LEA_R_M : lea   r15, DS:[8*rdx + rdi] : IntAlu :  D=0x00007ffff7dd7450
0 :  618500: system.cpu1 T0 : @_end+140737345584599.1  : @                         _end+140737345584467.0  :   LEA_R_M : lea   r15, DS:[8*rdx + rdi] : IntAlu :  D=0x00007ffff7dd7450
 619500: system.cpu1 T0 : @_end+140737345584471    : jz	0x71                   
 619500: system.cpu1 T0 : 644500: system.cpu0 T0 : @_end+140737345584471.0  :   JZ_I : rdip   t1, %ctrl153,  : IntAlu :  D=0x00007ffff7dd8d99
 620000: system.cpu1 T0 : @_end+140737345584471.1  :   JZ_I : limm   t2, 0x71   : IntAlu :  D=0x0000000000000071
 620500: system.cpu1 T0 : @_end+140737345584471.2  :   JZ_I : wrip   , t1, t2   : IntAlu : 
 645500: system.cpu0 T0 : @_end+140737345583991    :  621000: system.cpu1                T0 : @_end+140737345584473    : lea	rdi, DS:[             
 645500: system.cpu0 T0 : @_end+140737345583991    :  621000: system.cpu1                T0 : @_end+140737345584473    : lea	rdi, DS:[             
 621000: system.cpu1                T0 :   LEA_R_P : rdip   t7, %ctrl153,  : IntAlu :  D=0x000000000000000@_ 621000: system.cpu1                T0 :   LEA_R_P : rdip   t7, %ctrl153,  : IntAlu :  D=0x000000000000000@_end+140737345584473.0  :   TEST_R_R : and   t0, r15, r15 : IntAlu :  D=0x0000000000000000
 646000: system.cpu0 T0 : @_end+140737345583991.1  :  622000: system.cpu1                T0 :   LEA_R_P : lea   rdi, DS:[t7 + 0x224e1a] : IntAlu :  D=0x00007ffff7ffd9d8
 646000: system.cpu0 T0 : @_end+140737345583991.1  :  622000: system.cpu1                T0 :   LEA_R_P : lea   rdi, DS:[t7 + 0x224e1a] : IntAlu :  D=0x00007ffff7ffd9d8
 622000: system.cpu1 T0 : @_end+140737345584476.0  :   JZ_I : rdip   t1, %ctrl153,  : IntAlu :  D=0x00007ffff7dd8da2
@_end+140737345583998    :  622500: system.cpu1                T0 : or	DS:[rip + 0x225127], 0x4
@_end+140737345583998    :  622500: system.cpu1                T0 : or	DS:[rip + 0x225127], 0x4
 623000:  IntAlu : system.cpu1 D=      Tfffffffffffffd04
 623000:  IntAlu : system.cpu1 D=      Tfffffffffffffd04
623500 : system.cpu1 T0 : @_end+140737345584482    : movzx	edx, DS:[r15 + 0x4] 
 623500: system.cpu1 T0 : @_end+140737345584482.:  : tem.cpu0 T0 : MemRead :  D=0x00007ffff7dd8d22 A=0x7ffff7dd7454
 624000: system.cpu1 T0 : @_end+140737345584482.1  :   MOVZX_B_R_M : zexti   edx, t1d, 0x7 : IntAlu :  D=0x0000000000000022
 625000: system.cpu1 T0 : @_end+140737345584487    : mov	rax, DS:[r15 + 0x8]   
 625000: system.cpu1                T0 :   OR_P_I : st   t1b, DS:[t7 + 0x225127] : MemWrite :  D=0x0000000000000004 A=0x7ffff7ffdcec
 625000: system.cpu1                T0 :   OR_P_I : st   t1b, DS:[t7 + 0x225127] : MemWrite :  D=0x0000000000000004 A=0x7ffff7ffdcec
 626000: system.cpu1 T0 : @_end+140737345584491    : add	rax, DS:[rip + 0x224c26]
 62 :  626000: system.cpu1                T0 : call	0x9e86
 62 :  626000: system.cpu1                T0 : call	0x9e86
 627000: system.cpu1 T0 :  650500: system.cpu0@T0end+140737345584491.2  :  :  : IntAlu :  D=0x0000000000000000
 627500: system.cpu1 T0 : @_end+140737345584005.2  : @                         _end+140737345584498.0  :   AND_R_I : limm   t1d, 0xf : IntAlu :  D=0x000000000000000f
 627500: system.cpu1 T0 : @_end+140737345584005.2  : @                         _end+140737345584498.0  :   AND_R_I : limm   t1d, 0xf : IntAlu :  D=0x000000000000000f
 628500: system.cpu1 T0 : @_end+140737345584501    : cmp	al, 0xa               
T0     :  628500: system.cpu1 T0 : @_end+140737345584005.@ : d0  :   CMP_R_I : limm   t1b, 0xa : IntAlu :  D=0x000000000000000a
T0     :  628500: system.cpu1 T0 : @_end+140737345584005.@ : d0  :   CMP_R_I : limm   t1b, 0xa : IntAlu :  D=0x000000000000000a
 629500: system.cpu1 T0 : @_end+140737345584504    : jz	0xa2                   
 629500: system.cpu1 T0 : @_end+140737345584504.0  :   JZ_I : rdip   t1, %ctrl153,  : IntAlu :  D=0x00007ffff7dd8dbe
 630000: system.cpu1 T0 : @_end+140737345584504.1  :   JZ_I : limm   t2, 0xa2   : IntAlu :  D=0x00000000000000a2
 630500: system.cpu1 T0 : @_end+140737345584504.2  :   JZ_I : wrip   , t1, t2   : IntAlu : 
 631500: system.cpu1 T0 : @_end+140737345584510    : sub	rax, 0x6              
 631500: system.cpu1 T0 : @_end+140737345584510.0  :   SUB_R_I : limm   t1, 0x6 : IntAlu :  D=0x0000000000000006
 632000: system.cpu1 T0 : @_end+140737345584510.1  :   SUB_R_I : sub   rbx, rbx, t1 : IntAlu :  D=0x0000000000000000
 632500: system.cpu1 T0 : @_end+140737345584514    : cmp	rax, 0x1e             
 632500: system.cpu1 T0 : @_end+140737345584514.0  :   CMP_R_I : limm   t1, 0x1e : IntAlu :  D=0x000000000000001e
 633000: system.cpu1 T0 : @_end+140737345584514.1  :   CMP_R_I : sub   t0, rbx, t1 : IntAlu :  D=0x0000000000000001
 633500: system.cpu1 T0 : @_end+140737345584518    : jnbe	0x42                 
 633500: system.cpu1 T0 : @_end+140737345584518.0  :   JNBE_I : rdip   t1, %ctrl153,  : IntAlu :  D=0x00007ffff7dd8dc8
 634000: system.cpu1 T0 : @_end+140737345584518.1  :   JNBE_I : limm   t2, 0x42 : IntAlu :  D=0x0000000000000042
 634500: system.cpu1 T0 : @_end+140737345584518.2  :   JNBE_I : wrip   , t1, t2 : IntAlu : 
 635000: system.cpu1 T0 : @_end+140737345584520    : movsxd	rdx, DS:[4*rbx + r8]
 635000: system.cpu1 T0 : @_end+140737345584520.0  :   MOVSXD_R_M : ld   t1d, DS:[4*rbx + r8] : MemRead :  D=0x00000000fffe3663 A=0x7ffff7df57a4
 635500: system.cpu1 T0 : @_end+140737345584520.1  :   MOVSXD_R_M : sexti   rdx, t1, 0x1f : IntAlu :  D=0xfffffffffffe3663
 636000: system.cpu1 T0 : @_end+140737345584524    : add	rdx, r8               
 636000: system.cpu1 T0 : @_end+140737345584524.0  :   ADD_R_R : add   rdx, rdx, r8 : IntAlu :  D=0x0000000000000001
 637000: system.cpu1 T0 : @_end+140737345584527    : jmp	rdx                   
 637000: system.cpu1 T0 : @_end+140737345584527.0  :   JMP_R : wripi   , rdx, 0 : IntAlu : 
 637500: system.cpu1 T0 : @_end+140737345584579    : add	rax, DS:[r13 + 0x10]  
 637500: system.cpu1 T0 : @_end+140737345584579.0  :   ADD_R_M : ld   t1, DS:[r13 + 0x10] : MemRead :  D=0x0000000000000000 A=0x7ffff7dd7a50
 638000: system.cpu1 T0 : @_end+140737345584579.1  :   ADD_R_M : add   rax, rax, t1 : IntAlu :  D=0x0000000000000000
 652500: system.cpu0 T0 :  639000: system.cpu1 T0 : @_end+140737345584583    : mov	DS:[rcx], rax         @ 639000: system.cpu1                T0 : mov	rax, DS:[rdi + 0x298]
 639000: system.cpu1                T0 : mov	rax, DS:[rdi + 0x298]
system.cpu1 T0 : @_end+140737345584586    : add	rax, 0x18             
 639500: system.cpu1 T0 : @_end+140737345584586.0  :   ADD_R_I : limm   t1, 0x18 : IntAlu :  D=0x0000000000000018
 641000: system.cpu1 T0 : @_end+140737345584590    : cmp	rsi, r13              
 654000:  641000system.cpu0 T0tem.cpu1 T0 : @_end+140737345584590    : .                         0  :   CMP_R_R : sub   t0, rsi, r13 : IntAlu :  D=0x0000000000000000
 654000:  641000system.cpu0 T0tem.cpu1 T0 : @_end+140737345584590    : .                         0  :   CMP_R_R : sub   t0, rsi, r13 : IntAlu :  D=0x0000000000000000
 654000: system.cpu06T15system.cpu1p T0 : @_end+140737345584593   @jnbe	0xffffffffffffff61.  
 641500: system.cpu1 T0 : stem.cpu1p T0 : @_end+140737345584593   @jnbe	0xffffffffffffff61.  
 641500: system.cpu1 T0 : @_end+140737345584593.0  :   JNBE_I : rdip   t1, %ctrl153,  : IntAlu :  D=0x00007ffff7dd8e17
@_end+140737345624602.1  :  642000: system.cpu1                T0 :   JZ_I : limm   t2, 0x54 : IntAlu :  D=0x0000000000000054
@_end+140737345624602.1  :  642000: system.cpu1                T0 :   JZ_I : limm   t2, 0x54 : IntAlu :  D=0x0000000000000054
 643500: system.cpu1 T0 : @_end+140737345584599    : jmp	0xfffffffffffffd9b    
 643500: system.cpu1 T0_end+140737345624608    :   :@_end+140737345584599.0  :   JMP_I : rdip   t1, %ctrl153,  : IntAlu :  D=0x00007ffff7dd8e1c
 643500: system.cpu1 T0_end+140737345624608    :   :@_end+140737345584599.0  :   JMP_I : rdip   t1, %ctrl153,  : IntAlu :  D=0x00007ffff7dd8e1c
 656500: system.cpu0 T0 : @_end+140737345624610    :  645500: system.cpu1                T0 : mov	DS:[rdi + 0x2ec], edx
 656500: system.cpu0 T0 : @_end+140737345624610    :  645500: system.cpu1                T0 : mov	DS:[rdi + 0x2ec], edx
 645500: system.cpu1                T0 : @_end+140737345583991.0  :   LEA_R_P : rdip   t7, %ctrl153,  : IntAlu :  D=0x00007ffff7dd8bbe
 645500: system.cpu1                T0 : @_end+140737345583991.0  :   LEA_R_P : rdip   t7, %ctrl153,  : IntAlu :  D=0x00007ffff7dd8bbe
 647000: system.cpu1 T0 : @_end+140737345583998    : or	DS:[rip + 0x225127], 0x4
 647000: system.cpu1 T0 : @_end+140737345583998.0  :   OR_P_I : limm   t2b, 0x4 : IntAlu :  D=0xfffffffffffffd04
@_end+140737345624616    :  647500: system.cpu1 T0 : @_end+140737345583998.1  :   OR_P_I : rdip   t7b, %ctrl153,  : IntAlu :  D=mov	eax, DS:[rcx + 0x8]
 657000: 737345624616    :  647500: system.cpu1 T0 : @_end+140737345583998.1  :   OR_P_I : rdip   t7b, %ctrl153,  : IntAlu :  D=mov	eax, DS:[rcx + 0x8]
 648000: system.cpu1 T0 : @_end+140737345583998.2  :   OR_P_I : ldst   t1b, DS:[t7 + 0x225127] : MemRead :  D=0x00007ffff7dd8e00 A=0x7ffff7ffdcec
 648500: system.cpu1 T0 :  657500: @_end+140737345583998.T0 :    OR_P_I : or   t1b, t1b, : IntAlu :  D=0x0000000000000000
 658500: system.cpu0 T0 : @_end+140737345624622    :  650000: system.cpu1                T0 : @_end+140737345584005    : lea	r8d, DS               
 658500: system.cpu0 T0 : @_end+140737345624622    :  650000: system.cpu1                T0 : @_end+140737345584005    : lea	r8d, DS               
 650000: system.cpu1                T0 : @_end+140737345584005.0  : _R_M : lea   r8d, DS:[rax + 0xffffffffffffffff] :   CALL :  D=0xu : mm0000000000000003
 650000: system.cpu1                T0 : @_end+140737345584005.0  : _R_M : lea   r8d, DS:[rax + 0xffffffffffffffff] :   CALL :  D=0xu : mm0000000000000003
 650500: system.cpu1 T0 :  659000: system.cpu0 T0 : @_end+140737345584005. 1 :   CALL_NEAR_I : rdip   t7, %ctrl153,  : IntAlu :  D=0x00007ffff7dd8bca
 652500: system.cpu1                T0 :   MOV_M_R : st   rax, DS:[rdi + 0x300] : MemWrite :  D=0x00007ffff7dd72e0 A=0x7ffff7ffdcd8
 652500: system.cpu1                T0 :   MOV_M_R : st   rax, DS:[rdi + 0x300] : MemWrite :  D=0x00007ffff7dd72e0 A=0x7ffff7ffdcd8
 653500: system.cpu1 T0 : @_end+140737345624599    : test	rax, rax             
 653500: system.cpu1                T0 : @ LEA_R_M : lea   rax, DS:[4*rdx + rax] : IntAlu.0  :   TEST_R_R : and   t0, rax, rax :  D=0x  D=          00000x0 653500: system.cpu1                T0 : @ LEA_R_M : lea   rax, DS:[4*rdx + rax] : IntAlu.0  :   TEST_R_R : and   t0, rax, rax :  D=0x  D=          00000x0000000000000000
 668000: system.cpu0 T0 : @_end+140737345624672    :  654000: system.cpu1                T0 : mov	DS:[rdi + 0x2f4], ecx
 668000: system.cpu0 T0 : @_end+140737345624672    :  654000: system.cpu1                T0 : mov	DS:[rdi + 0x2f4], ecx
 654000: system.cpu1                T0 :   MOV_M_R : st   ecx, DS:[rdi + 0x2f4] : MemWrite : @0x0000000000000008 00 :   JZ_I : 
 654000: system.cpu1                T0 :   MOV_M_R : st   ecx, DS:[rdi + 0x2f4] : MemWrite : @0x0000000000000008 00 :   JZ_I : 
 669000: system.cpu0 T0 :  654500: system.cpu1 T0 : @_end+140737345624678    : @                         _end+140737345624602.1  :   JZ_I : limm   t2, 0x54   : IntAlu :  D=0x0000000000000054
 669000: system.cpu0 T0 :  654500: system.cpu1 T0 : @_end+140737345624678    : @                         _end+140737345624602.1  :   JZ_I : limm   t2, 0x54   : IntAlu :  D=0x0000000000000054
 655500: system.cpu1 T0 : @_end+140737345624604    : mov	rcx, DS:[rax + 0x8]   
 655500: system.cpu1                T0 : ret	
@_end+140737345624685656000 1 : tem.cpu1 cxT0 : @_end+140737345624608.0  :   MOV_R_M : ld   edx, DS:[rcx] : MemRead :  D=0x0000000000000011 A=0x7ffff7dd72b0
@_end+140737345624685656000 1 : tem.cpu1 cxT0 : @_end+140737345624608.0  :   MOV_R_M : ld   edx, DS:[rcx] : MemRead :  D=0x0000000000000011 A=0x7ffff7dd72b0
 670500: system.cpu0 T0 :  656500: system.cpu1 T0 : @_end+140737345624685.2  : @                         _end+140737345624610    : mov	DS:[rdi + 0x2ec], edx 
 656500: system.cpu0 T0 :  656500: system.cpu1 T0 : @_end+140737345624685.2  : @                         _end+140737345624610    : mov	DS:[rdi + 0x2ec], edx 
 671500: system.cpu0 T0 :  657000: system.cpu1 T0 : @_end+140737345584010    : @                         _end+140737345624616    : mov	eax, DS:[rcx + 0x8]   
 657000: system.cpu1 T0 :  657000: system.cpu1 T0 : @_end+140737345584010    : @                         _end+140737345624616    : mov	eax, DS:[rcx + 0x8]   
 657000: system.cpu1 T0 : @_end+140737345624616.0  :   MOV_R_M : ld   eax, DS:[rcx + 0x8] : MemRead :  D=0x0000000000000004 A=0x7ffff7dd72b8
 657500: system.cpu1 T0 : @_end+140737345624619.0  :   MOV_R_M : ld   esi, DS:[rcx + 0x4] : MemRead :  D=0x0000000000000002 A=0x7ffff7dd72b4
 658500: system.cpu1 T0 : @_end+140737345624622    : lea	r8d, DS:[rax + 0xffffffffffffffff]
 658500: system.cpu1 T0 : @_end+140737345624622.0  :   LEA_R_M : lea   r8d, DS:[rax + 0xffffffffffffffff] : IntAlu :  D=0x0000000000000003
 659000: system.cpu1 T0 : @_end+140737345624626    : test	eax, r8d             
 659000: system.cpu1                T0 :   MOV_P_R : rdip   t7, %ctrl153,  : IntAlu :  D=0x00007ffff7dd8bd8
 659000: system.cpu1                T0 :   MOV_P_R : rdip   t7, %ctrl153,  : IntAlu :  D=0x00007ffff7dd8bd8
 673000: system.cpu0 T0 : @_end+140737345584017.1  :  659500: system.cpu1                T0  MOV_P_R : st   rax, DS:[t7 + 0x224e28] : MemWrite :  D=0x00007ffff7ffd9d8 A=0x7ffff7ffda00
 673000: system.cpu0 T0 : @_end+140737345584017.1  :  659500: system.cpu1                T0  MOV_P_R : st   rax, DS:[t7 + 0x224e28] : MemWrite :  D=0x00007ffff7ffd9d8 A=0x7ffff7ffda00
 659500: system.cpu1 T0 : @_end+140737345624629.0      :   JNZ_I : rdip   t1, %ctrl153,  :  ntAlu : T0x000007ffff7de2a77
 659500: system.cpu1 T0 : @_end+140737345624629.0      :   JNZ_I : rdip   t1, %ctrl153,  :  ntAlu : T0x000007ffff7de2a77
 661500: system.cpu1 T0 : @_end+140737345624631    : mov	DS:[rdi + 0x2f0], r8d 
 661500: system.cpu1 T0 :  675000: system.cpu0 T0 : @_end+140737345624631.0  :   MOV_M_R : st   r8d, DS:[rdi + 0x2f0] : MemWrite :  D=0x0000000000000003 A=0x7ffff7ffdcc8
 662500: system.cpu1 T0 : @_end+140737345624638    : lea	r8, DS:[rcx + 0x10]   
 662500: system.cpu1 T0 : @_end+140737345624638.0  :   LEA_R_M : lea   r8, DS:[rcx + 0x10] : IntAlu :  D=0x00007ffff7dd72c0
 663000: system.cpu1 T0 : @_end+140737345624642    : add	eax, eax00000000000000
 663000: system.cpu1 T0 : @_end+140737345624642.00 :   ADD_R_R : add   eax, eax, eax : IntAlu :  D=0x0000000000000000
 663500: system.cpu1 T0 : @_end+140737345624644    : mov	ecx, DS:[rcx + 0xc]000
 663500: system.cpu1000000000000000 T0 : @ LEA_R_P : rdip   t7, %ctrl153, _enIntAlu37345624644.00 cp :  D=OV_R_M : ld   ecx, DS:[rcx + 0xc] : MemRead00000 663500: system.cpu1000000000000000 T0 : @ LEA_R_P : rdip   t7, %ctrl153, _enIntAlu37345624644.00 cp :  D=OV_R_M : ld   ecx, DS:[rcx + 0xc] : MemRead0000000000000 :  D=0x0000000000000008 A=0x7ffff7dd72bc
 664500: system.cpu1 T0 : @_end+140737345624647    : sub	rdx, rsi00000000000000
 664500: system.cpu1 T0 : @_end+140737345624647.00 :   SUB_R_R : sub   rdx, rdx, rsi : IntAlu :  D=0x0000000000000000
 665000: system.cpu1 T0 : @_end+140737345624650    : lea	rax, DS:[4*rax + r8]00
 665000: system.cpu1000000000000000 T0 :   MOV_P_R : rdip   t7, %ctrl153,  : IntAlu :  D=0x00007ffff7dd8bf4
 665000: system.cpu1000000000000000 T0 :   MOV_P_R : rdip   t7, %ctrl153,  : IntAlu :  D=0x00007ffff7dd8bf4
 666000: system.cpu1 T0 : @_end+140737345624654.00 :   MOV_M_R : st   r8, DS:[rdi + 0x2f8] : MemWrite :  D=0x00007ffff7dd72c0 A=0x7ffff7ffdcd0
ystem.cpu1 T0 : @_end+140737345624661.00 :   MOV_M_R : st   rax, DS:[rdi + 0x300] : MemWrite :  D=0x00007ffff7dd72e0 A=0x7ffff7ffdcd8
 680000: system.cpu0 T0 : @_end+140737345584052.10 :  667500: system.cpu1000000000000000 T0 :   LEA_R_P : lea   rax, DS:[t7 + 0x1cb95] : IntAlu :  D=0x00007ffff7df5790
 680000: system.cpu0 T0 : @_end+140737345584052.10 :  667500: system.cpu1000000000000000 T0 :   LEA_R_P : lea   rax, DS:[t7 + 0x1cb95] : IntAlu :  D=0x00007ffff7df5790
 667500: system.cpu1 T0 : @_end+140737345624668.00 :   LEA_R_M : lea   rax, DS:[4*rdx + rax] : IntAlu :  D=0x00007ffff7dd731c
 668000: system.cpu1 T0 : @_end+140737345624672    : mov	DS:[rdi + 0x2f4], ecx0
.00 :  668000: system.cpu1000000000000000 T0 : @_end+140737345624672.00 :   MOV_M_R : st   ecx, DS:[rdi + 0x2f4]  MMemWrite : IntAlu :  D=0x0000000000000008ff7ffff7dd8c02000014073
.00 :  668000: system.cpu1000000000000000 T0 : @_end+140737345624672.00 :   MOV_M_R : st   ecx, DS:[rdi + 0x2f4]  MMemWrite : IntAlu :  D=0x0000000000000008ff7ffff7dd8c02000014073
 682000: system.cpu1sTstem.cpu0D T0 : @_end+140737345624678.00 :   MOV_M_R : st   rax, DS:[rdi + 0x308] : @000000 : 00000000 00000000x000 :  A=0x	00000000000000
 682000: system.cpu1sTstem.cpu0D T0 : @_end+140737345624678.00 :   MOV_M_R : st   rax, DS:[rdi + 0x308] : @000000 : 00000000 00000000x000 :  A=0x	00000000000000
 682000: system.cpu0 T0 : @_end+140737345584066.00 :   RDTSC : rdtsc   t1d, %ctrl26,  : IntAlu :  D=0x69system.cpu1 13640000000000000
 682000: system.cpu0 T0 : @_end+140737345584066.00 :   RDTSC : rdtsc   t1d, %ctrl26,  : IntAlu :  D=0x69system.cpu1 13640000000000000
 669500: system.cpu1 T0 : @_end+140737345584066.1  :   RDTSC : mov   eax, eax, t1d : IntAlu :  D=0x0000000000000554
 669500: system.cpu1 T0 : @_end+140737345584066.1  :   RDTSC : mov   eax, eax, t1d : IntAlu :  D=0x0000000000000554
 670000: system.cpu1 T0 : @_end+140737345624685.1  :   RET_NEAR : addi   rsp, rsp, 0x8 : IntAlu :  D=0x00007fffffffedf0
 670500: system.cpu1 T0 : @_end+140737345624685.2  :   RET_NEAR : wripi   , t1, 0 : IntAlu : 
 671500: system.cpu1 T0 : @_end+140737345584010    : lea	rax, DS:[rip + 0x224e07]
 671500: system.cpu1                T0 : @_end+140737345584010.  LEA_R_P : rdip   t7, %ctrl153,  : IntAlu :  D= : 0xtAlu :0000x
 671500: system.cpu1                T0 : @_end+140737345584010.  LEA_R_P : rdip   t7, %ctrl153,  : IntAlu :  D= : 0xtAlu :0000x
 684500:      system.cpu0 T0 : @_end+140737345584068. 1 :  672000:                system.cpu1 T0 : @_end+140737345584010. 1 :   LEA_R_P : lea   rsi, DS:[t7 + 0x5d5]07] : IntAlu :  : 0xIntAlu : 7ffd9d8
 684500:      system.cpu0 T0 : @_end+140737345584068. 1 :  672000:                system.cpu1 T0 : @_end+140737345584010. 1 :   LEA_R_P : lea   rsi, DS:[t7 + 0x5d5]07] : IntAlu :  : 0xIntAlu : 7ffd9d8
 672500: system.cpu1 T0 : @_end+140737345584017    : mov	DS:[rip + 0x224e28], rax
 672500: system.cpu1 T0 : @_end+140737345584075    : sal	rdx, 0x200000000000000
 672500: system.cpu1 T0 : @_end+140737345584075    : sal	rdx, 0x200000000000000
 673500: system.cpu1 T0 : @_end+140737345584024    : lea	rax, DS:[rip + 0xffffffffffffe421]
 673500: system.cpu1 T0 : @_end+140737345584024.00 :   LEA_R_P : rdip   t7, %ctrl153,  : IntAlu :  D=0x00007ffff7dd8bdf
 686500: system.cpu0 T0 :  674000: system.cpu1 T0 : @_end+140737345584081    : or	rax, rdx000000000000000
 686500: system.cpu0 T0 :  674000: system.cpu1 T0 : @_end+140737345584081    : or	rax, rdx000000000000000
 675000687000: system.cpu0:Tsystem.cpu1 T0 : @_end+140737345584084   @: ,_end+140737345584031    : mov	DS:[rip + 0x225132], rax
 675000: system.cpu1 .cpu0:Tsystem.cpu1 T0 : @_end+140737345584084   @: ,_end+140737345584031    : mov	DS:[rip + 0x225132], rax
 676500: system.cpu1 T0 : @_end+140737345584038    : lea	rax, DS:[rip + 0x22557b]
 676500: system.cpu1 T0 : @_end+140737345584038    : lea	rax, DS:[rip + 0x22557b]
 688000: system.cpu0 T0 : @_end+140737345584087    :  676500: system.cpu1000000000000000 T0 : mov	DS:[rip + 0x224252], rbp
 676500: system.cpu1 T0 : @_end+140737345584038    : lea	rax, DS:[rip + 0x22557b]
 688000: system.cpu0 T0 : @_end+140737345584087    :  676500: system.cpu1000000000000000 T0 : mov	DS:[rip + 0x224252], rbp
system.cpu1      T0 : @_end+140737345584038.1  :   LEA_R_P : lea   rax, DS:[t7 + 0x22557b] : IntAlu :  D=0x00007ffff7ffe168
 688500: system.cpu0 T0 : @_end+140737345584087.1  :  678000: system.cpu1                T0 :   MOV_P_R : st   rbp, DS:[t7 + 0x224252] : MemWrite :  D=0x00007fffffffee50 A=0x7ffff7ffce70
 688500: system.cpu0 T0 : @_end+140737345584087.1  :  678000: system.cpu1                T0 :   MOV_P_R : st   rbp, DS:[t7 + 0x224252] : MemWrite :  D=0x00007fffffffee50 A=0x7ffff7ffce70
 678000: system.cpu1 T0 : @_end+140737345584045.0  :   MOV_P_R : rdip   t7, %ctrl153,  : IntAlu :  D=0x00007ffff7dd8bf4
@_end+140737345584094    :  678500: system.cpu1                mov	DS:[rip + 0x224d83], rax0 689500: system.cpu04    :  678500: system.cpu1                mov	DS:[rip + 0x224d83], rax0 : @_end+140737345584045.1  :   MOV_P_R : st   rax, DS:[t7 + 0x22512c] : MemWrite :  D=0x00007ffff7ffe168 A=0x7ffff7ffdd20
 679500: system.cpu1 T0 : @_end+140737345584052    : lea	rax, DS:[rip + 0x1cb95]
@_end+140737345584094.1     :  : tem.cpu1 T0 : @_end+140737345584052.0  :   LEA_R_P : rdip   t7, %ctrl153,  : IntAlu :  D=0x00007ffff7dd8bfb
@_end+140737345584094.1     :  : tem.cpu1 T0 : @_end+140737345584052.0  :   LEA_R_P : rdip   t7, %ctrl153,  : IntAlu :  D=0x00007ffff7dd8bfb
 680000: system.cpu1 T0 : @_end+140737345584052.1  :   LEA_R_P : lea   rax, DS:[t7 + 0x1cb95] : IntAlu :  D=0x00007ffff7df5790
 681000: system.cpu1 T0 :  691000: system.cpu0 @1_end+140737345584059    : mov	DS:[rip + 0x225126], rax
 681000: system.cpu1                T0 : call	0x17956
 681500: system.cpu1 T0 : @_end+140737345584059.1  :   MOV_P_R : st   rax, DS:[t7 + 0x225126] : MemWrite :  D=691500: 0xstem.cpu0    14073735199 T0 : 7ffff7ffdd28
 682000: system.cpu1 T0 : @_end+140737345584066    : rdtsc	                    
@_end+140737345584101      .: system.cpu1 T0 : @_end+140737345584066.0  :   RDTSC : rdtsc   t1d, %ctrl26,  : IntAlu :  D=0x0000000000000554
@_end+140737345584101      .: system.cpu1 T0 : @_end+140737345584066.0  :   RDTSC : rdtsc   t1d, %ctrl26,  : IntAlu :  D=0x0000000000000554
683000 : 00000system.cpu1 T0 : @_end+140737345584066.02 :   RDTSC : srli   rdx, t1, 0x20 : IntAlu :  D=0x0000000000000000
 684000: system.cpu1 T0 : @_end+140737345584068    : lea	rsi, DS:[rip + 0x5d5]0
 684000: system.cpu1 T0 : @_end+140737345584068.00 :   LEA_R_P : rdip   t7, %ctrl153,  : IntAlu :  D=0x00007ffff7dd8c0b
 684500: system.cpu1 T0 : @_end+140737345584068.10 :   LEA_R_P : lea   rsi, DS:[t7 + 0x5d5] : IntAlu :  D=0x00007ffff7dd91e0
 685000: system.cpu1 T0 : @_end+140737345584075    : sal	rdx, 0x200000000000000
 685000: system.cpu1 T0 : @_end+140737345584075.00 :   SAL_R_I : slli   rdx, rdx, 0x20 : IntAlu :  D=0x0000000000000000
 686000: system.cpu1 T0 : @_end+140737345584079    : mov	eax, eax00000000000000
 686000: system.cpu1 T0 : @_end+140737345584079.00 :   MOV_R_R : mov   eax, eax, eax : IntAlu :  D=0x0000000000000554
 686500: system.cpu1 T0 : @_end+140737345584081    : or	rax, rdx000000000000000
 686500: system.cpu1 T0 : @_end+140737345584081.00 :   OR_R_R : or   rax, rax, rdx : IntAlu :  D=0x0000000000000000
 687000: system.cpu1 T0 : @_end+140737345584084    : mov	rdi, r1200000000000000
 687000: system.cpu1 T0 : @_end+140737345584084.00 :   MOV_R_R : mov   rdi, rdi, r12 : IntAlu :  D=0x00007fffffffee60
 688000: system.cpu1 T0 : @_end+140737345584087    : mov	DS:[rip + 0x224252], rbp
 688000: system.cpu1 T0 : @_end+140737345584087.00 :   MOV_P_R : rdip   t7, %ctrl153,  : IntAlu :  D=0x00007ffff7dd8c1e
 688500: system.cpu1 T0 : @_end+140737345584087.10 :   MOV_P_R : st   rbp, DS:[t7 + 0x224252] : MemWrite :  D=0x00007fffffffee50 A=0x7ffff7ffce70
 689500: system.cpu1 T0 : @_end+140737345584094    : mov	DS:[rip + 0x224d83], rax
 689500: system.cpu1 T0 : @_end+140737345584094.00 :   MOV_P_R : rdip   t7, %ctrl153,  : IntAlu :  D=0x00007ffff7dd8c25
 690000: system.cpu1 T0 : @_end+140737345584094.10 :   MOV_P_R : st   rax, DS:[t7 + 0x224d83] : MemWrite :  D=0x0000000000000554 A=0x7ffff7ffd9a8
 691000: system.cpu1 T0 : @_end+140737345584101    : call	0x1795600000000000000
 691000: system.cpu1 T0 : @_end+140737345584101.00 :   CALL_NEAR_I : limm   t1, 0x17956 : IntAlu :  D=0x0000000000017956
 691500: system.cpu1 T0 : @_end+140737345584101.10 :   CALL_NEAR_I : rdip   t7, %ctrl153,  : IntAlu :  D=0x00007ffff7dd8c2a
 692000: system.cpu1 T0 : @_end+140737345584101.20 :   CALL_NEAR_I : stis   t7, SS:[rsp + 0xfffffffffffffff8] : MemWrite :  D=0x00007ffff7dd8c2a A=0x7fffffffede8
 692500: system.cpu1 T0 : @_end+140737345584101.30 :   CALL_NEAR_I : subi   rsp, rsp, 0x8 : IntAlu :  D=0x00007fffffffede8
 693000: system.cpu1 T0 : @_end+140737345584101.40 :   CALL_NEAR_I : wrip   , t7, t1 : IntAlu : 
 693500: system.cpu1 T0 : @_end+140737345680704    : push	r15000000000000000000
 693500: system.cpu1000000000000000 T0 : sub	rax, 0x48
 693500: system.cpu1000000000000000 T0 : sub	rax, 0x48
 694000: system.cpu1 T0 : @_end+140737345680704.10 :   PUSH_R : subi   rsp, rsp, 0x8 : IntAlu :  D=0x00007fffffffede0
 694500: system.cpu1 T0 : @_end+140737345680706    : push	r14000000000000000000
 694500: system.cpu1 T0 :  701500: system.cpu0 T0 : @_end+140737345680706.00 :   PUSH_R : stis   r14, SS:[rsp + 0xfffffffffffffff8] : MemWrite :  D=0x00007ffff7dd7000 A=0x7fffffffedd8
 695000: system.cpu1 T0 : @_end+140737345680706.10 :   PUSH_R : subi   rsp, rsp, 0x8 : IntAlu :  D=0x00007fffffffedd8
 695500: system.cpu1 T0 : @_end+140737345680708    : push	r13000000000000000000
 695500: system.cpu1 T0 : @_end+140737345680708.00 :   PUSH_R : stis   r13, SS:[rsp + 0xfffffffffffffff8] : @0000000000000000000000000_end+14073734568072100007ffff7dd7a58 A : 14073748835067200000000000
 696000: system.cpu1 T0 : @_end+140737345680708.10 :   PUSH_R : subi   rsp, rsp, 0x8 : IntAlu :  D=0x00007fffffffedd0
 702500: system.cpu0 T0 : @_end+140737345680724    :  696500: system.cpu1000000000000000 T0 : mov	DS:[rip + 0x20c8d5], rdi
 702500: system.cpu0 T0 : @_end+140737345680724    :  696500: system.cpu1000000000000000 T0 : mov	DS:[rip + 0x20c8d5], rdi
 696500: system.cpu1000000000000000 T0 : @_end+140737345680710.00 :   PUSH_R : stis   r12, SS:[rsp + 0xfffffffffffffff8] : MemWrite : 0x0x00007fffffffee60 A=0x7df059b
 696500: system.cpu1000000000000000 T0 : @_end+140737345680710.00 :   PUSH_R : stis   r12, SS:[rsp + 0xfffffffffffffff8] : MemWrite : 0x0x00007fffffffee60 A=0x7df059b
 703000: system.cpu0 T0 :  697000: system.cpu1 T@ : d+140737345680724.01 : @0000000000000000000000000_end+140737345680710.10 :   PUSH_R : subi   rsp, rsp, 0x8 : IntAlu :  D=0x00007fffffffedc8
 703000: system.cpu0 T0 :  697000: system.cpu1 T@ : d+140737345680724.01 : @0000000000000000000000000_end+140737345680710.10 :   PUSH_R : subi   rsp, rsp, 0x8 : IntAlu :  D=0x00007fffffffedc8
 697500: system.cpu1 T0 : @_end+140737345680712    : mov	r12, rsi00000000000000
 697500: system.cpu1 T0 : @_end+140737345680712.00 :   MOV_R_R : mov   r12, r12, rsi : IntAlu :  D=0x00007ffff7dd91e0
 698000: system.cpu1 T0 : @_end+140737345680715    : push	rbp000000000000000000
 698000: system.cpu1 T0 : @_end+140737345680731    : @0000000000000000000000000_end+140737345680715.00 :   PUSH_R : stis   rbp, SS:[rsp + 0xfffffffffffffff8] : MemWrite :  D=0x00007fffffffee50 A=0x7fffffffedc0
 698000: system.cpu1 T0 : @_end+140737345680731    : @0000000000000000000000000_end+140737345680715.00 :   PUSH_R : stis   rbp, SS:[rsp + 0xfffffffffffffff8] : MemWrite :  D=0x00007fffffffee50 A=0x7fffffffedc0
 699000: system.cpu1 T0 : @_end+140737345680716    : push	rbx000000000000000000
 699000: system.cpu1 T0 :  704000: system.cpu0 T0 : @_end+140737345680716.00 :   PUSH_R : stis   rbx, SS:[rsp + 0xfffffffffffffff8] : MemWrite :  D=0x0000000000000001 A=0x7fffffffedb8
 699500: system.cpu1 T0 : @_end+140737345680716.10 :   PUSH_R : subi   rsp, rsp, 0x8 : IntAlu :  D=0x00007fffffffedb8
 700500: system.cpu1 T0 : @_end+140737345680717    : sub	rax, 0x48             7 700500: system.cpu1000000000000000 T0 : mov	DS:[rip + 0x20c6da], rdi
 705000: system.cpu1000000000000000 T0 : mov	DS:[rip + 0x20c6da], rdi
 701000: system.cpu1 T0 : @_end+140737345680717.10 :   SUB_R_I : sub   rsp, rsp, t1 : IntAlu :  D=0x0000000000000000
 705500: system.cpu0 T0 : @_end+140737345680735.10 :   MOV_P_R : st   rdi, DS:[t7 + 0x20c6da] : MemWrite :  D=0x00007fffffffee68 A=0x7ffff7ffcc80: 705500: system.cpu0 T0 : @_end+140737345680735.10 :   MOV_P_R : st   rdi, DS:[t7 + 0x20c6da] : MemWrite :  D=0x00007fffffffee68 A=0x7ffff7ffcc80: 00000system.cpu1 T0 : @_end+140737345680721    : mov	rax, DS:[rdi]000000000
 701500: system.cpu1 T0 : @_end+140737345680721.00 :   MOV_R_M : ld   rax, DS:[rdi] : MemRead :  D=0x0000000000000001 A=0x7fffffffee60
702500 : system.cpu1 T0 : @_end+140737345680724. 0 :   MOV_P_R : rdip   t7, %ctrl153,  : IntAlu :  D=0x00007ffff7df059b
 707000: system.cpu0 T0 : @_end+140737345680742.1  :  703000: system.cpu1                T0 :   MOV_P_R : st   eax, DS:[t7 + 0x20c6dc] : MemWrite :  D=0x0000000000000001 A=0x7ffff7ffcc88
 707000: system.cpu0 T0 : @_end+140737345680742.1  :  703000: system.cpu1                T0 :   MOV_P_R : st   eax, DS:[t7 + 0x20c6dc] : MemWrite :  D=0x0000000000000001 A=0x7ffff7ffcc88
 703500: system.cpu1 T0 :  707500: system.cpu0 T@ : d+140737345680731    : add	rax, 0x8              
 703500: system.cpu1                T0 : cdqe	rax
 707500: system.cpu1                T0 : cdqe	rax
 704000: system.cpu1                T0 D=0x0000000000000001
 704000: system.cpu1                T0 D=0x0000000000000001
 705000: system.cpu1 T0 : @_end+140737345680735    : mov	DS:[rip + 0x20c6da], rdi
 705000: system.cpu1 T0 : @_end+140737345680750    : @                         _end+140737345680735.0  :   MOV_P_R : rdip   t7, %ctrl153,  : IntAlu :  D=0x00007ffff7df05a6
 705000: system.cpu1 T0 : @_end+140737345680750    : @                         _end+140737345680735.0  :   MOV_P_R : rdip   t7, %ctrl153,  : IntAlu :  D=0x00007ffff7df05a6
 708500: system.cpu0 T0     : : system.cpu1 T0 : @_end+140737345680750.@ _end+140737345680735.1  :   MOV_P_R : st   rdi, DS:[t7 + 0x20c6da] : MemWrite :  D=0x00007fffffffee68 A=0x7ffff7ffcc80
 708500: system.cpu0 T0     : : system.cpu1 T0 : @_end+140737345680750.@ _end+140737345680735.1  :   MOV_P_R : st   rdi, DS:[t7 + 0x20c6da] : MemWrite :  D=0x00007fffffffee68 A=0x7ffff7ffcc80
 706500: system.cpu1 T0 : @_end+140737345680742    : mov	DS:[rip + 0x20c6dc], eax
 706500: system.cpu1 T0 : 709500: system.cpu0 T0 : @_end+140737345680742.0  :   MOV_P_R : rdip   t7d, %ctrl153,  : IntAlu :  D=0x00007ffff7df05ac
 706500: system.cpu1 T0 : 709500: system.cpu0 T0 : @_end+140737345680742.0  :   MOV_P_R : rdip   t7d, %ctrl153,  : IntAlu :  D=0x00007ffff7df05ac
 707500: system.cpu1 T0 : @_end+140737345680748    : cdqe	rax                  
 707500: system.cpu1 T0 : @_end+140737345680755.1  : @                         _end+140737345680748.0  :   CDQE_R : sexti   rax, rax, 0x1f : IntAlu :  D=0x0000000000000001
 707500: system.cpu1 T0 : @_end+140737345680755.1  : @                         _end+140737345680748.0  :   CDQE_R : sexti   rax, rax, 0x1f : IntAlu :  D=0x0000000000000001
 710500: system.cpu0 T0 : @_end+140737345680762    708500: system.cpu1 T0 : @_end+140737345680750    : lea	rax, DS:[8*rax + rdi + 0x8]
 708500: system.cpu1 T0 : @_end+140737345680762    708500: system.cpu1 T0 : @_end+140737345680750    : lea	rax, DS:[8*rax + rdi + 0x8]
 709500: system.cpu1 T0 : @_end+140737345680755    : mov	DS:[rip + 0x20db46], rax
 709500: system.cpu1 T0 : @_end+140737345680762.1  : @                         _end+140737345680755.0  :   MOV_P_R : rdip   t7, %ctrl153,  : IntAlu :  D=0x00007ffff7df05ba
 709500: system.cpu1 T0 : @_end+140737345680762.1  : @                         _end+140737345680755.0  :   MOV_P_R : rdip   t7, %ctrl153,  : IntAlu :  D=0x00007ffff7df05ba
 710000: system.cpu1 T0 :  711500: system.cpu0 T0 : @_end+140737345680755.1  :   MOV_P_R : st   rax, DS:[t7 + 0x20db46] : MemWrite :  D=0x00007fffffffee78 A=0x@
 710000: system.cpu1 T0 :  711500: system.cpu0 T0 : @_end+140737345680755.1  :   MOV_P_R : st   rax, DS:[t7 + 0x20db46] : MemWrite :  D=0x00007fffffffee78 A=0x@
 710500: system.cpu1 T0 : @_end+140737345680762    : cmp	DS:[rax], 0           
 :  710500: system.cpu1 T0 : @_end+140737345680766   @_end+140737345680762.0  :   CMP_M_I : limm   t2, 0   : IntAlu :  D=0x0000000000000000
 :  710500: sym.cpu1 T0 :  : @_end+140737345680766   @_end+140737345680762.0  :   CMP_M_I : limm   t2, 0   : IntAlu :  D=0x0000000000000000
 711500: system.cpu1 T0 : @_end+140737345680762.2  :   CMP_M_I : sub   t0, t1, t2 : IntAlu :  D=0x0000000000000000
 712000: system.cpu1 T0 : @_end+140737345680766    : jz	0xa                    
 713500: system.cpu0 T0 : @_end+140737345680778    :  713000: system.cpu1                T0 : @_end+140737345680766.2  :   JZ_I : wrip   , t1, t2  lea	rdx, DS:[rax + 0x8]   
 713500: system.cpu0 T0 : @_end+140737345680778    :  713000: system.cpu1                T0 : @_end+140737345680766.2  :   JZ_I : wrip   , t1, t2  lea	rdx, DS:[rax + 0x8]   
 713500: system.cpu1 T0 : @_end+140737345680778    : lea	rdx, DS:[rax + 0x8]   
 713500: system.cpu1 T0 : @_end+140737345680778.0  :   LEA_R_M : lea   rdx, DS:[rax + 0x8] : IntAlu :  D=0x00007fffffffee80
 715500: system.cpu0 T0 : @_end+140737345680786    :  715500: system.cpu1                T0 : lea	rsi, DS:[rip + 0xfffffffffffe7657]
 715500: system.cpu0 T0 : @_end+140737345680786    :  715500: system.cpu1                T0 : lea	rsi, DS:[rip + 0xfffffffffffe7657]
 715500: system.cpu1                T0 :   LEA_R_P : rdip   t7, %ctrl153,  : IntAlu@:   D=0x 00140000000000 :   715500: system.cpu1                T0 :   LEA_R_P : rdip   t7, %ctrl153,  : IntAlu@:   D=0x 00140000000000 :   LEA_R_P : rdip   t7, %ctrl153,  : IntAlu :  D=0x00007ffff7df05d9
 716000: system.cpu0 T0 : @_end+140737345680786.1  :  716000: system.cpu1                T0 : @_end+140737345680786.1  :   LEA_R_P : lea   rsi, DS:[t7 + 0xfffffffffffe7657] : IntAlu :  D=0x00007ffff7dd7c30
 717000: system.cpu0 T0 : @_end+140737345680793    :  717000: system.cpu1                T0 : mov	DS:[rip + 0x20c6c4], 0
 717000: system.cpu0 T0 : @_end+140737345680793    :  717000: system.cpu1                T0 : mov	DS:[rip + 0x20c6c4], 0
 717000: system.cpu1                T0 :   MOV_P_I : rdip   t7, %ctrl153,  : IntAlu :  D=0x00007ffff7df05e4
 717000: system.cpu1                T0 :   MOV_P_I : rdip   t7, %ctrl153,  : IntAlu :  D=0x00007ffff7df05e4
 717500: system.cpu0 T0 : @_end+140737345680793.1  :  717500: system.cpu1                T0 :   MOV_P_I : limm   t1, 0 : IntAlu :  D=0x0000000000000000
 717500: system.cpu0 T0 : @_end+140737345680793.1  :  717500: system.cpu1                T0 :   MOV_P_I : limm   t1, 0 : IntAlu :  D=0x0000000000000000
 718000: system.cpu1 T0 : @_end+140737345680793.2  :   MOV_P_I : st   t1, DS:[t7 + 0x20c6c4] : MemWrite :  D=0x0000000000000000 A=0x7ffff7ffcca8
 719000: system.cpu0 T0 :  719000: system.cpu1 T0 : @_end+140737345680804    : @                         _end+140737345680804    : mov	DS:[rip + 0x20c71d], rdx
 719000: system.cpu0 T0 :  719000: system.cpu1 T0 : @_end+140737345680804    : @                         _end+140737345680804    : mov	DS:[rip + 0x20c71d], rdx
 719000: system.cpu1                T0 :   MOV_P_R : rdip   t7, %ctrl153,  : IntAlu :  D=0x00007ffff7df05eb
 719000: system.cpu1                T0 :   MOV_P_R : rdip   t7, %ctrl153,  : IntAlu :  D=0x00007ffff7df05eb
 719500: system.cpu0 T0 : @_end+140737345680804.1  :  719500: system.cpu1                T0 :   MOV_P_R : st   rdx, DS:[t7 + 0x20c71d] : MemWrite :  D=0x00007fffffffee80 A=0x7ffff7ffcd08
 719500: system.cpu0 T0 : @_end+140737345680804.1  :  719500: system.cpu1                T0 :   MOV_P_R : st   rdx, DS:[t7 + 0x20c71d] : MemWrite :  D=0x00007fffffffee80 A=0x7ffff7ffcd08
 720000: system.cpu0 T0 :  720000: system.cpu1 T0 : @_end+140737345680811    : @                         _end+140737345680811    : mov	DS:[rsp + 0x38], rsi  
 720000: system.cpu0 T0 :  720000: system.cpu1 T0 : @_end+140737345680811    : @                         _end+140737345680811    : mov	DS:[rsp + 0x38], rsi  
 720000: system.cpu1                T0 : @ MOV_M_R : st   rsi, DS:[rsp + 0x38]_enMemWrite : 0  :   MOV_M_R : st   rsi, DS:[rsp + 0x38]	DS :     Me     ers          00x00007ffff7dd7c30 A=0x7fffffffeda87 720000: system.cpu1                T0 : @ MOV_M_R : st   rsi, DS:[rsp + 0x38]_enMemWrite : 0  :   MOV_M_R : st   rsi, DS:[rsp + 0x38]	DS :     Me     ers          00x00007ffff7dd7c30 A=0x7fffffffeda87fffffffeda8
 720500: system.cpu1 T0 : @_end+140737345680816    : test	rax, rax             
 720500: system.cpu1 T0 : @_end+140737345680816    : test	rax, rax             
 720500: system.cpu1 T0 : @_end+140737345680816    : test	rax, rax             
 721500: system.cpu0 T0 : @_end+140737345680819.0  :   JZ_I : rdip   t1, %ctrl153,  72IntAlu : : system.cpu1            0x      T                 0 : 7ffff7df05f9
 723000: system.cpu0 T0 : @_end+140737345680825    :  722500: system.cpu1                T0 : @_end+140737345680819.2  : mov	rbx, DS:[rip + 0x20c6f8]
 723000: system.cpu0 T0 : @_end+140737345680825    :  722500: system.cpu1                T0 : @_end+140737345680819.2  : mov	rbx, DS:[rip + 0x20c6f8]
system.cpu1 T0 : @_end+140737345680825    : mov	rbx, DS:[rip + 0x20c6f8]
@_end+14: 37345680825.+system.cpu110 :                        @_end+140737345680825.0  :   MOV_R_P : rdip   t7, %ctrl153,  : IntAlu :  D=0x00007ffff7df0600
@_end+14: 37345680825.+system.cpu110 :                        @_end+140737345680825.0  :   MOV_R_P : rdip   t7, %ctrl153,  : IntAlu :  D=0x00007ffff7df0600
 723500: system.cpu1 T0 : @_end+140737345680825.1  :   MOV_R_P : ld   rbx, DS:[t7 + 0x20c6f8] : MemRead :  D=0x0000000000000000 A=0x7ffff7ffccf8
 723500: system.cpu1 T0 : @_end+140737345680825.1  :   MOV_R_P : ld   rbx, DS:[t7 + 0x20c6f8] : MemRead :  D=0x0000000000000000 A=0x7ffff7ffccf8
 724000: system.cpu0 T0 : 724000: system.cpu1 T0 : @_end+140737345680832. 0 : @                         _end+140737345680832    : mov	r15, DS:[rip + 0x20c6b1]
 724000: system.cpu0 T0 : 724000: system.cpu1 T0 : @_end+140737345680832. 0 : @                         _end+140737345680832    : mov	r15, DS:[rip + 0x20c6b1]
 724500: system.cpu0 T0 : @_end+140737345680832.1  :  724500: system.cpu1                T0 :   MOV_R_P : ld   r15, DS:[t7 + 0x20c6b1] : MemRead :  D=0x0000000000001000 A=0x7ffff7ffccb8
 724500: system.cpu0 T0 : @_end+140737345680832.1  :  724500: system.cpu1                T0 :   MOV_R_P : ld   r15, DS:[t7 + 0x20c6b1] : MemRead :  D=0x0000000000001000 A=0x7ffff7ffccb8
 725500: system.cpu0 T0 :  725500: system.cpu1 T0 : @_end+140737345680839    : @                         _end+140737345680839    : lea	rcx, DS:[rip + 0x5b02]
 725500: system.cpu0 T0 :  725500: system.cpu1 T0 : @_end+140737345680839    : @                         _end+140737345680839    : lea	rcx, DS:[rip + 0x5b02]
 725500: system.cpu1                T0 :   LEA_R_P : rdip   t7, %ctrl153,  : IntAlu :  D=0x00007ffff7df060e
 725500: system.cpu1                T0 :   LEA_R_P : rdip   t7, %ctrl153,  : IntAlu :  D=0x00007ffff7df060e
 726000: system.cpu0 T0 : @_end+140737345680839.1  :  726000: system.cpu1                T0 : @_end+140737345680839.1  :   LEA_R_P : lea   rcx, DS:[t7 + 0x5b02] : IntAlu :  : IntAlu D=0x D=              0x
 726000: system.cpu0 T0 : @_end+140737345680839.1  :  726000: system.cpu1                T0 : @_end+140737345680839.1  :   LEA_R_P : lea   rcx, DS:[t7 + 0x5b02] : IntAlu :  : IntAlu D=0x D=              0x
 727000: system.cpu1                T0 :   MOV_R_P : rdip   t7d, %ctrl153,  : IntAlu :  D=0x00007ffff7df0615
 727000: system.cpu1                T0 :   MOV_R_P : rdip   t7d, %ctrl153,  : IntAlu :  D=0x00007ffff7df0615
 727500: system.cpu0 T0 : @_end+140737345680846.1  :  727500: system.cpu1                T0 :   MOV_R_P : ld   r11d, DS:[t7 + 0x20c863] : MemRead :  D=0x0000000000000000 A=0x7ffff7ffce78
 727500: system.cpu0 T0 : @_end+140737345680846.1  :  727500: system.cpu1                T0 :   MOV_R_P : ld   r11d, DS:[t7 + 0x20c863] : MemRead :  D=0x0000000000000000 A=0x7ffff7ffce78
 728500: system.cpu1 T0 : @_end+140737345680853    :  729000: system.cpu0                T0 : mov	DS:[rsp + 0x2f], 0
 728500: system.cpu1 T0 : @_end+140737345680853    :  729000: system.cpu0                T0 : mov	DS:[rsp + 0x2f], 0
 729500: system.cpu0 T0 : @_end+140737345680858    :  729000: system.cpu1  x            
 729500: system.cpu1 T0 : @_end+140737345680858    : xor	r8d, r8d              
 729500: system.cpu1                T0 : mov	DS:[rsp + 0x2e], 0
 729500: system.cpu1                T0 : mov	DS:[rsp + 0x2e], 0
 730500: system.cpu1 T0 : @_end+140737345680861    : mov	DS:[rsp + 0x2e], 0    
 730500: system.cpu1 @0.1 : @                         _end+140737345680861.0  :   MOV_M_I : limm   t1b, 0  : IntAlu :  D=0x00007ffff7df0500
 730500: system.cpu1 @0.1 : @                         _end+140737345680861.0  :   MOV_M_I : limm   t1b, 0  : IntAlu :  D=0x00007ffff7df0500
 731000: system.cpu1 T0 : @_end+140737345680861.1  :   MOV_M_I : st   t1b, DS:[rsp + 0x2e] : MemWrite :  D=0x0000000000000000 A=0x7fffffffed9e
 731500: system.cpu1 T0 : @_end+140737345680866    : mov	DS:[rsp + 0x2d], 0    
 731500: system.cpu1                T0 :   MOV_M_I : limm   t1b, 0 : IntAlu :  D=0x00007ffff7df0500
 731500: system.cpu1                T0 :   MOV_M_I : limm   t1b, 0 : IntAlu :  D=0x00007ffff7df0500
 732000: system.cpu0 T0 : @_end+140737345680866.1  :  732000: system.cpu1                T0 :   MOV_M_I : st   t1b, DS:[rsp + 0x2d] : MemWrite :  D=0x0000000000000000 A=0x7fffffffed9d
 732000: system.cpu0 T0 : @_end+140737345680866.1  :  732000: system.cpu1                T0 :   MOV_M_I : st   t1b, DS:[rsp + 0x2d] : MemWrite :  D=0x0000000000000000 A=0x7fffffffed9d
 733000: system.cpu0 T0 :  733000: system.cpu1 T0 : @_end+140737345680871    : @                         _end+140737345680871    : xor	r10d, r10d            
 733000: system.cpu0 T0 :  733000: system.cpu1 T0 : @_end+140737345680871    : @                         _end+140737345680871    : xor	r10d, r10d            
 733000: system.cpu1                T0 :   XOR_R_R : xor   r10d, r10d, r10d : IntAlu@_end+140737345680871 D=0  : 0000000000000000
 733000: system.cpu1                T0 :   XOR_R_R : xor   r10d, r10d, r10d : IntAlu@_end+140737345680871 D=0  : 0000000000000000
 733500: system.cpu0 T0 : @_end+140737345680874    :  733500: system.cpu1 T0 : @_end+140737345680874    : mov	SS:[rsp], rbx         
 733500: system.cpu0 T0 : @_end+140737345680874    :  733500: system.cpu1 T0 : @_end+140737345680874    : mov	SS:[rsp], rbx         
 733500: system.cpu1                T0 :   MOV_M_R : st   rbx, SS:[rsp] : MemWrite :  D=0x000000000000000@_end+1407373456808 733500: system.cpu1                T0 :   MOV_M_R : st   rbx, SS:[rsp] : MemWrite :  D=0x000000000000000@_end+140737345680874.0  :   MOV_M_R : st   rbx, SS:[rsp] : MemWrite :  D=0x0000000000000000 A=0x7fffffffed70
 734500: system.cpu1 T0 :  734500: system.cpu0 T0 : @_end+140737345680878    : @                         _end+140737345680878    : mov	rbx, DS:[rip + 0x20c77b]
 734500: system.cpu1 T0 :  734500: system.cpu0 T0 : @_end+140737345680878    : @                         _end+140737345680878    : mov	rbx, DS:[rip + 0x20c77b]
 735500: system.cpu1 T0 : @_end+140737345680885    :  735500: system.cpu0                T0 : xor	r9d, r9d
 735500: system.cpu1 T0 : @_end+140737345680885    :  735500: system.cpu0                T0 : xor	r9d, r9d
 736000: system.cpu1 T0 :  736000: system.cpu0 T0 : @_end+140737345680888    : @                         _end+140737345680888    : mov	DS:[rsp + 0x2c], 0    
 736000: system.cpu1 T0 :  736000: system.cpu0 T0 : @_end+140737345680888    : @                         _end+140737345680888    : mov	DS:[rsp + 0x2c], 0    
 736500: system.cpu1 T0 : @_end+140737345680888.1  :  736500: system.cpu0                T0 :   MOV_M_I : st   t1b, DS:[rsp + 0x2c] : MemWrite :  D=0x0000000000000000 A=0x7fffffffed9c
 736500: system.cpu1 T0 : @_end+140737345680888.1  :  736500: system.cpu0                T0 :   MOV_M_I : st   t1b, DS:[rsp + 0x2c] : MemWrite :  D=0x0000000000000000 A=0x7fffffffed9c
 737500: system.cpu1 T0 : @_end+140737345680893    :  737500: system.cpu0                T0 : mov	DS:[rsp + 0x29], 0
 737500: system.cpu1 T0 : @_end+140737345680893    :  737500: system.cpu0                T0 : mov	DS:[rsp + 0x29], 0
 738000: system.cpu0 T0 :  738000: system.cpu1 T0 : d+140737345680893.1  : @                         _end+140737345680893.1  :   MOV_M_I : st   t1b, DS:[rsp + 0x29] : MemWrite :  D=0x0000000000000000 A=0x7fffffffed99
 738000: system.cpu0 T0 :  738000: system.cpu1 T0 : d+140737345680893.1  : @                         _end+140737345680893.1  :   MOV_M_I : st   t1b, DS:[rsp + 0x29] : MemWrite :  D=0x0000000000000000 A=0x7fffffffed99
 738500: system.cpu1                T  :  : IntAlu :  D=0x0000000000000000
 738500: system.cpu1                T  :  : IntAlu :  D=0x0000000000000000
 739000: system.cpu0 T0 : @_end+140737345680901    :  739000: system.cpu1                T0 : xor	r14d, r14d
 739000: system.cpu0 T0 : @_end+140737345680901    :  739000: system.cpu1                T0 : xor	r14d, r14d
 739000: system.cpu1                T0 :   XOR_R_R : xor   r14d, r14d, r14d : IntAlu : @0xnd+14073734568090100
 739000: system.cpu1                T0 :   XOR_R_R : xor   r14d, r14d, r14d : IntAlu : @0xnd+14073734568090100
 739500: system.cpu0 T0 : @_end+140737345680904    :  739500: system.cpu1                T0 : xor	edi, edi
 739500: system.cpu1 T0 : @_end+140737345680904.0  :   XOR_R_R : xor   edi, edi, edi : IntAlu :  D=0x0000000000000000
 740000: system.cpu1 T0 : @_end+140737345680906    : xor	ebp, ebp              
 740000: system.cpu1                T0 :   XOR_R_R : xor   ebp, ebp, ebp : IntAlu :  D=0x0000000000000000
 740000: system.cpu1                T0 :   XOR_R_R : xor   ebp, ebp, ebp : IntAlu :  D=0x0000000000000000
 741000: system.cpu0 T0 :  741000: system.cpu1@_end+140737345680908    : @_end+140737345680908    : mov	DS:[rsp + 0x8], rbx   
 741000: system.cpu0 T0 :  741000: system.cpu1@_end+140737345680908    : @_end+140737345680908    : mov	DS:[rsp + 0x8], rbx   
 741000: system.cpu1                T0 : @ MOV_M_R : st   rbx, DS:[rsp + 0x8]_enMemWrite345680908. : 0  :   MOV_M_R : st   rbx, DS:[rsp + 0x8]x8] : MemWrite             0x D=0x00000000000000 A=0x0000000000000000 A=0xfffed78
 741000: system.cpu1                T0 : @ MOV_M_R : st   rbx, DS:[rsp + 0x8]_enMemWrite345680908. : 0  :   MOV_M_R : st   rbx, DS:[rsp + 0x8]x8] : MemWrite             0x D=0x00000000000000 A=0x0000000000000000 A=0xfffed78
 741500: system.cpu1 T0 : @_end+140737345680913    :  741500: system.cpu0 T0 : mov	ebx, DS:[rip + 0x20c681]
 741500: system.cpu1 T0 : @_end+140737345680913    :  741500: system.cpu0 T0 : mov	ebx, DS:[rip + 0x20c681]
 742000: system.cpu1 T0 : @_end+140737345680913.1  :  742000: system.cpu0                T0 :   MOV_R_P : ld   ebx, DS:[t7 + 0x20c681] : MemRead :  D=0x0000000000000000 A=0x7ffff7ffccd8
 742000: system.cpu1 T0 : @_end+140737345680913.1  :  742000: system.cpu0                T0 :   MOV_R_P : ld   ebx, DS:[t7 + 0x20c681] : MemRead :  D=0x0000000000000000 A=0x7ffff7ffccd8
 743000: system.cpu1 T0 : @_end+140737345680919    :  743000: system.cpu0                T0 : mov	DS:[rsp + 0x14], rbx
 743000: system.cpu1 T0 : @_end+140737345680919    :  743000: system.cpu0                T0 : mov	DS:[rsp + 0x14], rbx
 744000: system.cpu1 T0 :  744000: system.cpu0 T0 : @_end+140737345680923    : @                         _end+140737345680923    : movzx	ebx, DS:[rip + 0x20c68e]
 744000: system.cpu1 T0 :  744000: system.cpu0 T0 : @_end+140737345680923    : @                         _end+140737345680923    : movzx	ebx, DS:[rip + 0x20c68e]
 744500: system.cpu1 T0 : @_end+140737345680923.1  :  744500: system.cpu0                T0 :   MOVZX_W_R_P : ld   t1w, DS:[t7 + 0x20c68e] : MemRead :  D=0x00007ffff7df037f A=0x7ffff7ffccf0
 744500: system.cpu1 T0 : @_end+140737345680923.1  :  744500: system.cpu0                T0 :   MOVZX_W_R_P : ld   t1w, DS:[t7 + 0x20c68e] : MemRead :  D=0x00007ffff7df037f A=0x7ffff7ffccf0
system.cpu1 T0 : @_end+140737345680923.2  :  745000: system.cpu0                T0 : @_end+140737345680923.2  :   MOVZX_W_R_P : zexti   ebx, t1d, 0xf : IntAlu :  D=0x000000000000037f
system.cpu1 T0 : @_end+140737345680923.2  :  745000: system.cpu0                T0 : @_end+140737345680923.2  :   MOVZX_W_R_P : zexti   ebx, t1d, 0xf : IntAlu :  D=0x000000000000037f
 745500: system.cpu0 T0 : @_end+140737345680930   745: system.cpu1 T0 : mov	DS:[rsp + 0x2a], rbx
 745500: system.cpu0 T0 : @_end+140737345680930   745: system.cpu1 T0 : mov	DS:[rsp + 0x2a], rbx
 745500: system.cpu1                T0 :   MOV_M_R : st   bx, DS:[rsp + 0x2a] : MemWrite :  D=0x000000000000037f A=0x7_end+140737
 745500: system.cpu1                T0 :   MOV_M_R : st   bx, DS:[rsp + 0x2a] : MemWrite :  D=0x000000000000037f A=0x7_end+140737
 746500: system.cpu0 T0 :  746500: system.cpu1 T0 : @_end+140737345680935    : @                         _end+140737345680935    : mov	rbx, DS:[rip + 0x20c732]
 746500: system.cpu0 T0 :  746500: system.cpu1 T0 : @_end+140737345680935    : @                         _end+140737345680935    : mov	rbx, DS:[rip + 0x20c732]
 746500: system.cpu1                T0 :   MOV_R_P : rdip   t7, %ctrl153,  : IntAlu :  D=0x00007ffff7df066e
 746500: system.cpu1                T0 :   MOV_R_P : rdip   t7, %ctrl153,  : IntAlu :  D=0x00007ffff7df066e
 747000: system.cpu0 T0 :  747000: system.cpu1 @_end+14073734568093501  : @                         _end+140737345680935.1  :   MOV_R_P : ld   rbx, DS:[t7 + 0x20c732] : MemRead :  D=0x0000000000000000 A=0x7ffff7ffcda0
 747000: system.cpu0 T0 :  747000: system.cpu1 @_end+14073734568093501  : @                         _end+140737345680935.1  :   MOV_R_P : ld   rbx, DS:[t7 + 0x20c732] : MemRead :  D=0x0000000000000000 A=0x7ffff7ffcda0
 748000: system.cpu0 T0 :  748000: system.cpu1@_end+1407373456809420 : @                         _end+140737345680942    : mov	DS:[rsp + 0x18], rbx  
 748000: system.cpu0 T0 :  748000: system.cpu1@_end+1407373456809420 : @                         _end+140737345680942    : mov	DS:[rsp + 0x18], rbx  
 748000: system.cpu1                T0 :   MOV_M_R : st   rbx, DS:[rsp + 0x18] : MemWrite :  D=0x0000000000000000 A=0x140737345680942.0 ffffffed88
 748000: system.cpu1                T0 :   MOV_M_R : st   rbx, DS:[rsp + 0x18] : MemWrite :  D=0x0000000000000000 A=0x140737345680942.0 ffffffed88
 749000: system.cpu0 T0 :  749000: system.cpu1 T0 : @_end+140737345680947    : @                         _end+140737345680947    : mov	rbx, DS:[rip + 0x20c7ee]
 749000: system.cpu0 T0 :  749000: system.cpu1 T0 : @_end+140737345680947    : @                         _end+140737345680947    : mov	rbx, DS:[rip + 0x20c7ee]
 749000: system.cpu1                T0 :   MOV_R_P : rdip   t7, %ctrl153,  : IntAlu :  D=0x00007ffff7df067a
 749000: system.cpu1                T0 :   MOV_R_P : rdip   t7, %ctrl153,  : IntAlu :  D=0x00007ffff7df067a
 749500: system.cpu0 T0 : @_end+140737345680947.1  :  749500: system.cpu1                T0 :   MOV_R_P : ld   rbx, DS:[t7 + 0x20c7ee] : MemRead :  D=0x00000 749500: system.cpu0 T0 : @_end+140737345680947.1  :  749500: system.cpu1                T0 :   MOV_R_P : ld   rbx, DS:[t7 + 0x20c7ee] : MemRead :  D=0x000000000000000@_end+140737345680947.1  :   MOV_R_P : ld   rbx, DS:[t7 + 0x20c7ee] : MemRead :  D=0x0000000000000000 A=0x7ffff7ffce68
 750000: system.cpu0 T0 : @_end+140737345680954    :  750000: system.cpu1                T0 : mov	DS:[rsp + 0x20], rbx
 750000: system.cpu0 T0 : @_end+140737345680954    :  750000: system.cpu1                T0 : mov	DS:[rsp + 0x20], rbx
 750000: system.cpu1                T0 : @ MOV_M_R : st   rbx, DS:[rsp + 0x20] : _end+140 : 345680954.0  :   MOV_M_R : st   rbx, DS:[rsp + 0x20]: m M               0x0000000000000000 A=0x A=0xfffed90
 750000: system.cpu1                T0 : @ MOV_M_R : st   rbx, DS:[rsp + 0x20] : _end+140 : 345680954.0  :   MOV_M_R : st   rbx, DS:[rsp + 0x20]: m M               0x0000000000000000 A=0x A=0xfffed90
 751000: system.cpu0 T0 :  751000: system.cpu1 T@ : d+140737345680959    : @                         _end+140737345680959    : xor	ebx, ebx              
 751000: system.cpu0 T0 :  751000: system.cpu1 T@ : d+140737345680959    : @                         _end+140737345680959    : xor	ebx, ebx              
 751000: system.cpu1                T0 :  _end+140737345680959, ebx, ebx : .IntAlu0  :   XOR_R_R : xor   ebx, ebx, ebx : 0xtAl D=0000000000000
 751000: system.cpu1                T0 :  _end+140737345680959, ebx, ebx : .IntAlu0  :   XOR_R_R : xor   ebx, ebx, ebx : 0xtAl D=0000000000000
 751500: system.cpu1 T0 : @_end+140737345680961.00 :   HINT_NOP : fault   No Fault : No_OpClass : 
 752000: system.cpu0 T0 : @_end+140737345680968    :  752000: system.cpu1000000000000000 T0 : s_end+140737345680968    : 
 752000: system.cpu0 T0 : @_end+140737345680968    :  752000: system.cpu1000000000000000 T0 : s_end+140737345680968    : 
 752000: system.cpu1000000000000000 T0 :   SUB_R_I : limm   t1, 0x3 : IntAlu :  D=0x0000000000000003
 752000: system.cpu1000000000000000 T0 :   SUB_R_I : limm   t1, 0x3 : IntAlu :  D=0x0000000000000003
 752500: system.cpu0 T0 : @_end+140737345680968.10 :  752500: system.cpu1000000000000000 T0 :   SUB_R_I : sub   rax, rax, t1 : IntAlu :  D=0x000000000000000@_ 752500: system.cpu0 T0 : @_end+140737345680968.10 :  752500: system.cpu1000000000000000 T0 :   SUB_R_I : sub   rax, rax, t1 : IntAlu :  D=0x000000000000000@_end+140737345680968.10 :   SUB_R_I : sub   rax, rax, t1 : IntAlu :  D=0x0000000000000000
 753000: system.cpu1 T0 :       @: system.cpu0345680972    :  T0 : @_end+140737345680972    : cmp	rax, 0x1e0000000000000
 753000: system.cpu1 T0 :       @: system.cpu0345680972    :  T0 : @_end+140737345680972    : cmp	rax, 0x1e0000000000000
: system.cpu1 T0 : @_end+140737345680972.10 :  753500: system.cpu0000000000000000 T0 :   CMP_R_I : sub   t0, rax, t1 : IntAlu@_end+140737345680972. D :   CMP_R_I : sub   t0, rax, t1               0        0x00000000000000000: system.cpu1 T0 : @_end+140737345680972.10 :  753500: system.cpu0000000000000000 T0 :   CMP_R_I : sub   t0, rax, t1 : IntAlu@_end+140737345680972. D :   CMP_R_I : sub   t0, rax, t1               0        0x000000000000000000000000000000000
 754000: system.cpu0 T0 :  754000: system.cpu1 T0 : @_end+140737345680976    : @0000000000000000000000000_end+140737345680976   jnbe	0x1e
 754000: system.cpu0 T0 :  754000: system.cpu1 T0 : @_end+140737345680976    : @0000000000000000000000000_end+140737345680976   jnbe	0x1e
 754000: system.cpu1000000000000000 T0 :   JNBE_I : rdip   t1, %ctrl153, _enIntAlu 000x7ffff7df06920000
 tI 754000: system.cpu1000000000000000 T0 :   JNBE_I : rdip   t1, %ctrl153, _enIntAlu 000x7ffff7df06920000
 754500: system.cpu0 T0 : @_end+140737345680976.10 :  754500: system.cpu1000000000000000 T0 :   JNBE_I : limm   t2, 0x1e : IntAlu@:  D=_end+1407373456809760x000000000000001e
 754500: system.cpu0 T0 : @_end+140737345680976.10 :  754500: system.cpu1000000000000000 T0 :   JNBE_I : limm   t2, 0x1e : IntAlu@:  D=_end+1407373456809760x000000000000001e
 755000: system.cpu0 T0 : @_end+140737345680976.20 :  755000: system.cpu1000000000000000 T0 :   JNBE_I : wrip   , t1, t2 : IntAlu : 
 755000: system.cpu0 T0 : @_end+140737345680976.20 :  755000: system.cpu1000000000000000 T0 :   JNBE_I : wrip   , t1, t2 : IntAlu : 
 755500: system.cpu0 T0 :  755500@system.cpu1 end+140737345680978    : T0 : @_end+140737345680978    : movsxd	rax, DS:[4*rax + rcx]
 755500: system.cpu0 T0 :  755500@system.cpu1 end+140737345680978    : T0 : @_end+140737345680978    : movsxd	rax, DS:[4*rax + rcx]
 755500: system.cpu1000000000000000 T0 : @_end+140737345680978.00 :   MOVSXD_R_M : ld   t1d, DS:[4*rax + rcx] : MemRead :  D=0x00000000ffffa590 A=0x7ffff7df6188
 755500: system.cpu1000000000000000 T0 : @_end+140737345680978.00 :   MOVSXD_R_M : ld   t1d, DS:[4*rax + rcx] : MemRead :  D=0x00000000ffffa590 A=0x7ffff7df6188
@_end+140737345680978.10 :  756000: system.cpu1000000000000000 T0 :   MOVSXD_R_M : sexti   rax, t1, 0x1f : IntAlu :  D=0xf00000000000000@_@_end+140737345680978.10 :  756000: system.cpu1000000000000000 T0 :   MOVSXD_R_M : sexti   rax, t1, 0x1f : IntAlu :  D=0xf00000000000000@_end+140737345680978.10 :   MOVSXD_R_M : sexti   rax, t1, 0x1f : IntAlu :  D=0xffffffffffffa590
 757000: system.cpu0 T0 :  757000: system.cpu1 T0 : @_end+140737345680982    : @0000000000000000000000000_end+140737345680982    : add	rax, rcx00000000000000
 757000: system.cpu0 T0 :  757000: system.cpu1 T0 : @_end+140737345680982    : @0000000000000000000000000_end+140737345680982    : add	rax, rcx00000000000000
 757000: system.cpu1000000000000000 T0 :   ADD_R_R : add   rax, rax, rcx : IntAlu :  D=0x0_end+140737345680982.
 757000: system.cpu1000000000000000 T0 :   ADD_R_R : add   rax, rax, rcx : IntAlu :  D=0x0_end+140737345680982.
 757500757500: stem.cpu1 s0 T0 : @_end+140737345680985    : @                         _end+140737345680985    : jmp	rax                   
 757500: system.cpu1 Tu1 s0 T0 : @_end+140737345680985    : @                         _end+140737345680985    : jmp	rax                   
 758000: system.cpu1 T0 :  758 00: @Tsystem.cpu0 T_ : +140737345680992    : @                         _end+140737345680992    : mov	rax, DS:[rdx + 0x8]   
 758000: system.cpu1 T0 :  758 00: @Tsystem.cpu0 T_ : +140737345680992    : @                         _end+140737345680992    : mov	rax, DS:[rdx + 0x8]   
 759000: system.cpu1 T0 : @_end+140737345680996    : mov	DS:[rsp + 0x2e], 0x1  
 759000: system.cpu1 T0 : @_end+140737345680996    : mov	DS:[rsp + 0x2e], 0x1  
 759500: system.cpu1 T0 : @_end+140737345680996.1  :  759500: system.cpu0                T0 :   MOV_M_I : st   t1b, DS:[rsp + 0x2e] : MemWrite :  D=0x0000000000000001 A=0x7fffffffed9e
 759500: system.cpu1 T0 : @_end+140737345680996.1  :  759500: system.cpu0                T0 :   MOV_M_I : st   t1b, DS:[rsp + 0x2e] : MemWrite :  D=0x0000000000000001 A=0x7fffffffed9e
 760000: system.cpu1 T0 :  760000: system.cpu0 T0 : @_end+140737345681001    : @                         _end+140737345681001    : mov	DS:[rsp + 0x18], rax  
 760000: system.cpu1 T0 :  760000: system.cpu0 T0 : @_end+140737345681001    : @                         _end+140737345681001    : mov	DS:[rsp + 0x18], rax  
 760500: system.cpu1 T0 :  760500: system.cpu0 T0 : @_end+140737345681006    : @                         _end+140737345681006    :   NOP                      : IntAlu : 
 760500: system.cpu1 T0 :  760500: system.cpu0 T0 : @_end+140737345681006    : @                         _end+140737345681006    :   NOP                      : IntAlu : 
 761000: system.cpu1 T0 : @_end+140737345681008    : add	rax, 0x10             
 761000: system.cpu1 T0 : @_end+140737345681008.0  :   ADD_R_I : limm   t1, 0x10 : IntAlu :  D=0x0000000000000010
: system.cpu1                T0 : @_end+140737345681008.1  :   ADD_R_I : add   rdx, rdx, t1 : IntAlu :  D=0x0000000000000000
 762000: system.cpu1 T0 :  761  @: nd+140737345681012      T0 : 	rax, DS:[rdx]         
 762000: system.cpu1 T0 :  761  @: nd+140737345681012      T0 : 	rax, DS:[rdx]         
 763500: system.cpu0 T0 :  763500: system.cpu1 @_end+1407373456810180   :  :                        @_end+140737345681018jnz : 
 763500: system.cpu0 T0 :  763500: system.cpu1 @_end+1407373456810180   :  :                        @_end+140737345681018jnz : 
 763500: system.cpu1                T0 :   JNZ_I : rdip   t1, %ctrl153,  : IntAlu :  D=0x00007ffff7df06bc
 764500: system.cpu1 T0 : @_end+140737345681018.2  :  765000: system.cpu0                T0 JNZ_I : wrip   , t1, t2 :  :  : 
 764500: system.cpu1 T0 : @_end+140737345681018.2  :  765000: system.cpu0                T0 JNZ_I : wrip   , t1, t2 :  :  : 
 765000: system.cpu1 T0 : @_end+140737345680968.0  :   SUB_R_I : limm   t1, 0x3 : IntAlu :  D=0x0000000000000003
 765500: system.cpu1 T0 : @_end+140737345680968.1  :   SUB_R_I : sub   rax, rax, t1 : IntAlu :  D=0x0000000000000000
 766000: system.cpu1 T0 : @_end+140737345680972    : cmp	rax, 0x1e             
 766000: system.cpu1 T0 : @_end+140737345680972.0  :   CMP_R_I : limm   t1, 0x1e : IntAlu :  D=0x000000000000001e
 766000: system.cpu1 T0 : @_end+140737345680972.0  :   CMP_R_I : limm   t1, 0x1e : IntAlu :  D=0x000000000000001e
 766500: system.cpu1 T0 : @_end+140737345680972.1  :   CMP_R_I : sub   t0, rax, t1 : IntAlu :  D=0x0000000000000001
 767000: system.cpu1      
 767500: system.cpu1 T0 : @_end+140737345680976.1  :   JNBE_I : limm   t2, 0x1e : IntAlu :  D=0x000000000000001e
 770000: 770000.cpu1 : system.cpu0D_R_ T0 : @_end+140737345680982    : add	rax, rcx    @           770000: system.cpu1 T0system.cpu0D_R_ T0 : @_end+140737345680982    : add	rax, rcx    @                           _end+140737345680982    : add	rax, rcx              
system.cpu1 T0 : @_end+140737345680985    : jmp	rax                   
 770500: system.cpu1 T0 : @_end+140737345680985    : jmp	rax                   
 771000: system.cpu1 T0 : @_end+140737345681296    : mov	rax, DS:[rdx + 0x8]   
 771000: system.cpu1 T0 : @_end+140737345681296.0  77 :    system.cpu0d   rax, DS:[rdx + 0x8] : MemRead T0 :  D=0x00000000078bfbff A=0x7fffffffee98
 771000: system.cpu1 T0 : @_end+140737345681296.0  77 :    system.cpu0d   rax, DS:[rdx + 0x8] : MemRead T0 :  D=0x00000000078bfbff A=0x7fffffffee98
 772000: system.cpu0 T0 : @_end+140737345681300    :  772000: system.cpu1                T0 : mov	r8d, 0x1
 772000: system.cpu1 T0 :           T0 : mov	r8d, 0x1
 772500: system.cpu1 T0 : @_end+140737345681306    : mov	SS:[rsp], rax         
 772500: system.cpu1                T0 :   MOV_M_R : st   rax, SS:[rsp] : MemWrite :  D=0x00000000078bfbff A=0x7fffffffed70
 772500: system.cpu1                T0 :   MOV_M_R : st   rax, SS:[rsp] : MemWrite :  D=0x00000000078bfbff A=0x7fffffffed70
 773500: system.cpu1 T0 :  773500: system.cpu0 T0 : @_end+140737345681310    : @                         _end+140737345681310    : jmp	0xfffffffffffffecd    
 773500: system.cpu1 T0 :  773500: system.cpu0 T0 : @_end+140737345681310    : @                         _end+140737345681310    : jmp	0xfffffffffffffecd    
 774500: system.cpu1 T0 : @_end+140737345681310.2  :  774500: system.cpu0                T0 :   JMP_I : wrip   , t1, t2 : IntAlu : 
 774500: system.cpu1 T0 : @_end+140737345681310.2  :  774500: system.cpu0                T0 :   JMP_I : wrip   , t1, t2 : IntAlu : 
 775000: system.cpu1 T0 : @_end+140737345681008    : add	rax, 0x10             
 775000: system.cpu1 T0 : @_end+140737345681008    : add	rax, 0x10             
 775000: system.cpu1 T0 : @_end+140737345681008    : add	rax, 0x10             
 776000: system.cpu1 T0 : @_end+140737345681012    : mov	rax, DS:[rdx]         
 777000: system.cpu1 T0 : @_end+140737345681015    : test	rax, rax             
0 :  777000: system.cpu1 T0 : @_end+140737345681015    : test	rax, rax             
 777000: 00: system.cpu1 T0 : @_end+140737345681015    : test	rax, rax             
 777500: system.cpu1 T0 : @_end+140737345681018    : jnz	0xffffffffffffffcc    
 777500: system.cpu1 T0 : @_end+140737345681018.0  :   JNZ_I : rdip   t1, %ctrl153,  : IntAlu :  D=0x00007ffff7df06bc
 777500: system.cpu0 T0 :  778000: system.cpu1 T0 : @_end+140737345681018    : jnz	0xffffffffffffffcc    
 777500: system.cpu0 T0 :  778000: system.cpu1 T0 : @_end+140737345681018    : jnz	0xffffffffffffffcc    
 779000: system.cpu1 T0 :  sub	rax, 0x3              
 779000: system.cpu1 T0 : @_end+140737345680968.0  :   SUB_R_I : limm   t1, 0x3 : IntAlu :  D=0x0000000000000003
 779000: system.cpu0 T0 :  7795 @: system.cpu1345680968   _R_I : l  : 0ub	rax, 0x3                779000: system.cpu0 T0 :  7795 @: system.cpu1345680968   _R_I : l  : 0ub	rax, 0x3               : @_end+140737345680968.1  :   SUB_R_I : sub   rax, rax, t1 : IntAlu :  D=0x0000000000000000
 780000: system.cpu1 T0 :  cmp	rax, 0x1e             
 780000: system.cpu1 T0 : @_end+140737345680972.0  :   CMP_R_I : limm   t1, 0x1e : IntAlu :  D=0x000000000000001e
 780500: system.cpu1                T0 : @_end+140737345680972.1  :   CMP_R_I : sub   t0, rax, t1 : IntAlu :  D=0x0000000000000001
 781000: system.cpu1 T0 :     : jnbe	0x1e                 
 781000: system.cpu1 T0 : @_end+140737345680976.0  :   JNBE_I : rdip   t1, %ctrl153,  : IntAlu :  D=0x00007ffff7df0692
 782500: system.cpu1 T0 : @_end+140737345680978    : movsxd	rax, DS:[4*rax + rcx]
 782500: system.cpu1 T0 : @_end+140737345680978.0  :   MOVSXD_R_M : ld   t1d, DS:[4*rax + rcx] : MemRead :  D=0x00000000ffffa700 A=0x7ffff7df611c
 784500: system.cpu1 T0 :  784000: system.cpu0 T0 : @_end+140737345680985.0  :   JMP_R : wripi   , rax, 0 : IntAlu : 
 784500: system.cpu1 T0 :  784000: system.cpu0 T0 : @_end+140737345680985.0  :   JMP_R : wripi   , rax, 0 : IntAlu : 
 786000: system.cpu1 T0 : @_end+140737345681364.0  :  786000: system.cpu0                T0 :   MOV_R_I : limm   edi, 0x1 : IntAlu :  D=0x0000000000000001
 786000: system.cpu1 T0 : @_end+140737345681364.0  :  786000: system.cpu0                T0 :   MOV_R_I : limm   edi, 0x1 : IntAlu :  D=0x0000000000000001
 786500: system.cpu1 T0 :  786500: system.cpu0 T0 : @_end+140737345681369    : @                         _end+140737345681369    : jmp	0xfffffffffffffe92    
 786500: system.cpu1 T0 :  786500: system.cpu0 T0 : @_end+140737345681369    : @                         _end+140737345681369    : jmp	0xfffffffffffffe92    
: system.cpu1 T0 : @_end+140737345681369.2  :  787500: system.cpu0                T0 :   JMP_I : wrip   , t1, t2 : IntAlu : 
: system.cpu1 T0 : @_end+140737345681369.2  :  787500: system.cpu0                T0 :   JMP_I : wrip   , t1, t2 : IntAlu : 
 788000: system.cpu1 T0 : @_end+140737345681008    : add	rax, 0x10             
 788000: system.cpu1 T0 : @_end+140737345681008    : add	rax, 0x10             
 788500: system.cpu1 T0 : @_end+140737345681008.1  :   ADD_R_I : add   rdx, rdx, t1 : IntAlu :  D=0x0000000000000000
 788500: system.cpu1 T0 : @_end+140737345681008.1  :   ADD_R_I : add   rdx, rdx, t1 : IntAlu :  D=0x0000000000000000
 789000: system.cpu1 T0 : @_end+140737345681012    : mov	rax, DS:[rdx]000000000
 789000: system.cpu1 T0 : @_end+140737345681012    : mov	rax, DS:[rdx]000000000
 789000: system.cpu1 T0 : @_end+140737345681012.00 :   MOV_R_M : ld   rax, DS:[rdx] : MemRead :  D=0x0000000000000011 A=0x7fffffffeeb0
 790000: system.cpu1 T0 : @_end+140737345681015    : test	rax, rax0000000000000
 790000: system.cpu1 T0 : @_end+140737345681015    : test	rax, rax0000000000000
 790500: system.cpu1 T0 : @_end+140737345681018    : jnz	0xffffffffffffffcc0000
 790500: system.cpu1 T0 : @_end+140737345681018.00 :   JNZ_I : rdip   t1, %ctrl153,  : IntAlu :  D=0x00007ffff7df06bc
 791000: system.cpu1 T0 : @_end+140737345681018.10 :   JNZ_I : limm   t2, 0xffffffffffffffcc : IntAlu :  D=0xffffffffffffffcc
 791500: system.cpu1 T0 : @_end+140737345681018.20 :   JNZ_I : wrip   , t1, t20 : IntAlu : 
 792000: system.cpu1 T0 :  sub	rax, 0x300000000000000
 792000: system.cpu1 T0 : @_end+140737345680968.00 :   SUB_R_I : limm   t1, 0x3 : IntAlu :  D=0x0000000000000003
 793000: system.cpu0 T0 :  793500@system.cpu1    :  mp	rax, 0x1e             T 793000: system.cpu0 T0 :  793500@system.cpu1    :  mp	rax, 0x1e             T0 : @_end+140737345680972.1  :   CMP_R_I : sub   t0, rax, t1 : IntAlu :  D=0x0000000000000001
 794000: system.cpu1 T0 :  jnbe	0x1e                 
 794000: system.cpu1 T0 : @_end+140737345680976.0  :   JNBE_I : rdip   t1, %ctrl153,  : IntAlu :  D=0x00007ffff7df0692
: system.cpu1 T0 : @_end+140737345680976.1  :   JNBE_I : limm   t2, 0x1e : IntAlu :  D=0x000000000000001e
 795500: system.cpu1 T0 : @_end+140737345680978    : movsxd	rax, DS:[4*rax + rcx]
 795500: system.cpu1 T0 : @_end+140737345680976.2  :   JNBE_I : wrip   , t1, t2 : IntAlu : 
 795500: system.cpu1 T0 : @_end+140737345680976.2  :   JNBE_I : wrip   , t1, t2 : IntAlu : 
 796000: system.cpu1 T0 : @_end+140737345680978795500:   MOVSXD_R_ TIntAlu0 :  D=0xffffffffffffa6a8
 796000: system.cpu1 T0 : @_end+140737345680978795500:   MOVSXD_R_ TIntAlu0 :  D=0xffffffffffffa6a8
 795500: system.cpu0 T0 : @_end+140737345680978.0  :   MOVSXD_R_M : ld   t1d, DS:[4*rax + rcx] : MemRead :  D=0x07970008 A=0x: : system.cpu18
 795500: system.cpu0 T0 : @_end+140737345680978.0  :   MOVSXD_R_M : ld   t1d, DS:[4*rax + rcx] : MemRead :  D=0x07970008 A=0x: : system.cpu18
 797000: system.cpu1 T0 : @_end+140737345680978.1  :   MOVSXD_R_M : sexti   rax, t1, 0x1f : IntAlu :  D=0xffffffffffffa6a8
 797000: system.cpu1 T0 : @_end+140737345680978.1  :   MOVSXD_R_M : sexti   rax, t1, 0x1f : IntAlu :  D=0xffffffffffffa6a8
 797500: system.cpu1 T0 : @_end+140737345680985    : jmp	rax                   
 797500: system.cpu1 T0 : @_end+140737345680985.00 :   JMP_R : wripi   , rax, 0 : IntAlu : 
 797500: system.cpu0 T0 :  798000: system.cpu1 T0 : @_end+140737345680985.00 :   JMP_R : wripi   , rax, 0 : IntAlu : 
 79800079syst: system.cpu1 TT0 : 0 : @_end+140737345681272    : mov	eax, DS:[rdx + 0x8]000
 798500: system.cpu1000000000000000 T0 : @_end+140737345681275    : mov	DS:[rsp + 0x2c], 0x100
 798500: system.cpu1000000000000000 T0 :   MOV_M_I : limm   t1b, 0x1 : IntAlu :  D=0x00000000ffffa601.
 798500: system.cpu1000000000000000 T0 :   MOV_M_I : limm   t1b, 0x1 : IntAlu :  D=0x00000000ffffa601.
 799000: system.cpu0 T0 : @_end+140737345681275.10 :  799000: system.cpu100  0000000M000  0 : 0000000000000001 A=0x7fffffffed9c
 799000: system.cpu0 T0 : @_end+140737345681275.10 :  799000: system.cpu100  0000000M000  0 : 0000000000000001 A=0x7fffffffed9c
 799500: system.cpu0 T0 :  799500@_end+140737345681280sys : .cpu1 T0 : @_end+140737345681280    : mov	DS:[rsp + 0x14], rax00
 799500: system.cpu0 T0 :  799500@_end+140737345681280sys : .cpu1 T0 : @_end+140737345681280    : mov	DS:[rsp + 0x14], rax00
 799500: system.cpu1000000000000000 T0 : @_end+140737345681280.  MOV_M_R : st   eax, DS:[rsp + 0x14] :   MOV_M_ : MemWrite :  D=0x00000000000000640000000000000064 A=0x7fffffffed84
 799500: system.cpu1000000000000000 T0 : @_end+140737345681280.  MOV_M_R : st   eax, DS:[rsp + 0x14] :   MOV_M_ : MemWrite :  D=0x00000000000000640000000000000064 A=0x7fffffffed84
 800500: system.cpu1 T0 : @_end+140737345681284    : jmp	0xfffffffffffffee70000
 800500: system.cpu1 T0 : @_end+140737345681284    : jmp	0xfffffffffffffee70000
system.cpu1 T0 : @_end+140737345681284.10 :  801000: system.cpu0000000000000000 T0 :   JMP_I : limm   t2, 0xfffffffffffffee7 : IntAlu :  D=0x000000000000000@_system.cpu1 T0 : @_end+140737345681284.10 :  801000: system.cpu0000000000000000 T0 :   JMP_I : limm   t2, 0xfffffffffffffee7 : IntAlu :  D=0x000000000000000@_end+140737345681284.10 :   JMP_I : limm   t2, 0xfffffffffffffee7 : IntAlu :  D=0xfffffffffffffee7
 801500: system.cpu1 T0 : @_end+140737345681284.20 :  801500: system.cpu0000000000000000 T0 :   JMP_I : wrip   , t1, t2 : IntAlu : 
 801500: system.cpu1 T0 : @_end+140737345681284.20 :  801500: system.cpu0000000000000000 T0 :   JMP_I : wrip   , t1, t2 : IntAlu : 
 802000: system.cpu1 T0 : @_end+140737345681008    : add	rax, 0x100000000000000
 802000: system.cpu1 T0 : @_end+140737345681008.00 :   ADD_R_I : limm   t1, 0x10 : IntAlu :  D=0x0000000000000010
 802000: system.cpu1 T0 : @_end+140737345681008.00 :   ADD_R_I : limm   t1, 0x10 : IntAlu :  D=0x0000000000000010
 803000: system.cpu1 T0 : @_end+140737345681012    : mov	rax, DS:[rdx]000000000
 803000: system.cpu1 T0 : @_end+140737345681012.00 :   MOV_R_M : ld   rax, DS:[rdx] : MemRead :  D=0x0000000000000003 A=0x7fffffffeec0
 804000: system.cpu1 @0_end+140737345681015    : test	rax, rax0000000000000
 804000: system.cpu0 T0 :  804500: system.cpu1 T0 : @_end+140737345681015    : test	rax, rax0000000000000
 804000: system.cpu0 T0 :  804500: system.cpu1 T0 : @_end+140737345681015    : test	rax, rax0000000000000
 804500: system.cpu1 T0 : @_end+140737345681018.00 :   JNZ_I : rdip   t1, %ctrl153,  : IntAlu :  D=0x00007ffff7df06bc
 805000: system.cpu1 T0 : @_end+140737345681018.10 :   JNZ_I : limm   t2, 0xffffffffffffffcc : IntAlu :  D=0xffffffffffffffcc
 806000: system.cpu1 T0 :  sub	rax, 0x300000000000000
 806000: system.cpu1 T0 : @_end+140737345680968.00 :   SUB_R_I : limm   t1, 0x3 : IntAlu :  D=0x0000000000000003
 806500: system.cpu1 T0 : @_end+140737345680968.10 :   SUB_R_I : sub   rax, rax, t1 : IntAlu :  D=0x0000000000000000
 807000: system.cpu1 T0 :     : cmp	rax, 0x1e0000000000000
 807000: system.cpu1 T0 : @_end+140737345680972.00 :   CMP_R_I : limm   t1, 0x1e : IntAlu :  D=0x000000000000001e
 807500: system.cpu1 T0 : @_end+140737345680972.10 :   CMP_R_I : sub   t0, rax, t1 : IntAlu :  D=0x0000000000000001
 808000: system.cpu1 T0 : @_end+140737345680976    : jnbe	0x1e00000000000000000
 808000: system.cpu0 T0 :  808500: system.cpu1 @0 :     : jnbe	0x1e00000000000000000
 808000: system.cpu0 T0 :  808500: system.cpu1 @0 :     : jnbe	0x1e00000000000000000
 809500: system.cpu1 T0 : @_end+140737345680978    : movsxd	rax, DS:[4*rax + rcx]
 809500: system.cpu1 T0 : @_end+140737345680978    : movsxd	rax, DS:[4*rax + rcx]
: system.cpu1 T0 : @_end+140737345680978.10 :   MOVSXD_R_M : sexti   rax, t1, 0x1f : IntAlu :  D=0xffffffffffffa710
 811000: system.cpu1 T0 : @ 810000: system.cpu0.00 add	rax, rcx00000T0 000000
 811000: system.cpu1 T0 : @ 810000: system.cpu0.00 add	rax, rcx00000T0 000000
 811000: system.cpu0 T0 :  811500: system.cpu1 T0 : @_end+140737345680982    : add	rax, rcx00000000000000
 811000: system.cpu0 T0 :  811500: system.cpu1 T0 : @_end+140737345680982    : add	rax, rcx00000000000000
 811500: system.cpu1 T0 : @_end+140737345680985.00 :   JMP_R : wripi   , rax, 0 : IntAlu : 
 812000: system.cpu1 T0 : @_end+140737345681376    : mov	rbx, DS:[rdx + 0x8]000
 812000: system.cpu1 T0 : @_end+140737345681376    : mov	rbx, DS:[rdx + 0x8]000
 813000: system.cpu0 T0 :  813000: system.cpu1 T0 : @_end+140737345681380    : @0000000000000000000000000_end+140737345681380   jmp	0xfffffffffffffe87
 813000: system.cpu0 T0 :  813000: system.cpu1 T0 : @_end+140737345681380    : @0000000000000000000000000_end+140737345681380   jmp	0xfffffffffffffe87
 813000: system.cpu1000000000000000 T0 :   JMP_I : rdip   t1, %ctrl153,  : IntAlu@_e D=14073734568138000.0x0  : 14073735197700100000000000
 813000: system.cpu1000000000000000 T0 :   JMP_I : rdip   t1, %ctrl153,  : IntAlu@_e D=14073734568138000.0x0  : 14073735197700100000000000
@_end+140737345681380.10 :  813500: system.cpu1000000000000000 T0 :   JMP_I : limm   t2, 0xfffffffffffffe87 : IntAlu :  D=0xfffffffffffffe87
@_end+140737345681380.10 :  813500: system.cpu1000000000000000 T0 :   JMP_I : limm   t2, 0xfffffffffffffe87 : IntAlu :  D=0xfffffffffffffe87
@_end+140737345681380.20 :  814000: system.cpu1000000000000000 T0 : IntAlu : 
@_end+140737345681380.20 :  814000: system.cpu1000000000000000 T0 : IntAlu : 
@_end+140737345681008   814500: d	rax, 0x10             s 814500: system.cpu18   814500: d	rax, 0x10             system.cpu0 T0 : @_e0x10 : IntAlu :  D=0x0000000000000010
 814500: system.cpu1 T0 : @_end+140737345681008.00 :   ADD_R_I : limm   t1, 0x10 : IntAlu :  D=0x0000000000000010
 815500: system.cpu0 T0 :  815500: system.cpu1 T0 : @_end+140737345681012    : mov	rax, DS:[rdx]         
 815500: system.cpu0 T0 :  815500: system.cpu1 T0 : @_end+140737345681012    : mov	rax, DS:[rdx]         
system.cpu1 D=0x0000000000000004 A=0x7fffffffeed0815500
system.cpu1 T0 : @_end+140737345681012.0  :   MOV_R_M : ld   rax, DS:[rdx] : MemRead :  D=0x0000000000000004 A=0x7fffffffeed0
 816500: system: system.cpu1 T0T0 : @_end+140737345681015.0  :   TEST_R_R : and   t0, rax, rax@                         0xnd+140737345681015   000test	rax, rax
 816500: system: system.cpu1 T0T0 : @_end+140737345681015.0  :   TEST_R_R : and   t0, rax, rax@                         0xnd+140737345681015   000test	rax, rax
 816500: system.cpu1 T0 : 817000: system.cpu0 T0 : @_end+140737345681015.0  :   TEST_R_R : and   t0, rax, rax : IntAlu : @ D= : jnz	0xffffffffffffffcc    0 816500: system.cpu1 T0 : 817000: system.cpu0 T0 : @_end+140737345681015.0  :   TEST_R_R : and   t0, rax, rax : IntAlu : @ D= : jnz	0xffffffffffffffcc    0000000000000000
 817000: system.cpu1 T0 : @_end+140737345681018    : jnz	0xffffffffffffffcc    
 817000: system.cpu1 T0 : @_end+140737345681018    : jnz	0xffffffffffffffcc    
 817500: system.cpu1 T0 : @_end+140737345681018.1  :   JNZ_I : limm   t2, 0xffffffffffffffcc : IntAlu :  D=0xffffffffffffffcc
 818000: system.cpu1 T0 : @_end+140737345681018.2  :   JNZ_I : wrip   , t1, t2  : IntAlu : 
 818500: system.cpu1 T0 : @_end+140737345680968    : sub	rax, 0x3              
 818500: system.cpu1 T0 : @_end+140737345680968    : sub	rax, 0x3              
 818500: system.cpu1 T0 : @_end+140737345680968.0  :   SUB_R_I : limm   t1, 0x3 : IntAlu :  D=0x0000000000000003
 819000: system.cpu1 T0 : @_end+140737345680968.1  :   SUB_R_I : sub   rax, rax, t1 : IntAlu :  D=0x0000000000000000
 819500: system.cpu1 T0 : @_end+140737345680972    : cmp	rax, 0x1e             
 819500: system.cpu1 T0 : @_end+140737345680972    : cmp	rax, 0x1e             
 819500: system.cpu1 T0 : @_end+140737345680972.0  :   CMP_R_I : limm   t1, 0x1e : IntAlu :  D=0x000000000000001e
 820500: system.cpu1 T0 : @_end+140737345680976 82 : 0: system.cpu0jTbe	0x1et0 820500: system.cpu1 T0 : @_end+140737345680976 82 : 0: system.cpu0jTbe	0x1et0 : @_end+140737345680976.1  :   JNBE_I : limm   t2, 0x1e : IntAlu :  D=0x000000000000001e
 821000: system.cpu1 T0 : @_end+140737345680976.1  :   JNBE_I : limm   t2, 0x1e : IntAlu :  821500: 30000000000 T
 821000: system.cpu1 T0 : @_end+140737345680976.1  :   JNBE_I : limm   t2, 0x1e : IntAlu :  821500: 30000000000 T
 821500: system.cpu1 T0 : @_end+140737345680976.2  :   JNBE_I : wrip   , t1, t2 : IntAlu : 
 822000: system.cpu1 T0 : @_end+140737345680978    : movsxd	rax, DS:[4*rax + rcx]
 822500: system.cpu1 T0 : @_end+140737345680978.1  :   MOVSXD_R_M : sexti   rax, t1, 0x1f : IntAlu :  D=0xffffffffffffa5a0
 824500: system.cpu1 T0 : @_end+140737345681008    : add	rax, 0x10             
 824500: system.cpu1 T0 : @_end+140737345681008.1  :   ADD_R_I : add   rdx, rdx, t1 : IntAlu :  D=0x0000000000000000
 824500: system.cpu1 T0 : @_end+140737345681008.1  :   ADD_R_I : add   rdx, rdx, t1 : IntAlu :  D=0x0000000000000000
 825000: system.cpu1 T0 : @ 8255000737345681008. 1sys  ADD_R_I : add   rdx, rdx, t1 : IntAlu0 :  D=0x0000000000000000
 825000: system.cpu1 T0 : @ 8255000737345681008. 1sys  ADD_R_I : add   rdx, rdx, t1 : IntAlu0 :  D=0x0000000000000000
 825500: system.cpu0 T0 : @_end+140737345681012.0  :   MOV_R_M : ld   rax, DS:[rdx] : MemRead :  D= 825500: 0xstem.cpu1     5      A=0x Tfffffffeee0
 825500: system.cpu0 T0 : @_end+140737345681012.0  :   MOV_R_M : ld   rax, DS:[rdx] : MemRead :  D= 825500: 0xstem.cpu1     5      A=0x Tfffffffeee0
 825500: system.cpu1 T0 : @_end+140737345681012.0  :   MOV_R_M : ld   rax, DS:[rdx] : MemRead : 826500:  D=t            T              0000000000007f : 
 825500: system.cpu1 T0 : @_end+140737345681012.0  :   MOV_R_M : ld   rax, DS:[rdx] : MemRead : 826500:  D=t            T              0000000000007f : 
826500 : system.cpu1 T0 : @_end+140737345681015    : test	rax, rax             
 826500: system.cpu1 T0 : @_end+140737345681018    : jnz	0xffffffffffffffcc    
 827000: system.cpu1 T0 : @_end+140737345681018    : jnz	0xffffffffffffffcc    
 827000: system.cpu1 T0 : @_end+140737345681018    : jnz	0xffffffffffffffcc    
 828000: system.cpu1 T0 : @_end+140737345681018.2  :   JNZ_I : wrip   , t1, t2  : IntAlu : 
 828500: system.cpu1 T0 : @_end+140737345680968    : sub	rax, 0x3          :   
 828500: system.cpu1 T0 : @_end+140737345680968    : sub	rax, 0x3          :   
 829000: system.cpu1 T0 : @_end+140737345680968.1  :   SUB_R_I : sub   rax, rax, t1 : IntAlu :  D=0x00000000000000008 829500: system.cpu0 T0 : @_end+140737345680972    : cmp	rax, 0x1e             
 829000: system.cpu1 T0 : @_end+140737345680968.1  :   SUB_R_I : sub   rax, rax, t1 : IntAlu :  D=0x0000000000000000829500 : 00000system.cpu0 T0 : @_end+140737345680972.00 :   CMP_R_I : limm   t1, 0x1e : IntAlu :  D=0x000000000000001e
 829500: system.cpu1 T0 :  830000: system.cpu0 T@_end+140737345680972    : cmp	rax, 0x1e0000000000000
 829500: system.cpu1 T0 :  830000: system.cpu0 T@_end+140737345680972    : cmp	rax, 0x1e0000000000000
 830000: system.cpu1 T0 : @_end+140737345680972.10 :   CMP_R_I : sub   t0, rax, t1 : IntAlu :  D=0x0000000000000001
 830500: system.cpu1 T0 : @_end+140737345680976    : jnbe	0x1e00000000000000000
 830500: system.cpu1 T0 : @_end+140737345680976    : jnbe	0x1e00000000000000000
 830500: system.cpu1 T0 : @_end+140737345680976.00 :   JNBE_I : rdip   t1, %ctrl153,  : IntAlu :  D=0x00007ffff7df0692
 831000: system.cpu1 T0 : @_end+140737345680976.10 :   JNBE_I : limm   t2, 0x1e : IntAlu :  D=0x000000000000001e
 831500: system.cpu1 T0 : @_end+140737345680976.20 :   JNBE_I : wrip   , t1, t2 : IntAlu : 
 832000: system.cpu1 T0 : @ 832500    : system.cpu0  832000: system.cpu1 T0 : @ 832500    : system.cpu0  T0 : @_end+140737345680978.10 :   MOVSXD_R_M : sexti   rax, t1, 0x1f : IntAlu :  D=0xffffffffffffa720
 833500: system.cpu0 T0 : @_end+140737345680982    : add	rax, rcx00000000000000  833500: system.cpu0 T0 : @_end+140737345680982    : add	rax, rcx00000000000000 832500: system.cpu1000000000000000 T0 : @_end+140737345680978.10 :   MOVSXD_R_M : sexti   rax, t1, 0x1f : IntAlu :  D=0xffffffffffffa720
 833500: system.cpu1 T0 : @_end+140737345680982    : add	rax, rcx00000000000000
 833500: system.cpu1 T0 : @_end+140737345680985    : jmp	rax0000000000000000000
 833500: system.cpu1 T0 : @_end+140737345680985    : jmp	rax0000000000000000000
 834000: system.cpu1 T0 : @_end+140737345680985    : jmp	rax0000000000000000000
 834000: system.cpu1 T0 :  834500: system.cpu0 T0 : @_end+140737345680985.00 :   JMP_R : wripi   , rax, 0 : IntAlu : 
 834500: system.cpu18Tsystem.cpu0 00 :  : @_end+140737345681392. 0 : @                         _end+140737345681392    : mov	ebp, DS:[rdx + 0x8]   
 834500: system.cpu1 Tsystem.cpu0 00 :  : @_end+140737345681392. 0 : @                         _end+140737345681392    : mov	ebp, DS:[rdx + 0x8]   
 835000: system.cpu0 T0 : @_end+140737345681395    :  835000: system.cpu1                T0mp	0xfffffffffffffe78
 835000: system.cpu0 T0 : @_end+140737345681395    :  835000: system.cpu1                T0mp	0xfffffffffffffe78
 835000: system.cpu1                T0 : @_end+140737345681395.0  : _I : rdip   t1, %ctrl153,  : IntAlu :   JMP_I : rdip   t1, %ctrl153, 0x0000000000000 : I 835000: system.cpu1                T0 : @_end+140737345681395.0  : _I : rdip   t1, %ctrl153,  : IntAlu :   JMP_I : rdip   t1, %ctrl153, 0x0000000000000 : IntAlu :  D=0x00007ffff7df0838
 835500: system.cpu0 T0 : @_end+140737345681395.1  :  835500: system.cpu1                T0 :   JMP_I : limm   t2, 0xfffffffffffffe78 : IntAlu : @ D=0x11  :   JMP_I : limm   t2, 0xfffffffffffffe78 : 184467 : 73709551224000000fff
 835500: system.cpu0 T0 : @_end+140737345681395.1  :  835500: system.cpu1                T0 :   JMP_I : limm   t2, 0xfffffffffffffe78 : IntAlu : @ D=0x11  :   JMP_I : limm   t2, 0xfffffffffffffe78 : 184467 : 73709551224000000fff
 836000: system.cpu0 T0 : @_end+140737345681395.20 :  836000: system.cpu1000000000000000 T0 :   JMP_I : wrip   , t1, t2 : IntAlu : 
 836000: system.cpu0 T0 : @_end+140737345681395.20 :  836000: system.cpu1000000000000000 T0 :   JMP_I : wrip   , t1, t2 : IntAlu : 
 836500: system.cpu1 T0 : @_end+140737345681008    : add	rax, 0x100000000000000
 836500: system.cpu1 T0 : @_end+140737345681008.00 :   ADD_R_I : limm   t1, 0x10 : IntAlu :  D=0x0000000000000010
 836500: system.cpu1 T0 : @_end+140737345681008.00 :   ADD_R_I : limm   t1, 0x10 : IntAlu :  D=0x0000000000000010
 837000: system.cpu1 T0 : @_end+140737345681008.10 :   ADD_R_I : add   rdx, rdx, t1 : IntAlu :  D=0x0000000000000000
 837500: system.cpu1 T0 :  837500: system.cpu0 T@ :     : mov	rax, DS:[rdx]000000000
 837500: system.cpu1 T0 :  837500: system.cpu0 T@ :     : mov	rax, DS:[rdx]000000000
 838500: system.cpu1 T0 : @_end+140737345681015    : test	rax, rax0000000000000
 838500:  838500system.cpu0 Tsystem.cpu10T0 : @_end+140737345681015. 0 : @_end+140737345681015 :  : test	rax, rax           0 838500:  838500system0 : @_end+140737345681015.0  :   TEST_R_R : and   t0, rax, rax : IntAlu :  D=0x0000000000000000
 839000: system.cpu1 T0 : @_end+140737345681018    : jnz	0xffffffffffffffcc    
 839000: system.cpu1 T0 : @_end+140737345681018    : jnz	0xffffffffffffffcc    
 839000: system.cpu1 T0 : @_end+140737345681018    : jnz	0xffffffffffffffcc    
: system.cpu1 T0 : @_end+140737345681018.0  :   JNZ_I : rdip   t1, %ctrl153,  : IntAlu :  D=0x00007ffff7df06bc
 841500: system.cpu1 T0 : @_end+140737345680972    : cmp	rax, 0x1e             
 841500: system.cpu1 T0 : @_end+140737345680972    : cmp	rax, 0x1e             
 842500: system.cpu1 @0 : +140737345680976    : jnbe	0x1e                 
 842500: system.cpu1 @0 : +140737345680976    : jnbe	0x1e                 
 844000: system.cpu1 T0 : @_end+140737345680978    : movsxd	rax, DS:[4*rax + rcx]
 844000: system.cpu1 T0@: @_end+140737345680978    : movsxd	rax, DS:[4*rax + rcx]
 844000: system.cpu1 T0@: @_end+140737345680978    : movsxd	rax, DS:[4*rax + rcx]
 844500: system.cpu1 T0 : @_end+140737345680978.1  :   MOVSXD_R_M : sexti   rax, t1, 0x1f : IntAlu :  D=0xffffffffffffa5a0
 845500: system.cpu1 T0 : @_end+140737345680982    : add	rax, rcx              
 845500: system.cpu1 T0 : @_end+140737345680982    : add	rax, rcx              
 845500: system.cpu1 T0 : @_end+140737345680982    : add	rax, rcx              
 846000: system.cpu1 T0 : @_end+140737345680985    : jmp	rax                   
 846000: system.cpu1 T0 : @_end+140737345680985    : jmp	rax                   
 846500: system.cpu1 T0 : @_end+140737345681008    : add	rax, 0x10             
 :  846500: system.cpu1 T0 : @_end+140737345681008 0  :   ADD_R_I : li             
 :  846500: system.cpu1 T0 : @_end+140737345681008 0  :   ADD_R_I : li             
 847500: system.cpu1 T0 : @_end+140737345681012    : mov	rax, DS:[rdx]         
 847500: system.cpu1 @0 : +140737345681012    : mov	rax, DS:[rdx]         
 847500: system.cpu1 @0 : +140737345681012    : mov	rax, DS:[rdx]         
 848500: system.cpu1 T0 : @_end+140737345681015    : test	rax, rax             
0 :  848500: system.cpu1 T0 : @_end+140737345681015    : test	rax, rax             
0 :  848500: system.cpu1 T0 : @_end+140737345681015    : test	rax, rax             
 849000: system.cpu1                T0 : @_end+140737345681018.0  :   JNZ_I : rdip   t1, %ctrl153,  : IntAlu :  D=0x00007ffff7df06bc
 850500: system.cpu1 T0 : @_end+140737345680968.0  :   SUB_R_I : limm   t1, 0x3 : IntAlu :  D=0x0000000000000003
 850500: system.cpu0 T0 :  851000: system.cpu1 T0 : @_end+140737345680968    : sub	rax, 0x3              
 850500: system.cpu0 T0 :  851000: system.cpu1 T0 : @_end+140737345680968    : sub	rax, 0x3              
 851000: system.cpu0 T0 : @_end+140737345680968.1  :   SUB_R_I : sub   rax, rax, t1 : IntAlu :  D=     0x  cfe2c: system.cpu1000
 851000: system.cpu0 T0 : @_end+140737345680968.1  :   SUB_R_I : sub   rax, rax, t1 : IntAlu :  D=     0x  cfe2c: system.cpu1000
 852000: system.cpu1                T0 : @_end+140737345680972.1  :   CMP_R_I : sub   t0, rax, t1 : IntAlu :  D=0x0000000000000001
 852500: system.cpu1 T0 :  jnbe	0x1e                 
 852500: system.cpu1 T0 : @_end+140737345680976.0  :   JNBE_I : rdip   t1, %ctrl153,  : IntAlu :  D=0x00007ffff7df0692
 853500: system.cpu0 T0 :  854000: system.cpu1 T0 : @_end+140737345680976.2  :   JNBE_I : wrip   , t1, t2 : IntAlu : 
 853500: system.cpu0 T0 :  854000: system.cpu1 T0 : @_end+140737345680976.2  :   JNBE_I : wrip   , t1, t2 : IntAlu : 
 854000: system.cpu1 T0 :  854000: s_end+140737345680978.0  :  TMemRead : 0 :  D=0x00000000ffffa5a0 A=0x7ffff7df6124
 854000: system.cpu1 T0 :  854000: s_end+140737345680978.0  :  TMemRead : 0 :  D=0x00000000ffffa5a0 A=0x7ffff7df6124
 855500: system.cpu1 T0 : @_end+140737345680982    : add	rax, rcx              
 856000: system.cpu1 T0 :  855500: system.cpu0 T0 : d+140737345680985    : jmp	rax                   
 856000: system.cpu1 T0 :  855500: system.cpu0 T0 : d+140737345680985    : jmp	rax                   
 856500: system.cpu1 T0 : @_end+140737345681008    : add	rax, 0x10             
 856500: system.cpu1 T0 : @_end+140737345681008    : add	rax, 0x10             
 858500: system.cpu1 T0 : @_end+140737345681015    : test	rax, rax             
858500                    : system.cpu1 T0 : @_end+140737345681015.0  :   TEST_R_R : and   t0, rax, rax : IntAlu :  D=0x0000000000000000
 859000: system.cpu1 T0 : @_end+140737345681018.0  :   JNZ_I : rdip   t1, %ctrl153,  : IntAlu :  D=0x00007ffff7df06bc
 860000: system.cpu1 T0 : @_end+140737345681018.2  :   JNZ_I : wrip   , t1, t2  : IntAlu : 
 860500: system.cpu1 T0 : @_end+140737345680968    : sub	rax, 0x3              
 860500: system.cpu1 T0 : @_end+140737345681018.0  :   JNZ_I : rdip   t1, %ctrl153,  : IntAlu :  D=0x00007ffff7df06bc
 860500: system.cpu1 T0 : @_end+140737345680968.0  :   SUB_R_I : limm   t1, 0x3 : IntAlu :  D=0x0000000000000003
 861000: system.cpu1 T0 : @_end+140737345680968.1  :   SUB_R_I : sub   rax, rax, t1 : IntAlu :  D=0x0000000000000000
0 :  861500: system.cpu1 T0 : @_end+140737345680968    : sub	rax, 0x3              
0 :  861500: system.cpu1 T0 : @_end+140737345680968    : sub	rax, 0x3              
 :  862500: system.cpu1 T0 : @_end+140737345680972    : cmp	rax, 0x1e             
 :  862500: system.cpu1 T0 : @_end+140737345680972    : cmp	rax, 0x1e             
 864000: system.cpu1 T0 : @_end+140737345680978.0  :   MOVSXD_R_M : ld   t1d, DS:[4*rax + rcx] : MemRead :  D=0x00000000ffffa6f0 A=0x7ffff7df6128
 865500: system.cpu1 T0 : @_end+140737345680982    : add	rax, rcx              
 865500: system.cpu1 T0 : @_end+140737345680982    : add	rax, rcx              
 866000: system.cpu1 T0 : @_end+140737345680985    : jmp	rax                   
 866000: system.cpu1 T0 : @_end+140737345680985    : jmp	rax                   
 866000: system.cpu1 T0 : @_end+140737345680985.0  :   JMP_R : wripi   , rax, 0 : IntAlu : 
 867500: system.cpu1 T0 : @_end+140737345681348.0  :   MOV_R_I : limm   r14d, 0x1 : IntAlu :  D=0x0000000000000001
 868000: system.cpu1 T0 :  868000: system.cpu0 T0 : d+140737345681354.0  : @                         _end+140737345681354    : jmp	0xfffffffffffffea1    
 868000: system.cpu1 T0 :  868000: system.cpu0 T0 : d+140737345681354.0  : @                         _end+140737345681354    : jmp	0xfffffffffffffea1    
 869000: system.cpu1 T0 : @_end+140737345681354.2  :  869000: system.cpu0                T0 :   JMP_I : wrip   , t1, t2 : IntAlu : 
 869000: system.cpu1 T0 : @_end+140737345681354.2  :  869000: system.cpu0                T0 :   JMP_I : wrip   , t1, t2 : IntAlu : 
 869500: system.cpu1 T0 : @_end+140737345681008    : add	rax, 0x10             
 869500: system.cpu1 T0 : @_end+140737345681008    : add	rax, 0x10             
 870500: system.cpu1 T0 : @_end+140737345681012    : mov	rax, DS:[rdx]         
@_end+140737345681012870 : _en: system.cpu1:[rdx]          @_end+140737345681012870 : _en: system.cpu1:[rdx]          T0 : @_end+140737345681012.0  :   MOV_R_M : ld   rax, DS:[rdx] : MemRead :  D=0x000000000000000b A=0x7fffffffef20
 871500: system.cpu1 T0 : @_end+140737345681015    : test	rax, rax             
 871500: system.cpu1 T0 : @_end+140737345681015    : test	rax, rax             
 871500: system.cpu1 T0 : @_end+140737345681015    : test	rax, rax             
 872000: system.cpu1 T0 : @_end+140737345681018    : jnz	0xffffffffffffffcc    
 872000: system.cpu1 T0 : @_end+140737345681018    : jnz	0xffffffffffffffcc    
 872000: system.cpu1 T0 : @_end+140737345681018    : jnz	0xffffffffffffffcc    
_end+140737345680968    : sub	rax, 0x3               _end+140737345680968    : sub	rax, 0x3               873500: system.cpu1 T0 : @_end+140737345680968.0  :   SUB_R_I : limm   t1, 0x3 : IntAlu :  D=0x0000000000000003
: system.cpu1 T0 : @_end+140737345680976.0  :   JNBE_I : rdip   t1, %ctrl153,  : IntAlu :  D=0x00007ffff7df0692
 876500: system.cpu1 T0 : @_end+140737345680976.2  :   JNBE_I : wrip   , t1, t2 : IntAlu : 
 877000: system.cpu1 T0 : @_end+140737345680978    : movsxd	rax, DS:[4*rax + rcx]
@_end+140737345680978877 : movsxd	rax, DS:[4*rax + rcx]:@_end+140737345680978877 : movsxd	rax, DS:[4*rax + rcx]: system.cpu1 T0 : @_end+140737345680978.0  :   MOVSXD_R_M : ld   t1d, DS:[4*rax + rcx] : MemRead :  D=0x00000000ffffa5a0 A=0x7ffff7df6130
 878500: system.cpu1 T0 : @_end+140737345680982    : add	rax, rcx              
 878500: system.cpu1 T0 : @_end+140737345680982    : add	rax, rcx              
 878500: system.cpu1 T0 : @_end+140737345680982    : add	rax, rcx              
: system.cpu1 T0 : @_end+140737345680985    : jmp	rax                   
 879000: system.cpu1 T0 : 40737345680985    : jmp	rax                   
 879500: system.cpu1 T0 : @_end+140737345681008    : add	rax, 0x10             
 879500: system.cpu1 T0 : @_end+140737345681008    : add	rax, 0x10             
 880500: system.cpu1 T0 : @_end+140737345681012    : mov	rax, DS:[rdx]         
 880500: system.cpu1 T0 : @_end+140737345681012.0  :   MOV_R_M : ld   rax, DS:[rdx] : MemRead :  D=0x000000000000000c A=0x7fffffffef30
 882000: system.cpu1 T0 : @_end+140737345681018    : jnz	0xffffffffffffffcc    
 882000: system.cpu1 T0 : @_end+140737345681015.0  :   TEST_R_R : and   t0, rax, rax : IntAlu :  D=0x0000000000000000
 882000: system.cpu1 T0 : @_end+140737345681018.0  :   JNZ_I : rdip   t1, %ctrl153,  : IntAlu :  D=0x00007ffff7df06bc
 882000: system.cpu0 T0 :  882500: system.cpu1@_end+140737345681018    : jnz	0xffffffffffffffcc    
 882000: system.cpu0 T0 :  882500: system.cpu1@_end+140737345681018    : jnz	0xffffffffffffffcc    
 883500: system.cpu1 T0 :    : sub	rax, 0x3              
 883500: system.cpu1 T0 : @_end+140737345680968.0  :   SUB_R_I : limm   t1, 0x3 : IntAlu :  D=0x0000000000000003
 884000: system.cpu1 T0 : @_end+140737345680968.1  :   SUB_R_I : sub   rax, rax, t1 : IntAlu :  D=0x0000000000000000
 884500: system.cpu1 T0 : @_end+140737345680972.0  :   CMP_R_I : limm   t1, 0x1e : IntAlu :  D=0x000000000000001e
 884500: system.cpu0 T0 : @_end+140737345680972    : cmp	rax, 0x1e               884500: system.cpu0 T0 : @_end+140737345680972    : cmp	rax, 0x1e              885000: system.cpu1 T0 : @_end+140737345680972.1  :   CMP_R_I : sub   t0, rax, t1 : IntAlu :  D=0x0000000000000001
 885500: system.cpu1 T0 : @_end+140737345680976    : jnbe	0x1e                 
 885500: system.cpu1 T0 : @_end+140737345680976    : jnbe	0x1e                 
 885500: system.cpu1 T0 : @_end+140737345680976    : jnbe	0x1e                 
 885500: system.cpu1 T0 : @_end+140737345680976.0  :   JNBE_I : rdip   t1, %ctrl153,  : IntAlu :  D=0x00007ffff7df0692
 885500: system.cpu0 T0 :  886000: system.cpu1 T0 : d+140737345680976    : jnbe	0x1e                 
 885500: system.cpu0 T0 :  886000: system.cpu1 T0 : d+140737345680976    : jnbe	0x1e                 
 887000: system.cpu1 T0 : @_end+140737345680978    : movsxd	rax, DS:[4*rax + rcx]
 887000: system.cpu1 T0 : @_end+140737345680978    : movsxd	rax, DS:[4*rax + rcx]
: system.cpu1 T0 : @_end+140737345680978.1  :   MOVSXD_R_M : sexti   rax, t1, 0x1f : IntAlu :  D=0xffffffffffffa5a0
 888500: system.cpu1 T0 :  88  :@system.cpu0 T : 0dd	rax, rcx        :      
 888500: system.cpu1 T0 :  88  :@system.cpu0 T : 0dd	rax, rcx        :      
 888500: system.cpu0 T0 :  889000: system.cpu1 T0 : @_end+140737345680982    : add	rax, rcx              
 888500: system.cpu0 T0 :  889000: system.cpu1 T0 : @_end+140737345680982    : add	rax, rcx              
889000 : 00000system.cpu1 T0 : @_end+140737345680985.00 :   JMP_R : wripi   , rax, 0 : IntAlu : 
 889500: system.cpu1 T0 :  889500: system.cpu0 T0 : @_end+140737345681008    : add	rax, 0x100000000000000
 889500: system.cpu1 T0 :  889500: system.cpu0 T0 : @_end+140737345681008    : add	rax, 0x100000000000000
 890500: system.cpu1 T0 : @_end+140737345681012    : mov	rax, DS:[rdx]000000000
 890500: system.cpu1 T0 : @_end+140737345681012    : mov	rax, DS:[rdx]000000000
 890500: system.cpu1000000000000000 T0 : @_end+140737345681012.00 :   MOV_R_M : ld   rax, DS:[rdx] : MemRead :  D=0x000000000000000d A=0x7fffffffef40
 891500: system.cpu1 T0 : @_end+140737345681015    : test	rax, rax0000000000000
 891500: system.cpu1 T0 : @_end+140737345681015    : test	rax, rax0000000000000
 891500: system.cpu0 T0 : 891500: system.cpu1 T0 : @_end+140737345681015    : test	rax, rax0000000000000
 891500: system.cpu1 T0 : @_end+140737345681015    : test	rax, rax0000000000000
 891500: system.cpu0 T0 : 891500: system.cpu1 T0 : @_end+140737345681015    : test	rax, rax0000000000000
system.cpu1 T0 : @_end+140737345681018    : jnz	0xffffffffffffffcc0000
@_end+140737345681018    : jnz	0xffffffffffffffcc      892000: system.cpu08    : jnz	0xffffffffffffffcc     892000: system.cpu1 T0 : @_end+140737345681018.00 :   JNZ_I : rdip   t1, %ctrl153,  : IntAlu :  D=0x00007ffff7df06bc
 893500: system.cpu1 T0 : @_end+140737345680968    : sub	rax, 0x300000000000000
 893500: system.cpu1 T0 : @_end+140737345680968.00 :   SUB_R_I : limm   t1, 0x3 : IntAlu :  D=0x0000000000000003
: system.cpu1 T0 : @_end+140737345680968.10 :   SUB_R_I : sub   rax, rax, t1 : IntAlu :  D=0x0000000000000000
10 :   SUB_R_I : sub   rax, rax, t1 : IntAlu :  D=0x  da624: system.cpu1000
10 :   SUB_R_I : sub   rax, rax, t1 : IntAlu :  D=0x  da624: system.cpu1000
 895000: system.cpu1                T0 : @_end+140737345680972.1  :   CMP_R_I : sub   t0, rax, t1 : IntAlu :  D=0x0000000000000001
 895500: system.cpu1 T0 : @_end+140737345680976.0  :   JNBE_I : rdip   t1, %ctrl153,  : IntAlu :  D=0x00007ffff7df0692
 896000: system.cpu1 T0 : @_end+140737345680976.1  :   JNBE_I : limm   t2, 0x1e : IntAlu :  D=0x000000000000001e
 897000: system.cpu1 T0 : @_end+140737345680978    : movsxd	rax, DS:[4*rax + rcx]
 897000: system.cpu1 T0 : @_end+140737345680978    : movsxd	rax, DS:[4*rax + rcx]
 897000: system.cpu0 T0 :  8    @: _end+140737345680978   tem.cpu1  : movsxd	rax, DS:[4*rax + rcx]
 897000: system.cpu0 T0 :  8    @: _end+140737345680978   tem.cpu1  : movsxd	rax, DS:[4*rax + rcx]
 898500: system.cpu1 T0 : @_end+140737345680982    : add	rax, rcx              
 898500: system.cpu1 T0 : @_end+140737345680982.0  :   ADD_R_R : add   rax, rax, rcx : IntAlu :  D=0x0000000000000001
 898500: system.cpu1 T0 : @_end+140737345680982.0  :   ADD_R_R : add   rax, rax, rcx : IntAlu :  D=0x0000000000000001
 899000: system.cpu1 T0 :  898500: system.cpu0 T0 : @_end+140737345680985. 0 :   JMP_R : wripi   , rax, 0 : IntAlu : 
 899000: system.cpu1 T0 :  898500: system.cpu0 T0 : @_end+140737345680985. 0 :   JMP_R : wripi   , rax, 0 : IntAlu : 
 899500: system.cpu1 T0 : @_end+140737345680982.0  :   ADD_R_R : add   rax, rax, rcx : IntAlu :  D=0x0000000000000001
 899500: system.cpu1 T0 : @_end+140737345681008.0  :   ADD_R_I : limm   t1, 0x10 : IntAlu :  D=0x0000000000000010
 899000: system.cpu0 T0 :  900000: system.cpu1 T@ : d+140737345680985    : jmp	rax                   
 899000: system.cpu0 T0 :  900000: system.cpu1 T@ : d+140737345680985    : jmp	rax                   
 900500: system.cpu1 T0 : @_end+140737345681012    : mov	rax, DS:[rdx]         
 900500: system.cpu1 T0 : @_end+140737345681012    : mov	rax, DS:[rdx]         
 901500: system.cpu1 T0 :  900000: system.cpu0 @0_end+140737345681015    : test	rax, rax             
 901500: system.cpu1 T0 :  900000: system.cpu0 @0_end+140737345681015    : test	rax, rax             
 902000: system.cpu1 T0 : @_end+140737345681018    : jnz	0xffffffffffffffcc    
 902000: system.cpu1 T0 : @_end+140737345681018.0  :   JNZ_I : rdip   t1, %ctrl153,  : IntAlu :  D=0x00007ffff7df06bc
 902500: system.cpu1 T0 : @_end+140737345681018.1  :   JNZ_I : limm   t2, 0xffffffffffffffcc : IntAlu :  D=0xffffffffffffffcc
system.cpu1 T0 : @_end+140737345681018.2  :   JNZ_I : wrip   , t1, t2  : IntAlu : 
system.cpu1 T0 : @_end+140737345680968    : sub	rax, 0x3              
      @: system.cpu1345681018    jnz	0xffffffffffffffcc    
 904500: system.cpu1 T0 :  cmp	rax, 0x1e             
 904500: system.cpu1 T0 : @_end+140737345680972.0  :   CMP_R_I : limm   t1, 0x1e : IntAlu :  D=0x000000000000001e
 903500: system.cpu0 T0 :  905000: system.cpu1 T0 : @_end+140737345680968    : sub	rax, 0x3              
 903500: system.cpu0 T0 :  905000: system.cpu1 T0 : @_end+140737345680968    : sub	rax, 0x3              
 905500: system.cpu1 T0 :  jnbe	0x1e                 
 905500: system.cpu1 T0 : @_end+140737345680976.0  :   JNBE_I : rdip   t1, %ctrl153,  : IntAlu :  D=0x00007ffff7df0692
: system.cpu1 T0 : @_end+140737345680976.1  :   JNBE_I : limm   t2, 0x1e : IntAlu :  D=0x000000000000001e
system.cpu1 T0 : @_end+140737345680978    : movsxd	rax, DS:[4*rax + rcx]
907000: system.cpu1 T0 : @_end+140737345680978.0  :   MOVSXD_R_M : ld   t1d, DS:[4*rax + rcx] : MemRead :  D=0x00000000ffffa5a0 A=0x7ffff7df613c
 907500: system.cpu1 T0 : @_end+140737345680978.1  :   MOVSXD_R_M : sexti   rax, t1, 0x1f : IntAlu :  D=0xffffffffffffa5a0
 908500: system.cpu1 T0 : @_end+140737345680982    : add	rax, rcx                908500: system.cpu1 T0 : @_end+140737345680982    : add	rax, rcx               906500: system.cpu0                T0 : @_end+140737345680976.2  :   JNBE_I : wrip   , t1, t2 : IntAlu : 
 909000: system.cpu1 T0 : @_end+140737345680985    : jmp	rax                   
 909000: system.cpu1 T0 : @_end+140737345680978.0  :   MOVSXD_R_M : ld   t1d, DS:[4*rax + rcx] : MemRead :  D=0x00000000ffffa5a0 A=0x7ffff7df613c
 909000: system.cpu1 T0 : @_end+140737345680985.0  :   JMP_R : wripi   , rax, 0 : IntAlu : 
 909500: system.cpu1 T0 : @_end+140737345681008    : add	rax, 0x10             
 909500: system.cpu1 T0 :  908500: system.cpu0 T0 : d+140737345681008.0  :   ADD_R_I : limm   t1, 0x10 : IntAlu :  D=0x0000000000000010
 909500: system.cpu1 T0 :  908500: system.cpu0 T0 : d+140737345681008.0  :   ADD_R_I : limm   t1, 0x10 : IntAlu :  D=0x0000000000000010
 910500: system.cpu1 T0 : @_end+140737345681012    : mov	rax, DS:[rdx]         
 910500: system.cpu1 T0 : @_end+140737345681012    : mov	rax, DS:[rdx]         
 911500: system.cpu1 T0 : @_end+140737345681015    : test	rax, rax             
 911500: system.cpu1 T0 : @_end+140737345681015.0  :   TEST_R_R : and   t0, rax, rax : IntAlu :  D=0x0000000000000000
 912000: system.cpu1 T0 : @_end+140737345681018    : jnz	0xffffffffffffffcc    
 912000: system.cpu1 T0 : @_end+140737345681008.0  :   ADD_R_I : limm   t1, 0x10 : IntAlu :  D=0x0000000000000010
 912000: system.cpu1 T0 : @_end+140737345681018.0  :   JNZ_I : rdip   t1, %ctrl153,  : IntAlu :  D=0x00007ffff7df06bc
 912500: system.cpu1 T0 : @_end+140737345681018.1  :   JNZ_I : limm   t2, 0xffffffffffffffcc : IntAlu :  D=0xffffffffffffffcc
 913500: system.cpu1 T0 : @_end+140737345680968    : sub	rax, 0x3              
 913500: system.cpu1 T0 : @_end+140737345681015    : test	rax, rax             
 913500: system.cpu1 T0 : @_end+140737345681015    : test	rax, rax             
 915000: system.cpu1 T0 : @_end+140737345680972.1  :   CMP_R_I : sub   t0, rax, t1 : IntAlu :  D=0x0000000000000001
 915500: system.cpu1 T0 : @_end+140737345680968    : sub	rax, 0x3              
 915500: system.cpu1 T0 : @_end+140737345680968    : sub	rax, 0x3              
 916500: system.cpu1 T0 : @_end+140737345680976.2  :   JNBE_I : wrip   , t1, t2 : IntAlu : 
 917500: system.cpu1 T0 : @_end+140737345680978.1  :   MOVSXD_R_M : sexti   rax, t1, 0x1f : IntAlu :  D=0xffffffffffffa680
 919000: system.cpu1 T0 : @_end+140737345680985.0  :   JMP_R : wripi   , rax, 0 : IntAlu : 
 919500: system.cpu1 T0 : 917000: system.cpu0 T0 : @_end+140737345681232@ : d+140737345680978.0  :   MOVSXD_R_M : ld   t1d, DS:[4*rax + rcx] : MemRead :  D=0x00000000ffffa680 A=0x7ffff7df6160
 919500: system.cpu1 T0 : 917000: system.cpu0 T0 : @_end+140737345681232@ : d+140737345680978.0  :   MOVSXD_R_M : ld   t1d, DS:[4*rax + rcx] : MemRead :  D=0x00000000ffffa680 A=0x7ffff7df6160
 : system.cpu1 T0 :   MOVSXD_R_M : sexti   rax, t1, 0x1f : IntAlu :  D=0xffffffffffffa680
 : system.cpu1 T0 :   MOVSXD_R_M : sexti   rax, t1, 0x1f : IntAlu :  D=0xffffffffffffa680
 920500: system.cpu1 T0 :  919000: system.cpu0 @0_end+140737345681236    : @                         _end+140737345680985    : jmp	rax                   
 919000: system.cpu1 T0 :  919000: system.cpu0 @0_end+140737345681236    : @                         _end+140737345680985    : jmp	rax                   
 920500: system.cpu1 T0 : @_end+140737345680985.0  :   JMP_R : wripi   , rax, 0 : IntAlu : 
 921000: system.cpu1 T0 : @_end+140737345681242.0  :  920500: system.cpu0                T0 :   JMP_I : rdip   t1, %ctrl153,  : IntAlu :  D=0x000000000000000@_ 921000: system.cpu1 T0 : @_end+140737345681242.0  :  920500: system.cpu0                T0 :   JMP_I : rdip   t1, %ctrl153,  : IntAlu :  D=0x000000000000000@_end+140737345681236    : mov	r13d, 0x1             
 922500: system.cpu1 T0 : @_end+140737345681008    : add	rax, 0x10             
 922500: system.cpu1 T0 : @_end+140737345681008    : add	rax, 0x10             
 922500: system.cpu1 T0 : @_end+140737345681008.0  :   ADD_R_I : limm   t1, 0x10 : IntAlu :  D=0x0000000000000010
 924500: system.cpu1 T0 : @_end+140737345681015    : test	rax, rax             
 924  @: system.cpu1345681012    : mov	rax, DS:[rdx]         T 923500: system.cpu0345681012    : mov	rax, DS:[rdx]         T0 : @_end+140737345681015.0  :   TEST_R_R : and   t0, rax, rax : IntAlu :  D=0x0000000000000000
system.cpu1 T0 : @_end+140737345681018    : jnz	0xffffffffffffffcc    
 924500: system.cpu0 T 925000  system.cpu1: jnz	0x T0 : @_end+140737345681018. 0 :   JNZ_I : rdip   t1, %ctrl153,  : _end+1 : 37345681015    :  D=t	rax, rax               924500: system.cpu0 T0 : @_end+140737345681015.0  :   TEST_R_R : and   t0, rax, rax : IntAlu :  D=0x0000000000000000
 926500: system.cpu1 T0 :  925500: system.cpu0@T_ :  : sub	rax, 0x3              
 926500: system.cpu1 T0 :  925500: system.cpu0@T_ :  : sub	rax, 0x3              
 928000: system.cpu1 T0 : @_end+140737345680972.1  :   CMP_R_I : sub   t0, rax, t1 : IntAlu :  D=0x0000000000000001
 928500: system.cpu1 T0 :  jnbe	0x1e                 
 928500: system.cpu1 T0 : @_end+140737345680976.0  :   JNBE_I : rdip   t1, %ctrl153,  : IntAlu :  D=0x00007ffff7df0692
 929000: system.cpu1 T0 : @_end+140737345680976.1  :   JNBE_I : limm   t2, 0x1e : IntAlu :  D=0x000000000000001e
 929500: system.cpu1 T0 : @_end+140737345680976.2  :   JNBE_I : wrip   , t1, t2 : IntAlu : 
 930000: system.cpu1 T0 : @_end+140737345680978    : movsxd	rax, DS:[4*rax + rcx]
 930000: system.cpu1 T0 : @_end+140737345680978    : movsxd	rax, DS:[4*rax + rcx]
 930000: system.cpu0 T0 :  930500: system.cpu1 @_end+1407373456809780 : movsxd	rax, DS:[4*rax + rcx]
 930000: system.cpu0 T0 :  930500: system.cpu1 @_end+1407373456809780 : movsxd	rax, DS:[4*rax + rcx]
 931500: system.cpu1 T0 : @_end+140737345680982    : add	rax, rcx              
 931500: system.cpu1 T0 : @_end+140737345680982    : add	rax, rcx              
 931500: system.cpu1 T0 : @_end+140737345680982.0  :   ADD_R_R : add   rax, rax, rcx : IntAlu :  D=0x0000000000000001
 932000: system.cpu1 T0 : @_end+140737345680985    : jmp	rax                9  s 932000: system.cpu1 T0 : @_end+140737345680982    : add	rax, rcx              
 932000: system.cpu1 T0 : @_end+140737345680985    : jmp	rax                9  system.cpu0                T0 : @_end+140737345680982.0  :   ADD_R_R : add   rax, rax, rcx : IntAlu :  D=0x0000000000000001
 932000: system.cpu1 T0 : @_end+140737345680985.0  :   JMP_R : wripi   , rax, 0 : IntAlu : 
 932500: system.cpu1 T0 : @_end+140737345681208    : mov	rax, DS:[rdx + 0x8]   
 932500: system.cpu1 T0 :  932500: system.cpu0 T@ : .0  :   MOV_R_M : ld   rax, DS:[rdx + 0x8] : MemRead :  D=0x00007fffffffefb9 A=0x7fffffffef78
 932500: system.cpu1 T0 :  932500: system.cpu0 T@ : .0  :   MOV_R_M : ld   rax, DS:[rdx + 0x8] : MemRead :  D=0x00007fffffffefb9 A=0x7fffffffef78
 933500: system.cpu1 T0 : @_end+140737345681212    : mov	DS:[rsp + 0x2f], 0x1  
 933500: system.cpu1 T0 : @_end+140737345681208.0  :   MOV_R_M : ld   rax, DS:[rdx + 0x8] : MemRead :  D=0x00007fffffffefb9 A=0x7fffffffef78
 933500: system.cpu1 T0 : @_end+140737345681212    : mov	DS:[rsp + 0x2f], 0x1  
 934000: system.cpu1 T0 : @_end+140737345681212.1  :  934000: system.cpu0                T0 :   MOV_M_I : st   t1b, DS:[rsp + 0x2f] : @emW_end+140737345681212.1  D=             MOV_M_I    0x  t1b, DS:[rsp + 0x2f] : MemWrite : 1 A=0x0x7fffffffed9f0 934000: system.cpu1 T0 : @_end+140737345681212.1  :  934000: system.cpu0                T0 :   MOV_M_I : st   t1b, DS:[rsp + 0x2f] : @emW_end+140737345681212.1  D=             MOV_M_I    0x  t1b, DS:[rsp + 0x2f] : MemWrite : 1 A=0x0x7fffffffed9f0000000000000001 A=0x7fffffffed9f
 934500: system.cpu1 T0 :  934500: system.cpu0 T0 : @_end+140737345681217    : @0000000000000000000000000_end+140737345681217    : mov	DS:[rsp + 0x20], rax00
 934500: system.cpu1 T0 :  934500: system.cpu0 T0 : @_end+140737345681217    : @0000000000000000000000000_end+140737345681217    : mov	DS:[rsp + 0x20], rax00
 935500: system.cpu1 T0 :  935500: system.cpu0 @_end+1407373456812220 : : @_end+140737345681222    : jmp	0xffffffffffffff250000
 935500: system.cpu1 T0 :  935500: system.cpu0 @_end+1407373456812220 : : @_end+140737345681222    : jmp	0xffffffffffffff250000
 935500: system.cpu1000000000000000 T0 : @_end+140737345681222.00 :   JMP_I : rdip   t1, %ctrl153,  : IntAlu :  D=0x00007ffff7df078b
 935500: system.cpu1000000000000000 T0 : @_end+140737345681222.00 :   JMP_I : rdip   t1, %ctrl153,  : IntAlu :  D=0x00007ffff7df078b
 936000: system.cpu1 T0 : @_end+140737345681222.10 :   JMP_I : limm   t2, 0xffffffffffffff25 : IntAlu :  D=0xffffffffffffff25
 936000: system.cpu1 T0 : @_end+140737345681222.10 :   JMP_I : limm   t2, 0xffffffffffffff25 : IntAlu :  D=0xffffffffffffff25
 937500: system.cpu1 T0 : @_end+140737345681008.10 :   ADD_R_I : add   rdx, rdx, t1 : IntAlu :  D=0x0000000000000000
 939000: system.cpu1 T0 : @_end+140737345681015    : test	rax, rax0000000000000
939000 : system.cpu1      T0 : @_end+140737345681015.0  :   TEST_R_R : and   t0, rax, rax : IntAlu :  D=0x0000000000000000
 939500: system.cpu1 T0 : @_end+140737345681018    : jnz	0xffffffffffffffcc    
 939500: system.cpu1 T0 : @_end+140737345681018.0  :   JNZ_I : rdip   t1, %ctrl153,  : IntAlu :  D=0x00007ffff7df06bc
 939500: system.cpu1 T0 : @_end+140737345681018.0  :   JNZ_I : rdip   t1, %ctrl153,  : IntAlu :  D=0x00007ffff7df06bc
 941000: system.cpu1 T T0 :  : @_end+140737345680968@   : sub	rax, 0x3              _ 941000: system.cpu1 T T0 :  : @_end+140737345680968@   : sub	rax, 0x3              _      .0  :   SUB_R_I : limm   t1, 0x3 : IntAlu :  D=0x0000000000000003
 942000: system.cpu1 T0 : @_end+140737345680972.0  :   CMP_R_I : limm   t1, 0x1e : IntAlu :  D=0x000000000000001e
 942500: system.cpu1 T0 : @_end+140737345680972.1  :   CMP_R_I : sub   t0, rax, t1 : IntAlu :  D=0x0000000000000001
 943000: system.cpu1 T0 : 
 943000: system.cpu1 T0 : @_end+140737345680976.0  :   JNBE_I : rdip   t1, %ctrl153,  : IntAlu :  D=0x00007ffff7df0692
00: system.cpu1 T0 : @_end+140737345680976.1  :   JNBE_I : limm   t2, 0x1e : IntAlu :  D=0x000000000000001e
 944000: system.cpu1 T0 : @_end+140737345680976.2  :   JNBE_I : wrip   , t1, t2 : IntAlu : 
 944500: system.cpu0 T0 :  944500: system.cpu1 T0 : @_end+140737345680978.0  :   MOVSXD_R_M : ld   t1d, DS:[4*rax + rcx] : MemRead :  D=0x00000000ffffa5a0 A=0x@ffff7df6180
 944500: system.cpu0 T0 :  944500: system.cpu1 T0 : @_end+140737345680978.0  :   MOVSXD_R_M : ld   t1d, DS:[4*rax + rcx] : MemRead :  D=0x00000000ffffa5a0 A=0x@ffff7df6180
 944500: system.cpu1 T0 : @_end+140737345680978.0  :   MOVSXD_R_M : ld   t1d, DS:[4*rax + rcx] : MemRead :  D=0x00000000ffffa5a0 A=0x7ffff7df6180
945000 : system.cpu1 T0 : @_end+140737345680978.1  :   MOVSXD_R_M : sexti   rax, t1, 0x1f : IntAlu :  D=0xffffffffffffa5a0
946000                    : system.cpu1 T0 : @_end+140737345680982    : add	rax, rcx              
946000 : system.cpu1 T0 : @_end+140737345680982.0  :   ADD_R_R : add   rax, rax, rcx : IntAlu :  D=0x0000000000000001
 946500: system.cpu1 T0 : @_end+140737345680985.0  :   JMP_R : wripi   , rax, 0 : IntAlu : 
 947000: system.cpu1 T0 : @_end+140737345681008    : add	rax, 0x10             
 947000: system.cpu1 T0 : @_end+140737345681008.0  :   ADD_R_I : limm   t1, 0x10 : IntAlu :  D=0x0000000000000010
 947000: system.cpu1 T0 : @_end+140737345681008.0  :   ADD_R_I : limm   t1, 0x10 : IntAlu :  D=0x0000000000000010
 949000: system.cpu1 T0 : @_end+140737345681015    : test	rax, rax             
 949000: system.cpu1 T0 : @_end+140737345681015    : test	rax, rax             
 949500: system.cpu1 T0 :  950000: system.cpu0@T_end+140737345681018  :  : jnz	0xffffffffffffffcc0000
 949500: system.cpu1 T0 :  950000: system.cpu0@T_end+140737345681018  :  : jnz	0xffffffffffffffcc0000
 949500: system.cpu1 T0 : @_end+140737345681018.00 :   JNZ_I : rdip   t1, %ctrl153,  : IntAlu :  D=0x00007ffff7df06bc
 950000: system.cpu1 T0 : @_end+140737345681018.10 :   JNZ_I : limm   t2, 0xffffffffffffffcc : IntAlu :  D=0xffffffffffffffcc
 950500: system.cpu1 T0 : @_end+140737345681018.20 :   JNZ_I : wrip   , t1, t20 : IntAlu : 
 :  D=0x00000000000000009 :  D=0x0000000000000000951000: system.cpu1 T0 : @_end+140737345680968.00 :   SUB_R_I : limm   t1, 0x3 : IntAlu :  D=0x0000000000000003
 951500: system.cpu1 T0 : @_end+140737345680968.10 :   SUB_R_I : sub   rax, rax, t1 : IntAlu :  D=0x0000000000000000
 952000: system.cpu1 T0 : @_end+140737345680972    : cmp	rax, 0x1e0000000000000
 952000: system.cpu1 T0 : @_end+140737345680972    : cmp	rax, 0x1e0000000000000
 952000: system.cpu1 T0 : @_end+140737345680972.00 :   CMP_R_I : limm   t1, 0x1e : IntAlu :  D=0x000000000000001e
 952500: system.cpu1 T0 : @_end+140737345680972.10 :   CMP_R_I : sub   t0, rax, t1 : IntAlu :  D=0x0000000000000001
 953000: system.cpu1 T0 :  jnbe	0x1e00000000000000000
 953000: system.cpu1 T0 : @_end+140737345680976.00 :   JNBE_I : rdip   t1, %ctrl153,  : IntAlu :  D=0x00007ffff7df0692
 954000: system.cpu1 T0 : @_end+140737345680976.20 :   JNBE_I : wrip   , t1, t2 : IntAlu : 
 954500: system.cpu1 T0 : @_end+140737345680978    : movsxd	rax, DS:[4*rax + rcx]
 954500: system.cpu1 T0 : @_end+140737345680978    : movsxd	rax, DS:[4*rax + rcx]
 954500: system.cpu1 T0 : @_end+140737345680978.00 :   MOVSXD_R_M : ld   t1d, DS:[4*rax + rcx] : MemRead :  D=0x00000000ffffa6d8 A=0x7ffff7df6140
 956000: system.cpu0 T0 :  955000: system.cpu1@T0 : +140737345680982    : add	rax, rcx00000000000000
 956000: system.cpu0 T0 :  955000: system.cpu1@T0 : +140737345680982    : add	rax, rcx00000000000000
 956500: system.cpu0 T0 :  956000: system.cpu1 T0 : @_end+140737345680985    : jmp	rax0000000000000000000
 956500: system.cpu0 T0 :  956000: system.cpu1 T0 : @_end+140737345680985    : jmp	rax0000000000000000000
 956000: system.cpu1 T0 : @_end+140737345680985.00 :   JMP_R : wripi   , rax, 0 : IntAlu : 
 956000: system.cpu1 T0 : @_end+140737345680982.00 :   ADD_R_R : add   rax, rax, rcx : IntAlu :  D=0x0000000000000001
 956500: system.cpu1 T0 : @_end+140737345680985    : jmp	rax0000000000000000000
 956500: system.cpu1000000000000000 T0 : @_end+140737345680985.00 :   JMP_R : wripi   , rax, 0 : IntAlu : m 956500: system.cpu1000000000000000 T0 : @_end+140737345680985.00 :   JMP_R : wripi   , rax, 0 : IntAlu : mov	r9, DS:[rdx + 0x8]
 957000: system.cpu0 T0 : @_end+140737345681320.00 :  957000: system.cpu1000000000000000 T0 : @_end+140737345681320    : mov	r9, DS:[rdx + 0x8]0000
 957000: system.cpu1 T0 : @_end+140737345681320.00 :  957000: system.cpu1000000000000000 T0 : @_end+140737345681320    : mov	r9, DS:[rdx + 0x8]0000
_end+140737345681324    : mov	r10d, 0x10000000000000   MOV_R_I : limm   r10d, 0x1 : IntAlu :  950x00000: system.cpu10T00000000000001
  MOV_R_I : limm   r10d, 0x1 : IntAlu :  950x00000: system.cpu10T00000000000001
 958500: system.cpu0 T0 :  958500: system.cpu1 T0 : @_end+140737345681330    : @                         _end+140737345681330    : jmp	0xfffffffffffffeb9    
 958500: system.cpu0 T0 :  958500: system.cpu1 T0 : @_end+140737345681330    : @                         _end+140737345681330    : jmp	0xfffffffffffffeb9    
 958500: system.cpu1                T0 :  _enIntAlu : 0 :  D=                        0x :  D=7ffff7df07f7
 958500: system.cpu1                T0 :  _enIntAlu : 0 :  D=                        0x :  D=7ffff7df07f7
 959000: system.cpu0 T0 : @_end+140737345681330.01 :  959000: system.cpu1000000000000000 T0 :   JMP_I : limm   t2, 0xfffffffffffffeb9 : IntAlu :  D=0xfffffffffffffeb9
 959000: system.cpu0 T0 : @_end+140737345681330.01 :  959000: system.cpu1000000000000000 T0 :   JMP_I : limm   t2, 0xfffffffffffffeb9 : IntAlu :  D=0xfffffffffffffeb9
system.cpu0 T0 : @_end+140737345681330.20 :  959500: system.cpu1000000000000000 T0 :   JMP_I : wrip   , t1, t2 : IntAlu : 
system.cpu0 T0 : @_end+140737345681330.20 :  959500: system.cpu1000000000000000 T0 :   JMP_I : wrip   , t1, t2 : IntAlu : 
 960000: system.cpu1 T0 : 
 960000: system.cpu1 T0 : @_end+140737345681008.00 :   ADD_R_I : limm   t1, 0x10 : IntAlu :  D=0x0000000000000010
 960500: system.cpu1 T0 : @_end+140737345681008.10 :   ADD_R_I : add   rdx, rdx, t1 : IntAlu :  D=0x0000000000000000
 962000: system.cpu15    : 962000: , rax        syste
 962500: system.cpu1 T0 : @_end+140737345681018    : jnz	0xffffffffffffffcc0000
 962500: system.cpu1 T0 : @_end+140737345681018.00 :   JNZ_I : rdip   t1, %ctrl153,  : IntAlu :  D=0x00007ffff7df06bc
 963000: system.cpu1 T0 : @_end+140737345681018.10 :   JNZ_I : limm   t2, 0xffffffffffffffcc : IntAlu :  D=0xffffffffffffffcc
 963500: system.cpu1 T0 : @_end+140737345681018.20 :   JNZ_I : wrip   , t1, t20 : IntAlu : 
 964000: system.cpu0 T0 : @_end+140737345681020    :  964000: system.cpu1000000000000000 T0 : test	dil, dil
 964000: system.cpu0 T0 : @_end+140737345681020    :  964000: system.cpu1000000000000000 T0 : test	dil, dil
 964000: system.cpu1000000000000000 T0 : @_end+140737345681020.00 :   TEST_R_R : and   t0b, dil, dil : IntAlu :  D=0x0000000000000 : 
 964000: system.cpu1000000000000000 T0 : @_end+140737345681020.00 :   TEST_R_R : and   t0b, dil, dil : IntAlu :  D=0x0000000000000 : 
 965000: system.cpu1 T0 :   965500: system.cpu0000000000000000 T0 : jnz	0x21b
 966500: system.cpu0 T0 :  966000: system.cpu1 T0@_end+140737345681568    : @0000000000000000000000000_end+140737345681023.20 : mov	DS:[rip + 0x20c3d1], r15
 966500: system.cpu0 T0 :  966000: system.cpu1 T0@_end+140737345681568    : @0000000000000000000000000_end+140737345681023.20 : mov	DS:[rip + 0x20c3d1], r15
 966500: system.cpu1 T0 : @_end+140737345681568.10 : @0000000000000000000000000_end+140737345681568.00 :   MOV_P_R : rdip   t7, %ctrl153,  : IntAlu :  D=0x00007ffff7df08e7
 966500: system.cpu1 T0 : @_end+140737345681568.10 : @0000000000000000000000000_end+140737345681568.00 :   MOV_P_R : rdip   t7, %ctrl153,  : IntAlu :  D=0x00007ffff7df08e7
 967000: system.cpu1 T0 : @_end+140737345681568.10 :   MOV_P_R : st   r15, DS:[t7 + 0x20c3d1] : MemWrite :  D=0x0000000000001000 A=0x7ffff7ffccb8
 968000: system.cpu1000000000000000   JMP_I : rdip   t1, %ctrl153, 0 : ntAlu :  D=0x00007ffff7df08ec
 968000: system.cpu1000000000000000   JMP_I : rdip   t1, %ctrl153, 0 : ntAlu :  D=0x00007ffff7df08ec
 968500: sy T0 : @_end+140737345681575.10 :  968500: system.cpu1000000000000000 T0 :   JMP_I : limm   t2, 0xfffffffffffffdd9 : IntAlu :  D=0xfffffffffffffdd9@ 968500: sy T0 : @_end+140737345681575.10 :  968500: system.cpu1000000000000000 T0 :   JMP_I : limm   t2, 0xfffffffffffffdd9 : IntAlu :  D=0xfffffffffffffdd9@_end+140737345681575.10 :   JMP_I : limm   t2, 0xfffffffffffffdd9 : IntAlu :  D=0xfffffffffffffdd9
system.cpu0 T0 : @_end+140737345681575.20 :  969000: system.cpu1000000000000000 T0 :   JMP_I : wrip   , t1, t2 : IntAlu : 
system.cpu0 T0 : @_end+140737345681575.20 :  969000: system.cpu1000000000000000 T0 :   JMP_I : wrip   , t1, t2 : IntAlu : 
 969500: system.cpu0 T0 :  969500: system.cpu1 T0 : @_end+140737345681029    : @0000000000000000000000000_end+140737345681029    : test	r14b, r14b00000000000
 969500: system.cpu0 T0 :  969500: system.cpu1 T0 : @_end+140737345681029    : @0000000000000000000000000_end+140737345681029    : test	r14b, r14b00000000000
 970000: system.cpu0 T0 : @_end+140737345681032    :  970000: system.cpu100000000j000000000000000000000000
 970000: system.cpu0 T0 : @_end+140737345681032    :  970000: system.cpu100000000j000000000000000000000000
 970000: system.cpu1000000000000000 T0 :   JZ_I : rdip   t1, %ctrl153,  : IntAlu :  D=0x00007ffff7df06ca
 970000: system.cpu1000000000000000 T0 :   JZ_I : rdip   t1, %ctrl153,  : IntAlu :  D=0x00007ffff7df06ca
 970500: system.cpu1 T0 : @_end+140737345681032.10 :   JZ_I : limm   t2, 0x5000 : IntAlu :  D=0x0000000000000005
 971000: system.cpu0 T0 : @_end+140737345681032.20 :  971000: system.cpu1000000000000000 T0 : @_end+140737345681032.   : I : wr  J
 971000: system.cpu0 T0 : @_end+140737345681032.20 :  971000: system.cpu1000000000000000 T0 : @_end+140737345681032.   : I : wr  J
 971500: system.cpu0 T0 :       @500: system.cpu1345681034    T0 971500: system.cpu0 T0 :       @500: system.cpu1345681034    T0 : @_end+140737345681034    : mov	DS:[rsp + 0x38], rsi00
system.cpu1 T0 : @_end+140737345681034.0  :   MOV_M_R : st   rsi, DS:[rsp + 0x38] : MemWrite :  D=0x0000000000400430 A=0x7fffffffeda8
 972500: system.cpu0 T0 :  972500: system.cpu1 T0 : @_end+140737345681039    : @                         _end+140737345681039    : test	r13b, r13b           
 972500: system.cpu0 T0 :  972500: system.cpu1 T0 : @_end+140737345681039    : @                         _end+140737345681039    : test	r13b, r13b           
 972500: system.cpu1                T0 :   TEST_R_R : and   t0b, r13b, r13b : IntAlu :  D=0x@0000000000000000
 972500: system.cpu1                T0 :   TEST_R_R : and   t0b, r13b, r13b : IntAlu :  D=0x@0000000000000000
 973000: system.cpu0 T0 :  973000: system.cpu1 T0 : @_end+140737345681042    : @                         _end+140737345681042    : jz	0x7                    
 973000: system.cpu0 T0 :  973000: system.cpu1 T0 : @_end+140737345681042    : @                         _end+140737345681042    : jz	0x7                    
 973000: system.cpu1                T0 :   JZ_I : rdip   t1, %ctrl153,  : IntAlu :  D=0x00007ffff7df06d4
 973000: system.cpu1                T0 :   JZ_I : rdip   t1, %ctrl153,  : IntAlu :  D=0x00007ffff7df06d4
0 : @_end+140737345681042.1  :  973500: system.cpu1                T0 :   JZ_I : limm   t2, 0x7 : IntAlu :  D=0x0000000000000007
0 : @_end+140737345681042.1  :  973500: system.cpu1                T0 :   JZ_I : limm   t2, 0x7 : IntAlu :  D=0x0000000000000007
 T0 : @_end+140737345681042.2  :  974000: system.cpu1                T0 :   JZ_I : wrip   , t1, t2 : IntAlu : 
 T0 : @_end+140737345681042.2  :  974000: system.cpu1                T0 :   JZ_I : wrip   , t1, t2 : IntAlu : 
 975000: system.cpu0 T0 :  975000: system.cpu1 T0 : @_end+140737345681044    : @                         _end+140737345681044    : mov	DS:[rip + 0x20c79d], r11d
 975000: system.cpu0 T0 :  975000: system.cpu1 T0 : @_end+140737345681044    : @                         _end+140737345681044    : mov	DS:[rip + 0x20c79d], r11d
 975000: system.cpu1                T0 :   MOV_P_R : rdip   t7d, %ctrl153,  : IntAlu :  D=0x00007ffff7df06db
 975000: system.cpu1                T0 :   MOV_P_R : rdip   t7d, %ctrl153,  : IntAlu :  D=0x00007ffff7df06db
system.cpu1 T0 : @_end+140737345681044.1  :   MOV_P_R : st   r11d, DS:[t7 + 0x20c79d] : MemWrite :  D=0x0000000000000000 A=0x7ffff7ffce78
 976000: system.cpu0 T0 : @_end+140737345681051    :  976000: system.cpu1                T0 : test	r10b, r10b
 976000: system.cpu0 T0 : @_end+140737345681051    :  976000: system.cpu1                T0 : test	r10b, r10b
 976000: system.cpu1                T0 :  _end+140737345681051., r10b, r10b :  IntAlu0 :  D=EST_R_R : and   t0b, r10b, r10b : 0000000000IntAlu
 976000: system.cpu1                T0 :  _end+140737345681051., r10b, r10b :  IntAlu0 :  D=EST_R_R : and   t0b, r10b, r10b : 0000000000IntAlu
 976500: system.cpu0 T0 : @_end+140737345681054    : jz	0x7                      976500: system.cpu0 T0 : @_end+140737345681054    : jz	0x7                     976500: system.cpu1 T0 : @_end+140737345681054    : jz	0x7                    
 D=0x00007ffff7df06e09 D=0x00007ffff7df06e0976500 : system.cpu1 T0 : @_end+140737345681054.0  :   JZ_I : rdip   t1, %ctrl153,  : IntAlu :  D=0x00007ffff7df06e0
system.cpu1 T0 : @_end+140737345681054.1  :   JZ_I : limm   t2, 0x7    : IntAlu :  D=0x0000000000000007
 977500: system.cpu1 T0 : @_end+140737345681054.2  :   JZ_I : wrip   , t1, t2   : IntAlu : 
 978000: system.cpu0 T0 :  978000: system.cpu1 T0 : @_end+140737345681056    : @                         _end+140737345681056    : mov	DS:[rip + 0x20c5c1], r9
 978000: system.cpu0 T0 :  978000: system.cpu1 T0 : @_end+140737345681056    : @                         _end+140737345681056    : mov	DS:[rip + 0x20c5c1], r9
 978000: system.cpu1                T0 : @_end+140737345681056.0 D=  MOV_P_R : rdip   t7, %ctrl153,    Int    :             0x D=0x00007ffff7df06e7
 978000: system.cpu1                T0 : @_end+140737345681056.0 D=  MOV_P_R : rdip   t7, %ctrl153,    Int    :             0x D=0x00007ffff7df06e7
 978500: system.cpu0 T0 : @_end+140737345681056. 1     : system.cpu1 T0 : @_end+140737345681056.1  :   MOV_P_R : st   r9, DS:[t7 + 0x20c5c1] : MemWrite :  D=0x00007fffffffefc9 A=0x7ffff7ffcca8
 978500: system.cpu0 T0 : @_end+140737345681056. 1     : system.cpu1 T0 : @_end+140737345681056.1  :   MOV_P_R : st   r9, DS:[t7 + 0x20c5c1] : MemWrite :  D=0x00007fffffffefc9 A=0x7ffff7ffcca8
 979500: system.cpu0 T0 : @_end+140737345681063.0  :  979500: system.cpu1                T0 :   TEST_R_R : and   t0b, r8b, r8b : IntAlu :  D=0x0000000000000000
 979500: system.cpu1@T_end+1407373456810660   : jz	0xb           : 
 980000: system.cpu1 T0 :  980500: system.cpu0 T0 : @_end+140737345681066    : jz	0xb                    
 980000: system.cpu1 T0 :  980500: system.cpu0 T0 : @_end+140737345681066    : jz	0xb                    
 981500: system.cpu0 T0 : @_end+140737345681068    :  981000: system.cpu1 T0 : @_end+140737345681066.2  :   JZ_I : wrip   , t1, t2   : IntAlu : 
 981500: system.cpu0 T0 : @_end+140737345681068    :  981000: system.cpu1 T0 : @_end+140737345681066.2  :   JZ_I : wrip   , t1, t2   : IntAlu : 
 981500: system.cpu0 T0 : @_end+140737345681068.0  :  981500: system.cpu1                T0 : @_end+140737345681068    :  ov	rax, SS:[rsp]         M 981500: system.cpu0 T0 : @_end+140737345681068.0  :  981500: system.cpu1                T0 : @_end+140737345681068    :  ov	rax, SS:[rsp]         MemRead :  D=0x00000000078bfbff A=0x7fffffffed70
 982000: system.cpu0 T0 : @_end+140737345681072    :  982000: system.cpu1                T0 : mov	DS:[rip + 0x20c601], rax
 982000: system.cpu0 T0 : @_end+140737345681072    :  982000: system.cpu1                T0 : mov	DS:[rip + 0x20c601], rax
 982000: system.cpu1                T0 :   MOV_P_R : rdip   t7, %ctrl153,  : IntAlu :  D=0x00007ffff7df06f7
 982000: system.cpu1                T0 :   MOV_P_R : rdip   t7, %ctrl153,  : IntAlu :  D=0x00007ffff7df06f7
 982500: system.cpu0 T0 : @_end+140737345681072.1  :  982500: system.cpu1                T0 :   MOV_P_R : st   rax, DS:[t7 + 0x20c601] : MemWrite :  D=0x00000000078bfbff A=0x7ffff7ffccf8
 982500: system.cpu0 T0 : @_end+140737345681072.1  :  982500: system.cpu1                T0 :   MOV_P_R : st   rax, DS:[t7 + 0x20c601] : MemWrite :  D=0x00000000078bfbff A=0x7ffff7ffccf8
 983500: system.cpu1 T0 :  983500: system.cpu0 T0 : @_end+140737345681079    : @                         _end+140737345681079    : cmp	DS:[rsp + 0x29], 0    
 983500: system.cpu1 T0 :  983500: system.cpu0 T0 : @_end+140737345681079    : @                         _end+140737345681079    : cmp	DS:[rsp + 0x29], 0    
 984000: system.cpu1 T0 : @_end+140737345681079.1  :  984000: system.cpu0                T0 CMP_M_I : ld   t1b, DS:[rsp + 0x29] :  : Read :  D=0x00007ffff7df0600 A=0x7fffffffed99
 984000: system.cpu1 T0 : @_end+140737345681079.1  :  984000: system.cpu0                T0 CMP_M_I : ld   t1b, DS:[rsp + 0x29] :  : Read :  D=0x00007ffff7df0600 A=0x7fffffffed99
 984500: system.cpu1 T0 : @_end+140737345681079.2  :  984500: system.cpu0                T0 : @_end+140737345681079.2  :   CMP_M_I : sub   t0b, t1b, t2b : IntAlu :  D=0x0000000000000000
 984500: system.cpu1 T0 : @_end+140737345681079.2  :  984500: system.cpu0                T0 : @_end+140737345681079.2  :   CMP_M_I : sub   t0b, t1b, t2b : IntAlu :  D=0x0000000000000000
 985000: system.cpu1 T0 :  985000: system.cpu0 T0 : @_end+140737345681084    : @                         _end+140737345681084    : jz	0xc                    
 985000: system.cpu1 T0 :  985000: system.cpu0 T0 : @_end+140737345681084    : @                         _end+140737345681084    : jz	0xc                    
 985500: system.cpu1 T0 : @_end+140737345681084.1  :   JZ_I : limm   t2, 0xc    : IntAlu :  D=0x000000000000000c
 986500: system.cpu1 T0 : @_end+140737345681098    :  986500: cmp	DS:[rsp + 0x2c         T0 : @_end+1407373 986500: system.cpu1 T0 : @_end+140737345681098    :  986500: cmp	DS:[rsp + 0x2c         T0 : @_end+140737345681098    : cmp	DS:[rsp + 0x2c], 0    
 987000: system.cpu1 T0 : @_end+140737345681098.1  :  987000: system.cpu0                T0 :   CMP_M_I : ld   t1b, DS:[rsp + 0x2c] : MemRead :  D=0x00007ffff7df0601 A=0x7fffffffed9c
 987000: system.cpu1 T0 : @_end+140737345681098.1  :  987000: system.cpu0                T0 :   CMP_M_I : ld   t1b, DS:[rsp + 0x2c] : MemRead :  D=0x00007ffff7df0601 A=0x7fffffffed9c
 988500: system.cpu1 T0 : @_end+140737345681103    : jz	0xa                    
 T0 :  988500: system.cpu1 T0 : @_end+140737345681103.   0  :                
 T0 :  988500: system.cpu1 T0 : @_end+140737345681103.   0  :                
 990000: system.cpu1 T0 : @_end+140737345681105    :  990000: system.cpu0                T0 : mov	rax, DS:[rsp + 0x14]
 990000: system.cpu1 T0 : @_end+140737345681105    :  990000: system.cpu0                T0 : mov	rax, DS:[rsp + 0x14]
 991000: system.cpu1 T0 : @_end+140737345681109    :  991000: system.cpu0000000000000000 T0 : mov	DS:[rip + 0x20c5bd], eax
 991000: system.cpu1 T0 : @_end+140737345681109    :  991000: system.cpu0000000000000000 T0 : mov	DS:[rip + 0x20c5bd], eax
 991500: system.cpu1 T0 : @_end+140737345681109.10 :  991500: system.cpu0000000000000000 T0 :   MOV_P_R : st   eax, DS:[t7 + 0x20c5bd] : MemWrite :  D=0x@000000000000064 A=0x140737345681109.10 :   MOV_P_ 991500: system.cpu1 T0 : @_end+140737345681109.10 :  991500: system.cpu0000000000000000 T0 :   MOV_P_R : st   eax, DS:[t7 + 0x20c5bd] : MemWrite :  D=0x@000000000000064 A=0x140737345681109.10 :   MOV_P_R : st   eax, DS:[t7 + 0x20c5bd] : MemWrite :  D=0x0000000000000064 A=0x7ffff7ffccd8
 992000: system.cpu1 T0 : @_end+140737345681115    : cmp	DS:[rsp + 0x2d], 00000
 :  992000: system.cpu1 T0 : @_end+140737345681115    : .mp	DS:[rsp + 0x2d], 00000
 992000: 0: system.cpu1 T0 : @_end+140737345681115    : .mp	DS:[rsp + 0x2d], 00000
 992500: system.cpu1 T0 : @_end+140737345681115.10 :  992500: system.cpu0000000000000000 T0 :   CMP_M_I : ld   t1b, DS:[rsp + 0x2d] : MemRead :  D=0x00007ffff7df0700 A=0x@_end+140737345681115
 992500: system.cpu1 T0 : @_end+140737345681115.10 :  992500: system.cpu0000000000000000 T0 :   CMP_M_I : ld   t1b, DS:[rsp + 0x2d] : MemRead :  D=0x00007ffff7df0700 A=0x@_end+140737345681115
 993000: system.cpu1 T0 : @_end+140737345681115.20 :  993000: system.cpu0000000000000000 T0 :   CMP_M_I : sub   t0b, t1b, t2b_end+140737345681115.IntAlu :   CMP_M_I : sub   t0b, t1b, t2b D=0x : 0000000000000000
 993000: system.cpu1 T0 : @_end+140737345681115.20 :  993000: system.cpu0000000000000000 T0 :   CMP_M_I : sub   t0b, t1b, t2b_end+140737345681115.IntAlu :   CMP_M_I : sub   t0b, t1b, t2b D=0x : 0000000000000000
 993500: system.cpu1 T0 :  993500: system.cpu0 T0 : @_end+140737345681120    : jz	0xc00000000000000000000
 993500: system.cpu1 T0 :  993500: system.cpu0 T0 : @_end+140737345681120    : jz	0xc00000000000000000000
 995500: system.cpu1 T0 : @_end+140737345681134    :  995500: system.cpu0000000000000000 T0 : cmp	DS:[rsp + 0x2e], 0
 995500: system.cpu1 T0 : @_end+140737345681134    :  995500: system.cpu0000000000000000 T0 : cmp	DS:[rsp + 0x2e], 0
 996000: system.cpu1 T0 : @_end+140737345681134.10 :  996000: system.cpu0000000000000000 T0 :   CMP_M_I : ld   t1b, DS:[rsp + 0x2e] : MemRead :  D=0x00007ffff7df0701 A=0x7fffffffed9e
 996000: system.cpu1 T0 : @_end+140737345681134.10 :  996000: system.cpu0000000000000000 T0 :   CMP_M_I : ld   t1b, DS:[rsp + 0x2e] : MemRead :  D=0x00007ffff7df0701 A=0x7fffffffed9e
 997000: system.cpu1 T0 :  996500: system.cpu0 T0 : @_end+140737345681139    : jz	0xc00000000000000000000
 997000: system.cpu1 T0 :  996500: system.cpu0 T0 : @_end+140737345681139    : jz	0xc00000000000000000000
 999000: system.cpu1 T0 : @_end+140737345681141    : mov	rax, DS:[rsp + 0x18]00
: system.cpu1 T01000000  :: system.cpu0 T0 : @_end+140737345681146.00_end+140737345681146    : mov	DS:[rip + 0x20c65f], rax
: system.cpu1 T01000000  :: system.cpu0 T0 : @_end+140737345681146.00_end+140737345681146    : mov	DS:[rip + 0x20c65f], rax
1000500: system.cpu1 T0 : @_end+140737345681146.10 :   MOV_P_R : st   rax, DS:[t7 + 0x20c65f] : MemWrite :  D=0xffffffffff600000 A=0x7ffff7ffcda0
1001000: system.cpu0 T0 : 1001000: system.cpu1 T0 : @_end+140737345681153@_end+140737345681153    : cmp	DS:[rsp + 0x2f], 00000
1001000: system.cpu1 T0 : 1001000: system.cpu1 T0 : @_end+140737345681153@_end+140737345681153    : cmp	DS:[rsp + 0x2f], 00000
1001500: system.cpu1 T0 : @_end+140737345681153.10 : 1001500: system.cpu0000000000000000 T0 :   CMP_M_I : ld   t1b, DS:[rsp + 0x2f] : MemRead :  D=0x00007ffff7df0701 A=0x7fffffffed9f
1001500: system.cpu1 T0 : @_end+140737345681153.10 : 1001500: system.cpu0000000000000000 T0 :   CMP_M_I : ld   t1b, DS:[rsp + 0x2f] : MemRead :  D=0x00007ffff7df0701 A=0x7fffffffed9f
1002000: system.cpu1 T0 : @_end+140737345681153.20 : 1002000: system.cpu0000000000000000 T0 : @  CMP_M_I : sub   t0., t1b, t2b0x2f] : MemRead :  D20 :   CIntAlu :  : IntAlu : 0000000000000000
1002000: system.cpu1 T0 : @_end+140737345681153.20 : 1002000: system.cpu0000000000000000 T0 : @  CMP_M_I : sub   t0., t1b, t2b0x2f] : MemRead :  D20 :   CIntAlu :  : IntAlu : 0000000000000000
1003000:      system.cpu1 T0 : 1003000: system.cpu0 T0 : @_end+140737345681158   @: _end+140737345681158          : jz	0xf0                   j1003000:      system.cpu1 T0 : 1003000: system.cpu0 T0 : @_end+140737345681158   @: _end+140737345681158          : jz	0xf0                   jz	0xf0                   
system.cpu1 T0 : @_end+140737345681158.1  : 1003500: system.cpu0                T0 :   JZ_I : limm   t2, 0xf0 : IntAlu :  D=0x000000000000000@_system.cpu1 T0 : @_end+140737345681158.1  : 1003500: system.cpu0                T0 :   JZ_I : limm   t2, 0xf0 : IntAlu :  D=0x000000000000000@_end+140737345681158 .1  :   JZ_I : limm   t2, 0xf0   : IntAlu :  D=0x00000000000000f0
1004000: system.cpu1 T0 : @_end+140737345681158.2  : 1004000: system.cpu0                T0 :   JZ_I : wrip   , t1, t2 : IntAlu : 
1004000: system.cpu1 T0 : @_end+140737345681158.2  : 1004000: system.cpu0                T0 :   JZ_I : wrip   , t1, t2 : IntAlu : 
1005000: system.cpu0 T0 : @_end+140737345681164    : 1005000: system.cpu1                Tmov	rax, DS:[rsp + 0x20]
1005000: system.cpu0 T0 : @_end+140737345681164    : 1005000: system.cpu1                Tmov	rax, DS:[rsp + 0x20]
1005000: system.cpu1                T0 :   MOV_R_M : ld   rax, DS:[rsp + 0x20] : MemRead :  D=0x00007fffffffefb9 A=0x7fffffffed90
1005000: system.cpu1                T0 :   MOV_R_M : ld   rax, DS:[rsp + 0x20] : MemRead :  D=0x00007fffffffefb9 A=0x7fffffffed90
1005500: system.cpu0 T0 : 1005500: system.cpu1 T0 : @_end+140737345681169    : @                         _end+140737345681169    : mov	DS:[rip + 0x20c710], rax
1005500: system.cpu0 T0 : 1005500: system.cpu1 T0 : @_end+140737345681169    : @                         _end+140737345681169    : mov	DS:[rip + 0x20c710], rax
1005500: system.cpu1                T0 :   MOV_P_R : rdip   t7, %ctrl153,  : IntAlu :  D=0x@_end+1407373456811697ffff7df0758900
1005500: system.cpu1                T0 :   MOV_P_R : rdip   t7, %ctrl153,  : IntAlu :  D=0x@_end+1407373456811697ffff7df0758900
1006000: system.cpu0 T0 : @_end+140737345681169.1  : 1006000: system.cpu1                T0 :   MOV_P_R : st   rax, DS:[t7 + 0x20c710] : MemWrite :  D=0x00007fffffffefb9 A=0x7ffff7ffce68
1006000: system.cpu0 T0 : @_end+140737345681169.1  : 1006000: system.cpu1                T0 :   MOV_P_R : st   rax, DS:[t7 + 0x20c710] : MemWrite :  D=0x00007fffffffefb9 A=0x7ffff7ffce68
1006500: system.cpu0 T0 : 1006500: system.cpu1 T0 : @_end+140737345681176    : @                         _end+140737345681176    : jmp	0xdf                  
1006500: system.cpu0 T0 : 1006500: system.cpu1 T0 : @_end+140737345681176    : @                         _end+140737345681176    : jmp	0xdf                  
1006500: system.cpu1                T0 :   JMP_I : rdip   t1, %ctrl153,  : IntAlu :  D=0x@00007ffff7df075d
1006500: system.cpu1                T0 :   JMP_I : rdip   t1, %ctrl153,  : IntAlu :  D=0x@00007ffff7df075d
0 : @_end+140737345681176.1  : 1007000: system.cpu1                T0 :   JMP_I : limm   t2, 0xdf : IntAlu :  D=0x00000000000000df@0 : @_end+140737345681176.1  : 1007000: system.cpu1                T0 :   JMP_I : limm   t2, 0xdf : IntAlu :  D=0x00000000000000df@_end+140737345681176.1  :   JMP_I : limm   t2, 0xdf  : IntAlu :  D=0x00000000000000df
system.cpu0 T0 : @_end+140737345681176.2  : 1007500: system.cpu1                T0 :   JMP_I : wrip   , t1, t2 : IntAlu : 
system.cpu0 T0 : @_end+140737345681176.2  : 1007500: system.cpu1                T0 :   JMP_I : wrip   , t1, t2 : IntAlu : 
1008000: system.cpu1 T0 : @_end+140737345681404    : xor	edi, edi              
0x000000000000000010x00000000000000001008000: system.cpu1 T0 : @_end+140737345681404. 0 :   XOR_R_R : xor   edi, edi, edi : IntAlu :  D=0x0000000000000000
1009000: system.cpu0 T0 : @_end+140737345681406    : 1009000: system.cpu1 T0 : call	0xbad
1009000: system.cpu0 T0 : @_end+140737345681406    : 1009000: system.cpu1 T0 : call	0xbad
1009000: system.cpu1                T0 :   CALL_NEAR_I : limm   t1, 0xbad : IntAlu :  D=0x0000000000000bad
1009500: system.cpu0 T0 : @_end+140737345681406.1  : 1009500: system.cpu1                 : 0 : IntAlu :  D=0x00007ffff7df0843
1010000: system.cpu0 T0 : @_end+140737345681406.2  : 1010000NEAR_I : stis   t7, SS:[rsp + 0xfffffffffffffff8] : MemWrite : :  D=system.cpu1                           T00000 00000000 : 7fffffffed68
1010000: system.cpu0 T0 : @_end+140737345681406.2  : 1010000NEAR_I : stis   t7, SS:[rsp + 0xfffffffffffffff8] : MemWrite : :  D=system.cpu1                           T00000 00000000 : 7fffffffed68
 : @_end+140737345681406.3  : 1010500: system.cpu1                T0 : @_end+140737345681406  CALL_NEAR_I : subi   rsp, rsp, 0x83  IntAlu :  D=                        0x00007fffffffed68
 : @_end+140737345681406.3  : 1010500: system.cpu1                T0 : @_end+140737345681406  CALL_NEAR_I : subi   rsp, rsp, 0x83  IntAlu :  D=                        0x00007fffffffed68
@_end+140737345681406.4  : 1011000: system.cpu1                T0 :   CALL_NEAR_I : wrip   , t7, t1 : IntAlu : 
@_end+140737345681406.4  : 1011000: system.cpu1                T0 :   CALL_NEAR_I : wrip   , t7, t1 : IntAlu : 
1012000: system.cpu1 T0 : @_end+140737345684405    : mov	eax, ecx              
1012000: system.cpu1                T0 :   MOV_R_R : mov   eax, eax, ecx : IntAlu :  D=0x000000000000000c
1012000: system.cpu1                T0 :   MOV_R_R : mov   eax, eax, ecx : IntAlu :  D=0x000000000000000c
1013000: system.cpu0 T0 : @_end+140737345684407   1013000: system.cpu1 T0 : @_end+140737345684407    :   syscall    eax           : IntAlu : 
1013000: system.cpu0 T0 : @_end+140737345684407   1013000: system.cpu1 T0 : @_end+140737345684407    :   syscall    eax           : IntAlu : 
1013500: system.cpu1 T0 : 1013500: system.cpu0 T0 : @_end+140737345684409    : @                         _end+140737345684409    : cmp	rax, 0xfffffffffffff000
1013500: system.cpu1                T0 : @_end+140737345684409.0 CMP_R_I : limm   t1, 0xfffffffffffff000 : IntAlu :  :   CMP_R_I : limm   t1, 0xfffffffffffff0000x0000
1013500: system.cpu1                T0 : @_end+140737345684409.0 CMP_R_I : limm   t1, 0xfffffffffffff000 : IntAlu :  :   CMP_R_I : limm   t1, 0xfffffffffffff0000x0000
1014000: system.cpu0 T0 : @_end+140737345684409.1  : 1014000: system.cpu1                T0 :   CMP_R_I : sub   t0, rax, t1 : IntAlu :  D=0x0000000000000001@1014000: system.cpu0 T0 : @_end+140737345684409.1  : 1014000: system.cpu1                T0 :   CMP_R_I : sub   t0, rax, t1 : IntAlu :  D=0x0000000000000001@_end+140737345684409.1  :   CMP_R_I : sub   t0, rax, t1 : IntAlu :  D=0x0000000000000001
1015000: system.cpu1 T0 : @_end+140737345684415    : mov	rdx, rax              
1015000: 00000system.cpu1 T0 : @_end+140737345684415.00 :   MOV_R_R : mov   rdx, rdx, rax : IntAlu :  D=0x0000000000602000
1015500: system.cpu0 T0 : 1015500: system.cpu1 T0 : @_end+140737345684418    : @0000000000000000000000000_end+140737345684418    : jnbe	0x1400000000000000000
1015500: system.cpu0 T0 : 1015500: system.cpu1 T0 : @_end+140737345684418    : @0000000000000000000000000_end+140737345684418    : jnbe	0x1400000000000000000
1015500: system.cpu1000000000000000 T0 :   JNBE_I : rdip   t1, %ctrl153,  : IntAlu : @_end+140737345684418. 0 : 0x1407373519800360
1015500: system.cpu1000000000000000 T0 :   JNBE_I : rdip   t1, %ctrl153,  : IntAlu : @_end+140737345684418. 0 : 0x1407373519800360
1016000: system.cpu0 T0 : @_end+140737345684418.10 : 1016000: system.cpu1000000000000000 T0 : @_end+140737345684418.10 :   JNBE_I : limm   t2, 0x14 : IntAlu :  D=0x0000000000000014
1016000: system.cpu0 T0 : @_end+140737345684418.10 : 1016000: system.cpu1000000000000000 T0 : @_end+140737345684418.10 :   JNBE_I : limm   t2, 0x14 : IntAlu :  D=0x0000000000000014
1016500: system.cpu0 T0 : @_end+140737345684418.20 : 1016500: system.cpu1 T0 : @_end+140737345684418.  JNBE_I : wrip   , t1, t2 : IntAlu : 
1016500: system.cpu0 T0 : @_end+140737345684418.20 : 1016500: system.cpu1 T0 : @_end+140737345684418.  JNBE_I : wrip   , t1, t2 : IntAlu : 
1017500: system.cpu0 T0 : 1017500: system.cpu1 T0 : @_end+140737345684420    : @0000000000000000000000000_end+140737345684420    : mov	DS:[rip + 0x20cccd], rax
1017500: system.cpu0 T0 : 1017500: system.cpu1 T0 : @_end+140737345684420    : @0000000000000000000000000_end+140737345684420    : mov	DS:[rip + 0x20cccd], rax
1017500: system.cpu1000000000000000 T0 :   MOV_P_R : rdip   t7, %ctrl153,  : IntAlu :  D=0x00007ffff7df140b
1017500: system.cpu1000000000000000 T0 :   MOV_P_R : rdip   t7, %ctrl153,  : IntAlu :  D=0x00007ffff7df140b
1018000: system.cpu1 T0 : @_end+140737345684420.10 :   MOV_P_R : st   rax, DS:[t7 + 0x20cccd] : MemWrite :  D=0x0000000000602000 A=0x7ffff7ffe0d8
1018500: system.cpu1 T0 : @_end+140737345684427    : xor	eax, eax00000000000000
1018500: system.cpu1000000000000000 T0 :  _end+140737345684427. eax, eax : pIntAlu00 :  D=OR_R_R : xor   eax, eax, eax : 0x000000 : 0000000
1018500: system.cpu1000000000000000 T0 :  _end+140737345684427. eax, eax : pIntAlu00 :  D=OR_R_R : xor   eax, eax, eax : 0x000000 : 0000000
1019000: system.cpu0 T0 : 1019000: system.cpu1 T0 : d+140737345684429    : @0000000000000000000000000_end+140737345684429    : cmp	rdi, rdx00000000000000
1019000: system.cpu0 T0 : 1019000: system.cpu1 T0 : d+140737345684429    : @0000000000000000000000000_end+140737345684429    : cmp	rdi, rdx00000000000000
1019000: system.cpu1000000000000000 T0 :   CMP_R_R : sub   t0, rdi, rdx : IntAlu :  D=@0000000000000001
1019000: system.cpu1000000000000000 T0 :   CMP_R_R : sub   t0, rdi, rdx : IntAlu :  D=@0000000000000001
1020000: system.cpu1 T0 : @_end+140737345684432.10 :   JNBE_I : limm   t2, 0x1e : IntAlu :  D=0x000000000000001e
@_end+140737345684434.00 :   RET_NEAR : ld   t1, SS:[rsp] : MemRead :  D=0x00007ffff7df0843 A=0x00001021000: system.cpu18
@_end+140737345684434.00 :   RET_NEAR : ld   t1, SS:[rsp] : MemRead :  D=0x00007ffff7df0843 A=0x00001021000: system.cpu18
1021500: system.cpu0 T0 : @_end+140737345684434.10 : 1021500: system.cpu1000000000000000 T0 : @_end+140737345684434.10 :   RET_NEAR : addi   rsp, rsp, 0x8 : IntAlu :  D=0x00007fffffffed70
1021500: system.cpu0 T0 : @_end+140737345684434.10 : 1021500: system.cpu1000000000000000 T0 : @_end+140737345684434.10 :   RET_NEAR : addi   rsp, rsp, 0x8 : IntAlu :  D=0x00007fffffffed70
1022000: system.cpu0 T0 : @_end+140737345684434.20 : 1022000: system.cpu1000000000000000 T0 :   RET_NEAR : wripi   , t1, 0 : IntAlu : 
1022000: system.cpu0 T0 : @_end+140737345684434.20 : 1022000: system.cpu1000000000000000 T0 :   RET_NEAR : wripi   , t1, 0 : IntAlu : 
1023000: system.cpu0 T0 : @_end+140737345681411    : 1023000: system.cpu1000000000000000 T0 : mov	rax, DS:[rip + 0x20c45e]
1023000: system.cpu0 T0 : @_end+140737345681411    : 1023000: system.cpu1000000000000000 T0 : mov	rax, DS:[rip + 0x20c45e]
1023000: system.cpu1000000000000000 T0 : @_end+140737345681411.00MOV_R_P : rdip   t7, %ctrl153,  : IntAlu :  :   MOV_R_P : rdip   t7, %ctrl153,  : IntAlu : 7ffff7df084a
1023000: system.cpu1000000000000000 T0 : @_end+140737345681411.00MOV_R_P : rdip   t7, %ctrl153,  : IntAlu :  :   MOV_R_P : rdip   t7, %ctrl153,  : IntAlu : 7ffff7df084a
1023500: system.cpu0 T0 : 1023500: system.cpu1 T0 : @_end+140737345681411.01 : @0000000000000000000000000_end+140737345681411.10 :   MOV_R_P : ld   rax, DS:[t7 + 0x20c45e] : MemRead :  D=0x00007fffffffefc9 A=0x7ffff7ffcca8
1023500: system.cpu0 T0 : 1023500: system.cpu1 T0 : @_end+140737345681411.01 : @0000000000000000000000000_end+140737345681411.10 :   MOV_R_P : ld   rax, DS:[t7 + 0x20c45e] : MemRead :  D=0x00007fffffffefc9 A=0x7ffff7ffcca8
1024000: system.cpu1 T0 : @_end+140737345681418    : test	rax, rax0000000000000
1024000: system.cpu1 T0 : @_end+140737345681418    : test	rax, rax0000000000000
1024500: system.cpu0 T0 : @_end+140737345681421    : 1024500: system.cpu1 T0 : j_end+140737345681421
1024500: system.cpu0 T0 : @_end+140737345681421    : 1024500: system.cpu1 T0 : j_end+140737345681421
1024500: system.cpu1000000000000000 T0 :   JZ_I : rdip   t1, %ctrl153,  : IntAlu :  D=0x00007ffff7df084f
1024500: system.cpu1000000000000000 T0 :   JZ_I : rdip   t1, %ctrl153,  : IntAlu :  D=0x00007ffff7df084f
1025000: system.cpu0 T0 : @_end+140737345681421.10 : 1025000: system.cpu1000000000000000 T0 :   JZ_I : limm   t2, 0x10 : IntAlu :  D=0x@_end+140737345681421
1025000: system.cpu0 T0 : @_end+140737345681421.10 : 1025000: system.cpu1000000000000000 T0 :   JZ_I : limm   t2, 0x10 : IntAlu :  D=0x@_end+140737345681421
1026500: system.cpu0 T0 : @_end+140737345681423.00 : 1026500: system.cpu1000000000000000 T0 :   CMP_M_I : limm   t2b, 0 : IntAlu :  D=0x0000000000000000
1026500: system.cpu0 T0 : @_end+140737345681423.00 : 1026500: system.cpu1000000000000000 T0 :   CMP_M_I : limm   t2b, 0 : IntAlu :  D=0x0000000000000000
1026500: system.cpu1 T0 : 1027000: system.cpu0 T0_end+140737345681423.00 :   CMP_M_I : limm   t2b, 00 : IntAlu :  D=0x0000000000000000
: system.cpu1 T0 : @_end+140737345681423.20 :   CMP_M_I : sub   t0b, t1b, t2b : IntAlu :  D=0x0000000000000000
1028000: system.cpu0 T0 : 1028000: system.cpu1 T0 : @_end+140737345681426    : @0000000000000000000000000_end+140737345681426    : jnz	0xb0000000000000000000
1028000: system.cpu0 T0 : 1028000: system.cpu1 T0 : @_end+140737345681426    : @0000000000000000000000000_end+140737345681426    : jnz	0xb0000000000000000000
1028000: system.cpu1000000000000000 T0 :   JNZ_I : rdip   t1, %ctrl153,  : IntAlu : @_end+140737345681426. 0 : 0x  JNZ_I : rdip   t1, %ctrl153,  : IntAlu : 0440
1028000: system.cpu1000000000000000 T0 :   JNZ_I : rdip   t1, %ctrl153,  : IntAlu : @_end+140737345681426. 0 : 0x  JNZ_I : rdip   t1, %ctrl153,  : IntAlu : 0440
system.cpu0 T0 : @_end+140737345681426.10 : 1028500: system.cpu1000000000000000 T0 :   JNZ_I : limm   t2, 0xb : IntAlu :  D=0x@00000000000000b
system.cpu0 T0 : @_end+140737345681426.10 : 1028500: system.cpu1000000000000000 T0 :   JNZ_I : limm   t2, 0xb : IntAlu :  D=0x@00000000000000b
1029000: system.cpu0 T0 : @_end+140737345681426.20 : 1029000: system.cpu1000000000000000 T0 :   JNZ_I : wrip   , t1, t2 : IntAlu : 
1029000: system.cpu0 T0 : @_end+140737345681426.20 : 1029000: system.cpu1000000000000000 T0 :   JNZ_I : wrip   , t1, t2 : IntAlu : 
1030000: system.cpu0 T0 : @_end+140737345681428    : 1030000: system.cpu1 T0 : @_end+140737345681428   mov	DS:[rip + 0x20c449], 0
1030000: system.cpu0 T0 : @_end+140737345681428    : 1030000: system.cpu1 T0 : @_end+140737345681428   mov	DS:[rip + 0x20c449], 0
1030000: system.cpu1000000000000000 T0 :   MOV_P_I : rdip   t7, %ctrl153,  : IntAlu :  D=0x00007ffff7df085f
1030000: system.cpu1000000000000000 T0 :   MOV_P_I : rdip   t7, %ctrl153,  : IntAlu :  D=0x00007ffff7df085f
@_end+140737345681428.10 :   MOV_P_I : limm   t1, 000 : IntAlu : 1030500,  0xInsystem.cpu1 00000000000000000  MOV_P_I : limm   t1, 000 : IntAlu :  D=0x0000000000000000
0 : @_end+140737345681428.20 :   MOV_P_I : st   t1, DS:[t7 + 0x20c449]103MemWrite : :  D=tem.cpu100000 0000   00 T  0          0x0000000000000000 A=0x7ffff7ffcca8
0 : @_end+140737345681428.20 :   MOV_P_I : st   t1, DS:[t7 + 0x20c449]103MemWrite : :  D=tem.cpu100000 0000   00 T  0          0x0000000000000000 A=0x7ffff7ffcca8
1032000: system.cpu0 T0 : @_end+140737345681439    : 1032000: system.cpu1                T0 : call	0xfffffffffffff7bc
1032000: system.cpu0 T0 : @_end+140737345681439    : 1032000: system.cpu1                T0 : call	0xfffffffffffff7bc
1032000: system.cpu1 T0 : @_end+140737345681439.0  :   CALL_NEAR_I : limm   t1, 0xfffffffffffff7bc : IntAlu :  D=0xfffffffffffff7bc
1032500: system.cpu0 T0 : @_end+140737345681439.1  :   CALL_NEAR_I : rdip   t7, %ctrl153,  : IntAlu : 10325000x43system.cpu1 14073735197706000 :  D=0xfffffffffffff7bc
1032500: system.cpu0 T0 : @_end+140737345681439.1  :   CALL_NEAR_I : rdip   t7, %ctrl153,  : IntAlu : 10325000x43system.cpu1 14073735197706000000000000000000 : @_end+140737345681439.1  :   CALL_NEAR_I : rdip   t7, %ctrl153,  : IntAlu :  D=0x00007ffff7df0864
1033000: system.cpu0 T0 : @_end+140737345681439.2  : 1033000: system.cpu1                T0 :   CALL_NEAR_I : stis   t7, SS:[rsp + 0xfffffffffffffff8] : MemWrite :  D=0x00007ffff7df0864 A=0x7fffffffed68
1033000: system.cpu0 T0 : @_end+140737345681439.2  : 1033000: system.cpu1                T0 :   CALL_NEAR_I : stis   t7, SS:[rsp + 0xfffffffffffffff8] : MemWrite :  D=0x00007ffff7df0864 A=0x7fffffffed68
 T0 : @_end+140737345681439.3  : 1033500: system.cpu1                T0 : @_end+140737345681439.3  :   CALL_NEAR_I : subi   rsp, rsp, 0x8 : IntAlu :  D=0x00007fffffffed68
 T0 : @_end+140737345681439.3  : 1033500: system.cpu1                T0 : @_end+140737345681439.3  :   CALL_NEAR_I : subi   rsp, rsp, 0x8 : IntAlu :  D=0x00007fffffffed68
1034000: system.cpu0 T0 : @_end+140737345681439.04 : 1034000: system.cpu1000000000000000 T0 :   CALL_NEAR_I : wrip   , t7, t1 : IntAlu : 
1034000: system.cpu0 T0 : @_end+140737345681439.04 : 1034000: system.cpu1000000000000000 T0 :   CALL_NEAR_I : wrip   , t7, t1 : IntAlu : 
1034500: system.cpu1 T0 : @_end+140737345679328    : push	r15000000000000000000
1034500: system.cpu1 T0 : @_end+140737345679328.00 :   PUSH_R : stis   r15, SS:[rsp + 0xfffffffffffffff8] : MemWrite :  D=0x0000000000001000 A=0x7fffffffed60
1034500: system.cpu1 T0 : @_end+140737345679328.00 :   PUSH_R : stis   r15, SS:[rsp + 0xfffffffffffffff8] : MemWrite :  D=0x0000000000001000 A=0x7fffffffed60
1036000: system.cpu0 T0 : @_end+140737345679330.10 :   PUSH_R : subi   rsp, rsp, 0x8 : 103550 : system.cpu1 Me 0x00000000000000 : 
1036000: system.cpu0 T0 : @_end+140737345679330.10 :   PUSH_R : subi   rsp, rsp, 0x8 : 103550 : system.cpu1 Me 0x00000000000000 : 
1035500: system.cpu1 T0 : 1036500: system.cpu0 T0 : @_end+140737345679330.0  :   PUSH_R : stis   r14, SS:[rsp + 0xfffffffffffffff8] : MemWrite :  D=0x0000000000000001 A=0x7fffffffed58
1035500: system.cpu1 T0 : 1036500: system.cpu0 T0 : @_end+140737345679330.0  :   PUSH_R : stis   r14, SS:[rsp + 0xfffffffffffffff8] : MemWrite :  D=0x0000000000000001 A=0x7fffffffed58
1036500: system.cpu1 T0 : @_end+140737345679332    : xor	eax, eax              
1036500: system.cpu1 @0 : +140737345679334    : push	r13                  
1036500: system.cpu1 @0 : +140737345679334    : push	r13                  
1037000: system.cpu11T: system.cpu0 00 :  : @_end+140737345679334@_end+140737345679334 : fpush	r13         I        
1037000: system.cpu11T: system.cpu0 00 :  : @_end+140737345679334@_end+140737345679334 : fpush	r13         I        
1038000: system.cpu1 T0 : 1038500: system.cpu0@T_ :     : push	r12                  
1038000: system.cpu1 T0 : 1038500: system.cpu0@T_ :     : push	r12                  
1039000: system.cpu0 T0 : 1038500: system.cpu1 T0 : d+140737345679338    : push	rbp                  
1039000: system.cpu0 T0 : 1038500: system.cpu1 T0 : d+140737345679338    : push	rbp                  
1039000: system.cpu1 T0 : 1039500:_system.cpu045679338   SH_R : s T :  : push	rbp                  
1039000: system.cpu1 T0 : 1039500:_system.cpu045679338   SH_R : s T :  : push	rbp                  
1039500: system.cpu1    1  T: s :  T0 : @_end+140737345679338. 1 :   PUSH_R : subi   rsp, rsp, 0x8@                          D=_end+1407373456793390x : push	rbx00000000000000000071040000: system.cpu1    1  T: s :  T0 : @_end+140737345679338. 1 :   PUSH_R : subi   rsp, rsp, 0x8@                          D=_end+1407373456793390x : push	rbx0000000000000000007fffffffed400000
1040000: system.cpu1 T0 : 1040500: system.cpu0 T@ : d+140737345679339    : push	rbx                  
1040000: system.cpu1 T0 : 1040500: system.cpu0 T@ : d+140737345679339    : push	rbx                  
1040500: system.cpu1 T0 : 1041000: system.cpu0 T0 : @_end+140737345679339.1  :   PUSH_R : subi   rsp, rsp, 0x8 : IntAlu :  D=0x00007fffffffed38
1042000: system.cpu0 T0 : @_end+140737345679342    : 1042000: system.cpu1                T0 : sub	rax, 0x90
1042000: system.cpu0 T0 : @_end+140737345679342    : 1042000: system.cpu1                T0 : sub	rax, 0x90
1042000: system.cpu1                T0 :   SUB_R_I : limm   t1, 0x90 : IntAlu : @_end+140737345679342.0  : 1440000000000000   t1, 0x90 1042000: system.cpu1                T0 :   SUB_R_I : limm   t1, 0x90 : IntAlu : @_end+140737345679342.0  : 1440000000000000   t1, 0x90 : IntAlu :  D=0x0000000000000090
1042500: system.cpu0 T0 : @_end+140737345679342.1  : 1042500: system.cpu1                T0 : @_end+140737345679342  SUB_R_I : sub   rsp, rsp, t11  :   SUB_R_I : sub   rsp, rsp, t1 : IntAlu :  D=0x000000000000000x00000
1042500: system.cpu0 T0 : @_end+140737345679342.1  : 1042500: system.cpu1                T0 : @_end+140737345679342  SUB_R_I : sub   rsp, rsp, t11  :   SUB_R_I : sub   rsp, rsp, t1 : IntAlu :  D=0x000000000000000x00000
1043500: system.cpu1 T0 : @_end+140737345679349.0  :   CMP_R_I : limm   t1d, 0x756e6547 : IntAlu :  D=0x00000000756e6547
1044000: system.cpu0 T0 : @_end+140737345679349.1  : 1044000: system.cpu1                T0 :   CMP_R_I : sub   t0d, ebx, t1d : IntAlu :  D=0x0000000000000001
1045000: system.cpu1 T0 : @_end+140737345679355    : mov	DS:[rip + 0x20ccd3], eax
1045000: system.cpu1                T0 :   MOV_P_R : rdip   t7d, %ctrl153,  : IntAlu :  D=0x00007ffff7df0041
1045000: system.cpu1                T0 :   MOV_P_R : rdip   t7d, %ctrl153,  : IntAlu :  D=0x00007ffff7df0041
1045500: system.cpu0 T0 : 1     :_end+140737345679355system.cpu1 .1 :  : @                         _end+140737345679355.1  :   MOV_P_R : st   eax, DS:[t7 + 0x20ccd3] : MemWrite :  D=0x0000000000000007 A=0x7ffff7ffcd14
1045500: system.cpu0 T0 : 1     :_end+140737345679355system.cpu1 .1 :  : @                         _end+140737345679355.1  :   MOV_P_R : st   eax, DS:[t7 + 0x20ccd3] : MemWrite :  D=0x0000000000000007 A=0x7ffff7ffcd14
1046000: system.cpu1 T0 :           T0 : setz	sil
 D=0x000000006c65746e1 D=0x000000006c65746e1047500: system.cpu1      T0 : @_end+140737345679365.0  :   CMP_R_I : limm   t1d, 0x6c65746e : IntAlu :  D=0x000000006c65746e
1048000: system.cpu1 T0 : @_end+140737345679365.1  :   CMP_R_I : sub   t0d, ecx, t1d : IntAlu :  D=0x0000000000000000
1048500: system.cpu0 T0 : 1048500: system.cpu1 T0 : @_end+140737345679371    : @                         _end+140737345679371    : setz	al                   
1048500: system.cpu0 T0 : 1048500: system.cpu1 T0 : @_end+140737345679371    : @                         _end+140737345679371    : setz	al                   
1048500: system.cpu1                T0 :   SETZ_R : movi   al, al, 0x1 : IntAlu :  D=0x0_end+140737345679371
1048500: system.cpu1                T0 :   SETZ_R : movi   al, al, 0x1 : IntAlu :  D=0x0_end+140737345679371
1049000: system.cpu0 T0 : @_end+140737345679371.1  : 1049000: system.cpu1                T0 :   SETZ_R : movi   al, al, 0 : IntAlu :  D=0x0000000000000000
1049000: system.cpu0 T0 : @_end+140737345679371.1  : 1049000: system.cpu1                T0 :   SETZ_R : movi   al, al, 0 : IntAlu :  D=0x0000000000000000
1049500: system.cpu0 T0 : 1049500: system.cpu1 T0 : @_end+140737345679374    : @                         _end+140737345679374    : and	eax, esi              
1049500: system.cpu0 T0 : 1049500: system.cpu1 T0 : @_end+140737345679374    : @                         _end+140737345679374    : and	eax, esi              
1049500: system.cpu1                T0 :   AND_R_R : and   eax, eax, esi : IntAlu :  D=0x@00000000000000009374.
1049500: system.cpu1                T0 :   AND_R_R : and   eax, eax, esi : IntAlu :  D=0x@00000000000000009374.
1050000: system.cpu1 T0 : @_end+140737345679376.0  :   CMP_R_I : limm   t1d, 0x49656e69 : IntAlu :  D=0x0000000049656e69
@_end+140737345679376.1  : 1050500: system.cpu1                T0 :   CMP_R_I : sub   t0d, edx, t1d : IntAlu :  D=0x0000000000000000
@_end+140737345679376.1  : 1050500: system.cpu1                T0 :   CMP_R_I : sub   t0d, edx, t1d : IntAlu :  D=0x0000000000000000
1051500: system.cpu1 T0 : @_end+140737345679382    : setz	sil                  
: 00000system.cpu1 T0 : @_end+140737345679382.00 :   SETZ_R : movi   sil, sil, 0x1 : IntAlu :  D=0x0000000000400400
1052000: system.cpu1 T0 : @_end+140737345679382.10 :   SETZ_R : movi   sil, sil, 0 : IntAlu :  D=0x0000000000400400
1052500: system.cpu1 T0 : @_end+140737345679386    : and	sil, al000000000000000
1052500: system.cpu1000000000000000 T0 :   AND_R_R : and   sil, sil, al : IntAlu :  D=0x0000000000000000
1052500: system.cpu1000000000000000 T0 :   AND_R_R : and   sil, sil, al : IntAlu :  D=0x0000000000000000
1053500: system.cpu1 T0 : 1053500: system.cpu0 T0 : @_end+140737345679389    : @0000000000000000000000000_end+140737345679389    : jnz	0x27d00000000000000000
1053500: system.cpu1 T0 : 1053500: system.cpu0 T0 : @_end+140737345679389    : @0000000000000000000000000_end+140737345679389    : jnz	0x27d00000000000000000
1054500: system.cpu1 T0 : @_end+140737345679389.20 : 1054500: system.cpu0000000000000000 T0 :   JNZ_I : wrip   , t1, t2 : IntAlu : 
1054500: system.cpu1 T0 : @_end+140737345679389.20 : 1054500: system.cpu0000000000000000 T0 :   JNZ_I : wrip   , t1, t2 : IntAlu : 
1055500: system.cpu1 T0 : @_end+140737345679395    : 1055500: cmstem.cpu00000000001055500: system.cpu1 T0 : @_end+140737345679395    : 1055500: cmstem.cpu0000000000000000 T0 : @_end+140737345679395    : cmp	eax, 0x687475410000000
1056000: system.cpu1 T0 : @_end+140737345679395.10 : 1056000: system.cpu0000000000000000 T0 :   CMP_R_I : sub   t0d, ebx, t1d@: IntAlu : _end+140737345679395 D=0x68000  CMP_R_I : sub   t0d, ebx, t1d : IntAlu
1056000: system.cpu1 T0 : @_end+140737345679395.10 : 1056000: system.cpu0000000000000000 T0 :   CMP_R_I : sub   t0d, ebx, t1d@: IntAlu : _end+140737345679395 D=0x68000  CMP_R_I : sub   t0d, ebx, t1d : IntAlu
1056500: system.cpu1 T0 : @_end+140737345679401    : setz	r10b00000000000000000
1058000: system.cpu1 T0 : @_end+140737345679405    : cmp	eax, 0x444d41630000000
1058000: system.cpu1 T0 : @_end+140737345679405    : cmp	eax, 0x444d41630000000
1058500: system.cpu1 T0 : @_end+140737345679405.10 : 1058500: system.cpu0000000000000000 T0 :   CMP_R_I : sub   t0d, ecx, t1d : IntAlu : _end+140737345679405.100x0000000000000 :  1058500: system.cpu1 T0 : @_end+140737345679405.10 : 1058500: system.cpu0000000000000000 T0 :   CMP_R_I : sub   t0d, ecx, t1d : IntAlu : _end+140737345679405.100x0000000000000 :   CMP_R_I : sub   t0d, ecx, t1d : IntAlu :  D=0x0000000000000000
1059000: system.cpu1 T0 : @_end+140737345679411    : setz	al0000000000000000000
1059000: system.cpu1 T0 : @_end+140737345679411    : setz	al0000000000000000000
1059000: system.cpu1 T0 : @_end+140737345679411.00 :   SETZ_R : movi   al, al, 0x1 : IntAlu :  D=0x0000000000000000
1059000: system.cpu1 T0 : @_end+140737345679411.00 :   SETZ_R : movi   al, al, 0x1 : IntAlu :  D=0x0000000000000000
1060500: system.cpu1 T0 : @_end+140737345679414    : 1060500: system.cpu0000000000000000 T0 : and	r10d, eax
1060500: system.cpu1 T0 : @_end+140737345679414    : 1060500: system.cpu0000000000000000 T0 : and	r10d, eax
1061000: system.cpu0 T0 : 1061000: system.cpu1 T@ : d+140737345679417    : @0000000000000000000000000_end+140737345679417    : cmp	eax, 0x69746e650000000
1061000: system.cpu0 T0 : 1061000: system.cpu1 T@ : d+140737345679417    : @0000000000000000000000000_end+140737345679417    : cmp	eax, 0x69746e650000000
1061000: system.cpu1000000000000000 T0 : @_end+140737345679417  CMP_R_I : limm   t1d, 0x69746e6500 IntAlu :   CMP_R_I : limm   t1d, 0x69746e650xIntAlu0000000069746e65
1061000: system.cpu1000000000000000 T0 : @_end+140737345679417  CMP_R_I : limm   t1d, 0x69746e6500 IntAlu :   CMP_R_I : limm   t1d, 0x69746e650xIntAlu0000000069746e65
1061500: system.cpu1 T0 : @_end+140737345679417.10 :   CMP_R_I : sub   t0d, edx, t1d : IntAlu :  D=0x0000000000000000
1062500: system.cpu1 T0 : @_end+140737345679423.00 :   SETZ_R : movi   al, al, 0x1 : IntAlu :  D=0x0000000000000000
1063500: system.cpu0 T0 : @_end+140737345679426    : 1063500: system.cpu1000000000000000 T0 : @_end+140737345679426    : and	r10b, al00000000000000
1063500: system.cpu0 T0 : @_end+140737345679426    : 1063500: system.cpu1000000000000000 T0 : @_end+140737345679426    : and	r10b, al00000000000000
1063500: system.cpu1000000000000000 T0 :   AND_R_R : and   r10b, r10b, al : IntAlu@_end+140737345679426 D=0x0000000000000000 1063500: system.cpu1000000000000000 T0 :   AND_R_R : and   r10b, r10b, al : IntAlu@_end+140737345679426 D=0x0000000000000000 : IntAlu :  D=0x0000000000000000
1064500: system.cpu0 T0 : 1064500: system.cpu1 T0 : @_end+140737345679429    : @0000000000000000000000000_end+140737345679429    : jnz	0x2d500000000000000000
1064500: system.cpu0 T0 : 1064500: system.cpu1 T0 : @_end+140737345679429    : @0000000000000000000000000_end+140737345679429    : jnz	0x2d500000000000000000
1064500: system.cpu1000000000000000 T0 :   JNZ_I : rdip   t1, %ctrl153,  : IntAlu :  D=0x00007ffff7df008b
1064500: system.cpu1000000000000000 T0 :   JNZ_I : rdip   t1, %ctrl153,  : IntAlu :  D=0x00007ffff7df008b
T0 : @_end+140737345679429.10 : 1065000: system.cpu1000000000000000 T0 :   JNZ_I : limm   t2, 0x2d5 : IntAlu :  D=0x00000000000002d5
T0 : @_end+140737345679429.10 : 1065000: system.cpu1000000000000000 T0 :   JNZ_I : limm   t2, 0x2d5 : IntAlu :  D=0x00000000000002d5
1065500: system.cpu0 T0 : @_end+140737345679429.20 : 1065500: system.cpu1000000000000000 T0 :   JNZ_I : wrip   , t1, t2 : IntAlu : 
1065500: system.cpu0 T0 : @_end+140737345679429.20 : 1065500: system.cpu1000000000000000 T0 :   JNZ_I : wrip   , t1, t2 : IntAlu : 
1066000: : system.cpu1s 00 : @_end+140737345679435    : @_end+14073734000000000   
1066000: system.cpu1 1s 00 : @_end+140737345679435    : @_end+14073734000000000   
1067000: system.cpu1 T0 : @_end+140737345679438    : xor	r11d, r11d000000000000
1067000: system.cpu1 T0 : @_end+140737345679438    : xor	r11d, r11d000000000000
1067500: system.cpu1 T0 : @_end+140737345679441    : xor	ebp, ebp00000000000000
1067500: system.cpu1 T0 : @_end+140737345679441    : xor	ebp, ebp00000000000000
1068500: system.cpu1 T0 : 1068500: system.cpu0 T0 : @_end+140737345679443    : @0000000000000000000000000_end+140737345679443    : mov	r12d, 0x30000000000000
1068500: system.cpu1 T0 : 1068500: system.cpu0 T0 : @_end+140737345679443    : @0000000000000000000000000_end+140737345679443    : mov	r12d, 0x30000000000000
1069000: system.cpu1 T0 :  mov	eax, DS:[rip + 0x20cc85]
1069500: system.cpu1 T0 : @_end+140737345679449.10 : 1069500: system.cpu0000000000000000 T0 :   MOV_R_P : ld   eax, DS:[t7 + 0x20cc85] : MemRead@_end+140737345679449 D=10 :   MOV_R_P : ld   eax, DS:[t7 + 0x20cc85]000MemRead :  A=0x7ffff7ffcd24[t701069500: system.cpu1 T0 : @_end+140737345679449.10 : 1069500: system.cpu0000000000000000 T0 :   MOV_R_P : ld   eax, DS:[t7 + 0x20cc85] : MemRead@_end+140737345679449 D=10 :   MOV_R_P : ld   eax, DS:[t7 + 0x20cc85]000MemRead :  A=0x7ffff7ffcd24[t70x0000000000000000 A=0x7ffff7ffcd24
1070500: system.cpu1 T0 : 1     :_end+140737345679455   tem.cpu0 T0 : @_end+140737345679455    : test	al, 0x100000000000000
1070500: system.cpu1 T0 : 1     :_end+140737345679455   tem.cpu0 T0 : @_end+140737345679455    : test	al, 0x100000000000000
1071000: system.cpu1 T0 : @_end+140737345679455.10 : 1071000: system.cpu0000000000000000 T0 : @_end+140737345679455.10 :   TEST_R_I : and   t0b, ah, t1b : IntAlu  TEST_R_I : and   t0b, ah, t1b :  D=Alu : 0x D=0x
1071000: system.cpu1 T0 : @_end+140737345679455.10 : 1071000: system.cpu0000000000000000 T0 : @_end+140737345679455.10 :   TEST_R_I : and   t0b, ah, t1b : IntAlu  TEST_R_I : and   t0b, ah, t1b :  D=Alu : 0x D=0x
1071500: system.cpu1 T0 : @_end+140737345679458107 : 0: system.c       T0          
1071500: system.cpu1 T0 : @_end+140737345679458107 : 0: system.c       T0          
1073500: system.cpu1 T0 : @_end+140737345679470    : 1073500: system.cpu0000000000000000 T0 : test	al, 0xffffffffffffff80
1073500: system.cpu1 T0 : @_end+140737345679470    : 1073500: system.cpu0000000000000000 T0 : test	al, 0xffffffffffffff80
@_end+140737345679470.10 : 1074000: system.cpu1000000000000000 T0 :   TEST_R_I : and   t0b, ah, t1b : IntAlu :  D=0x0000000000000000
@_end+140737345679470.10 : 1074000: system.cpu1000000000000000 T0 :   TEST_R_I : and   t0b, ah, t1b : IntAlu :  D=0x0000000000000000
1074500: system.cpu01T0 : : system.cpu1 T0 : @_end+140737345679473    : jz	0xa   @             1074500: system.cpu01T0 : : system.cpu1 T0 : @_end+1   JZ_I : rdip   t1, %ctrl153,  : IntAlu :  D=0x00007ffff7df00b3
1075000: system.cpu1 T0 : @_end+140737345679473.1  :   JZ_I : limm   t2, 0xa    : IntAlu :  D=0x000000000000000a
1076500: system.cpu0 T0 : @_end+140737345679485    : 1076500: system.cpu1                T0 : cmp	DS:[rip + 0x20cc50], 0x6
1076500: system.cpu0 T0 : @_end+140737345679485    : 1076500: system.cpu1                T0 : cmp	DS:[rip + 0x20cc50], 0x6
1076500: system.cpu1                T0 :   CMP_P_I : limm   t2d, 0x6 : IntAlu :  D=0x0000000000000006
@_end+140737345679485.1  : 1077000: system.cpu1                T  CMP_P_I : rdip   t7d, %ctrl153,  : IntAlu :  : 0x00007ffff7df00c4
1077500: system.cpu0 T0 : @_end+140737345679485.2  : 1077500: system.cpu1                T0 :   CMP_P_I : ld   t1d, DS:[t7 + 0x20cc50] : MemRead :  D=0x0000000000000007 A=0x7ffff7ffcd14
@_end+140737345679485.3  : 1078000: system.cpu1                  CMP_P_I : sub   t0d, t1d, t2d0 : IntAlu :  D=0x0000000000000000
@_end+140737345679485.3  : 1078000: system.cpu1                  CMP_P_I : sub   t0d, t1d, t2d0 : IntAlu :  D=0x0000000000000000
1078500: system.cpu0 T0 : 1078500: system.cpu1 T0 : @_end+140737345679492    : @                         _end+140737345679492    : jle	0x21                  
1078500: system.cpu0 T0 : 1078500: system.cpu1 T0 : @_end+140737345679492    : @                         _end+140737345679492    : jle	0x21                  
1078500: system.cpu1                T0 :   JLE_I : rdip   t1, %ctrl153,  : IntAlu :  D=0x00007ffff7df00c6
1078500: system.cpu1                T0 :   JLE_I : rdip   t1, %ctrl153,  : IntAlu :  D=0x00007ffff7df00c6
0 : @_end+140737345679492.1  : 1079000: system.cpu1                T0 :   JLE_I : limm   t2, 0x21 : IntAlu :  D=0x0000000000000021
0 : @_end+140737345679492.1  : 1079000: system.cpu1                T0 :   JLE_I : limm   t2, 0x21 : IntAlu :  D=0x0000000000000021
0x0000000: s0x0000000: system.cpu14 T0 : @_end+140737345679494.0  :   MOV_R_I : limm   eax, 0x7 : IntAlu :  D=0x0000000000000007
1081000: system.cpu0 T0 : 1081000: system.cpu1 T0 : @_end+140737345679499    : @                         _end+140737345679499    : xor	ecx, ecx              
1081000: system.cpu0 T0 : 1081000: system.cpu1 T0 : @_end+140737345679499    : @                         _end+140737345679499    : xor	ecx, ecx              
1081000: system.cpu1                T0 :   XOR_R_R : xor   ecx, ecx, ecx : IntAlu :  D=0x0000000000000000
1081000: system.cpu1                T0 :   XOR_R_R : xor   ecx, ecx, ecx : IntAlu :  D=0x0000000000000000
1082500: system.cpu1 T0 : @_end+140737345679503    : mov	DS:[rip + 0x20cc53], eax
1082500: system.cpu1                T0 :   MOV_P_R : rdip   t7d, %ctrl153,  : IntAlu :  D=0x00007ffff7df00d5
1082500: system.cpu1                T0 :   MOV_P_R : rdip   t7d, %ctrl153,  : IntAlu :  D=0x00007ffff7df00d5
1083000: system.cpu0 T0 : 1083000: system.cpu1 T0 : d+140737345679503.1  : @                         _end+140737345679503.1  :   MOV_P_R : st   eax, DS:[t7 + 0x20cc53] : MemWrite :  D=0x0000000000000000 A=0x7ffff7ffcd28
1083000: system.cpu0 T0 : 1083000: system.cpu1 T0 : d+140737345679503.1  : @                         _end+140737345679503.1  :   MOV_P_R : st   eax, DS:[t7 + 0x20cc53] : MemWrite :  D=0x0000000000000000 A=0x7ffff7ffcd28
1084000: system.cpu0 T0 : 1084000: system.cpu1 T0 : @_end+140737345679509    : @                         _end+140737345679509    : mov	DS:[rip + 0x20cc51], ebx
1084000: system.cpu0 T0 : 1084000: system.cpu1 T0 : @_end+140737345679509    : @                         _end+140737345679509    : mov	DS:[rip + 0x20cc51], ebx
1084000: system.cpu1                T0 :   MOV_P_R : rdip   t7d, %ctrl153,  : IntAlu :  D=0x00007ffff7df00db
1085500: system.cpu1 T0 : @_end+140737345679515.00 :   MOV_P_R : rdip   t7d, %ctrl153,  : IntAlu :  D=0x00007ffff7df00e1
1086000: system.cpu0 T0 : @_end+140737345679515.10 : 1086000: system.cpu1000000000000000 T0 : MemWrite :  D=0x0000000000000000 A=0x7ffff7ffcd30
1086000: system.cpu0 T0 : @_end+140737345679515.10 : 1086000: system.cpu1000000000000000 T0 : MemWrite :  D=0x0000000000000000 A=0x7ffff7ffcd30
1086500: system.cpu0 T0 : @_end+140737345679521    : 1086500: system.cpu1000000000000000 T0 : mov	DS:[rip + 0x20cc4d], edx
1086500: system.cpu0 T0 : @_end+140737345679521    : 1086500: system.cpu1000000000000000 T0 : mov	DS:[rip + 0x20cc4d], edx
1086500: system.cpu1000000000000000 T0 : @ MOV_P_R : rdip   t7d, %ctrl153,  : _end+1 : 37345679521.00x7ffff7df00e70000   t7d, %ctrl153,  : 
1086500: system.cpu1000000000000000 T0 : @ MOV_P_R : rdip   t7d, %ctrl153,  : _end+1 : 37345679521.00x7ffff7df00e70000   t7d, %ctrl153,  : 
1087000: system.cpu0 T0 : @_end+140737345679521.10 : 1087000: system.cpu1000000000000000 T0 :   MOV_P_R : st   edx, DS:[t7 + 0x20cc4d] : MemWrite :  D=0x0000000000000000 A=0x7ffff7ffcd34
1087000: system.cpu0 T0 : @_end+140737345679521.10 : 1087000: system.cpu1000000000000000 T0 :   MOV_P_R : st   edx, DS:[t7 + 0x20cc4d] : MemWrite :  D=0x0000000000000000 A=0x7ffff7ffcd34
1088000: system.cpu0 T0 : 1088000: system.cpu1 T0 : @_end+140737345679527    : @0000000000000000000000000_end+140737345679527    : mov	esi, DS:[rip + 0x20cc33]
1088000: system.cpu0 T0 : 1088000: system.cpu1 T0 : @_end+140737345679527    : @0000000000000000000000000_end+140737345679527    : mov	esi, DS:[rip + 0x20cc33]
1088000: system.cpu1000000000000000 T0 :   MOV_R_P : rdip   t7d, %ctrl153,  : IntAlu :  D=0x00007ffff7df00ed
1088000: system.cpu1000000000000000 T0 :   MOV_R_P : rdip   t7d, %ctrl153,  : IntAlu :  D=0x00007ffff7df00ed
1088500: system.cpu0 T0 : @_end+140737345679527.10 : 1088500: system.cpu1000000000000000 T0 :   MOV_R_P : ld   esi, DS:[t7 + 0x20cc33] : MemRead :  D=0x0000000000000000 A=0x7ffff7ffcd20
1088500: system.cpu0 T0 : @_end+140737345679527.10 : 1088500: system.cpu1000000000000000 T0 :   MOV_R_P : ld   esi, DS:[t7 + 0x20cc33] : MemRead :  D=0x0000000000000000 A=0x7ffff7ffcd20
1089500: system.cpu0 T0 : @_end+140737345679533    : 1089500: system.cpu1000000000000000 T0 : t_end+140737345679533
1089500: system.cpu0 T0 : @_end+140737345679533    : 1089500: system.cpu1000000000000000 T0 : t_end+140737345679533
1089500: system.cpu1000000000000000 T0 :   TEST_R_I : limm   t1d, 0x8000000 : IntAlu@_end+140737345679533 D=000x8000000000000000m   t1d, 0x8000000 : IntAlu : 
1089500: system.cpu1000000000000000 T0 :   TEST_R_I : limm   t1d, 0x8000000 : IntAlu@_end+140737345679533 D=000x8000000000000000m   t1d, 0x8000000 : IntAlu : 
1090000: system.cpu0 T0 : @_end+140737345679533.10 : 1090000: system.cpu1000000000000000 T0 : @_end+140737345679533  TEST_R_I : and   t0d, esi, t1d10 :   TEST_R_I : and   t0d, esi, t1d : IntAlu D= D=0x00000000
1090000: system.cpu0 T0 : @_end+140737345679533.10 : 1090000: system.cpu1000000000000000 T0 : @_end+140737345679533  TEST_R_I : and   t0d, esi, t1d10 :   TEST_R_I : and   t0d, esi, t1d : IntAlu D= D=0x00000000
1090500: system.cpu0 T0 : 1090500: system.cpu1 T0 : @_end+140737345679539    : @0000000000000000000000000_end+140737345679539    : jz	0x1c0000000000000000000
1090500: system.cpu0 T0 : 1090500: system.cpu1 T0 : @_end+140737345679539    : @0000000000000000000000000_end+140737345679539    : jz	0x1c0000000000000000000
1090500: system.cpu1000000000000000 T0 : @_end+140737345679539.  JZ_I : rdip   t1, %ctrl153, 00  JIntAlu :  D= : 0x0000xffff7df00f5
1090500: system.cpu1000000000000000 T0 : @_end+140737345679539.  JZ_I : rdip   t1, %ctrl153, 00  JIntAlu :  D= : 0x0000xffff7df00f5
:      system.cpu0 T0 : @_end+140737345679539. 11    system.cpu1 T0 : @_end+140737345679539. 1 :   JZ_I : limm   t2, 0x1c   : IntAlu :  D=0x000000000000001c
:      system.cpu0 T0 : @_end+140737345679539. 11    system.cpu1 T0 : @_end+140737345679539. 1 :   JZ_I : limm   t2, 0x1c   : IntAlu :  D=0x000000000000001c
: system.cpu0 T0 : @_end+140737345679539.2  : 1091500: system.cpu1                T0 :   JZ_I : wrip   , t1, t2 : IntAlu : 
: system.cpu0 T0 : @_end+140737345679539.2  : 1091500: system.cpu1                T0 :   JZ_I : wrip   , t1, t2 : IntAlu : 
1092000: system.cpu1 T0 : @_end+140737345679569.0  :   TEST_R_R : and   t0b, r10b, r10b : IntAlu :  D=0x0000000000000000
1093000: system.cpu0 T0 : @_end+140737345679572    : 1093000: system.cpu1                T0 : jnz	0x16e
1093000: system.cpu0 T0 : @_end+140737345679572    : 1093000: system.cpu1                T0 : jnz	0x16e
1093000: system.cpu1                T0 :   JNZ_I : rdip   t1, %ctrl153,  : IntAlu :  D=0x00007ffff7df011a
1093000: system.cpu1                T0 :   JNZ_I : rdip   t1, %ctrl153,  : IntAlu :  D=0x00007ffff7df011a
1094000: system.cpu1 T0 : @_end+140737345679572.2  :   JNZ_I : wrip   , t1, t2  : IntAlu : 
1094500: system.cpu1                T0 :   MOV_P_R : rdip   t7d, %ctrl153,  : IntAlu@:  D=0x00007ffff7df0120
1094500: system.cpu1                T0 :   MOV_P_R : rdip   t7d, %ctrl153,  : IntAlu@:  D=0x00007ffff7df0120
1095000: system.cpu0 T0 : @_end+140737345679578.1  : 1095000: system.cpu1                T0 :   MOV_P_R : st   ebp, DS:[t7 + 0x20cc28] : MemWrite :  D=0x0000000000000000 A=0x7_end+140737345679578
1095000: system.cpu0 T0 : @_end+140737345679578.1  : 1095000: system.cpu1                T0 :   MOV_P_R : st   ebp, DS:[t7 + 0x20cc28] : MemWrite :  D=0x0000000000000000 A=0x7_end+140737345679578
1095500: system.cpu0 T0 : @_end+140737345679584    : 1095500: system.cpu1                T0 : mov	DS:[rip + 0x20cbe9], r12d
1095500: system.cpu0 T0 : @_end+140737345679584    : 1095500: system.cpu1                T0 : mov	DS:[rip + 0x20cbe9], r12d
1095500: system.cpu1                T0 :   MOV_P_R : rdip   t7d, %ctrl153,  : IntAlu@_end+140737345679584 0  : 7fMOV_P_R : rdip
1095500: system.cpu1                T0 :   MOV_P_R : rdip   t7d, %ctrl153,  : IntAlu@_end+140737345679584 0  : 7fMOV_P_R : rdip
1096000: system.cpu1 T0 : 1096000: system.cpu0 T0_end+140737345679584.1  : @                         _end+140737345679584.1  :   MOV_P_R : st   r12d, DS:[t7 + 0x20cbe9] : MemWrite :  D=0x0000000000000003 A=0x7ffff7ffcd10
1096000: system.cpu1 T0 : 1096000: system.cpu0 T0_end+140737345679584.1  : @                         _end+140737345679584.1  :   MOV_P_R : st   r12d, DS:[t7 + 0x20cbe9] : MemWrite :  D=0x0000000000000003 A=0x7ffff7ffcd10
1097000: system.cpu1 T0 : @_end+140737345679591    : 1097000: system.cpu0                T0 : mov	DS:[rip + 0x20cc1e], r11d
1097000: system.cpu1 T0 : @_end+140737345679591    : 1097000: system.cpu0                T0 : mov	DS:[rip + 0x20cc1e], r11d
1097500: system.cpu1 T0 : @_end+140737345679591.1  : 1097500: system.cpu0                T0 :   MOV_P_R : st   r11d, DS:[t7 + 0x20cc1e] : MemWrite :  D=0x0000000000000000 A=0x7ffff7ffcd4c
1097500: system.cpu1 T0 : @_end+140737345679591.1  : 1097500: system.cpu0                T0 :   MOV_P_R : st   r11d, DS:[t7 + 0x20cc1e] : MemWrite :  D=0x0000000000000000 A=0x7ffff7ffcd4c
1098500: system.cpu0 T0 : @_end+140737345679598.0  : 1098500: system.cpu1                T0 :   ADD_R_I : limm   t1, 0x90 : IntAlu :  D=0x0000000000000090
1098500: system.cpu1                T0 :   ADD_R_I : add   rsp, rsp, t1 : IntAlu :  D=0x0000000000000000
1098500: system.cpu1    :           T0 :   ADD_R_I : add   rsp, rsp, t1 : IntAlu :  D=0x0000000000000000
1099000: system.cpu1 T0 : @_end+140737345679598.1  :   ADD_R_I : add   rsp, rsp, t1 : IntAlu :  D=0x0000000000000000
@_end+140737345679605    : 1099500: system.cpu1                T0 : pop	rbx
@_end+140737345679605    : 1099500: system.cpu1                T0 : pop	rbx
1099500: system.cpu1                T0 : @_end+140737345679605.0  :   POP_R : ldis   t1, SS:[rsp] : MemRead :  D=0x0000000000400040 A=0x7fffffffed38
1099500: system.cpu1                T0 : @_end+140737345679605.0  :   POP_R : ldis   t1, SS:[rsp] : MemRead :  D=0x0000000000400040 A=0x7fffffffed38
1100000: system.cpu1 T0 : @_end+140737345679605.1 1    : : system.cpu0   POP_R : addi   rsp, rsp, 0x80 : IntAlu :  D=0x00007fffffffed40
1100000: system.cpu1 T0 : @_end+140737345679605.1 1    : : system.cpu0   POP_R : addi   rsp, rsp, 0x80 : IntAlu :  D=0x00007fffffffed40
1101000: system.cpu0 T0 : 1101000: system.cpu1 T0 : @_end+140737345679606    : @                 pop	r                     1101000: system.cpu0 T0 : 1101000: system.cpu1 T0 : @_end+140737345679606    : @                 pop	r                     pop	rbp                   
1101000: system.cpu1                T0 :   POP_R : ldis   t1, SS:[rsp] : MemRead :  D=0x00000 0000000007_end+140737345679606op	rbp     
1101000: system.cpu1                T0 :   POP_R : ldis   t1, SS:[rsp] : MemRead :  D=0x00000 0000000007_end+140737345679606op	rbp     
1101500: system.cpu0 T0 : @_end+140737345679606.1  : 1101500: system.cpu1                T0 : @_end+140737345679606  POP_R : addi   rsp, rsp, 0x81  IntAlu :   POP_R : addi   rsp, rsp, 0x8 : IntAlu :  D=0x00007fffffffed480
1101500: system.cpu0 T0 : @_end+140737345679606.1  : 1101500: system.cpu1                T0 : @_end+140737345679606  POP_R : addi   rsp, rsp, 0x81  IntAlu :   POP_R : addi   rsp, rsp, 0x8 : IntAlu :  D=0x00007fffffffed480
T0 : @_end+140737345679606.2  : 1102000: system.cpu1                T0 :   POP_R : mov   rbp, rbp, t1 : IntAlu :  D=0x0000000000000009
T0 : @_end+140737345679606.2  : 1102000: system.cpu1                T0 :   POP_R : mov   rbp, rbp, t1 : IntAlu :  D=0x0000000000000009
1103000: system.cpu1 T0 : 1103000: system.cpu0 T0 : @_end+140737345679607    : @                         _end+140737345679607    : pop	r12                   
1103000: system.cpu1 T0 : 1103000: system.cpu0 T0 : @_end+140737345679607    : @                         _end+140737345679607    : pop	r12                   
1103500: system.cpu1 T0 : @_end+140737345679607. 11103500 :system.cpu0 T0 : @_end+140737345679607. 1 :   POP_R : addi   rsp, rsp, 0x8 : IntAlu :  D=0x00007fffffffed50 1103500: system.cpu1 T0 : @_end+140737345679607. 11103500 :system.cpu0 T0 : @_end+140737345679607. 1 :   POP_R : addi   rsp, rsp, 0x8 : IntAlu :  D=0x00007fffffffed50  POP_R : addi   rsp, rsp, 0x8 : IntAlu :  D=0x00007fffffffed50
1104000: system.cpu1 T0 : @_end+140737345679607.2  : 1104000: system.cpu0                T0 : @_end+140737345679607.2  :   POP_R : mov   r12, r12, t1 : IntAlu :  D=0x00007ffff7dd91e0
1104000: system.cpu1 T0 : @_end+140737345679607.2  : 1104000: system.cpu0                T0 : @_end+140737345679607.2  :   POP_R : mov   r12, r12, t1 : IntAlu :  D=0x00007ffff7dd91e0
1104500: system.cpu1 T0 : 1104500: system.cpu0 T0 : @_end+140737345679609    : @                         _end+140737345679609    : pop	r13         
         1104500: system.cpu1                T0 :   POP_R : ldis   t1, SS:[rsp] : MemRead :  D=0x0000000000000001 A=0x7fffffffed50
1104500: system.cpu1                T0 :   POP_R : ldis   t1, SS:[rsp] : MemRead :  D=0x0000000000000001 A=0x7fffffffed50
@_end+140737345679609.1  : 1105000: system.cpu1                T0 :   POP_R : addi   rsp, rsp, 0x8 : IntAlu :  D=0x00007fffffffed58
@_end+140737345679609.1  : 1105000: system.cpu1                T0 :   POP_R : addi   rsp, rsp, 0x8 : IntAlu :  D=0x00007fffffffed58
T0 : @_end+140737345679609.2  : 1105500: system.cpu1                T0 :   POP_R : mov   r13, r13, t1 : IntAlu :  D=0x0000000000000001
T0 : @_end+140737345679609.2  : 1105500: system.cpu1                T0 :   POP_R : mov   r13, r13, t1 : IntAlu :  D=0x0000000000000001
1106000: system.cpu0 T0 : @_end+1407373456796111106000 : : system.cpu1 T0 : pop	r14
1106000: system.cpu0 T0 : @_end+1407373456796111106000 : : system.cpu1 T0 : pop	r14
1106000: system.cpu1                T0 :   POP_R : ldis   t1, SS:[rsp] : MemRead :  D=0x0000000000000001 A=0x7fffffffed58
1106000: system.cpu1                T0 :   POP_R : ldis   t1, SS:[rsp] : MemRead :  D=0x0000000000000001 A=0x7fffffffed58
 T0 : @_end+140737345679611.1  : 1106500: system.cpu1                T0 :  _end+140737345679611 rsp, 0x8 : .In :  D=OP_R : addi   rsp, rsp, 0x8 : IntAlu : 7fffffffed60
 T0 : @_end+140737345679611.1  : 1106500: system.cpu1                T0 :  _end+140737345679611 rsp, 0x8 : .In :  D=OP_R : addi   rsp, rsp, 0x8 : IntAlu : 7fffffffed60
0 : @_end+140737345679611.02 : 1107000: system.cpu1000000000000000 T0 :   POP_R : mov   r14, r14, t1 : IntAlu@_end+140737345679611 D=0x :   POP_R : mov   r14, r14, t1 : 100000 :  0 : @_end+140737345679611.02 : 1107000: system.cpu1000000000000000 T0 :   POP_R : mov   r14, r14, t1 : IntAlu@_end+140737345679611 D=0x :   POP_R : mov   r14, r14, t1 : 100000 :  D=0x0000000000000001
1107500: system.cpu0 T0 : 1107500: system.cpu1 T0 : @_end+140737345679613    : @0000000000000000000000000_end+140737345679613   pop	r15
1107500: system.cpu0 T0 : 1107500: system.cpu1 T0 : @_end+140737345679613    : @0000000000000000000000000_end+140737345679613   pop	r15
1107500: system.cpu1000000000000000 T0 : @_end+140737345679613.00 :   POP_R : ldis   t1, SS:[rsp] : MemRead : MemRead D=0x0000x00000001000p	r A=0x4096000000000000 A=0xfffed600000
1107500: system.cpu1000000000000000 T0 : @_end+140737345679613.00 :   POP_R : ldis   t1, SS:[rsp] : MemRead : MemRead D=0x0000x00000001000p	r A=0x4096000000000000 A=0xfffed600000
01109000: system.cpu1 T0 : 1_end+14:    tem.cpu0 T ret	00000000 0000000000000
1109000: system.cpu1 T0 : 1_end+14:    tem.cpu0 T ret	00000000 0000000000000
1111000: system.cpu1 T0 : @_end+140737345681444    : 1111000: system.cpu0000000000000000 T0 : mov	rdi, DS:[rip + 0x20c43d]
1111000: system.cpu1 T0 : @_end+140737345681444    : 1111000: system.cpu0000000000000000 T0 : mov	rdi, DS:[rip + 0x20c43d]
1111500: system.cpu0 T0 : @_end+140737345681444. 1 : 1111500: system.cpu1                T0 :   MOV_R_P : ld   rdi, DS:[t7 + 0x20c43d] : MemRead :  D=@0000000000000000 A= : 7ffff7ffcca8              t7 + 0x20c43d] : MemRead :  D=0x0000000001111500: system.cpu0 T0 : @_end+140737345681444. 1 : 1111500: system.cpu1                T0 :   MOV_R_P : ld   rdi, DS:[t7 + 0x20c43d] : MemRead :  D=@0000000000000000 A= : 7ffff7ffcca8              t7 + 0x20c43d] : MemRead :  D=0x0000000000000000 A=0x7ffff7ffcca8
1112000: system.cpu0 T0 : 1112000: system.cpu1 T0 : @_end+140737345681451    : @                         _end+140737345681451    : test	rdi, rdi             
1112000: system.cpu0 T0 : 1112000: system.cpu1 T0 : @_end+140737345681451    : @                         _end+140737345681451    : test	rdi, rdi             
1112000: system.cpu1                T0 :   TEST_R_R : and   t0, rdi, rdi : IntAlu@_end+1407373456814510x.0000000000000000
1112000: system.cpu1                T0 :   TEST_R_R : and   t0, rdi, rdi : IntAlu@_end+1407373456814510x.0000000000000000
1112500: system.cpu0 T0 : 1112500: system.cpu1 T0 : @_end+140737345681454    : jz	0xc                    
1112500: system.cpu0 T0 : 1112500: system.cpu1 T0 : @_end+140737345681454    : jz	0xc                    
0x00007ffff7df087010x00007ffff7df08701112500: 00000system.cpu1 T0 : @_end+140737345681454.00 :   JZ_I : rdip   t1, %ctrl153,  : IntAlu :  D=0x00007ffff7df0870
1113000: 00000system.cpu1 T0 : @_end+140737345681454.01 :   JZ_I : limm   t2, 0xc000 : IntAlu :  D=0x000000000000000c
1115000: system.cpu0 T0 : @_end+140737345681470    : 1115000: system.cpu1000000000000000 T0 : call	0xbbd
1115000: system.cpu0 T0 : @_end+140737345681470    : 1115000: system.cpu1000000000000000 T0 : call	0xbbd
1115000: system.cpu1000000000000000 T0 :  _end+140737345681470  t1, 0xbbd0.00IntAlu :   CALL_NEAR_I : limm   t1, 0xbbd : IntAlu : 0x0000000000000bbd
1115000: system.cpu1000000000000000 T0 :  _end+140737345681470  t1, 0xbbd0.00IntAlu :   CALL_NEAR_I : limm   t1, 0xbbd : IntAlu : 0x0000000000000bbd
1115500: system.cpu0 T0 : @_end+140737345681470. 1 : 1115500: system.cpu1                T0 :   CALL_NEAR_I : rdip   t7, %ctrl153,  : IntAlu@_end+140737345681470 1 0x7ffff7df08830000
1115500: system.cpu0 T0 : @_end+140737345681470. 1 : 1115500: system.cpu1                T0 :   CALL_NEAR_I : rdip   t7, %ctrl153,  : IntAlu@_end+140737345681470 1 0x7ffff7df08830000
1116000: system.cpu0 T0 : 1116000: system.cpu1 @0.2  :  : @_end+140737345681470.2  :   CALL_NEAR_I : stis   t7, SS:[rsp + 0xfffffffffffffff8] : MemWrite :  D=0x00007ffff7df0883 A=0x7fffffffed68
1116000: system.cpu0 T0 : 1116000: system.cpu1 @0.2  :  : @_end+140737345681470.2  :   CALL_NEAR_I : stis   t7, SS:[rsp + 0xfffffffffffffff8] : MemWrite :  D=0x00007ffff7df0883 A=0x7fffffffed68
1T0 : @_end+140737345681470.3  : 1116500: system.cpu1                T0 :   CALL_NEAR_I : subi   rsp, rsp, 0x8 : IntAlu :  D=0x@_end+140737345681470.fffffffed68
1T0 : @_end+140737345681470.3  : 1116500: system.cpu1                T0 :   CALL_NEAR_I : subi   rsp, rsp, 0x8 : IntAlu :  D=0x@_end+140737345681470.fffffffed68
system.cpu0 T0 : @_end+140737345681470.4  : 1117000: system.cpu1                T0 :   CALL_NEAR_I : wrip   , t7, t1 : IntAlu : 
system.cpu0 T0 : @_end+140737345681470.4  : 1117000: system.cpu1                T0 :   CALL_NEAR_I : wrip   , t7, t1 : IntAlu : 
1117500: system.cpu1 T0 : @_end+140737345684480    : push	rbp                  
1117500: system.cpu1 T0 : @_end+140737345684480.1  :   PUSH_R : subi   rsp, rsp, 0x8 : IntAlu :  D=0x@0007fffffffed60
1117500: system.cpu1 T0 : @_end+140737345684480.1  :   PUSH_R : subi   rsp, rsp, 0x8 : IntAlu :  D=0x@0007fffffffed60
1118000: system.cpu1 T0 : @_end+140737345684480.1  :   PUSH_R : subi   rsp, rsp, 0x8 : IntAlu :  D=1118500: 7fffffffed6 T0 : 1118000: system.cpu1 T0 : @_end+140737345684480.1  :   PUSH_R : subi   rsp, rsp, 0x8 : IntAlu :  D=1118500: 7fffffffed6 T0 : @_end+140737345684481    : push	rbx                  
 : 1118500: system.cpu1 T0 : @_end+140737345684481.1  :   PUSH_R : subi   rsp, rsp, 0x8 : IntAlu :  D=0x@_end+14073734568448100007fffffffed58
 : 1118500: system.cpu1 T0 : @_end+140737345684481.1  :   PUSH_R : subi   rsp, rsp, 0x8 : IntAlu :  D=0x@_end+14073734568448100007fffffffed58
1119000: system.cpu1 T0 : @_end+140737345684481.1  :   PUSH_R : subi   rsp, rsp, 0x8 : IntAlu :  D=0x00007fffffffed58
1119500: system.cpu1                  MOV_R_R : mov   rbp, rbp, rdi0IntAlu :  D=0x0000000000000000
1119500: system.cpu1                  MOV_R_R : mov   rbp, rbp, rdi0IntAlu :  D=0x0000000000000000
1120500: system.cpu0 T0 : 1120500: system.cpu1 T0 : @_end+140737345684485    : @                         _end+140737345684485    : sub	rax, 0x8              
1120500: system.cpu0 T0 : 1120500: system.cpu1 T0 : @_end+140737345684485    : @                         _end+140737345684485    : sub	rax, 0x8              
1120500: system.cpu1                T0 :   SUB_R_I : limm   t1, 0x8 : IntAlu :  D=0x0000000000000008
1120500: system.cpu1                T0 :   SUB_R_I : limm   t1, 0x8 : IntAlu :  D=0x0000000000000008
@_end+140737345684485.1  : 1121000: system.cpu1                T0 :   SUB_R_I : sub   rsp, rsp, t1 : IntAlu :  D=0x0000000000000000
@_end+140737345684485.1  : 1121000: system.cpu1                T0 :   SUB_R_I : sub   rsp, rsp, t1 : IntAlu :  D=0x0000000000000000
1121500: system.cpu0 T0 : @_end+140737345684489    : 1121500: system.cpu1     mov	rbx,   :[rip + 0x20cc88]u :  D=0
1121500: system.cpu0 T0 : @_end+140737345684489    : 1121500: system.cpu1     mov	rbx,   :[rip + 0x20cc88]u :  D=0
1121500: system.cpu1                T0 :  _end+140737345684489.0   D=0x000001121500: system.cpu1                T0 :  _end+140737345684489.0   D=0x00000f00000000 :   MOV_R_P : rdip   t7, %ctrl153,  : IntAlu :  D=0x00007ffff7df1450
1122000: system.cpu1 T0 : @_end+140737345684489.1  : 1122000: system.cpu0                T0 :   MOV_R_P : ld   rbx, DS:[t7 + 0x20cc88] : _end+140737345684489. D=1 0x6020000000000000 rbx, DS:[t7 + 0x20cc88] :  A=0x7ffff7ffe0d8
1122000: system.cpu1 T0 : @_end+140737345684489.1  : 1122000: system.cpu0                T0 :   MOV_R_P : ld   rbx, DS:[t7 + 0x20cc88] : _end+140737345684489. D=1 0x6020000000000000 rbx, DS:[t7 + 0x20cc88] :  A=0x7ffff7ffe0d8
1122500: system.cpu1 T0 : @_end+140737345684496    : test	rbx, rbx             
1122500: system.cpu1 T0 : @_end+140737345684496    : test	rbx, rbx             
1123000: system.cpu1 T0 : 1123000: system.cpu0 T0 : @_end+140737345684499    : @                         _end+140737345684499    : jz	0x3b                   
1123000: system.cpu1 T0 : 1123000: system.cpu0 T0 : @_end+140737345684499    : @                         _end+140737345684499    : jz	0x3b                   
system.cpu1 T0 : @_end+140737345684499.1  : 1123500: system.cpu0                T0 :   JZ_I : limm   t2, 0x3b : IntAlu :  D=0x000000000000003b
system.cpu1 T0 : @_end+140737345684499.1  : 1123500: system.cpu0                T0 :   JZ_I : limm   t2, 0x3b : IntAlu :  D=0x000000000000003b
1124000: system.cpu1 T0 : @_end+140737345684499.2  : 1124000: system.cpu0                T0 :   JZ_I : wrip   , t1, t2 : IntAlu : 
1124000: system.cpu1 T0 : @_end+140737345684499.2  : 1124000: system.cpu0                T0 :   JZ_I : wrip   , t1, t2 : IntAlu : 
1125000: system.cpu1 T0 : @_end+140737345684501    : 1125000: system.cpu0                T0 : @_end+140737345684501    : mov	eax, DS:[rip + 0x20cc5d]
1125000: system.cpu1 T0 : @_end+140737345684501    : 1125000: system.cpu0                T0 : @_end+140737345684501    : mov	eax, DS:[rip + 0x20cc5d]
1125500: system.cpu1 T0 : @_end+140737345684501.01 : 1125500: system.cpu0000000000000000 T0 :   MOV_R_P : ld   eax, DS:[t7 + 0x20cc5d]_enMemRead.: 10 :   M   :   M              0x0000000000000000 A=0x7ffff7ffe0b8
1125500: system.cpu1 T0 : @_end+140737345684501.01 : 1125500: system.cpu0000000000000000 T0 :   MOV_R_P : ld   eax, DS:[t7 + 0x20cc5d]_enMemRead.: 10 :   M   :   M              0x0000000000000000 A=0x7ffff7ffe0b8
1126000: system.cpu0 T0 : 1126000: system.cpu1 @_end+1407373456845070   :  :                        test	eax, eax
1126000: system.cpu0 T0 : 1126000: system.cpu1 @_end+1407373456845070   :  :                        test	eax, eax
1126000: system.cpu1                T0 :  _end+140737345684507d, eax, eax : .IntAlu0  D=  TEST_R_R : and   t0d, eax, eax                        0x0x
1126000: system.cpu1                T0 :  _end+140737345684507d, eax, eax : .IntAlu0  D=  TEST_R_R : and   t0d, eax, eax                        0x0x
1126500: system.cpu0 T0 : @_end+140737345684509    : 1126500: system.cpu1                jnz	0x31
1126500: system.cpu0 T0 : @_end+140737345684509    : 1126500: system.cpu1                jnz	0x31
1126500: system.cpu1                T0 :   JNZ_I : rdip   t1, %ctrl153,  : IntAlu :  D=0x00007ffff7df145f
1126500: system.cpu1                T0 :   JNZ_I : rdip   t1, %ctrl153,  : IntAlu :  D=0x00007ffff7df145f
: system.cpu0 T0 : @_end+140737345684509.1  : 1127000: system.cpu1                T0 :   JNZ_I : limm   t2, 0x31 : IntAlu :  D=0x0000000000000031
: system.cpu0 T0 : @_end+140737345684509.1  : 1127000: system.cpu1                T0 :   JNZ_I : limm   t2, 0x31 : IntAlu :  D=0x0000000000000031
1127500: system.cpu0 T0 : @_end+140737345684509.2  : 1127500: system.cpu1                T0 :   JNZ_I : wrip   , t1, t2 : IntAlu : 
1127500: system.cpu0 T0 : @_end+140737345684509.2  : 1127500: system.cpu1                T0 :   JNZ_I : wrip   , t1, t2 : IntAlu : 
1128500: system.cpu1 T0 : 1128500: system.cpu0 T0 : @_end+140737345684511    : @                         _end+140737345684511    : cmp	rax, 0                
1128500: system.cpu1 T0 : 1128500: system.cpu0 T0 : @_end+140737345684511    : @                         _end+140737345684511    : cmp	rax, 0                
1129000: system.cpu1 T0 : @_end+140737345684511.1  : 1129000: system.cpu0                T0 :   CMP_R_I : sub   t0, rbp, t1 : IntAlu :  D=0x0000000000000000@1129000: system.cpu1 T0 : @_end+140737345684511.1  : 1129000: system.cpu0                T0 :   CMP_R_I : sub   t0, rbp, t1 : IntAlu :  D=0x0000000000000000@t_end+140737345684511.1  :   CMP_R_I : sub   t0, rbp, t1 : IntAlu :  D=0x0000000000000000
1129500: system.cpu1 T0 : @_end+140737345684515    : 1129500: system.cpu0                T0 : jz	0x20
1129500: system.cpu1 T0 : @_end+140737345684515    : 1129500: system.cpu0                T0 : jz	0x20
1130500: system.cpu1 T0 : @_end+140737345684515.2  : 1130500: system.cpu0                T0 :   JZ_I : wrip   , t1, t2 : IntAlu : 
1130500: system.cpu1 T0 : @_end+140737345684515.2  : 1130500: system.cpu0                T0 :   JZ_I : wrip   , t1, t2 : IntAlu : 
1131500: system.cpu1                T0 :   ADD_R_I : limm   t1, 0x8 : IntAlu :  D=0x0000000000000008
1131500: system.cpu1                T0 :   ADD_R_I : limm   t1, 0x8 : IntAlu :  D=0x0000000000000008
1132000: system.cpu0 T0 : @_end+140737345684549.1  : 1132000: system.cpu1                T0 : @_end+140737345684549  ADD_R_I : add   rsp, rsp, t11  IntAlu :   ADD_R_I : add   rsp, rsp, t1 D=IntAlu0x  D=0000000000000
1132000: system.cpu0 T0 : @_end+140737345684549.1  : 1132000: system.cpu1                T0 : @_end+140737345684549  ADD_R_I : add   rsp, rsp, t11  IntAlu :   ADD_R_I : add   rsp, rsp, t1 D=IntAlu0x  D=0000000000000
1132500: 00000system.cpu0 T0 : 1132500: system.cpu1 T0@: 0_end+140737345684553    : @0000000000000000000000000_end+140737345684553    : mov	rax, rbx00000000000000
1132500: 00000system.cpu0 T0 : 1132500: system.cpu1 T0@: 0_end+140737345684553    : @0000000000000000000000000_end+140737345684553    : mov	rax, rbx00000000000000
1132500: system.cpu1000000000000000 T0 :   MOV_R_R : mov   rax, rax, rbx : IntAlu :  D=@x0000000000602000
1132500: system.cpu1000000000000000 T0 :   MOV_R_R : mov   rax, rax, rbx : IntAlu :  D=@x0000000000602000
1133000: system.cpu0 T0 : 113300@: nd+140737345684556   system.cpu1 pop	rbxI
1133000: system.cpu0 T0 : 113300@: nd+140737345684556   system.cpu1 pop	rbxI
00000000004000401133000: 00000system00000000004000401133000: 00000system.cpu1 T0 : @_end+140737345684556.00 :   POP_R : ldis   t1, SS:[rsp] : MemRead :  D=0x0000000000400040 A=0x7fffffffed58
1133500: system.cpu1 T0 : @_end+140737345684556.10 :   POP_R : addi   rsp, rsp, 0x8 : IntAlu :  D=0x00007fffffffed60
1134000: system.cpu1 T0 : @_end+140737345684556.20 :   POP_R : mov   rbx, rbx, t1 : IntAlu :  D=0x0000000000400040
1134500: system.cpu1 T0 : @_end+140737345684557    : pop	rbp0000000000000000000
1134500: system.cpu1 T0 : @_end+140737345684557.00 :   POP_R : ldis   t1, SS:[rsp] : MemRead :  D=0x0000000000000009 A=0x7fffffffed60
1135000: system.cpu1 T0 : @_end+140737345684557.10 :   POP_R : addi   rsp, rsp, 0x8 : IntAlu :  D=0x00007fffffffed68
1135000: system.cpu1 T0 : @_end+140737345684557.10 :   POP_R : addi   rsp, rsp, 0x8 : IntAlu :  D=0x00007fffffffed68
1138000: system.cpu0 T0 : @_end+140737345681475    : 1138000: system.cpu1000000000000000 T0 : lea	rdx, DS:[rip + 0x20d8de]
1138000: system.cpu0 T0 : @_end+140737345681475    : 1138000: system.cpu1000000000000000 T0 : lea	rdx, DS:[rip + 0x20d8de]
1138000: system.cpu1000000000000000 T0 : @_end+140737345681475.   : _R_P : rdip   t7, %ctrl153,  : IntAlu :  D=0xtAlu :  D=0xffff7df088a
1138000: system.cpu1000000000000000 T0 : @_end+140737345681475.   : _R_P : rdip   t7, %ctrl153,  : IntAlu :  D=0xtAlu :  D=0xffff7df088a
1138500: system.cpu0 T0 : @_end+140737345681475.01 : 1138500: system.cpu1 T0 : @_end+140737345681475.01 :   LEA_R_P : lea   rdx, DS:[t7 + 0x20d8de] : IntAlu :  D=0x00007ffff7ffe168
1138500: system.cpu0 T0 : @_end+140737345681475.01 : 1138500: system.cpu1 T0 : @_end+140737345681475.01 :   LEA_R_P : lea   rdx, DS:[t7 + 0x20d8de] : IntAlu :  D=0x00007ffff7ffe168
1139000: system.cpu1 T0 : @_end+140737345681482    : cmp	rax, rdx00000000000000
1139000: system.cpu1 T0 : @_end+140737345681482.0011  : system.cpu0 T0 : @_end+140737345681482    :   CMP_R_R : sub   t0, rax, rdx : IntAlu :  D=0x0000000000000001
1139000: system.cpu1 T0 : @_end+140737345681482.0011  : system.cpu0 T0 : @_end+140737345681482    :   CMP_R_R : sub   t0, rax, rdx : IntAlu :  D=0x0000000000000001
1139000: system.cpu0 T0 : @_end+1407373456814821139500:: system.cpu1 T0 : @_end+140737345681485    :   CMP_R_R : sub   t0, rax, rdx : IntAlu :  D=0x0000000000000001
1139000: system.cpu0 T0 : @_end+1407373456814821139500:: system.cpu1 T0 : @_end+140737345681485    :   CMP_R_R : sub   t0, rax, rdx : IntAlu :  D=0x0000000000000001
1139500: system.cpu1 T0 : @_end+140737345681485.00 :   JZ_I : rdip   t1, %ctrl153,  : IntAlu :  D=0x00007ffff7df088f
1140000: system.cpu1 T0 : 1139500: system.cpu0 T0 : @_end+140737345681485.10 : @0000000000000000000000000_end+140737345681485    : jz	0x390000000000000000000
1140500: system.cpu0 T0 : @_end+140737345681485.2011   : :   JZ_I : wrip   , t1, t200stem.cpu1 T0 : IntAlu : 
1141500: system.cpu1 T0 : @_end+140737345681487.00 :   MOV_R_P : rdip   t7d, %ctrl153,  : IntAlu :  D=0x00007ffff7df0895
1142500: system.cpu1 T0 : @_end+140737345681487.10 :   MOV_R_P : ld   eax, DS:[t7 + 0x20c5e3] : MemRead :  D=0x0000000000000000 A=0x7ffff7ffce78
1142500: system.cpu1 T0 : @_end+140737345681487.10 :   MOV_R_P : ld   eax, DS:[t7 + 0x20c5e3] : MemRead :  D=0x0000000000000000 A=0x7ffff7ffce78
1142500: system.cpu0 T0 : 1143500: system.cpu1 @0end+140737345681493.00 :  :  : IntAlu :  D=0x0000000000000000
1143500: system.cpu1 T0 : @_end+140737345681495.00 : 1143500: system.cpu000000 000000000 IntAlu0 :  D=0x00007ffff7df0899
1143500: system.cpu1 T0 : @_end+140737345681495.00 : 1143500: system.cpu000000 000000000 IntAlu0 :  D=0x00007ffff7df0899
1144000: system.cpu1 T0 : @_end+140737345681495.10 :   JNZ_I : limm   t2, 0x280 : IntAlu :  D=0x0000000000000028
1144000: system.cpu1 T0 : @_end+140737345681495.10 :   JNZ_I : limm   t2, 0x280 : IntAlu :  D=0x0000000000000028
1145000: system.cpu1 T0 : 1145000: system.cpu0 T0 : @_end+140737345681497    : @0000000000000000000000000_end+140737345681497    : lea	rdx, DS:[rsp + 0x38]00
1145000: system.cpu1 T0 : 1145000: system.cpu0 T0 : @_end+140737345681497    : @0000000000000000000000000_end+140737345681497    : lea	rdx, DS:[rsp + 0x38]00
1145500: system.cpu1 T0 : @_end+140737345681502    : 1145500: system.cpu0                T0 : mov	esi, ebp
1145500: system.cpu1 T0 : @_end+140737345681502    : 1145500: system.cpu0                T0 : mov	esi, ebp
1146000: system.cpu1 T0 : @_end+140737345681504    : 1146000: system.cpu0                T0 : mov	rdi, rbx
1146000: system.cpu1 T0 : @_end+140737345681504    : 1146000: system.cpu0                T0 : mov	rdi, rbx
1147000: system.cpu1 T0 : @_end+140737345681507    : 1147000: system.cpu0                T0 : mov	rcx, DS:[rip + 0x20c45e]
1147000: system.cpu1 T0 : @_end+140737345681507    : 1147000: system.cpu0                T0 : mov	rcx, DS:[rip + 0x20c45e]
1148000: system.cpu1 T0 : 1148000: system.cpu0 T0 : @_end+140737345681514    : @                         _end+140737345681514    : call	r12                  
1148000: system.cpu1 T0 : 1148000: system.cpu0 T0 : @_end+140737345681514    : @                         _end+140737345681514    : call	r12                  
1150000: system.cpu1 T0 : @_end+140737345585568    : push	rbp000000000000000000
1150000: system.cpu1 T0 : 1150000@_end+140737345585568.system.cpu0 T0 PUSH_R : stis   rbp, SS:[rsp + 0xfffffffffffffff8] :  : Write :  D=0x0000000000000009 A=0x7fffffffed60
1151000: system.cpu1 T0 : 1150500: system.cpu0 T0 : @_end+140737345585569    : @0000000000000000000000000_end+140737345585568.10 :   PUSH_R : subi   rsp, rsp, 0x8 : IntAlu :  D=0x00007fffffffed60
1151000: system.cpu1 T0 : 1150500: system.cpu0 T0 : @_end+140737345585569    : @0000000000000000000000000_end+140737345585568.10 :   PUSH_R : subi   rsp, rsp, 0x8 : IntAlu :  D=0x00007fffffffed60
1151000: system.cpu1 T0 : 1151000: system.cpu0 T0_end+140737345585569.00 : @0000000000000000000000000_end+140737345585569    : lea	rax, DS:[rip + 0xffffffffffffea98]
1151000: system.cpu1 T0 : 1151000: system.cpu0 T0_end+140737345585569.00 : @0000000000000000000000000_end+140737345585569    : lea	rax, DS:[rip + 0xffffffffffffea98]
1152000: system.cpu1 T0 : @_end+140737345585576    : mov	rbp, rsp00000000000000
1152000: system.cpu1 T0 : @_end+140737345585576    : mov	rbp, rsp00000000000000
1152500: system.cpu1 T0 : @_end+140737345585579    : push	r15000000000000000000
1152500: sy T01152 : :  system.cpu1 T0 : @_end+140737345585579.00 : d+140737345585579   USH_R : stis   r15, SS:[rsp + 0xfffffffffffffff8] :  : pus D=00000x000000000000
1152500: sy T01152 : :  system.cpu1 T0 : @_end+140737345585579.00 : d+140737345585579   USH_R : stis   r15, SS:[rsp + 0xfffffffffffffff8] :  : pus D=00000x000000000000
1153500: system.cpu1 T0 : @_end+140737345585581    : push	r14000000000000000000
1153500: system.cpu1 T0 : @_end+140737345585581    : push	r14000000000000000000
1155000: system.cpu1 T0 : @_end+140737345585583    : push	r13000000000000000000
1155000: system.cpu0system.cpu1  00 :  : @_end+140737345585583.00 : @ PUSH_R : stis   r13, SS:[rsp + 0xfffffffffffffff8]_enMemWrite345585583    : push	r13000000000000000000 1155000: system.cpu0system.cpu1  00 :  : @_end+140737345585583.00 : @ PUSH_R : stis   r13, SS:[rsp + 0xfffffffffffffff8]_enMemWrite345585583    : push	r13000000000000000000 : 00000000000000000000000 D=0x0000000000000001 A=0x7fffffffed48
1156000: system.cpu1 T0 : @_end+140737345585585    : push	r12000000000000000000
1156000: system.cpu1 T0 : @_end+140737345585585.00 :   PUSH_R : stis   r12, SS:[rsp + 0xfffffffffffffff8] : MemWrite :  D=0x00007ffff7dd91e0 A=0x7fffffffed40
1156500: system.cpu1 T11a3a00 system.cpu  0   : @@_end+140737345585585 0 1   PUSH_R : stis   r12, SS:[rsp + 0xfffffffffffffff8] :  :                        00007ffff7dd91e0  PUSH_R : subi   rsp, rsp, 0x800000 : IntAlu :  1156500: system.cpu1 T11a3a00 system.cpu  0   : @@_end+140737345585585 0 1   PUSH_R : stis   r12, SS:[rsp + 0xfffffffffffffff8] :  :                        00007ffff7dd91e0  PUSH_R : subi   rsp, rsp, 0x800000 : IntAlu :  D=0x00007fffffffed40
1157000: system.cpu1 T0 : @_end+140737345585587    : mov	r13, rdx              
1157000: system.cpu1 T0 : @_end+140737345585587    : mov	r13, rdx              
1157500: system.cpu1 T0 : @_end+140737345585590    : push	rbx                  
1157500: system.cpu1 T0 : @_end+140737345585590    : push	rbx                  
1159000: system.cpu1 T0 : @_end+140737345585591    : 1159000: system.cpu0                T0 : mov	edx, 0x9
1159000: system.cpu1 T0 : @_end+140737345585591    : 1159000: system.cpu0                T0 : mov	edx, 0x9
1160500: system.cpu1 T0 :          
1161500: system.cpu0 T0 : 1161500: system.cpu1 T0 : @_end+140737345585602.0  : @                         _end+140737345585602    : sub	rax, 0xb8             
1161500: system.cpu1 T0 : 1161500: system.cpu1 T0 : @_end+140737345585602.0  : @                         _end+140737345585602    : sub	rax, 0xb8             
1161500: system.cpu1 T0 : @_end+140737345585602.0  :   SUB_R_I : limm   t1, 0xb8 : IntAlu :  D=0x00000000000000b8
@_end+140737345585602.1  : 1162000: system.cpu1                         T    IntAlu :  D=0 : 0000000000000000
@_end+140737345585602.1  : 1162000: system.cpu1                         T    IntAlu :  D=0 : 0000000000000000
1162500: system.cpu0 T0 : 1162500: system.cpu1 T0 : @_end+140737345585609    : @                         _end+140737345585609    : mov	DS:[rip + 0x2247c0], rax
1162500: system.cpu0 T0 : 1162500: system.cpu1 T0 : @_end+140737345585609    : @                         _end+140737345585609    : mov	DS:[rip + 0x2247c0], rax
1162500: system.cpu1                T0 : @ MOV_P_R : rdip   t7, %ctrl153,  : _end+1 : 37345585609      .0  : 0x7ffff7dd92100000
1162500: system.cpu1                T0 : @ MOV_P_R : rdip   t7, %ctrl153,  : _end+1 : 37345585609      .0  : 0x7ffff7dd92100000
1163000: system.cpu0 T0 : 1163000: system.cpu1 T0 : @_end+140737345585609.1  : @                         _end+140737345585609.1  :   MOV_P_R : st   rax, DS:[t7 + 0x2247c0] : MemWrite :  D=0x00007ffff7dd7c80 A=0x7ffff7ffd9d0
1163000: system.cpu0 T0 : 1163000: system.cpu1 T0 : @_end+140737345585609.1  : @                         _end+140737345585609.1  :   MOV_P_R : st   rax, DS:[t7 + 0x2247c0] : MemWrite :  D=0x00007ffff7dd7c80 A=0x7ffff7ffd9d0
1163500: system.cpu0 T0 : @_end+140737345585616    : 1163500: system.cpu1                T0 : lea	rax, DS:[rip + 0x9ee9]
1163500: system.cpu0 T0 : @_end+140737345585616    : 1163500: system.cpu1                T0 : lea	rax, DS:[rip + 0x9ee9]
1163500: system.cpu1                T0 :   LEA_R_P : rdip   t7, %ctrl153,  : IntAlu :  D=0x00007ffff7dd9217@1163500: system.cpu1                T0 :   LEA_R_P : rdip   t7, %ctrl153,  : IntAlu :  D=0x00007ffff7dd9217@_end+140737345585616.0  :   LEA_R_P : rdip   t7, %ctrl153,  : IntAlu :  D=0x00007ffff7dd9217
1164000: system.cpu0 T0 : @_end+140737345585616.1  : 1164000: system.cpu1                T0 : @  LEA_R_P : lea   rax, DS:[t7 + 0x9ee9] : IntAlu : 1 :   L        I           D= 0x000000000000000x11164000: system.cpu0 T0 : @_end+140737345585616.1  : 1164000: system.cpu1                T0 : @  LEA_R_P : lea   rax, DS:[t7 + 0x9ee9] : IntAlu : 1 :   L        I           D= 0x000000000000000x1407373519219200
1165000: system.cpu1 T0 : 1165000: system.cpu0 T0 : @_end+140737345585623    : @                         _end+140737345585623    : mov	DS:[rbp + 0xffffffffffffff58], esi
1165000: system.cpu1 T0 : 1165000: system.cpu0 T0 : @_end+140737345585623    : @                         _end+140737345585623    : mov	DS:[rbp + 0xffffffffffffff58], esi
1165000: system.cpu1 T0 : @_end+140737345585623.0  :   MOV_M_R : st   esi, DS:[rbp + 0xffffffffffffff58] : MemWrite :  D=0x0000000000000009 A=0x7fffffffecb8
1166000: system.cpu1 T0 : @_end+140737345585629    : mov	DS:[rbp + 0xffffffffffffff68], 0
1166000: system.cpu1 T0 : @_end+140737345585629    : mov	DS:[rbp + 0xffffffffffffff68], 0
1166500: system.cpu1 T0 : @_end+140737345585629.1  : 1166500: system.cpu0                T0 :   MOV_M_I : st   t1d, DS:[rbp + 0xffffffffffffff68] : MemWrite :  D=0x0000000000000000 A=0x7fffffffecc8
1166500: system.cpu1 T0 : @_end+140737345585629.1  : 1166500: system.cpu0                T0 :   MOV_M_I : st   t1d, DS:[rbp + 0xffffffffffffff68] : MemWrite :  D=0x0000000000000000 A=0x7fffffffecc8
1167500: system.cpu0 T0 : @_end+140737345585639.0  : 1167500: system.cpu1                T0 :   MOV_P_R : rdip   t7, %ctrl153,  : IntAlu :  D=0x00007ffff7dd922e
1168000: system.cpu0 T0 : 1167500: system.cpu1 T0 : @_end+140737345585639.1  : @                         _end+140737345585639.0  :   MOV_P_R : st   rax, DS:[t7 + 0x224d7a] : MemWrite :  D=0x00007ffff7de3100 A=0x7ffff7ffdfa8
1168000: system.cpu0 T0 : 1167500: system.cpu1 T0 : @_end+140737345585639.1  : @                         _end+140737345585639.0  :   MOV_P_R : st   rax, DS:[t7 + 0x224d7a] : MemWrite :  D=0x00007ffff7de3100 A=0x7ffff7ffdfa8
1169000: system.cpu0 T0 : @_end+140737345585646    : 1168000: system.cpu1                lea	rax, DS:[rip + 0xffffffffffffea5b]
1169500: system.cpu0 T0 : @_end+140737345585646.1  : 1169000: system.cpu1                T0 :   LEA_R_P : lea   rax, DS:[t7 + 0xffffffffffffea5b] : IntAlu :  D=0x00007ffff7dd7c90
1169500: system.cpu0 T0 : @_end+140737345585646.1  : 1169000: system.cpu1                T0 :   LEA_R_P : lea   rax, DS:[t7 + 0xffffffffffffea5b] : IntAlu :  D=0x00007ffff7dd7c90
1169000: system.cpu1 T0 : @_end+140737345585646.0  :   LEA_R_P : rdip   t7, %ctrl153,  : IntAlu :  D=0x00007ffff7dd9235
@_end+140737345585653    : 1169500: system.cpu1                T0 : mov	DS:[rip + 0x224d0c], rax
@_end+140737345585653    : 1169500: system.cpu1                T0 : mov	DS:[rip + 0x224d0c], rax
1171000: system.cpu1 T0 : @_end+140737345585653.01 :   MOV_P_R : st   rax, DS:[t7 + 0x224d0c] : MemWrite :  D=0x00007ffff7dd7c90 A=0x7ffff7ffdf48
1171000: system.cpu1 T0 : @_end+140737345585653.01 :   MOV_P_R : st   rax, DS:[t7 + 0x224d0c] : MemWrite :  D=0x00007ffff7dd7c90 A=0x7ffff7ffdf48
1172000: system.cpu0 T0 : @_end+140737345585660.00 : 1172000: system.cpu1000000000000000 T0 :   LEA_R_P : rdip   t7, %ctrl153,  : IntAlu :  D=0x00007ffff7dd9243
1172000: system.cpu0 T0 : @_end+140737345585660.00 : 1172000: system.cpu1000000000000000 T0 :   LEA_R_P : rdip   t7, %ctrl153,  : IntAlu :  D=0x00007ffff7dd9243
0 : 1172000: system.cpu1 T0 : @_end+140737345585660.10 : @0000000000000000000000000_end+140737345585660.00 :   LEA_R_P : rdip   t7, %ctrl153,  : IntAlu :  D=0x00007ffff7dd9243
0 : 1172000: system.cpu1 T0 : @_end+140737345585660.10 : @0000000000000000000000000_end+140737345585660.00 :   LEA_R_P : rdip   t7, %ctrl153,  : IntAlu :  D=0x00007ffff7dd9243
1172500: system.cpu1 T0 : @_end+140737345585660.10 :   LEA_R_P : lea   rax, DS:[t7 + 0xffffffffffffea5d] : IntAlu :  D=0x00007ffff7dd7ca0
1173500: system.cpu0 T0 : 1     : _end+140737345585667    : .cpu1 T0 : @_end+140737345585667    : mov	DS:[rip + 0x224d06], rax
1173500: system.cpu0 T0 : 1     : _end+140737345585667    : .cpu1 T0 : @_end+140737345585667    : mov	DS:[rip + 0x224d06], rax
1173500: system.cpu1000000000000000 T0 : @_end+140737345585667, %ctrl153,  : IntAlu : 00 :   MOV_P_R : rdip   t7, %ctrl153,  : 0xtAlu : 00007ffff7dd924a01173500: system.cpu1000000000000000 T0 : @_end+140737345585667, %ctrl153,  : IntAlu : 00 :   MOV_P_R : rdip   t7, %ctrl153,  : 0xtAlu : 00007ffff7dd924a0x1407373518812900
1174000: 00000system.cpu0 T0 : @_end+140737345585667.01 : 1174000: system.cpu1000000000000000 T0 :   MOV_P_R : st   rax, DS:[t7 + 0x224d06] : MemWrite :  D=0x00007ffff7dd7ca0 A=0x7ffff7ffdf50_1174000: 00000system.cpu0 T0 : @_end+140737345585667.01 : 1174000: system.cpu1000000000000000 T0 :   MOV_P_R : st   rax, DS:[t7 + 0x224d06] : MemWrite :  D=0x00007ffff7dd7ca0 A=0x7ffff7ffdf50_end+140737345585667.10 :   MOV_P_R : st   rax, DS:[t7 + 0x224d06] : MemWrite :  D=0x00007ffff7dd7ca0 A=0x7ffff7ffdf50
1175000: system.cpu0 T0 : 1175000: system.cpu1 T0 : @_end+140737345585674    : @0000000000000000000000000_end+140737345585674    : lea	rax, DS:[rip + 0x11e5f]
1175000: system.cpu0 T0 : 1175000: system.cpu1 T0 : @_end+140737345585674    : @0000000000000000000000000_end+140737345585674    : lea	rax, DS:[rip + 0x11e5f]
1175000: system.cpu1000000000000000 T0 :   LEA_R_P : rdip   t7, %ctrl153,  : IntAlu :  D=0x00007ffff7dd9251
1175000: system.cpu1000000000000000 T0 :   LEA_R_P : rdip   t7, %ctrl153,  : IntAlu :  D=0x00007ffff7dd9251
1175500: system.cpu0 T0 : @_end+140737345585674.10 : 1175500: system.cpu1000000000000000 T0 : @_end+140737345585674.10 :   LEA_R_P : lea   rax, DS:[t7 + 0x11e5f] : IntAluIntAlu :  D=0x00007ffff000000x
1175500: system.cpu0 T0 : @_end+140737345585674.10 : 1175500: system.cpu1000000000000000 T0 : @_end+140737345585674.10 :   LEA_R_P : lea   rax, DS:[t7 + 0x11e5f] : IntAluIntAlu :  D=0x00007ffff000000x
1176000: system.cpu0 T0 : @_end+140737345585681    : 1176000: system.cpu1 T0 : @_end+140737345585681    : mov	DS:[rip + 0x224d00], rax
1176000: system.cpu0 T0 : @_end+140737345585681    : 1176000: system.cpu1 T0 : @_end+140737345585681    : mov	DS:[rip + 0x224d00], rax
1176000: system.cpu1000000000000000 T0 :   MOV_P_R : rdip   t7, %ctrl153,  : IntAlu :  D=0x00007ffff7dd9258
1176000: system.cpu1000000000000000 T0 :   MOV_P_R : rdip   t7, %ctrl153,  : IntAlu :  D=0x00007ffff7dd9258
1177000: system.cpu1 T0 : 1177000: system.cpu0 T0 : @_end+140737345585688    : @0000000000000000000000000_end+140737345585688    : mov	rax, DS:[rip + 0x224ea1]
1177000: system.cpu1 T0 : 1177000: system.cpu0 T0 : @_end+140737345585688    : @0000000000000000000000000_end+140737345585688    : mov	rax, DS:[rip + 0x224ea1]
1177500: system.cpu1 T0 : @_end+140737345585688.10 : 1177500: system.cpu0000000000000000 T0 : @_end+140737345585688.10 :  : MemRead :  D=0x00007fffffffee78 A=0x7ffff7ffe100
1177500: system.cpu1 T0 : @_end+140737345585688.10 : 1177500: system.cpu0000000000000000 T0 : @_end+140737345585688.10 :  : MemRead :  D=0x00007fffffffee78 A=0x7ffff7ffe100
1178500: system.cpu1 T0 : 1178500: system.cpu0 T0 : @_end+140737345585695    : @0000000000000000000000000_end+140737345585695    : mov	DS:[rbp + 0xffffffffffffffa0], rax
1178500: system.cpu1 T0 : 1178500: system.cpu0 T0 : @_end+140737345585695    : @0000000000000000000000000_end+140737345585695    : mov	DS:[rbp + 0xffffffffffffffa0], rax
1179500: system.cpu1 T0 : 1179500: system.cpu0 T0 : @_end+140737345585699    :  : movsxd	rax, DS:[rip + 0x223c0e]
1179500: system.cpu1000000000000000 T0 :   MOVSXD_R_P : rdip   t7, %ctrl153,  : IntAlu :  D=0x00007ffff7dd926a
1179500: system.cpu1000000000000000 T0 :   MOVSXD_R_P : rdip   t7, %ctrl153,  : IntAlu :  D=0x00007ffff7dd926a
1180000: system.cpu0 T0 : @_end+140737345585699.10 : 1180000: system.cpu1000000000000000 T0 :   MOVSXD_R_P : ld   t1d, DS:[t7 + 0x223c0e] : MemRead :  D=0x0000000000000000 A=0x7ffff7ffce78
1180000: system.cpu0 T0 : @_end+140737345585699.10 : 1180000: system.cpu1000000000000000 T0 :   MOVSXD_R_P : ld   t1d, DS:[t7 + 0x223c0e] : MemRead :  D=0x0000000000000000 A=0x7ffff7ffce78
1180500: system.cpu1 T0 : @_end+140737345585699.20 :   MOVSXD_R_P : sexti   rax, t1, 0x1f : IntAlu :  D=0x0000000000000000
