      0: system.cpu0 T0 : @_end+140737345580016    : mov	rdi, rsp              
      0: system.cpu0 T0 : @_end+140737345580016.0  :   MOV_R_R : mov   rdi, rdi, rsp : IntAlu :  D=0x00007fffffffee60
    500: system.cpu0 T      0 : 500: system.cpu1 T0 : @_end+140737345580019    : @                         _end+140737345580019    : call	0xd78                
    500: system.cpu0 T0 :   0 : 500: system.cpu1 T0 : @_end+140737345580019    : @                         _end+140737345580019    : call	0xd78                
   1000: system.cpu0                T0 :   CALL_NEAR_I : limm   t1, 0xd78 : IntAlu :  D=@_end+140737345580019.0x00000000000000000034480 : 
   1000: system.cpu0                T0 :   CALL_NEAR_I : limm   t1, 0xd78 : IntAlu :  D=@_end+140737345580019.0x00000000000000000034480 : 
   1000: system.cpu1 T0 : @_end+140737345580019.1  :   CALL_NEAR_I : rdip   t7, %ctrl153,  :    1500 : :  D=tem.cpu0                T0 : 00007ffff7dd7c38
   2000: system.cpu0 T0 : @_end+140737345580019.3  :    1500: system.cpu1                T0 : @_end+140737345580019.2  :   CALL_NEAR_I : subi   rsp, rsp, 0x8 : IntAlu :  D=0x00007fffffffee58
   3000: system.cpu0 T0 : @_end+140737345583472    : push	rbp                  
   3000: system.cpu0 T0 : @_end+140737345583472.0  :   PUSH_R : stis   rbp, SS:[rsp + 0xfffffffffffffff8] : MemWrite :  D=0x0000000000000000 A=0x7fffffffee50
   3500: system.cpu0 T0 : @_end+140737345583472.1  :   PUSH_R : subi   rsp, rsp, 0x8 : IntAlu :  D=0x00007fffffffee50
   4000: system.cpu0 T0 : @_end+140737345583473    : mov	rbp, rsp              
   4000: system.cpu0 T0 : @_end+140737345583473.0  :   MOV_R_R : mov   rbp, rbp, rsp : IntAlu :  D=0x00007fffffffee50
   4500: system.cpu0 T0 : @_end+140737345583476    : push	r15                  
   4500: system.cpu0 T0 : @_end+140737345583476.0  :   PUSH_R : stis   r15, SS:[rsp + 0xfffffffffffffff8] : MemWrite :  D=0x0000000000000000 A=0x7fffffffee48
   5000: system.cpu0 T0 : @_end+140737345583476.1  :   PUSH_R : subi   rsp, rsp, 0x8 : IntAlu :  D=0x00007fffffffee48
   5500: system.cpu0 T0 : @_end+140737345583478    : push	r14                  
 T0 :    5500: system.cpu0 T0 : @_end+140737345583478.0  : @                         _end+140737345583472    : push	rbp                  
 T0 :    5500: system.cpu0 T0 : @_end+140737345583478.0  : @                         _end+140737345583472    : push	rbp                  
@_end+140737345583472.0  :   PUSH_R : stis   rbp, SS:[rsp + 0xfffffffffffffff8] : MemWrite :  D=0x0000000000000000 A=0: 7fffffffee50system.cpu0 
@_end+140737345583472.0  :   PUSH_R : stis   rbp, SS:[rsp + 0xfffffffffffffff8] : MemWrite :  D=0x0000000000000000 A=0: 7fffffffee50system.cpu0 
   6500: system.cpu0 T0 :    4000: system.cpu1 T0 : d+140737345583480.0  : @                         _end+140737345583473    : mov	rbp, : p              
   6500: system.cpu0 T0 :    4000: system.cpu1 T0 : d+140737345583480.0  : @                         _end+140737345583473    : mov	rbp, : p              
   7000: system.cpu0.1  :    4000: system.cpu1                T0 :   PUSH_R : subi   rsp, rsp, 0x8 : IntAlu :  D=0x00007fffffffee38
   7000: system.cpu0.1  :    4000: system.cpu1                T0 :   PUSH_R : subi   rsp, rsp, 0x8 : IntAlu :  D=0x00007fffffffee38
   7500: system.cpu0 T0 : @_end+140737345583482    : push	r12                  
   7500: system.cpu0 T0 : @_end+140737345583476    : push	r15                  
   7500: system.cpu0 T0 : @_end+140737345583476    : push	r15                  
   8000: system.cpu0 T0 : @_end+140737345583482.1  :   PUSH_R : subi   rsp, rsp, 0x8 : IntAlu :  D=0x00007fffffffee30
   8500: system.cpu0 T0 : @_end+140737345583484.0  :    5500: system.cpu1                T0 :   MOV_R_R : mov   r12, r12, rdi : IntAlu :  D=0x00007fffffffee60
   8500: system.cpu0 T0 : @_end+140737345583484.0  :    5500: system.cpu1                T0 :   MOV_R_R : mov   r12, r12, rdi : IntAlu :  D=0x00007fffffffee60
   9000: system.cpu0 T0 :       :_end+140737345583487   system.cpu1s   T0 : push	rbx
   9000: system.cpu0 T0 :       :_end+140737345583487   system.cpu1s   T0 : push	rbx
   6500: system.cpu1 T0 :    9500: system.cpu0 T0 : @_end+140737345583480    : push	r13                  
   6500: system.cpu1 T0 :    9500: system.cpu0 T0 : @_end+140737345583480    : push	r13                  
  10000: system.cpu0 T0 : @_end+140737345583482    : push	r12                  
  10000: system.cpu0 T0 : @_end+140737345583482    : push	r12                  
  10500: system.cpu0 T0 : @_end+140737345583488.1      :    8000: system.cpu1 T0 :   SUB_R_I : sub   rsp, rsp, t1 : IntAlu :  D=0x0_end+140737345583482
  10500: system.cpu0 T0 : @_end+140737345583488.1      :    8000: system.cpu1 T0 :   SUB_R_I : sub   rsp, rsp, t1 : IntAlu :  D=0x0_end+140737345583482
  11000: system.cpu0 T0 : @_end+140737345583492.0  :    9000: system.cpu1                T0 :   RDTSC : rdtsc   t1d, %ctrl26,  : IntAlu :  D=0x0000000000000016
  11000: system.cpu0 T0 : @_end+140737345583492.0  :    9000: system.cpu1                T0 :   RDTSC : rdtsc   t1d, %ctrl26,  : IntAlu :  D=0x0000000000000016
  13000: system.cpu0 T0 : @_end+140737345583494.0  :   SAL_R_I : slli   rdx, rdx, 0x20 : IntAlu :  D=0x0000000000000000
: system.cpu1 T0 : 13500: system.cpu0 T0 : @_end+140737345583498. 0 : @                         _end+140737345583492    : rdtsc	                    
: system.cpu1 T0 : 13500: system.cpu0 T0 : @_end+140737345583498. 0 : @                         _end+140737345583492    : rdtsc	                    
@_end+140737345583500    :   12000: or	rax, rdx                  14000: system.cpu0 T0 :    12000: or	rax, rdx                T0 : @_end+140737345583492.2  :   RDTSC : srli   rdx, t1, 0x20 : IntAlu :  D=0x0000000000000000
  13000: system.cpu1 T0 :   15000: system.cpu0 T0 : d+140737345583494    : sal	rdx, 0x20             
  13000: system.cpu1 T0 :   15000: system.cpu0 T0 : d+140737345583494    : sal	rdx, 0x20             
 :   SAL_R_I : slli   rdx, rdx, 0x20 : IntAlu : system.cpu0                T0x0000000000000000
  13500: system.cpu1 T0 :   15500: system.cpu0 T0 : @@end+140737345583503.1  : _end+140737345583498    : mov	eax, eax              
  13500: system.cpu1 T0 :   15500: system.cpu0 T0 : @@end+140737345583503.1  : _end+140737345583498    : mov	eax, eax              
  16500: system.cpu0 T0 : @_end+140737345583510.0  :   MOV_P_R : rdip   t7, %ctrl153,  : IntAlu :  D=0x00007ffff7dd89dd
  18000: system.cpu0 T0 : @_end+140737345583517    :   16500: 
  18000: system.cpu0 T0 : @_end+140737345583517    :   16500: 
  18500: system.cpu0 T0 : @_end+140737345583517.1  :   MOV_R_P : ld   rax, DS:[t7 + 0x22449c] : MemRead :  D=0x000000000000000e A=0x7ffff7ffce80
  18000: system.cpu1 T0 :   19000: system.cpu0 T0 : @_end+140737345583517    : mov	rax, DS:[rip + 0x22449c]
  18000: system.cpu1 T0 :   19000: system.cpu0 T0 : @_end+140737345583517    : mov	rax, DS:[rip + 0x22449c]
  20000: system.cpu0 T  19000      0 : system.cpu1 T0 : @_end+140737345583527. 0 : @                         _end+140737345583524    : mov	r14, rdx              
  20000: system.cpu0 T  19000      0 : system.cpu1 T0 : @_end+140737345583527. 0 : @                         _end+140737345583524    : mov	r14, rdx              
  21000: system.cpu0 T0 : @_end+140737345583527.2      :   20000: system.cpu1 T0 :   SUB_R_P : sub   r14, r14, t1 : IntAlu :  D=0x0000000000000000
  21000: system.cpu0 T0 : @_end+140737345583527.2      :   20000: system.cpu1 T0 :   SUB_R_P : sub   r14, r14, t1 : IntAlu :  D=0x0000000000000000
  22000: system.cpu0 T0 :   20500: system.cpu1@_end+140737345583534T00 : 00000000000000000000000000 :   MOV_P_R : rdip   t7, %ctrl153,  : IntAlu :  D=0x00007ffff7dd89f5
  22000: system.cpu0 T0 :   20500: system.cpu1@_end+140737345583534T00 : 00000000000000000000000000 :   MOV_P_R : rdip   t7, %ctrl153,  : IntAlu :  D=0x00007ffff7dd89f5
  22500: system.cpu0 T0 : @_end+140737345583534.10 :   21000: system.cpu1000000000000000 T0 :   MOV_P_R : st   rdx, DS:[t7 + 0x224ff3] : MemWrite :  D=0x00007ffff7ffce80 A=0x7ffff7ffd9e8
  22500: system.cpu0 T0 : @_end+140737345583534.10 :   21000: system.cpu1000000000000000 T0 :   MOV_P_R : st   rdx, DS:[t7 + 0x224ff3] : MemWrite :  D=0x00007ffff7ffce80 A=0x7ffff7ffd9e8
  23000: system.cpu0 T0 :   22000: system.cpu1 T0 : @_end+140737345583541    : @0000000000000000000000000_end+140737345583534    : mov	DS:[rip + 0x224ff3], rdxt  23000: system.cpu0 T0 :   22000: system.cpu1 T0 : @_end+140737345583541    : @0000000000000000000000000_end+140737345583534    : mov	DS:[rip + 0x224ff3], rdxtest	rax, rax0000000000000
  22500: system.cpu1 T0 :   23500: system.cpu0 T0 : @_end+140737345583534.10 :   MOV_P_R : st   rdx, DS:[t7 + 0x224ff3] : MemWrite :  D=0x@_end+1407373455835447ff :  A=0x7ffff7ffd9e8
  22500: system.cpu1 T0 :   23500: system.cpu0 T0 : @_end+140737345583534.10 :   MOV_P_R : st   rdx, DS:[t7 + 0x224ff3] : MemWrite :  D=0x@_end+1407373455835447ff :  A=0x7ffff7ffd9e8
  23500: system.cpu0 T0 : @_end+140737345583544.00 :   23000:   MOV_P_R :00000000000000  T000007ffff7dd89ff
  25000: system.cpu0 T0 : @_end+140737345583551    : jz	0x8d0000000000000000000
  25000: system.cpu0 T0 : @_end+140737345583551.00 : @0000000000000000000000000_end+140737345583544    : mov	DS:[rip + 0x224fd9], r14
  25000: system.cpu0 T0 : @_end+140737345583551.00 : @0000000000000000000000000_end+140737345583544    : mov	DS:[rip + 0x224fd9], r14
  26000: system.cpu0 20 : : system.cpu1 T0 : @_end+140737345583551. 2 : @                         _end+140737345583544.1  :   MOV_P_R : st   r14, DS:[t7 + 0x224fd9] : MemWrite wrip   , t1, t2 :  : Alu : 
  26000: system.cpu0 20 : : system.cpu1 T0 : @_end+140737345583551. 2 : @                         _end+140737345583544.1  :   MOV_P_R : st   r14, DS:[t7 + 0x224fd9] : MemWrite wrip   , t1, t2 :  : Alu : 
  27000: system.cpu0 T0 : @_end+140737345583557    : lea	rcx, DS:[rip + 0x224634]
  27000: system.cpu0 T0 : @_end+140737345583557    : lea	rcx, DS:[rip + 0x224634]
  27000: system.cpu0 T0 : @_end+140737345583557.0  :   LEA_R_P : rdip   t7, %ctrl153,  : IntAlu :  D=0x00007ffff7dd8a0c
  28500: system.cpu0 T0 :   26000: system.cpu1 T0 : d+140737345583564    : @ m                       _en  28500: system.cpu0 T0 :   26000: system.cpu1 T0 : d+140737345583564    : @ m                       _end+140737345583551.2  :   JZ_I : wrip   , t1, t2   : IntAlu : 
  29500: system.cpu0 T0 : @_end+140737345583574    : mov	r8, 0x37ffffb78       
  27000: system.cpu1 T0 : @_end+1 : IntAlu :   29500: system.cpu0 T0x : 7ffff7dd8a0c
  27000: system.cpu1 T0 : @_end+1 : IntAlu :   29500: system.cpu0 T0x : 7ffff7dd8a0c
  30000: system.cpu0 T0 : @_end+140737345583584    :   27500: system.cpu1                T0 : mov	esi, 0x6fffffff
  30000: system.cpu0 T0 : @_end+140737345583584.0  :   MOV_R_I : limm   esi, 0x6fffffff : IntAlu :  D=0x000000006fffffff
  31000: system.cpu0 T0 : @_end+140737345583589    : mov	r11d, 0x6ffffdff      
  31000: system.cpu0 T0 : @_end+140737345583589    : mov	r11d, 0x6ffffdff      
  31500: system.cpu0 T0 : @_end+140737345583595    : mov	ebx, 0x6ffffeff       
  29500: system.cpu0 T:  : system.cpu1 T0 : @_end+140737345583595.0  : @                         _end+140737345583574    : mov	r8, 0x37ffffb78       
  29500: system.cpu0 T:  : system.cpu1 T0 : @_end+140737345583595.0  : @                         _end+140737345583574    : mov	r8, 0x37ffffb78       
  32000: system.cpu0 T0 : @_end+140737345583600    : add	r9, rcx               
  32500: system.cpu0 T0 :   31000: @ end+140737345583603.0  : T0 :   ADD_R_R : add   r8, r8, rcx : IntAlu :  D=0x0_end+1407373455
  32500: system.cpu0 T0 :   31000: @ end+140737345583603.0  : T0 :   ADD_R_R : add   r8, r8, rcx : IntAlu :  D=0x0_end+1407373455
  33500: system.cpu0 T0 : @_end+140737345583606    : mov	r10d, 0x31            
  33500: system.cpu0 T0 : @_end+140737345583595    : mov	ebx, 0x6ffffeff       
  33500: system.cpu0 T0 : @_end+140737345583595    : mov	ebx, 0x6ffffeff       
  34500: system.cpu0 T0 : @_end+140737345583612    : mov	edi, 0x70000021       
  34500: system.cpu0 T0 : @_end+140737345583600    : add	r9, rcx               
  34500: system.cpu0 T0 : @_end+140737345583600    : add	r9, rcx               
  35000: system.cpu0 T0 : @_end+140737345583603    : add	r8, rcx               
  35000: system.cpu0 T0 : @_end+140737345583603    : add	r8, rcx               
  35500: system.cpu0 T0 : @_end+140737345583617.1  :   JMP_I : limm   t2, 0x1c  : IntAlu :  D=0x000000000000001c
  36000: system.cpu0 T0 : @_end+140737345583617.2  :   33500: system.cpu1                T0 :   JMP_I : wrip   , t1, t2 : IntAlu : 
  36000: system.cpu0 T0 : @_end+140737345583617.2  :   33500: system.cpu1                T0 :   JMP_I : wrip   , t1, t2 : IntAlu : 
  33500: system.cpu1 T0 : @_end+140737345583606.0  :   MOV_R_I : limm   r10d, 0x31 : IntAlu :   37000:  D=tem.cpu0 T00000000000000 : 
  37000: system.cpu0 T0 : @_end+140737345583647.0  :   34500: system.cpu1                T  CMP_R_I : limm   t1, 0x21 : IntAlu : 0 : D=0x0000000000000021
  37000: system.cpu0 T0 : @_end+140737345583647.0  :   34500: system.cpu1                T  CMP_R_I : limm   t1, 0x21 : IntAlu : 0 : D=0x0000000000000021
  38000: system.cpu0 T0 : @_end+140737345583651    : jbe	0xffffffffffffffe3    
  38000: system.cpu0 T0 : @_end+140737345583651.0  :   JBE_I : rdip   t1, %ctrl153,  : IntAlu :  D=0x00007ffff7dd8a65
  35000: system.cpu1 T0 :   38500: system.cpu0 T0 : @_end+140737345583651.@_end+140737345583617    : jmp	0x1c                  
  35000: system.cpu1 T0 :   38500: system.cpu0 T0 : @_end+140737345583651.@_end+140737345583617    : jmp	0x1c                  
  39000: system.cpu0 T0 : @_end+140737345583651.2  :   JBE_I : wrip   , t1, t2  : IntAlu : 
  36000: system.cpu1 T0 : @_end+140737345583617.2  :   JMP_I : wrip   , t1, t2  : 500: system.cpu0 T0 : lu : 
  36000: system.cpu1 T0 : @_end+140737345583617.2  :   JMP_I : wrip   , t1, t2  : 500: system.cpu0 T0 : lu : 
  40000: system.cpu0 T0 : @_end+140737345583624.1  :   37000: system.cpu1                T0 :   LEA_R_P : lea   rcx, DS:[t7 + 0x224fc9] : IntAlu :  D=0x00007ffff7ffda18
  40000: system.cpu0 T0 : @_end+140737345583624.1  :   37000: system.cpu1                T0 :   LEA_R_P : lea   rcx, DS:[t7 + 0x224fc9] : IntAlu :  D=0x00007ffff7ffda18
  CMP_R_I : sub   t0, rax, t1 : IntAlu :  D=  41000: 0xstem.cpu0 T1000000000000000
  CMP_R_I : sub   t0, rax, t1 : IntAlu :  D=  41000: 0xstem.cpu0 T1000000000000000
  43000: system.cpu0 T0 : @_end+140737345583639    : mov	rax, DS:[rdx]         
  39500  43000sysystem.cpu0 T0 : 0 : @_end+140737345583639. 0 : @                         _end+140737345583624    : lea	rcx, DS:[rip + 0x224fc9]
  39500  43000sysystem.cpu0 T0 : 0 : @_end+140737345583639. 0 : @                         _end+140737345583624    : lea	rcx, DS:[rip + 0x224fc9]
  43500: system.cpu0 T0 : @_end+140737345583624.1  :   LEA_R_P : lea   rcx, DS:[t7 + 0x224fc9] : IntAlu :  D=0x@_end+140737345583642.00 :   TEST_  43500: system.cpu0 T0 : @_end+140737345583624.1  :   LEA_R_P : lea   rcx, DS:[t7 + 0x224fc9] : IntAlu :  D=0x@_end+140737345583642.00 :   TEST_R_R : and   t0, rax, rax : IntAlu :  D=0x0000000000000000
  44000: system.cpu0 T0 : @_end+140737345583645    : jz	0x33                      44000: system.cpu0 T0 : @_end+140737345583645    : jz	0x33                    : system.cpu1                T0 : @_end+140737345583631    : mov	DS:[8*rax + rcx], rdx 
  44000: system.cpu0 T0 : @_end+140737345583645    : jz	0x33                    : system.cpu1                T0 : @_end+140737345583631    : mov	DS:[8*rax + rcx], rdx 
  44000: system.cpu0 T0 : @_end+140737345583645.0  :   JZ_I : rdip   t1, %ctrl153,  : IntAlu :  D=0x00007ffff7dd8a5f
  44500: system.cpu0 T0 : @_end+140737345583645.1  :   JZ_I : limm   t2, 0x33   : IntAlu :  D=0x0000000000000033
  46000: system.cpu0 T0 : @_end+140737345583635.@  _end+140737345583647., rdx, t1 : In :   CMP_R_I : limm   t1, 0x21 : IntAlu :           0 00     
  46000: system.cpu0 T0 : @_end+140737345583635.@  _end+140737345583647., rdx, t1 : In :   CMP_R_I : limm   t1, 0x21 : IntAlu :           0 00     
  47000: system.cpu0 T0 : @_end+140737345583651    : jbe	0xffffffffffffffe3    
  47000: system.cpu0 T0 : @_end+140737345583651.0      J : mov	ra : DS:[rdx]
  47000: system.cpu0 T0 : @_end+140737345583651.0      J : mov	ra : DS:[rdx]
  47500: system.cpu0 T0 : @_end+140737345583651.1  :   JBE_I : limm   t2, 0xffffffffffffffe3 : IntAlu :  D=0xffffffffffffffe3
  48000: system.cpu0 T0 : @_end+140737345583651.2  :   JBE_I : wrip   , t1, t2  : IntAlu : 
  48500: system.cpu0 T0 : @_end+140737345583624    : lea	rcx, DS:[rip + 0x224fc9]
  48500: system.cpu0 T0 : @_end+140737345583624.0  :   LEA_R_P : rdip   t7, %ctrl153,  : IntAlu :  D=0x0044000
  49000: system.cpu0 T0 : @_end+140737345583624.1  :   LEA_R_P : lea   rcx, DS:[t7 + 0x224fc9] : IntAlu :  D=0x00007ffff7ffda18
  50500: system.cpu0 T0 : @_end+140737345583635    : add	rax, 0x10             
  50500: system.cpu0 T0 : @_end+140737345583635.0  :   ADD_R_I : limm   t1, 0x10 : IntAlu :  D=0x0000000000000010
  46000: system.cpu1 T0 :   51000: system.cpu0 T@ : _end+140737345583647    : cmp	rax, 0x21             
  46000: system.cpu1 T0 :   51000: system.cpu0 T@ : _end+140737345583647    : cmp	rax, 0x21             
  52000: system.cpu0 T0 : @_end+140737345583639    : mov	rax, DS:[rdx]         
  52000: system.cpu0 T0 :   46500: system.cpu1 T0 : @_end+140737345583639.0  :   MOV_R_M : ld   rax, DS:[rdx] : MemRead :  D=0x000000006ffffef5 A=0x7ffff7ffcea0
  52000: system.cpu0 T0 :   46500: system.cpu1 T0 : @_end+140737345583639.0  :   MOV_R_M : ld   rax, DS:[rdx] : MemRead :  D=0x000000006ffffef5 A=0x7ffff7ffcea0
  52500: system.cpu0 T0 : @_end+140737345583642    : test	rax, rax             
  52500: system.cpu0 T0 : @_end+140737345583642.0  :   TEST_R_R : and   t0, rax, rax : IntAlu :  D=0x0000000000000000
  53000: system.cpu0 T0 : @_end+140737345583645    : jz	0x33                   
  53000: system.cpu0 T0_end+140737345583651. :  :   JBE_I : rdip   t1, %ctrl153,  : IntAlu :  D=0x00007ffff7dd8a65
  53000: system.cpu0 T0_end+140737345583651. :  :   JBE_I : rdip   t1, %ctrl153,  : IntAlu :  D=0x00007ffff7dd8a65
  47500: system.cpu1 T0 :   53500: system.cpu0 T0 : @_end+140737345583645.1  :   JZ_I : limm   t2, 0x33  @                    00   00000000033
  47500: system.cpu1 T0 :   53500: system.cpu0 T0 : @_end+140737345583645.1  :   JZ_I : limm   t2, 0x33  @                    00   00000000033
  55000: system.cpu0 T0 : @_end+140737345583647    : cmp	rax, 0x21             
  55000: system.cpu0 T0 : @_end+140737345583647  48500::  :   CMP_R_I : limm   t1, 0 : tem.cpu1 IntAluT:  D=0x0000000000000021
  55500: system.cpu0 T0 : @_end+140737345583647.1  :   CMP_R_I : sub   t0, rax, t1 : IntAlu :  D=0x0000000000000000
  56000: system.cpu0 T0 : @_end+140737345583651    : jbe	0xffffffffffffffe3    
  57000: system.cpu0 T0 : @_end+140737345583651.2  :   JBE_I : wrip   , t1, t2  : IntAlu : 
@_system.cpu0 T0 :   50000: system.cpu1 T0 : @_end+140737345583653    : @                         _end+140737345583631.0  :   MOV_M_R : st   rdx, DS:[8*rax + rcx] : MemWrite :  D=0x0000 A=0rcx, rsi
  57500: system.cpu0 50000: system.cpu1 T0 : @_end+140737345583653    : @                         _end+140737345583631.0  :   MOV_M_R : st   rdx, DS:[8*rax + rcx] : MemWrite :  D=0x0000 A=0rcx, rsi
  58500: system.cpu0 T0 : @_end+140737345583659    : cmp	rax, 0xf              
  58500: system.cpu0 T0 : @_end+140737345583659.0  :   CMP_R_I : limm   t1, 0xf : IntAlu :  D=0x000000000000000f
  59000: system.cpu0 T0 : @_end+140737345583659.1  :   CMP_R_I : sub   t0, rcx, t1 : IntAlu :  D=0x0000000000000000
  60000: system.cpu0 T0 : @_end+140737345583663    : jnbe	0x1f3                
  53000: system.cpu1 T0 : @_end+140737345583645    : jz	0x33  61000: system.cpu0  : 8a75
  53000: system.cpu1 T0 : @_end+140737345583645    : jz	0x33  61000: system.cpu0  : 8a75
  61500: system.cpu0 T0 : @  53500:  : tem.cpu1 T0 : @_end+140737345583645.1  :   JZ_I : limm   t2, 0x33 l :    
  61500: system.cpu0 T0 : @  53500:  : tem.cpu1 T0 : @_end+140737345583645.1  :   JZ_I : limm   t2, 0x33 l :    
  62000: system.cpu0 T0 : @_end+140737345584171    : 55000: system.cpu1 T0 : sar	ecx
  62000: system.cpu0 T0 : @_end+140737345584171    : 55000: system.cpu1 T0 : sar	ecx
  55500: system.cpu1 T0 :   62500: system.cpu0 T0 : @@_end+14073734558417.    :   CMP_R_I : sub   t0, rax, t1 : IntAlu :  D=0x0000000000000000
  55500: system.cpu1 T0 :   62500: system.cpu0 T0 : @@_end+14073734558417.    :   CMP_R_I : sub   t0, rax, t1 : IntAlu :  D=0x0000000000000000
  62500: system.cpu0 T0 : @_end+140737345584173.  56000: system.cpu1 T0 :   CMP_R_I : limm   t1d, 0xfffffffffffffffc : IntAlu@_end+140737345583651 D= : jbe	0xffffffffffffffe30ff0ffffc000000000000000000 ,
  62500: system.cpu0 T0 : @_end+140737345584173.  56000: system.cpu1 T0 :   CMP_R_I : limm   t1d, 0xfffffffffffffffc : IntAlu@_end+140737345583651 D= : jbe	0xffffffffffffffe30ff0ffffc000000000000000000 ,
  63500: system.cpu0 T0 : @_end+140737345584176    : jbe	0x1e000000000000000000
 :   63500: system.cpu0 T0 : @@end+140737345584176.00 : 140737345583651.20 :   JBE_I : wrip   , t1, t20 : IntAlu : 
 :   63500: system.cpu0 T0 : @@end+140737345584176.00 : 140737345583651.20 :   JBE_I : wrip   , t1, t20 : IntAlu : 
@_end+140737345583653    : mov	rcx, rsi  64000:  57500: system.cpu1     : mov	rcx, rsi  64000: system.cpu0 T0 : @_end+140737345584176.10 :   JBE_I : limm   t2, 0x1e0 : IntAlu :  D=0x000000000000001e
  65000: system.cpu0 T0 : 000000000 mov	rcx, r11
  65500: system.cpu0@_end+1407373455836595. : 0 :   CMP_R_I : limm   t1, 0xf : IntAlu :  D=0x000000000000000f
  65500: system.cpu0@_end+1407373455836595. : 0 :   CMP_R_I : limm   t1, 0xf : IntAlu :  D=0x000000000000000f
  66500: system.cpu0 T0 : @_end+140737345584214    : cmp	rax, 0xb00000000000000
  66500: system.cpu0 T0 : @_end+140737345584214.00 :   60000: system.cpu1000000000000000 T0  CMP_R_I : limm   t1, 0xb : IntAlu :  D=0x000000000000000b
  66500: system.cpu0 T0 : @_end+140737345584214.00 :   60000: system.cpu1000000000000000 T0  CMP_R_I : limm   t1, 0xb : IntAlu :  D=0x000000000000000b
  67500: system.cpu0 T0 : @_end+140737345584218    :   60500jnbe	0x138s  67500: system.
  67500: system.cpu0 T0 : @_end+140737345584218.00 :   JNBE_I : rdip   t1, %ctrl153,  : IntAlu :  D=0x00007ffff7dd8ca0
  61000: system.cpu1 T0 :   68000: system.cpu0 T0 : @_end+140737345583663.20 :   JNBE_I : wrip   , t1, t2 : IntAlu : 
  61000: system.cpu1 T0 :   68000: system.cpu0 T0 : @_end+140737345583663.20 :   JNBE_I : wrip   , t1, t2 : IntAlu : 
  61500: system.cpu1 T0    system.cpu0 T0 : @_end+140737345584218.02 : @0000000000000000000000000_end+140737345584168    : lea	ecx, DS:[rax + rax]000
  61500: system.cpu1 T0    system.cpu0 T0 : @_end+140737345584218.02 : @0000000000000000000000000_end+140737345584168    : lea	ecx, DS:[rax + rax]000
system.cpu1 T0     : : system.cpu0 T0 : @_end+140737345584536.00 : @0000000000000000000000000_end+140737345584171    : sar	ecx0000000000000000000
system.cpu1 T0     : : system.cpu0 T0 : @_end+140737345584536.00 : @0000000000000000000000000_end+140737345584171    : sar	ecx0000000000000000000
  69500: system.cpu0 T0 : @_end+140737345584539    : sub	rcx, rax00000000000000
  69500: system.cpu0 T0 : @_end+140737345584539.00 :   SUB_R_R : sub   rcx, rcx, rax : IntAlu :   62500 D=                  0000000000000000
  69500: system.cpu0    : cmp	eax, 0xfffffffffffffffc
  62500: system.cpu1 T0 :   70500: system.cpu0 T0 : @_end+140737345584542    : @_end+140737345584173.0  :   CMP_R_I : limm   t1d, 0xfffffffffffffffc : IntAlu :  D=0x00000000fffffffc
  62500: system.cpu1 T0 :   70500: system.cpu0 T0 : @_end+140737345584542    : @_end+140737345584173.0  :   CMP_R_I : limm   t1d, 0xfffffffffffffffc : IntAlu :  D=0x00000000fffffffc
  70500: system.cpu0 T0 :   63000: system.cpu1 T0 : @_end+140737345584542.0  : @                         _end+140737345584173.  CMP_R_I : limm   t1, 0xa : IntAlu :  D=0x000  CMP_R_I : s
  70500: system.cpu0 T0 :   63000: system.cpu1 T0 : @_end+140737345584542.0  : @                         _end+140737345584173.  CMP_R_I : limm   t1, 0xa : IntAlu :  D=0x000  CMP_R_I : s
  63500: system.cpu1 T0 :   71500: system.cpu0 T0 : @_end+140737345584176    : jbe	0x1e                  
  63500: system.cpu1 T0 :   71500: system.cpu0 T0 : @_end+140737345584176    : jbe	0x1e                  
      system.cpu0 _end+140737345584176.T0 0  JBE_I : rdip   t1, %ctrl153,  : Int    D=                 0x00007ffff7dd8c72
      system.cpu0 _end+140737345584176.T0 0  JBE_I : rdip   t1, %ctrl153,  : Int    D=                 0x00007ffff7dd8c72
  64000: system.cpu1 T0 :   72000: system.cpu0 T0 : @_end+140737345584176.1  :   JBE_I : limm   t2, 0x1e  : IntAlu :  D=0x000000000000001e
  64000: system.cpu1 T0 :   72000: system.cpu0 T0 : @_end+140737345584176.1  :   JBE_I : limm   t2, 0x1e  : IntAlu :  D=0x000000000000001e
  64500: system.cpu1 T0 :   72500: system.cpu0 T0 : @_end+140737345584176.2  :   JBE_I : wrip   , t1, t2  : IntAlu : 
  64500: system.cpu1 T0 :   72500: system.cpu0 T0 : @_end+140737345584176.2  :   JBE_I : wrip   , t1, t2  : IntAlu : 
  65000: system.cpu1 T0 :   73000: system.cpu0 T0 : @_end+140737345584208.0  :   MOV_R_R : mov   rcx, rcx, r11 : IntAlu : @_end+140737345584552    : 0x                        6ffffdff00000000
  65000: system.cpu1 T0 :   73000: system.cpu0 T0 : @_end+140737345584208.0  :   MOV_R_R : mov   rcx, rcx, r11 : IntAlu : @_end+140737345584552    : 0x                        6ffffdff00000000
  73000: system.cpu0 T0 : @_end+140737345584552.0  :   65500: system.cpu1                T0 :   NEG_R : sub   rax, t0, rax : IntAlu :  D=0x0000000000000001
  73000: system.cpu0 T0 : @_end+140737345584552.0  :   65500: system.cpu1                T0 :   NEG_R : sub   rax, t0, rax : IntAlu :  D=0x0000000000000001
  65500: system.cpu1 T0 :   73500_esystem.cpu0 T0 SUB_R_R : sub   rcx, rcx, rax : IntAlu :  D=0x0000000000000001
  73500: system.cpu0 T0 : @_end+140737345584555.0  :   66500: system.cpu1                T0 :   MOV_M_R : st   rdx, DS:[8*rax + r9] : MemWrite :  D=0x00007ffff7ffcea0 A=0x7ffff7ffdc70
  73500: system.cpu0 T0 : @_end+140737345584555.0  :   66500: system.cpu1                T0 :   MOV_M_R : st   rdx, DS:[8*rax + r9] : MemWrite :  D=0x00007ffff7ffcea0 A=0x7ffff7ffdc70
  66500: system.cpu1 T0 : @_end+140737345584214.0  :   CMP_R_I : limm   t1, 0xb : IntAlu :  D=0x000000b: system.cpu0 
  74500: system.cpu0 T0 : @_end+140737345584214.1  :   CMP_R_I : sub   t0, rcx, t1@  IntA                    D=d+140737345584559. 00000000000000 : 
  74500: system.cpu0 T0 : @_end+140737345584214.1  :   CMP_R_I : sub   t0, rcx, t1@  IntA                    D=d+140737345584559. 00000000000000 : 
  75000: system.cpu0 T0 :   67500: system.cpu1 T0 : @_end+140737345584559.1  : @                         _end+140737345584218    : ffffffffff0000000000000000
  75000: system.cpu0 T0 :   67500: system.cpu1 T0 : @_end+140737345584559.1  : @                         _end+140737345584218    : ffffffffff0000000000000000
  76000: system.cpu0 T0 : @_end+140737345584218.2  :   JNBE_I : wrip   , t1, t2 : IntAlu : 
  76000: system.cpu0 T0 : @_end+140737345584218.2  :   JNBE_I : wrip   , t1, t2 : IntAlu : 
  76500: system.cpu0 T0 : @_end+140737345583635.1  :   ADD_R_I : add   rdx, rdx, t1 : IntAlu :  D=0x0000000000000000
  77500: system.cpu0 T7500: 0 : T0 : @_end+140737345583639    : mov	rax, DS:[rdx]         
  77500: system.cpu0 T0 : @_end+140737345583639.0  :   MOV_R_M : ld   rax, DS:[rdx] : MemRead :  D=0x0000000000000005 A=0x7ffff7ffceb0
  78000: system.cpu0 T0 :   69500: system.cpu1 T0 : @_end+140737345583642    : test	rax, rax             
  78000: system.cpu0 T0 :   69500: system.cpu1 T0 : @_end+140737345583642    : test	rax, rax             
  78000: system.cpu0 T0 : @_end+140737345583642.0  :   TEST_R_R : and   t0, rax, rax : IntAlu :  D=0x0000000000000000
  78500: system.cpu0 T0 : @_end+140737345583645    : jz	0x33                   
  78500: system.cpu0 T0 : @_end+140737345583645.0  :   JZ_I : rdip   t1, %ctrl153,  : IntAlu :  D=0x00007ffff7dd8a5f
  70500: system.cpu1 T0 :   79000: system.cpu0 T0 : @_end+140737345584542    : cmp	rax, 0xa              
  70500: system.cpu1 T0 :   79000: system.cpu0 T0 : @_end+140737345584542    : cmp	rax, 0xa              
  79500: system.cpu0 T0 : @_end+140737345583645.2  :   JZ_I : wrip   , t1, t2   : IntAlu : 
  80500: system.cpu0 T0 : @_end+140737345583647    : cmp	rax, 0x21             
  80500: system.cpu0 T0 : @_end+140737345583647.0  :   CMP_R_I : limm   t1, 0x21 : IntAlu :  D=0x0000000000000021
  71500: system.cpu1 T0 :   81000: system.cpu0 T0 : @_end+140737345584546    : jnbe	0xfffffffffffffc6b   
  71500: system.cpu1 T0 :   81000: system.cpu0 T0 : @_end+140737345584546    : jnbe	0xfffffffffffffc6b   
  81500: system.cpu0 T0 : @_end+140737345583651    : jbe	0xffffffffffffffe3    
  81500: system.cpu0 T0 : 72000: system.cpu1 T0 : @_end+140737345583651. 0 :   JBE_I : rdip   t1, %ctrl153,  : IntAlu :  D=0x00007ffff7dd8a65
  81500: system.cpu0 T0 : 72000: system.cpu1 T0 : @_end+140737345583651. 0 :   JBE_I : rdip   t1, %ctrl153,  : IntAlu :  D=0x00007ffff7dd8a65
  82000: system.cpu0 T0 : @_end+140737345583651.1  :   JBE_I : limm   t2, 0xffffffffffffffe3 : IntAlu :  D=0xffffffffffffffe3
@_end+140737345584546.2  :   JNBE_I : wrip   , t1, t2 : IntAlu :  @_end+140737345584546.2  :   JNBE_I : wrip   , t1, t2 : IntAlu :   82500: system.cpu0 T0 : @_end+140737345583651.2  :   JBE_I : wrip   , t1, t2  : IntAlu : 
  83000: system.cpu0 @0_end+140737345584552.0  :   NEG_R : sub   rax, t0, rax : IntAlu :  D=0x0000000000000001
  83000: system.cpu0 @0_end+140737345584552.0  :   NEG_R : sub   rax, t0, rax : IntAlu :  D=0x0000000000000001
  83500: system.cpu0 T0 : @_end+140737345583624.1  :   LEA_R_P : lea   rcx, DS:[t7 + 0x224fc9] : IntAlu :  D=0x00007ffff7ffda18
  84500: system.cpu0 T0 : @_end+140737345583631    : mov	DS:[8*rax + rcx], rdx 
  84500: system.cpu0 T0 : @_end+140737345583631.0  :   MOV_M_R : st   rdx, DS:[8*rax + rcx] : MemWrite :  D=0x00007ffff7ffceb0 A=0x7ffff7ffda40
  85000: system.cpu0 T0 : @_end+140737345583635    : add	rax, 0x10             
  85000: system.cpu0 T0 : @_end+140737345584559    : jmp	0xfffffffffffffc5f    
  85000: system.cpu0 T0 : @_end+140737345584559    : jmp	0xfffffffffffffc5f    
  85500: system.cpu0 T0 : @_end+140737345583635.1  :   ADD_R_I : add   rdx, rdx, t1 : IntAlu :  D=0x0000000000000000
2   86500:  ystem.cpu0 T : 0 : IntAlu : 
2   86500:  ystem.cpu0 T : 0 : IntAlu : 
  87000: system.cpu0 T0 :   76000: system.cpu1 T0 : @_end+140737345583642    : test	rax, rax             
  87000: system.cpu0 T0 :   76000: system.cpu1 T0 : @_end+140737345583642    : test	rax, rax             
  87000: system.cpu0 T0 : @_end+140737345583642.0  :   TEST_R_R : and   t0, rax, rax : IntAlu :  D=0x0000000000000000
  87500: system.cpu0 T0 : @_end+140737345583645    : jz	0x33                   
  87500: system.cpu0 T0 :   76500: system.cpu1 T0 : d+140737345583645.0  :   JZ_I : rdip   t1, %ctrl153,  : IntAlu :  D=0x00007ffff7dd8a5f
  88000: system.cpu0 T0 : @_end+140737345583645.1  :   JZ_I : limm   t2, 0x33   : IntAlu :  D=0x0000000000000033
  88500: system.cpu0 T0 : @_end+140737345583645.2  :   JZ_I : wrip   , t1, t2   : IntAlu : 
  89500: system.cpu0 T0 : @_end+140737345583647    : cmp	rax, 0x21             
  89500: system.cpu0 T0 : @_end+140737345583639.0  :   MOV_R_M : ld   rax, DS:[rdx] : MemRead :  D=0x0000000000000005 A=0x7_end+140737
  89500: system.cpu0 T0 : @_end+140737345583639.0  :   MOV_R_M : ld   rax, DS:[rdx] : MemRead :  D=0x0000000000000005 A=0x7_end+140737
  78000: system.cpu1 T0 :   90000: system.cpu0 T0 : @_end+140737345583647@1  : _end+140737345583642, rax, t1 :     : test	rax, rax 0        0  
  78000: system.cpu1 T0 :   90000: system.cpu0 T0 : @_end+140737345583647@1  : 
  90500: system.cpu0 T0 : @_end+140737345583651    : jbe	0xffffffffffffffe3    
  90500: system.cpu0 T0 : @_end+140737345583642.0  :   TEST_R_R : and   t0, rax, rax : IntAlu :  D=0x0000000000000000
  90500: system.cpu0 T0 : @_end+140737345583642.0  :   TEST_R_R : and   t0, rax, rax : IntAlu :  D=0x0000000000000000
  91000: system.cpu0 T0 :       @_end+1.:  1 :  T0BE_I : limm   t2, 0xffffffffffffffe3 : I : lu :  D=0xffffffffffffffe3
  91000: system.cpu0 T0 :       @_end+1.:  1 :  T0BE_I : limm   t2, 0xffffffffffffffe3 : I : lu :  D=0xffffffffffffffe3
  91500: system.cpu0 T0 : @_end+140737345583651.2  :   JBE_I : wrip   , t1, t2  : IntAlu : 
  92000: system.cpu0 T0 : @_end+140737345583645.1  :   JZ_I : limm   t2, 0x33   : IntAlu _end+140737345583624.0  :  D=EA_R_P : rdip   t7, %ctrl153,  : IntAlu0x D=0x
  92000: system.cpu0 T0 : @_end+140737345583645.1  :   JZ_I : limm   t2, 0x33   : IntAlu _end+140737345583624.0  :  D=EA_R_P : rdip   t7, %ctrl153,  : IntAlu0x D=0x
  93500: system.cpu0 T0 : @_end+140737345583631.0  :   MOV_M_R : st   rdx, DS:[8*rax + rcx] : MemWrite :  D=0x00007ffff7ffcec0 A=0x7ffff7ffda48
  94000: system.cpu0 T0 : @_end+140737345583635.00 :   ADD_R_I : limm   t1, 0x10 : IntAlu :  D=0x0000000000000010
  81000: system.cpu1 T0 :   94500: system.cpu0 T0 : @_end+140737345583647.10 :   CMP_R_I : sub   t0, rax, t1 : IntAlu :  D=0x000000000000000@_end+140737345583635
u  81000: system.cpu1 T0 :   94500: system.cpu0 T0 : @_end+140737345583647.10 :   CMP_R_I : sub   t0, rax, t1 : IntAlu :  D=0x000000000000000@_end+140737345583635
  95500: system.cpu0 T0 : @_end+140737345583639    : mov	rax, DS:[rdx]000000000
  95500: system.cpu0 T@ : _end+140737345583651.00 :   JBE_I : rdip   t1, %ctrl153,  : IntAlu :  D=0x00007ffff7dd8a65
  95500: system.cpu0 T@ : _end+140737345583651.00 :   JBE_I : rdip   t1, %ctrl153,  : IntAlu :  D=0x00007ffff7dd8a65
  96000: system.cpu0 T0 : @_end+140737345583651_end+140737345583642.00 :   J  TEST_R_R : and   t0,0rax, rax : IntAlu :  D=0xIntAlu : 
  96000: system.cpu0 T0 : @_end+140737345583651_end+140737345583642.00 :   J  TEST_R_R : and   t0,0rax, rax : IntAlu :  D=0xIntAlu : 
  96500: system.cpu0 T0 : @_end+140737345583645    : jz	0x330000000000000000000
  96500: system.cpu0 T0 : @_end+140737345583645.@0 :   JZ_I : rdip   t1, %ctrl153,  : _end+14: 37345583624x : In00 000x000 : fff7dd8a5f
  96500: system.cpu0 T0 : @_end+140737345583645.@0 :   JZ_I : rdip   t1, %ctrl153,  : _end+14: 37345583624x : In00 000x000 : fff7dd8a5f
  98500: system.cpu0 T0 : @_end+140737345583647    : cmp	rax, 0x210000000000000
  98500: system.cpu0 T0 : @_end+140737345583647.00 :   CMP_R_I : limm   t1, 0x21 : IntAlu :  D=0x0000000000000021
  99000: system.cpu0 T0 :   84500: system.cpu1 T0 : d+140737345583647.10 :   CMP_R_I : sub   t0, rax, t1 : IntAlu :  D=0x0000000000000001
  99000: system.cpu0 T0 :   84500: system.cpu1 T0 : d+140737345583647.10 :   CMP_R_I : sub   t0, rax, t1 : IntAlu :  D=0x0000000000000001
  99500: system.cpu0 T0 : @_end+140737345583651.00 :   JBE_I : rdip   t1, %ctrl153,  : IntAlu :  D=0x00007ffff7dd8a65
 100000: system.cpu0 Ts :  T0 : @_end+140737345583651. 1 :   JBE_I : limm   t2, 0xffffffffffffffe3 : IntAlu :  D=0xffffffffffffffe3
 100000: system.cpu0 Ts :  T0 : @_end+140737345583651. 1 :   JBE_I : limm   t2, 0xffffffffffffffe3 : IntAlu :  D=0xffffffffffffffe3
 101000: system.cpu0 T0 : @_end+140737345583624.0  :   LEA_R_P : rdip   t7, %ctrl153,  : IntAlu :  D=0x00007ffff7dd8a4f
  85500: system.cpu1 T0 : @ 101500: system.cpu0 T :   ADD_R_I : add   rdx, rdx, t1 : 0      :                  f7dd8a :  D=0x0000000000000000
  85500: system.cpu1 T0 : @ 101500: system.cpu0 T :   ADD_R_I : add   rdx, rdx, t1 : 0      :                  f7dd8a :  D=0x0000000000000000
  86500: system.cpu1 T0 :  102500: system.cpu0 T0 : @_end+140737345583639    : mov	rax, DS:[rdx]    @    
  86500: system.cpu1 T0 :  102500: system.cpu0 T0 : @_end+140737345583639    : mov	rax, DS:[rdx]    @    
 102500: system.cpu0 @0 : +140737345583639.0 :   MOV_R_M : ld   rax, DS:[rdx] : MemRead :  D=0x0000000000000006 A=0x7ffff7ffcec0
 102500: system.cpu0 @0 : +140737345583639.0 :   MOV_R_M : ld   rax, DS:[rdx] : MemRead :  D=0x0000000000000006 A=0x7ffff7ffcec0
  87000: system.cpu1 T0 :  103000: system.cpu0 T0 : @_end+140737345583642    : test	rax, rax             
  87000: system.cpu1 T0 :  103000: system.cpu0 T0 : @_end+140737345583642    : test	rax, rax             
 103000: system.cpu0 T0_end+140737345583642. :  :   TEST_R_R : and   t0, rax, rax : IntAlu :  D=0x0000000000000000
 103000: system.cpu0 T0_end+140737345583642. :  :   TEST_R_R : and   t0, rax, rax : IntAlu :  D=0x0000000000000000
  87500: system.cpu1 T0 :  103500: system.cpu0 T0 : @_end+140737345583635.1  :   ADD_R_I : add   rdx, rdx, t1 : @_end+140737345583645    D=jz	0x33                 00                  87500: system.cpu1 T0 :  103500: system.cpu0 T0 : @_end+140737345583635.1  :   ADD_R_I : add   rdx, rdx, t1 : @_end+140737345583645    D=jz	0x33                 00                 
  87500: system.cpu1 T0 :  104500: system.cpu0 T0 : @_end+140737345583645.0  :   JZ_I : rdip   t1, %ctrl153,  : IntAlu :  D=0x@0007ffff7dd8a5f
  87500: system.cpu1 T0 :  104500: system.cpu0 T0 : @_end+140737345583645.0  :   JZ_I : rdip   t1, %ctrl153,  : IntAlu :  D=0x@0007ffff7dd8a5f
 104500: system.cpu0 T88000 : : system.cpu1 T0 : @_end+140737345583639.0  :   MOV_R_M : ld   rax, DS:[rdx] : MemRead :  D=0x000000000000000b A=0x7ffff7ffcee0
 104500: system.cpu0 T88000 : : system.cpu1 T0 : @_end+140737345583639.0  :   MOV_R_M : ld   rax, DS:[rdx] : MemRead :  D=0x000000000000000b A=0x7ffff7ffcee0
 105000: system.cpu0 T0 :    : test	rax, rax             
 105000: system.cpu0 T0 : @_end+140737345583642.0  :   TEST_R_R : and   t0, rax, rax : IntAlu :  D=0x0000000000000000
 105500: system.cpu0 T0 : @_end+140737345583645    : jz	0x33                   
 105500: system.cpu0   89500e0 : system.cpu1 T0 : @_end+140737345583645.0  :   JZ_I : rdip   t1, %ctrl153,  : IntAlu :  D=0x00007ffff7dd8a5f
 105500: system.cpu0   89500e0 : system.cpu1 T0 : @_end+140737345583645.0  :   JZ_I : rdip   t1, %ctrl153,  : IntAlu :  D=0x00007ffff7dd8a5f
 106500: system.cpu0 T0 : @_end+140737345583645.2  :   JZ_I : wrip   , t1, t2   : IntAlu : 
 107500: system.cpu0 T0 : @_end+140737345583647    : cmp	rax, 0x21             
 107500: system.cpu0 T0 : @_end+140737345583647.0  :   CMP_R_I : limm   t1, 0x21 : IntAlu :  D=0x0000000000000021
 108000: system.cpu0 T0 : @_end+140737345583647.1  :   CMP_R_I : sub   t0, rax, t1 : IntAlu :  D=0x0000000000000001
 108500: system.cpu0 T0 : @_end+140737345583651    : jbe	0xffffffffffffffe3    
@_end+140737345583651.2  :   JBE_I : wrip   , t1, t2  : IntAlu : 9500: system.cpu0      
        @_end+140737345583651.2  :   JBE_I : wrip   , t1, t2  : IntAlu : 9500: system.cpu0      
  92000: system.cpu1 T0 :  110000: system.cpu0 T0 : @_end+140737345583624    : lea	rcx, DS:[rip + 0x224fc9]
  92000: system.cpu1 T0 :  110000: system.cpu0 T0 : @_end+140737345583624    : lea	rcx, DS:[rip + 0x224fc9]
 110000: system.cpu0 T0_end+140737345583624.0  :   LEA_R_P : rdip   t7, %ctrl153,  : IntAlu :  D=0x00007ffff7dd8a4f
 110000: system.cpu0 T0_end+140737345583624.0  :   LEA_R_P : rdip   t7, %ctrl153,  : IntAlu :  D=0x00007ffff7dd8a4f
  92500: system.cpu1 T0 :  110500: system.cpu0 T0 : @_end+140737345583624.1  :   LEA_R_P : lea   rcx, DS:[t7 + 0x224fc9] : IntAlu :  D=0x@_end+140737345583624.01 :    92500: system.cpu1 T0 :  110500: system.cpu0 T0 : @_end+140737345583624.1  :   LEA_R_P : lea   rcx, DS:[t7 + 0x224fc9] : IntAlu :  D=0x@_end+140737345583624.01 :   LEA_R_P : lea   rcx, DS:[t7 + 0x224fc9]8 : IntAlu :  D=0x00007ffff7ffda18
 111500: system.cpu0 T0 : @_end+140737345583631    : mov	DS:[8*rax + rcx], rdx 
  93500: system.cpu1 T0 : @_end+140737345583631.0  :   MOV_M_R : st   rdx, DS:[8*rax + rcx] : MemWrite :  D=0x00007ffff7ffcec0111500 mov	D: 00000system.cpu0
  93500: system.cpu1 T0 : @_end+140737345583631.0  :   MOV_M_R : st   rdx, DS:[8*rax + rcx] : MemWrite :  D=0x00007ffff7ffcec0111500 mov	D: 00000system.cpu0
  94000: system.cpu1 T0 :  112000: system.cpu0 T0 : @_end+140737345583635    : add	rax, 0x100000@00000000
  94000: system.cpu1 T0 :  112000: system.cpu0 T0 : @_end+140737345583635    : add	rax, 0x100000@00000000
 112000: system.cpu0 @_end+1407373455836350 : 0 :   ADD_R_I : limm   t1, 0x10 : IntAlu :  D=0x0000000000000010
 112000: system.cpu0 @_end+1407373455836350 : 0 :   ADD_R_I : limm   t1, 0x10 : IntAlu :  D=0x0000000000000010
  94500: system.cpu1 T0 :  112500: system.cpu0 T0 : @_end+140737345583635.10 : 1 ADD_R_I : add   rdx, rdx, t1 : IntAlu :  :   AD                    0x : IntAlu :    94500: system.cpu1 T0 :  112500: system.cpu0 T0 : @_end+140737345583635.10 : 1 ADD_R_I : add   rdx, rdx, t1 : IntAlu :  :   AD                    0x : IntAlu :  D=0x0000000000000000
 113500: system.cpu0 T0 : @_end+140737345583639    : mov	rax, DS:[rdx]000000000
 113500: system.cpu0 T0 : @_end+140737345583639.00 :   MOV_R_M : ld   rax, DS:[rdx] : MemRead :  D=0x0000000000000003 A=0x95500: system@_end+140737345583639    : mov	rax, DS:[rdx]000000000
 114000: system.cpu0 T0 :  95500rax, rax             
 114000: system.cpu0 T0 : @_end+140737345583642.00 :   TEST_R_R : and   t0, rax, rax : IntAlu :  D=0x0000000000000000
  96000: system.cpu1 T0 :  114500: system.cpu0 T0 : @_end+140737345583642    : test	rax, rax0000000000000
  96000: system.cpu1 T0 :  114500: system.cpu0 T0 : @_end+140737345583642    : test	rax, rax0000000000000
 114500: system.cpu0 T@ : _end+140737345583642.00 :   TEST_R_R : and   t0, rax, rax : IntAlu :  D=0x0000000000000000
 114500: system.cpu0 T@ : _end+140737345583642.00 :   TEST_R_R : and   t0, rax, rax : IntAlu :  D=0x0000000000000000
 115000: system.cpu0 T0 : @_end+140737345583645.10 :   JZ_I : limm   t2, 0x3300 : IntAlu :  D=0x0000000000000033
 115500: system.cpu0 T0 : @_end+140737345583645.20 :   JZ_I : wrip   , t1, t200 : IntAlu : 
 116500: system.cpu0 T0 : @_end+140737345583647    : cmp	rax, 0x210000000000000
 116500: system.cpu0 T0 :   97500: system.cpu1 T0 : @_end+140737345583647.00 :   CMP_R_I : limm   t1, 0x21 : IntAlu :  D=0x0000000000000021
 116500: system.cpu0 T0 :   97500: system.cpu1 T0 : @_end+140737345583647.00 :   CMP_R_I : limm   t1, 0x21 : IntAlu :  D=0x0000000000000021
  98500: system.cpu1 T0 :  117500: system.cpu0 T@_end+140737345583647    : cmp	rax, 0x210000000000000
  98500: system.cpu1 T0 :  117500: system.cpu0 T@_end+140737345583647    : cmp	rax, 0x210000000000000
 117500: system.cpu0 T@ : d+140737345583647.00 :   CMP_R_I : limm   t1, 0x21 : IntAlu :  D=0x0000000000000021
 117500: system.cpu0 T@ : d+140737345583647.00 :   CMP_R_I : limm   t1, 0x21 : IntAlu :  D=0x0000000000000021
  99000: system.cpu1 T0 :  118000: system.cpu0 T0 : @_end+140737345583651.10 :   JBE_I : limm   t2, 0xffffffffffffffe3 : @000000 0x00000f0000000000fffe3
  99000: system.cpu1 T0 :  118000: system.cpu0 T0 : @_end+140737345583651.10 :   JBE_I : limm   t2, 0xffffffffffffffe3 : @000000 0x00000f0000000000fffe3
  99500: system.cpu1 T0 :  119000: system.cpu0 T0 : @_end+140737345583651    : jbe	0xffffffffffffffe30000
  99500: system.cpu1 T0 :  119000: system.cpu0 T0 : @_end+140737345583651    : jbe	0xffffffffffffffe30000
 119000: system.cpu0 @_ : +140737345583651c.00 :   JBE_I : rdip   t1, %ctrl153,  : IntAlu :  D=0x00007ffff7dd8a65
 119000: system.cpu0 @_ : +140737345583651c.00 :   JBE_I : rdip   t1, %ctrl153,  : IntAlu :  D=0x00007ffff7dd8a65
 100000: system.cpu1 T0 :  119500: system.cpu0 T0 : @_end+140737345583651.10 :   JBE_I : limm   t2, 0xffffffffffffffe3 : IntAlu :  D=@ffffffffffffffe33624.1 100000: system.cpu1 T0 :  119500: system.cpu0 T0 : @_end+140737345583651.10 :   JBE_I : limm   t2, 0xffffffffffffffe3 : IntAlu :  D=@ffffffffffffffe33624.10 :   LEA_R_P : lea   rcx, DS:[t7 + 0x224fc9] : IntAlu :  D=0x00007ffff7ffda18
 120500: system.cpu0 T0 : @_end+140737345583631    : mov	DS:[8*rax + rcx], rdx0
 120500: system.cpu0 T0 : @_end+140737345583631.00 :   MOV_M_R : st   rdx, DS:[8*rax + rcx] : MemWrite :  D=0x00007ffff7ffcef0 A=0x7ffff7ffda30
 121000: system.cpu0 T0 : @_end+140737345583635    : add	rax, 0x100000000000000
 121000: system.cpu0 T0_end+140737345583624S:[.00 :   LEA_R_P : rdip   t7, %ctrl153,  : IntAlu :  D=0x00007ffff7dd8a4f
 121000: system.cpu0 T0_end+140737345583624S:[.00 :   LEA_R_P : rdip   t7, %ctrl153,  : IntAlu :  D=0x00007ffff7dd8a4f
 101500: system.cpu1 T0 :  121500: system.cpu0 T0 : @_end+140737345583624.10 :   LEA_R_P : lea   rcx, DS:[t7 + 0x224fc9] : IntAlu :  D=0x000000000000000
 101500: system.cpu1 T0 :  121500: system.cpu0 T0 : @_end+140737345583624.10 :   LEA_R_P : lea   rcx, DS:[t7 + 0x224fc9] : IntAlu :  D=0x000000000000000
 122500: system.cpu0 T0 : @_end+140737345583639    : mov	rax, DS:[rdx]000000000
 122500: system.cpu0 T0 : @_end+140737345583631    : mov	DS:[8*rax + rcx], rdx0
 122500: system.cpu0 T0 : @_end+140737345583631    : mov	DS:[8*rax + rcx], rdx0
 123000: system.cpu0 T0 : @_end+140737345583642    : test	rax, rax0000000000000
 123000: system.cpu0 T0 : @_end+140737345583642.0  : 103000 R_R : and   t0, rax, rax : 07ff: system.cpu1x7ffff7ff T0x0000000000000000.cp
 123000: system.cpu0 T0 : @_end+140737345583642.0  : 103000 R_R : and   t0, rax, rax : 07ff: system.cpu1x7ffff7ff T0x0000000000000000.cp
 D=0x00000000000000101 D=0x0000000000000010123500 : system.cpu0 T0 : @_end+140737345583645.0  :   JZ_I : rdip   t1, %ctrl153,  : IntAlu :  D=0x00007ffff7dd8a5f
 124000: system.cpu0 T0 : @_end+140737345583645.1  :   JZ_I : limm   t2, 0x33   : IntAlu :  D=0x0000000000000033
 124500: system.cpu0 T0 : @_end+140737345583645.2  :   JZ_I : wrip   , t1, t2   : IntAlu : 
 125500: system.cpu0 T0 : @_end+140737345583647    : cmp	rax, 0x21             
 125500: system.cpu0 T0 : @_end+140737345583647.0  :   CMP_R_I : limm   t1, 0x21 : IntAlu :  D=0x0000000000000021
 10500012syst:  system.cpu0TT0 : 0 : @_end+140737345583647. 1 :   CMP_R_I : sub   t0, rax, t1 : IntAlu :  D=0x0000000000000001
 10500012syst:  system.cpu0TT0 : 0 : @_end+140737345583647. 1 :   CMP_R_I : sub   t0, rax, t1 : IntAlu :  D=0x0000000000000001
 126500: system.cpu0 T0 : @_end+140737345583651    : jbe	0xffffffffffffffe3    
 126500: system.cpu0 T0 : @_end+140737345583651.0  :   JBE_I : rdip   t1, %ctrl153,  : IntAlu :  D=0x00007ffff7dd8a65
 105500: system.cpu1 T0 :  127000: system.cpu0 T0 : @_end+140737345583645    : @_end+1 0737345583651. 1      JB        
 105500: system.cpu1 T0 :  127000: system.cpu0 T0 : @_end+140737345583645    : @_end+1 0737345583651. 1      JB        
 127500: system.cpu0 T0 : @_end+140737345583651.2  :   JBE_I : wrip   , t1, t2  : IntAlu : 
 106000: system.cpu1 T0 : @_end+140737345583645.1  :   JZ_I : limm   t2, 0x33   : IntAlu :  128000: system.cpu05T000000000000003
 106000: system.cpu1 T0 : @_end+140737345583645.1  :   JZ_I : limm   t2, 0x33   : IntAlu :  128000: system.cpu05T000000000000003
 128000: system.cpu0 T0 :  106500: system.cpu1 T0 : @_end+140737345583624.0  :   LEA_R_P : rdip   t7, %ctrl153,  : IntAlu :  D=0x00007ffff7dd8a4f
 128000: system.cpu0 T0 :  106500: system.cpu1 T0 : @_end+140737345583624.0  :   LEA_R_P : rdip   t7, %ctrl153,  : IntAlu :  D=0x00007ffff7dd8a4f
 128500: system.cpu0 T0 : @_end+140737345583624.1  :   LEA_R_P : lea   rcx, DS:[t7 + 0x224fc9] : IntAlu :  D=0x00007ffff7ffda18
 107500: system.cpu1 T0129500: system.cpu0 T0 : @_end+140737345583631    : @ov	DS:[8*rax + rcx], rdx 
 129500: system.cpu0 T0129500: system.cpu0 T0 : @_end+140737345583631    : @ov	DS:[8*rax + rcx], rdx 
 130000: system.cpu0 T0 : @_end+140737345583635    : add	rax, 0x10             
 130000: system.cpu0 T0 : @_end+140737345583635.0  :   ADD_R_I : limm   t1, 0x10 : IntAlu :  D=0x0000000000000010
 108000: system.cpu1 T0 :  130500: system.cpu0 T0 : @_end+140737345583647.1  :   CMP_R_I : sub   t0, rax, t1 : IntAlu :  D=0x0000000000000001
 108000: system.cpu1 T0 :  130500: system.cpu0 T0 : @_end+140737345583647.1  :   CMP_R_I : sub   t0, rax, t1 : IntAlu :  D=0x0000000000000001
 108500: system.cpu1 T0 : @ 1315000737345583651    : : system.cpu0fffffffe3    
 108500: system.cpu1 T0 : @ 1315000737345583651    : : system.cpu0fffffffe3    
      0: system.cpu0 T_ : 0 :   JBE_I : rdip   t1, %ctrl153,  : IntAlu :  D=0x00007ffff7dd8a65
      0: system.cpu0 T_ : 0 :   JBE_I : rdip   t1, %ctrl153,  : IntAlu :  D=0x00007ffff7dd8a65
 132000: system.cpu0 T0 : @_end+140737345583642    : test	rax, rax0000000000000
 132000: system.cpu0 T0 :  109500: system.cpu1 T0 : @_end+140737345583642.00 :   TEST_R_R : and   t0, rax, rax : IntAlu :  D=0x0000000000000000
 132000: system.cpu0 T0 :  109500: system.cpu1 T0 : @_end+140737345583642.00 :   TEST_R_R : and   t0, rax, rax : IntAlu :  D=0x0000000000000000
 132500: system.cpu0 100000j : : system.cpu1 T0 : @_end+140737345583645.00 :   JZ_I : rdip   t1, %ctrl153,  : IntAlu :  D=0x00007ffff7dd8a5f
 132500: system.cpu0 100000j : : system.cpu1 T0 : @_end+140737345583645.00 :   JZ_I : rdip   t1, %ctrl153,  : IntAlu :  D=0x00007ffff7dd8a5f
 134500: system.cpu0 T0 : @_end+140737345583647    : cmp	rax, 0x210000000000000
 134500: system.cpu0 T0 : @_end+140737345583647.00 :   CMP_R_I : limm   t1, 0x21 : IntAlu :  D=0x0000000000000021
 111500: system.cpu1 T0 :  135000: system.cpu0 T0 : @_end+140737345583631.00 :   MOV_M_R : st   rdx, DS:[8*rax + rcx] : MemWrite :  D=0x00007ffff7ffcee0@A=0x7ffff7ffda70_ 111500: system.cpu1 T0 :  135000: system.cpu0 T0 : @_end+140737345583631.00 :   MOV_M_R : st   rdx, DS:[8*rax + rcx] : MemWrite :  D=0x00007ffff7ffcee0@A=0x7ffff7ffda70_end+140737345583647.10 :   CMP_R_I : sub   t0, rax, t1 : IntAlu :  D=0x0000000000000001
 112000: system.cpu1 T0 :  13 500:  system.cpu0 end+140737345583635   Tadd	rax, 0x100000000000000
 112000: system.cpu1 T0 :  13 500:  system.cpu0 end+140737345583635   Tadd	rax, 0x100000000000000
 135500: system.cpu0@T_end+1407373455836350 : 00 :   ADD_R_I : limm   t1, 0x10 : IntAlu :  D=0x0000000000000010
 135500: system.cpu0@T_end+1407373455836350 : 00 :   ADD_R_I : limm   t1, 0x10 : IntAlu :  D=0x0000000000000010
 112500: system.cpu1 T0 :  136000: system.cpu0 T0 : @_end+140737345583635.10 :   ADD_R_I : add   rdx, rdx, t1@00000000000000000I0000000 :  D=0x 10000000000000 :   112500: system.cpu1 T0 :  136000: system.cpu0 T0 : @_end+140737345583635.10 :   ADD_R_I : add   rdx, rdx, t1@00000000000000000I0000000 :  D=0x 10000000000000 :   JBE_I : limm   t2, 0xffffffffffffffe3a : IntAlu :  D=0xffffffffffffffe3
 136500: system.cpu0 T0 : @_end+140737345583651.20 :   JBE_I : wrip   , t1, t20 : IntAlu : 
 137000: system.cpu0 T0 : @_end+140737345583624    : lea	rcx, DS:[rip + 0x224fc9]
 137000: system.cpu0 T0 : @_end+140737345583639.00 :   MOV_R_M : ld   rax, DS:[rdx] : MemRead :  D=0x0000000000000003 A=0x7ffff7ffcef0
 137000: system.cpu0 T0 : @_end+140737345583624.00 :   LEA_R_P : rdip   t7, %ctrl153,  : IntAlu :  D=0x00007ffff7dd8a4f
 137500: system.cpu0 T0 : @_end+140737345583624.10 :   LEA_R_P : lea   rcx, DS:[t7 + 0x224fc9] : IntAlu :  D=0x00007ffff7ffda18
@_system.cpu0 T0 :  114000: system.cpu1 T0 : @_end+140737345583631    : mov	DS:[8*rax + rcx], rdx0
 138500: system.cpu0 14000: system.cpu1 T0 : @_end+140737345583631    : mov	DS:[8*rax + rcx], rdx0
 138500: system.cpu0 T0 : @_end+140737345583631.00 :   MOV_M_R : st   rdx, DS:[8*rax + rcx] : MemWrite :  D=0x00007ffff7ffcf10 A=0x7ffff7ffdab8
 114500: system.cpu1 T0 :  139000: system.cpu0 T0 : @_end+140737345583645    : jz	0x330000000000000000000
 114500: system.cpu1 T0 :  139000: system.cpu0 T0 : @_end+140737345583645    : jz	0x330000000000000000000
 139000: system.cpu0 T0 : d+140737345583645.00 :   JZ_I : rdip   t1, %ctrl153,  : IntAlu :  D=0x00007ffff7dd8a5f
 139000: system.cpu0 T0 : d+140737345583645.00 :   JZ_I : rdip   t1, %ctrl153,  : IntAlu :  D=0x00007ffff7dd8a5f
 115000: system.cpu1 T0 :  139500: system.cpu0 T0 : @_end+140737345583645.10 :   JZ_I : limm   t2, 0x3300 : IntAlu :  D=0x@0000000000000033
 115000: system.cpu1 T0 :  139500: system.cpu0 T0 : @_end+140737345583645.10 :   JZ_I : limm   t2, 0x3300 : IntAlu :  D=0x@0000000000000033
 140500: system.cpu0 T0 : @_end+140737345583639    : mov	rax, DS:[rdx]000000000
 140500: system.cpu0 T1 : : system.cpu1 T0 : @_end+140737345583639.00 :   MOV_R_M : ld   rax, DS:[rdx] : MemRead :  D=0x0000000000000017 A=0x7ffff7ffcf20
 140500: system.cpu0 T1 : : system.cpu1 T0 : @_end+140737345583639.00 :   MOV_R_M : ld   rax, DS:[rdx] : MemRead :  D=0x0000000000000017 A=0x7ffff7ffcf20
 141000: system.cpu0m.cpuT T0 :  : @_end+140737345583642    : test	rax, rax             
 141000: system.cpu0 T0 : @_end+140737345583642.0  :   TEST_R_R : and   t0, rax, rax : IntAlu :  D=0x0000000000000000
 117000: system.cpu1 T0 : @_end+140737345583647.1  :   CMP_R_I : sub   t0, rax, t1 : IntAlu :  141500: system.cpu01T0
: 0 117000: system.cpu1 T0 : @_end+140737345583647.1  :   CMP_R_I : sub   t0, rax, t1 : IntAlu :  141500: system.cpu01T0
 141500: system.cpu0 T0 : @_end+140737345583645.0  :   JZ_I : rdip   t1, %ctrl153,  : IntAlu :  D=117500: system.cpu1      1        
 141500: system.cpu0 T0 : @_end+140737345583645.0  :   JZ_I : rdip   t1, %ctrl153,  : IntAlu :  D=117500: system.cpu1      1        
 142000: system.cpu0 T0 : @_end+140737345583645.1  :   JZ_I : limm   t2, 0x33   : IntAlu :  D=0x0000000000000033
 142500: system.cpu0 T0 : @_end+140737345583645.2  :   JZ_I : wrip   , t1, t2   : IntAlu : 
 143500: system.cpu0 T0 : @_end+140737345583647    : cmp	rax, 0x21             
 143500: system.cpu0@Tend+1407373455836510 : 2  :   JBE_I : wrip   , t1, t2  : IntAlu : 
 143500: system.cpu0@Tend+1407373455836510 : 2  :   JBE_I : wrip   , t1, t2  : IntAlu : 
 144000: system.cpu0 T0 : @_end+140737345583647.1  :   CMP_R_I : sub   t0, rax, t1 : IntAlu :  D=0x0000000000000001
 144500: system.cpu0 T0 : @_end+140737345583651    : jbe	0xffffffffffffffe3    
144500: 00000system.cpu0 T0 : @_end+140737345583651.00 :   JBE_I : rdip   t1, %ctrl153,  : IntAlu :  D=0x00007ffff7dd8a65
 119500: system.cpu1 T0 : @_end+140737345583624.10 :   LEA_R_P : lea   rcx, DS:[t7 + 0x224fc9] : IntAlu :  D= 1450000xsystem.cpu0 T0 : 
 119500: system.cpu1 T0 : @_end+140737345583624.10 :   LEA_R_P : lea   rcx, DS:[t7 + 0x224fc9] : IntAlu :  D= 1450000xsystem.cpu0 T0 : 
 145500: system.cpu0 T0 : @_end+140737345583651.20 :   JBE_I : wrip   , t1, t20 : IntAlu : 
 120500: system.cpu1 T0 :  146000: system.cpu0 T0 : @_end+140737345583631    : mov	DS:[8*rax + rcx], rdx0
 120500: system.cpu1 T0 :  146000: system.cpu0 T0 : @_end+140737345583631    : mov	DS:[8*rax + rcx], rdx0
 146000: system.cpu0@_0nd+140737345583631.00 :   MOV_M_R : st   rdx, DS:[8*rax + rcx] : MemWrite :  D=0x00007ffff7ffcef0 A=0x7ffff7ffda30_ 146000: system.cpu0@_0nd+140737345583631.00 :   MOV_M_R : st   rdx, DS:[8*rax + rcx] : MemWrite :  D=0x00007ffff7ffcef0 A=0x7ffff7ffda30_end+140737345583624.00 :   LEA_R_P : rdip   t7, %ctrl153,  : IntAlu :  D=0x00007ffff7dd8a4f
 121000: system.cpu1 T0 :  146500: system.cpu0 T0 : @_end+140737345583635   @add	rax, 0x1000836240000 000000
 121000: system.cpu1 T0 :  146500: system.cpu0 T0 : @_end+140737345583635   @add	rax, 0x1000836240000 000000
 147500: system.cpu0 T0 : .10 :   ADD_R_I : add   rdx, rdx, t1 : IntAlu :  D=0x0000000000000000
 147500: system.cpu0 T0 : .10 :   ADD_R_I : add   rdx, rdx, t1 : IntAlu :  D=0x0000000000000000
 148000: system.cpu0 T0 : @_end+140737345583635    : add	rax, 0x100000000000000
 148000: system.cpu0 T0 : @_end+140737345583635    : add	rax, 0x100000000000000
 122500: system.cpu1 T0 :  148000: system.cpu0 T0 : @_end+140737345583635.00 :   ADD_R_I : limm   t1, 0x10 : IntAlu@_end+140737345583639 D= : mov	rax, DS:[rdx]         0000000000000010
 148000: system.cpu0 T0 : @_end+140737345583635    : add	rax, 0x100000000000000
 122500: system.cpu1 T0 :  148000: system.cpu0 T0 : @_end+140737345583635.00 :   ADD_R_I : limm   t1, 0x10 : IntAlu@_end+140737345583639 D= : mov	rax, DS:[rdx]         0@_end+140737345583635.10     :   ADD_R:  : add   rdx, rdx, t1 : IntAlu : system.cpu10x0000000000000000
 149500: system.cpu0 T0 : @_end+140737345583639    : mov	rax, DS:[rdx]000000000
 149500: system.cpu0 T0 : @_end+140737345583639.00 :   MOV_R_M : ld   rax, DS:[rdx] : MemRead :  D=0x0000000000000007 A=0x7ffff7ffcf30
 123000: system.cpu1 T0 : @_end+140737345583642150000:    tem.cpu0  : test	rax, rax0000000000000
 123000: system.cpu1 T0 : @_end+140737345583642150000:    tem.cpu0  : test	rax, rax0000000000000
 150000: system.cpu0 T0 : @_end+140737345583642.00 :   TEST_R_R : and   t0, rax, rax : IntAlu :  D=0x0000000000000000
 150000: system.cpu0 T0 : @_end+140737345583642.00 :   TEST_R_R : and   t0, rax, rax : IntAlu :  D=0x0000000000000000
 123500: system.cpu1 T0 :  150500: system.cpu0 T0 : @_end+140737345583645    : jz	0x330000000000000000000
 150500: system.cpu0 T0 :  150500: system.cpu0 T0 : @_end+140737345583645    : jz	0x330000000000000000000
 150500: system.cpu0 T0 : @_end+140737345583645.00 :   JZ_I : rdip   t1, %ctrl153,  : IntAlu :  D=0x00007ffff7dd8a5f
151000 : system.cpu0 T0 : @_end+140737345583645. 1 :   JZ_I : limm   t2, 0x33   : IntAlu :  D=0x0000000000000033
 124000: system.cpu1 T0 :  151500: system.cpu0 T0 : @_end+140737345583645.1  :   JZ_I : limm   t2, 0x33   : IntAlu :  D=0x@_end+1407373455836450000000000000033
 124000: system.cpu1 T0 :  151500: system.cpu0 T0 : @_end+140737345583645.1  :   JZ_I : limm   t2, 0x33   : IntAlu :  D=0x@_end+1407373455836450000000000000033
 152500: system.cpu0 T0 : @_end+140737345583647    : cmp	rax, 0x21             
 152500: system.cpu0 T0 : @_end+140737345583647.0  :   CMP_R_I : limm   t1, 0x21 : IntAlu :  D=0x0000000000000021
 125500: system.cpu1 T0 :  153000: system.cpu0 T@ : _end+140737345583647    : cmp	rax, 0x21             
 125500: system.cpu1 T0 :  153000: system.cpu0 T@ : _end+140737345583647    : cmp	rax, 0x21             
 153500: system.cpu0 T0 : @_end+140737345583651    : jbe	0xffffffffffffffe3    
 153500: system.cpu0 T0 :  126000: system.cpu1 T0 : @_end+140737345583651.0  :   JBE_I : rdip   t1, %ctrl153,  : IntAlu :  D=0x00007ffff7dd8a65
 153500: system.cpu0 T0 :  126000: system.cpu1 T0 : @_end+140737345583651.0  :   JBE_I : rdip   t1, %ctrl153,  : IntAlu :  D=0x00007ffff7dd8a65
 154000: system.cpu0 T0 : @_end+140737345583651.1  :   JBE_I : limm   t2, 0xffffffffffffffe3 : IntAlu :  D=0xffffffffffffffe3
 154500: system.cpu0 T0 : 126500: system.cpu1 T0 : @_end+140737345583651.2  :   JBE_I : wrip   , t1, t2  : IntAlu : 
 154500: system.cpu0 T0 : 126500: system.cpu1 T0 : @_end+140737345583651.2  :   JBE_I : wrip   , t1, t2  : IntAlu : 
 155000: system.cpu0 T0 : @_end+140737345583624    : lea	rcx, DS:[rip + 0x224fc9]
  JBE_I : limm   t2, 0xffffffffffffffe3 :  155000: system.cpu0 T0 : @_end+140737345583624.0  :   LEA_R_P : rdip   t7, %ctrl153,  : IntAlu :  D=0x00007ffff7dd8a4f
 155500: system.cpu0 T0 : @_end+140737345583624.1  :   LEA_R_P : lea   rcx, DS:[t7 + 0x224fc9] : IntAlu :  D=0x00007ffff7ffda18
 156500: system.cpu0 T0 : @_end+140737345583631    : mov	DS:[8*rax + rcx], rdx 
 156500: system.cpu0 T0 : @_end+140737345583631.0  :   MOV_M_R : st   rdx, DS:[8*rax + rcx] : MemWrite :  D=0x00007ffff7ffcf30 A=0x7ffff7ffda50
 156500: system.cpu0 T0 : @_end+140737345583631.0  :   MOV_M_R : st   rdx, DS:[8*rax + rcx] : MemWrite :  D=0x00007ffff7ffcf30 A=0x7ffff7ffda50
system.cpu0 T0 :  128000: system.cpu1 T0 : @_end+140737345583635    : add	rax, 0x10             
 157000: system.cpu0 T00: system.cpu1 T0 : @_end+140737345583635    : add	rax, 0x10             
 157000: system.cpu0 T0 : @_end+140737345583635.0  :   ADD_R_I : limm   t1, 0x10 : IntAlu :  D=0x0000000000000010
 128500: system.cpu1 T0 :  157500: system.cpu0 T0 : @_end+140737345583624.1  :   LEA_R_P : lea   rcx, DS:[t7 + 0x224fc9] : IntAlu :  D=0x000000000000000
 128500: system.cpu1 T0 :  157500: system.cpu0 T0 : @_end+140737345583624.1  :   LEA_R_P : lea   rcx, DS:[t7 + 0x224fc9] : IntAlu :  D=0x000000000000000
 158500: system.cpu0 T0 : @_end+140737345583639    : mov	rax, DS:[rdx]         
 158500: system.cpu0 T0 : @_end+140737345583631    : mov	DS:[8*rax + rcx], rdx 
 158500: system.cpu0 T0 : @_end+140737345583631    : mov	DS:[8*rax + rcx], rdx 
 159000: system.cpu0 T0 : @_end+140737345583642    : test	rax, rax             
 159000: system.cpu0 T0 : @_end+140737345583642.0  :   TEST_R_R : and   t0, rax, rax : IntAlu :  D=     0x 130000
 159500: system.cpu0 T0 : @_end+140737345583645    : jz	0x33                   
 130500: system.cpu1 T159500:  : tem.cpu0 T0 : @_end+140737345583645. 0 :   JZ_I : rdip   t1, %ctrl153,  : IntAlu : @_end+140737345583635 :.0007ffff7dd8a5f
 130500: system.cpu1 T159500:  : tem.cpu0 T0 : @_end+140737345583645. 0 :   JZ_I : rdip   t1, %ctrl153,  : IntAlu : @_end+140737345583635 :.0007ffff7dd8a5f
 160500: system.cpu0 T0 : @_end+140737345583645.2  :   JZ_I : wrip   , t1, t2   : IntAlu : 
 161500: system.cpu0 T0 : @_end+140737345583647. 0 :   CMP_R_I : limm   t1, 0x21 : IntAlu :  D=0x0000000000000021
 162000: system.cpu0 T0 : @_end+140737345583647.1  :   CMP_R_I : sub   t0, rax, t1 : IntAlu :  D=0x0000000000000001 @_end+140737345583642    : test	rax, rax             
 162500: system.cpu0 T0 : @_end+140737345583651    : jbe	0xffffffffffffffe3    
 132000: system.cpu1 T0 : @_end+140737345583642.0  :   TEST_R_R : and   t0, rax, rax : IntAlu :  162500: system.cpu0 T0 : 0000000000000000
 132000: system.cpu1 T0 : @_end+140737345583642.0  :   TEST_R_R : and   t0, rax, rax : IntAlu :  162500: system.cpu0 T0 : 0000000000000000
 132500: system.cpu1 T0 :  163000: system.cpu0 T0 : @_end+140737345583651.1  :  : BE_I : limm   t2, 0xffffffffffffffe3 : IntAlu    0x00f ffffffffffffe3
 132500: system.cpu1 T0 :  163000: system.cpu0 T0 : @_end+140737345583651.1  :  : BE_I : limm   t2, 0xffffffffffffffe3 : IntAlu    0x00f ffffffffffffe3
 164000: system.cpu0 T0 : @_end+140737345583624    : lea	rcx, DS:[rip + 0x224fc9]
 164000: system.cpu0 T0 :  133000: system.cpu1 T0 : @_end+140737345583624.0  :   LEA_R_P : rdip   t7, %ctrl153,  : IntAlu :  D=0x00007ffff7dd8a4f
 164500: system.cpu0 T0 : @_end+140737345583624.1  :   LEA_R_P : lea   rcx, DS:[t7 + 0x224fc9] : IntAlu :  D=0x00007ffff7ffda18
 165500: system.cpu0 T0 : @_end+140737345583631    : mov	DS:[8*rax + rcx], rdx 
 165500: system.cpu0 T0 : 134500: system.cpu1 T0 : @_end+140737345583631. 0 :   MOV_M_R : st   rdx, DS:[8*rax + rcx] : MemWrite :  D=0x00007ffff7ffcf40 A=0x7ffff7ffda58
 165500: system.cpu0 T0 : 134500: system.cpu1 T0 : @_end+140737345583631. 0 :   MOV_M_R : st   rdx, DS:[8*rax + rcx] : MemWrite :  D=0x00007ffff7ffcf40 A=0x7ffff7ffda58
 166000: system.cpu0 T0 : @_end+140737345583635.0  :   ADD_R_I : limm   t1, 0x10 : IntAlu :  D=0x0000000000000010
 135000: system.cpu1 T0 :  166500: system.cpu0 T0 : @_end+140737345583647.1  :   CMP_R_I : sub   t0, rax, t1 : IntAlu :  D=0x0000000000000001
 135000: system.cpu1 T0 :  166500: system.cpu0 T0 : @_end+140737345583647.1  :   CMP_R_I : sub   t0, rax, t1 : IntAlu :  D=0x0000000000000001
 167500: system.cpu0 T0 : @_end+140737345583639    : mov	rax, DS:[rdx]         
 167500: @ystem.cpu0 T0 : _end+140737345583651.0  :   JBE_I : rdip   t1, %ctrl153,  : IntAlu :  D=0x00007ffff7dd8a65
 167500: @ystem.cpu0 T0 : _end+140737345583651.0  :   JBE_I : rdip   t1, %ctrl153,  : IntAlu :  D=0x00007ffff7dd8a65
 136000: system.cpu1 T0 : @_end+140737345583651.1     000:  : tem.cpu0 TJBE_I : limm   t2, 0xffffffffffffffe37 : 0ntAlu  :  D=0xffffffffffffffe3
 136000: system.cpu1 T0 : @_end+140737345583651.1     000:  : tem.cpu0 TJBE_I : limm   t2, 0xffffffffffffffe37 : 0ntAlu  :  D=0xffffffffffffffe3
 168000: system.cpu0 T0 :  136500: system.cpu1 T0 : @_end+140737345583642.0  :   TEST_R_R : and   t0, rax, rax : IntAlu :  D=0x0000000000000000
 168000: system.cpu0 T0 :  136500: system.cpu1 T0 : @_end+140737345583642.0  :   TEST_R_R : and   t0, rax, rax : IntAlu :  D=0x0000000000000000
 137000168500: system.cpu0system.cpu1  00 :  : @_end+140737345583645.0  :   JZ_I : rdip   t1, %ctrl153,  : IntAlu :  D=0x00007ffff7dd8a5f
 137000168500: system.cpu0system.cpu1  00 :  : @_end+140737345583645.0  :   JZ_I : rdip   t1, %ctrl153,  : IntAlu :  D=0x00007ffff7dd8a5f
0 :  170500: system.cpu0 T0 : @_end+140737345583647.0  :   CMP_R_I : limm   t1, 0x21 : @ntAlu _end+140737345583631 D=0x2100000000000000rcx], rdx0
0 :  170500: system.cpu0 T0 : @_end+140737345583647.0  :   CMP_R_I : limm   t1, 0x21 : @ntAlu _end+140737345583631 D=0x2100000000000000rcx], rdx0
 13900017syst:  system.cpu0 00 :  : @_end+140737345583651. 0 :   JBE_I : rdip   t1, %ctrl153,  : IntAlu :  D=0x00007ffff7dd8a65
 13900017syst:  system.cpu0 00 :  : @_end+140737345583651. 0 :   JBE_I : rdip   t1, %ctrl153,  : IntAlu :  D=0x00007ffff7dd8a65
 172500: system.cpu0 T0 : @_end+140737345583651.2  :   JBE_I : wrip   , t1, t2  : IntAlu : 
 139500: system.cpu1 T0 : @_end+140737345583635.1  :   ADD_R_I : add   rdx, rdx, t1 : IntAlu173000: system.cpu0               0T      0                 0000000000000000
 139500: system.cpu1 T0 : @_end+140737345583635.1  :   ADD_R_I : add   rdx, rdx, t1 : IntAlu173000: system.cpu0               0T      0                 0000000000000000
 173000: system.cpu0 T0 : @_end+140737345583624.0  :   LEA_R_P : rdip   t7, %ctrl153,  : IntAlu :  D=0x00007ffff7dd8a4f
 173500: system.cpu0 T0 :  140500: system.cpu1 T@_end+140737345583624. :  :   LEA_R_P : lea   rcx, DS:[t7 + 0x224fc9] : IntAlu :  D=0x00007ffff7ffda18
 173500: system.cpu0 T0 :  140500: system.cpu1 T@_end+140737345583624. :  :   LEA_R_P : lea   rcx, DS:[t7 + 0x224fc9] : IntAlu :  D=0x00007ffff7ffda18
 140500: system.cpu1 T0 :  174500: system.cpu0 T0 : @_end+140737345583639.0  :   MOV_R_M : ld   rax, DS:[rdx] : M_end+1 :  D=45583631    : mov	DS:[8*rax + rcx], rdx 0 174500: system.cpu0 T0 :  174500: system.cpu0 T0 : @_end+140737345583639.0  :   MOV_R_M : ld   rax, DS:[rdx] : M_end+1 :  D=45583631    : mov	DS:[8*rax + rcx], rdx 0x                        1700000000000000 A=0x7ffff7ffcf20
 174500: system.cpu0 T0 : @_end+140737345583631.0  :   MOV_M_R : st   rdx, DS:[8*rax + rcx] : MemWrite :  D=0x00007ffff7ffcf50 A=0x7ffff7ffda60
 141000: system.cpu1 T0 :  175000: system.cpu0 T0 : @_end+140737345583642    : test	rax, rax             
 141000: system.cpu1 T0 :  175000: system.cpu0 T0 : @_end+140737345583642    : test	rax, rax             
 141500: system.cpu1 T0 :  175500: system.cpu0 T0 : @_end+140737345583645    : jz	0x33                   
 141500: system.cpu1 T0 :  175500: system.cpu0 T0 : @_end+140737345583645    : jz	0x33                   
 176500: system.cpu0 @_end+1407373455836450 : 1 :   JZ_I : limm   t2, 0x33   : IntAlu :  D=0x0000000000000033
 176500: system.cpu0 @_end+1407373455836450 : 1 :   JZ_I : limm   t2, 0x33   : IntAlu :  D=0x0000000000000033
 177000: system.cpu0 T0 : @_end+140737345583642.0  :   TEST_R_R : and   t0, rax, rax : IntAlu :  D=     0x 143500: 00000000000000
 177500: system.cpu0 T0 : @_end+140737345583645. 0 :   JZ_I : rdip   t1, %ctrl153,  : IntAlu :  D=0x00007ffff7dd8a5f
 144000: system.cpu1 T0 :  178000: system.cpu0 T0 : @_end+140737345583647.1  :   CMP_R_I : sub   t0, rax, t1 : IntAlu :  D=0x000000000000000@
 144000: system.cpu1 T0 :  178000: system.cpu0 T0 : @_end+140737345583647.1  :   CMP_R_I : sub   t0, rax, t1 : IntAlu :  D=0x000000000000000@
 178500: system.cpu0 T0 : @_end+140737345583645.2  :   JZ_I : wrip   , t1, t2   : IntAlu : 
system.cpu0 T0 : @_end+140737345583647    : cmp	rax, 0x21             
system.cpu0 T0 : @_end+140737345583647    : cmp	rax, 0x21             
 145000: system.cpu1 T0 : @_end+140737345583651.1  :   JBE_I : limm   t2, 0xffffffffffffffe3 : IntAlu :  D=0x0179500: system.csystem.cpu0 T0 : @_end+140737345583647    : cmp	rax, 0x21             
 145000: system.cpu1 T0 : @_end+140737345583651.1  :   JBE_I : limm   t2, 0xffffffffffffffe3 : IntAlu :  D=0x0179500: system.cpu0Alu :  D T0 : @_end+140737345583647.0  :   CMP_R_I : limm   t1, 0x21 : IntAlu :  D=0x0000000000000021
 145500: system.cpu1 T0 :  180000: system.cpu0 T0 : @_end+140737345583651.2  :   JBE_I : wrip   , t1, t2  : IntAlu : 
 145500: system.cpu1 T0 :  180000: system.cpu0 T0 : @_end+140737345583651.2  :   JBE_I : wrip   , t1, t2  : IntAlu : 
 146000: system.cpu1 T0 :  180500: system.cpu0 T0 : @_end+140737345583624    : lea	rcx, DS:[rip + 0x224fc9]
 146000: system.cpu1 T0 :  180500: system.cpu0 T0 : @_end+140737345583624    : lea	rcx, DS:[rip + 0x224fc9]
 180500: system.cpu0 @0_end+140737345583624.0  :   LEA_R_P : rdip   t7, %ctrl153,  : IntAlu :  D=0x00007ffff7dd8a4f
 180500: system.cpu0 @0_end+140737345583624.0  :   LEA_R_P : rdip   t7, %ctrl153,  : IntAlu :  D=0x00007ffff7dd8a4f
 146500: system.cpu1 T0 :  181000: system.cpu0 T0 : @_end+140737345583624.1  :   LEA_R_P : lea   rcx, DS:[t7 + 0x224fc9] : IntAlu :  D=0x@_end+140737345583651.1 146500: system.cpu1 T0 :  181000: system.cpu0 T0 : @_end+140737345583624.1  :   LEA_R_P : lea   rcx, DS:[t7 + 0x224fc9] : IntAlu :  D=0x@_end+140737345583651.1  :   JBE_I : limm   t2, 0xffffffffffffffe3 : IntAlu :  D=0xffffffffffffffe3
 181500: system.cpu0 T0 : @_end+140737345583651.2  :   JBE_I : wrip   , t1, t2  : IntAlu : 
 182000: system.cpu0 T0 : @_end+140737345583653    : mov	rcx, rsi              
  MOV_M_R : st   rdx, DS:[8*rax + rcx] : MemWrite :  182000: system.cpu00T140737354125088 A=0x7ffff7ffdad0
  MOV_M_R : st   rdx, DS:[8*rax + rcx] : MemWrite :  182000: system.cpu00T140737354125088 A=0x7ffff7ffdad0
 148000: system.cpu1182500: system.cpu0TT0 :  : @_end+140737345583656    : sub	rcx, rax              
 182500: system.cpu0 T0 : : system.cpu0TT0 :  : @_end+140737345583656    : sub	rcx, rax              
 182500: system.cpu0 T0 : @_end+140737345583656.0  :   SUB_R_R : sub   rcx, rcx, rax : IntAlu :  D=0x0000000000000000
 183000: system.cpu0 T0 : @_end+140737345583659    : cmp	rax, 0xf              
 183000: system.cpu0 T0 :  148500: system.cpu1 T0@: 1_end+140737345583659.0  :   CMP_R_I : limm   t1, 0xf : IntAlu :  D=0x000000000000000f
 183500: system.cpu0 T0 : @_end+140737345583659.1  :   CMP_R_I : sub   t0, rcx, t1 : IntAlu :  D=0x0000000000000001
 184500: system.cpu0 T0 : @_end+140737345583663    : jnbe	0x1f3                
 184500: system.cpu0 T0 : @_end+140737345583663.0  :   JNBE_I : rdip   t1, %ctrl153,  : IntAlu :  D=0x00007ffff7dd8a75
 185000: system.cpu0                T0 : @_end+140737345583663.1  :   JNBE_I : limm   t2, 0x1f3 : IntAlu :  D=0x00000000000001f3
ystem.cpu0 T0 : @_end+140737345583639.0  :   MOV_R_M : ld   rax, DS:[rdx] : MemRead :  D=0x0000000000000007 A=0x1855007ffff7ffcf3000000
ystem.cpu0 T0 : @_end+140737345583663.02 :   JNBE_I : wrip   , t1, t2 : IntAlu : 
 150000: system.cpu1 T0 :  186000: system.cpu0 @0 : _end+140737345583642    : test	rax, rax0000000000000
 150000: system.cpu1 T0 :  186000: system.cpu0 @0 : _end+140737345583642    : test	rax, rax0000000000000
 186500: system.cpu0 T0 150500d+14073: system.cpu1 T0 : @_end+140737345583672    : sub	rcx, rax              
 186500: system.cpu0 T0 150500d+14073: system.cpu1 T0 : @_end+140737345583672    : sub	rcx, rax              
 186500: system.cpu0 T0 : @_end+140737345583672.0  :   SUB_R_R : sub   rcx, rcx, rax : IntAlu :  D=0x0000000000000000
 187500: system.cpu0 T0 : @_end+140737345583675    : lea	rax, DS:[rip + 0x224f96]
 187500: system.cpu0 @0    : cmp	rax, 0x21             
 188500: system.cpu0 T0 : @_end+140737345583682    :  153500: system.cpu1                T0 : mov	DS:[8*rcx + rax], rdx
 188500: system.cpu0 T0 : @_end+140737345583682    :  153500: system.cpu1                T0 : mov	DS:[8*rcx + rax], rdx
 154000: system.cpu1 T0 :  189500: system.cpu0 T0 : @_end+140737345583651.1  :   JBE_I : limm   t2, 0xffffffffffffffe3 : IntAlu :  D=0x@_end+140737345583686    : ffffffffe3
 154000: system.cpu1 T0 :  189500: system.cpu0 T0 : @_end+140737345583651.1  :   JBE_I : limm   t2, 0xffffffffffffffe3 : IntAlu :  D=0x@_end+140737345583686    : ffffffffe3
 189500: system.cpu0 T0 :  154500: system.cpu1 T0 : @_end+140737345583686.0  :   ADD_R_I : limm   t1, 0x10 : IntAlu :  D=0x0000000000000010
 189500: system.cpu0 T0 :  15nd+140737345583686.1  :   ADD_R_I : add   rdx, rdx, t1 : IntAlu :  D=0x0000000000000000
 190000: system.cpu0 T0 : @_end+140737345583686.1  :   ADD_R_I : add   rdx, rdx, t1 : IntAlu :  D=0x0000000000000000
 155000: system.cpu11T0 : : system.cpu0 T0 : @_end+140737345583690    : mov	rax, DS:[rdx]         
 190500: system.cpu0 T0 : : system.cpu0 T0 : @_end+140737345583690    : mov	rax, DS:[rdx]         
 190500: system.cpu0 T0 : @_end+140737345583690.0  :   MOV_R_M : ld   rax, DS:[rdx] : MemRead :  D=0x000000006ffffffd A=0x7ffff7ffcf70
 191000: system.cpu0 T0 : @_end+140737345583693    : test	rax, rax             
 1system.cpu1 T0 191000    system.cpu0 T0 : @_end+140737345583693. 0 :   TEST_R_R : and   t0, rax, rax : IntAlu :  D=0_end+140737345583624.000000000000000
 1system.cpu1 T0 191000    system.cpu0 T0 : @_end+140737345583693. 0 :   TEST_R_R : and   t0, rax, rax : IntAlu :  D=0_end+140737345583624.000000000000000
 191500: system.cpu0 T0 : @_end+140737345583696    : jnz	0xffffffffffffffcd    
 191500: system.cpu0 T0 : @_end+140737345583631    : mov	DS:[8*rax + rcx], rdx 
 191500: system.cpu0 T0 : @_end+140737345583631    : mov	DS:[8*rax + rcx], rdx 
 157000: system.cpu1 T0 :  192500: system.cpu0 T0 : @_end+140737345583635    : add	rax, 0x10             
 157000: system.cpu1 T0 :  192500: system.cpu0 T0 : @_end+140737345583635    : add	rax, 0x10             
 193500: system.cpu0 T0 : @_end+140737345583647    : cmp	rax, 0x21             
 193500: system.cpu0 T0 : @_end+140737345583635.1  :   ADD_R_I : add   rdx, rdx, t1 : IntAlu : @ D=d+140737345583647.0x0  : 0000000000000  193500: system.cpu0 T0 : @_end+140737345583635.1  :   ADD_R_I : add   rdx, rdx, t1 : IntAlu : @ D=d+140737345583647.0x0  : 0000000000000  CMP_R_I : limm   t1, 0x21 : IntAlu :  D=0x0000000000000021
 194000: system.cpu0 T0 : @_end+140737345583647.1  :   CMP_R_I : sub   t0, rax, t1 : IntAlu :  D=0x0000000000000000
 194500: system.cpu0 T0 : @_end+140737345583651    : jbe	0xffffffffffffffe3    
@_end+140737345583639194500: system.cpu0 T0 :   M : MemRead :  D=0x0000000000000008 A=0x7ffff7ffcf40
@_end+140737345583639194500: system.cpu0 T0 :   M : MemRead :  D=0x0000000000000008 A=0x7ffff7ffcf40
 195000: system.cpu0 T0 :  159000: system.cpu1 T0 : @_end+140737345583651.1  :   JBE_I : limm   t2, 0xffffffffffffffe3 : IntAlu :  D=0xffffffffffffffe3
 195000: system.cpu0 T0 :  159000: system.cpu1 T0 : @_end+140737345583651.1  :   JBE_I : limm   t2, 0xffffffffffffffe3 : IntAlu :  D=0xffffffffffffffe3
 196000: system.cpu0 T0 159 : : system.cpu1 T0 : @_end+140737345583653. 0 :   MOV_R_R : mov   rcx, rcx, rsi : IntAlu :  D=0x000000006fffffff
 196000: system.cpu0 T0 159 : : system.cpu1 T0 : @_end+140737345583653. 0 :   MOV_R_R : mov   rcx, rcx, rsi : IntAlu :  D=0x000000006fffffff
 196500: system.cpu0 T0 :  159500: system.cpu1 T0 : @_end+140737345583656    : sub	rcx, rax              
 196500: system.cpu0 T0 :  159500: system.cpu1 T0 : @_end+140737345583656    : sub	rcx, rax              
 196500: system.cpu0 T0 : @_end+140737345583656.0  :   SUB_R_R : sub   rcx, rcx, rax : IntAlu :  D=0x0000000000000000
 197000: system.cpu0 T0 :  160500: system.cpu1 T0 : @_end+140737345583659.0  :   CMP_R_I : limm   t1, 0xf : IntAlu :  D=0x000000000000000f
 197000: system.cpu0 T0 :  160500: system.cpu1 T0 : @_end+140737345583659.0  :   CMP_R_I : limm   t1, 0xf : IntAlu :  D=0x000000000000000f
 197500: system.cpu0 T0 : @_end+140737345583659.1  :   CMP_R_I : sub   t0, rcx, t1 : IntAlu :  D=0x0000000000000001
 198500: system.cpu0 T0 : @_end+140737345583663    : jnbe	0x1f3                
 162000: system.cpu1 T0 :  199000: system.cpu0 T0 : @_end+140737345583647.1  :   CMP_R_I : sub   t0, rax, t1 : @ : d+140737345583663.1  :   JNBE_I : limm   t2, 0x1f3 : IntAlu D= D=0x00000000000001f3
 162000: system.cpu1 T0 :  199000: system.cpu0 T0 : @_end+140737345583647.1  :   CMP_R_I : sub   t0, rax, t1 : @ : d+140737345583663.1  :   JNBE_I : limm   t2, 0x1f3 : IntAlu D= D=0x00000000000001f3
200000: system.cpu0                T0 : @_end+140737345583669    : mov	rcx, rdi              
 200000: system.cpu0 T0_end+140737345583651. :  :   JBE_I : rdip   t1, %ctrl153,  : IntAlu :  D=0x00007ffff7dd8a65
 200000: system.cpu0 T0_end+140737345583651. :  :   JBE_I : rdip   t1, %ctrl153,  : IntAlu :  D=0x00007ffff7dd8a65
 163000: system.cpu1 T0 : @_end+140737345583651.1      :   JBE_I : limm   t2, 0xffffffffffffffe3system.cpu0 T0 :  :  D=0xffffffffffffffe3
 163000: system.cpu1 T0 : @_end+140737345583651.1      :   JBE_I : limm   t2, 0xffffffffffffffe3system.cpu0 T0 :  :  D=0xffffffffffffffe3
 200500: system.cpu0 T0 :  163500: system.cpu1 T0 : @_end+140737345583672.0  :   SUB_R_R : sub   rcx, rcx, rax : IntAlu :  D=0x0000000000000000
 200500: system.cpu0 T0 :  163500: system.cpu1 T0 : @_end+140737345583672.0  :   SUB_R_R : sub   rcx, rcx, rax : IntAlu :  D=0x0000000000000000
 201500: system.cpu0 T0 : @_end+140737345583675    : lea	rax, DS:[rip + 0x224f96]
 201500: system.cpu0 T0 : @_end+140737345583624    : lea	rcx, DS:[rip + 0x224fc9]
 201500: system.cpu0 T0 : @_end+140737345583624    : lea	rcx, DS:[rip + 0x224fc9]
 202000: system.cpu0 T0 : @_end+140737345583675.1  :   LEA_R_P : lea   rax, DS:[t7 + 0x224f96] : IntAlu :  D=0x00007ffff7ffda18
 202500: system.cpu0 T0 : @_end+140737345583682    : mov	DS:[8*rcx + rax], rdx 
 202500: system.cpu0 T0 : @_end+140737345583682.0  :   MOV_M_R : st   rdx, DS:[8*rcx + rax] : MemWrite :  D=0x00007ffff7ffcf70 A=0x7ffff7ffdb38
 203500: system.cpu0 T0 : @_end+140737345583686    : add	rax, 0x10             
 203500: sy T0 :  203500: system.cpu0 T0 : @_end+140737345583686.0  :   ADD_R_I : limm   t1, 0x10 : IntAlu : @_end+140737345583631    : 100 203500: sy T0 :  203500: system.cpu0 T0 : @_end+140737345583686.0  :   ADD_R_I : limm   t1, 0x10 : IntAlu : @_end+140737345583631    : 100
 204500: system.cpu0 T0 : @_end+140737345583690    : mov	rax, DS:[rdx]         
0  04500: s  : m.cpu0T T0 : @_end+140737345583690.0  :   MOV_R_M : ld   rax, DS:[rdx] : MemRead :  D=0x000000006ffffff0 A=0x@0  04500: s  : m.cpu0T T0 : @_end+140737345583690.0  :   MOV_R_M : ld   rax, DS:[rdx] : MemRead :  D=0x000000006ffffff0 A=0x@_end+140737345583635    : add	rax, 0x10             
 205000: system.cpu0 T28870: system.cpu1 T0 : @_end+140737345583693    : test	rax, rax             
 205000: system.cpu0 T28870: system.cpu1 T0 : @_end+140737345583693    : test	rax, rax             
 205000: system.cpu0 T0 : @_end+140737345583693.0  :   TEST_R_R : and   t0, rax, rax : IntAlu :  D=0x0000000000000000
 166500: system.cpu1 T0 : @_end+140737345583635205500: system.cpu0 T0:   ADD_R_I : add   rdx, rdx, t1000 : IntAlu :  D=0x0000000000000000
 166500: system.cpu1 T0 : @_end+140737345583635205500: system.cpu0 T0:   ADD_R_I : add   rdx, rdx, t1000 : IntAlu :  D=0x0000000000000000
 205500: system.cpu0 T0 : @_end+140737345583696.0  :   JNZ_I : rdip   t1, %ctrl153,  : IntAlu :  D=0x00007ffff7dd8a92
 167500: system.cpu1 T0 :  206000: system.cpu0 T0 : @_end+140737345583639    : mov	rax, DS:[rdx]         
 167500: system.cpu1 T0 :  206000: system.cpu0 T0 : @_end+140737345583639    : mov	rax, DS:[rdx]         
@_end+140737345583639.0  :   MOV_R_M : ld   rax, DS:[rdx] : MemRead :  D=0x0000000000000009 A=0x2065007fsystem.cpu0@_end+140737345583639.0  :   MOV_R_M : ld   rax, DS:[rdx] : MemRead :  D=0x0000000000000009 A=0x2065007fsystem.cpu073734558369      T0 : @_end+140737345583696.2  :   JNZ_I : wrip   , t1, t2  : IntAlu : 
 207500: system.cpu0 T068500: system.cpu1 T   : 0 : @_end+140737345583647. 0 :   CMP_R_I : limm   t1, 0x21 : IntAlu :  D=0x0000 207500: system.cpu0 T068500: system.cpu1 T   : 0 : @_end+140737345583647. 0 :   CMP_R_I : limm   t1, 0x21 : IntAlu :  D=0x000000000000000@_end+140737345583645    : jz	0x33                   
 208500: system.cpu0 T0 : @_end+140737345583651    : jbe	0xffffffffffffffe3    
@_end+140737345583645.1      : system.cpu0 T0 :  : IntAlu :  D=0x0000000000000033
@_end+140737345583645.1      : system.cpu0 T0 :  : IntAlu :  D=0x0000000000000033
 209000: system.cpu0 T0 : @_end+140737345583651.1  :   JBE_I : limm   t2, 0xffffffffffffffe3 : IntAlu :  D=0xffffffffffffffe3
 209500: system.cpu0 T0 :  170500: system.cpu1 T0 : @_end+140737345583651.2  :   JBE_I : wrip   , t1, t2  : IntAlu : 
 209500: system.cpu0 T0 :  170500: system.cpu1 T0 : @_end+140737345583651.2  :   JBE_I : wrip   , t1, t2  : IntAlu : 
 210000: system.cpu0 T0 : @_end+140737345583653.0  :   MOV_R_R : mov   rcx, rcx, rsi : IntAlu :  D=0x000000006fffffff
 171000: system.cpu1 T0 : @_end+140737345583647.1  :   CMP_R_I : sub   t0, rax, t1 : IntAlu :  D=2105000xsystem.cpu0 T0 171000: system.cpu1 T0 : @_end+140737345583647.1  :   CMP_R_I : sub   t0, rax, t1 : IntAlu :  D=2105000xsystem.cpu0 T0 : @_end+140737345583656    : sub	rcx, rax              
 210500: system.cpu0 T0 : @_end+140737345583656.0  :   SUB_R_R : sub   rcx, rcx, rax : IntAlu :  D= 1   0x: 00000000000 
IntAlu :  D=0x7ffff7d: system.cpu0 TIntAlu :  D=0x7ffff7d: system.cpu0 T0 : @_end+140737345583659.0  :   CMP_R_I : limm   t1, 0xf : IntAlu :  D=0x000000000000000f
 172000: system.cpu1 T0 :  211500: system.cpu0 T0 : @_end+140737345583651.1  :   JBE_I : limm   t2, 0xffffffffffffffe3 : IntAlu :  D=0x00000000
 172000: system.cpu1 T0 :  211500: system.cpu0 T0 : @_end+140737345583651.1  :   JBE_I : limm   t2, 0xffffffffffffffe3 : IntAlu :  D=0x00000000
 212500: system.cpu0 T0 : @_end+140737345583663    : jnbe	0x1f3                
: system.cpu0 T0 : @_end+140737345583663.0  :   JNBE_I : rdip   t1, %ctrl153,  : IntAlu :  D=0x00007ffff7dd8a75
 213000: system.cpu0 T0 : @_end+140737345583663.1  :   JNBE_I : limm   t2, 0x1f3 : IntAlu :  D=0x00000000000001f3
 173500: system.cpu1 T0 :  213500: system.cpu0 T0 : @_end+140737345583624.1  :   LEA_R_P : lea   rcx, DS:[t7 + 0x224fc9] : IntAlu :  D=0x00007ffff7ffda18
 173500: system.cpu1 T0 :  213500: system.cpu0 T0 : @_end+140737345583624.1  :   LEA_R_P : lea   rcx, DS:[t7 + 0x224fc9] : IntAlu :  D=0x00007ffff7ffda18
 214000: system.cpu0 T0 : @_end+140737345583669    : mov	rcx, rdi              
 214000: system.cpu0 T0 :  174500: system.cpu1 T0 : @_end+140737345583669. 0 :   MOV_R_R : mov   rcx, rcx, rdi : IntAlu :  D=0x0000000070000021
 214000: system.cpu0 T0 :  174500: system.cpu1 T0 : @_end+140737345583669. 0 :   MOV_R_R : mov   rcx, rcx, rdi : IntAlu :  D=0x0000000070000021
 214500: system.cpu0 T0 : @_end+140737345583672    : sub	rcx, rax              
 214500: system.cpu0 T0 : @_end+140737345583672.0  :   SUB_R_R : sub   rcx, rcx, rax : IntAlu :  D=0x0000000000000000
stem.cpu0                T0 : @_end+140737345583675    : lea	rax, DS:[rip + 0x224f96]
 215500: system.cpu0 T0 : @_end+140737345583635.0  :   ADD_R_I : limm   t1, 0x10 : IntAlu :  D=0x0000000000000010
 215500: system.cpu0 T0 : @_end+140737345583675.0  :   LEA_R_P : rdip   t7, %ctrl153,  : IntAlu :  D=0x00007ffff7dd8a82
 175500: system.cpu1 T0 :  216000: system.cpu0 T0 : @_end+140737345583635.1  :   ADD_R_I : add   rdx, rdx, t1 : IntAlu :  D=0x000000000000000@
 175500: system.cpu1 T0 :  216000: system.cpu0 T0 : @_end+140737345583635.1  :   ADD_R_I : add   rdx, rdx, t1 : IntAlu :  D=0x000000000000000@
 216500: system.cpu0 T0 : @_end+140737345583682    : mov	DS:[8*rcx + rax], rdx 
 216500: system.cpu0 T0 : @_end+140737345583682.0  :   MOV_M_R : st   rdx, DS:[8*rcx + rax] : MemWrite :  D=0x00007ffff7ffcf80 A=0x7ffff7ffdba0
 217500: system.cpu0 T0 : @_end+140737345583686.0  :   ADD_R_I : limm   t1, 0x10 : IntAlu :  D=0x0000000000000010
 177000: system.cpu1 T218000 : system.cpu0 T0 : @_end+140737345583686. 1 :   ADD_R_I : add   rdx, rdx, t1 : IntAlu :  D=@0000000000000000
 177000: system.cpu1 T218000 : system.cpu0 T0 : @_end+140737345583686. 1 :   ADD_R_I : add   rdx, rdx, t1 : IntAlu :  D=@0000000000000000
 218500: system.cpu0 T218000 :   0 : T0 : @_end+140737345583690    : mov	rax, DS:[rdx]         
 218500: system.cpu0 T218000 :   0 : T0 : @_end+140737345583690    : mov	rax, DS:[rdx]         
 218500: system.cpu0 T0 : @_end+140737345583690.0  :   MOV_R_M : ld   rax, DS:[rdx] : MemRead :  D=0x000000006ffffff9 A=0x7ffff7ffcf90
 219000: system.cpu0@T_end+1407373455836450 : 0  :   JZ_I : rdip   t1, %ctrl153,  : IntAlu :  D=0x00007ffff7dd8a5f
 219000: system.cpu0@T_end+1407373455836450 : 0  :   JZ_I : rdip   t1, %ctrl153,  : IntAlu :  D=0x00007ffff7dd8a5f
 178000: system.cpu1 T0 :  219500  s stem.cpu0 T0 : +140737345583645.1 :   JZ_I : limm   t2, 0x33   : IntAlu :  D=0x0000000000000033
 178000: system.cpu1 T0 :  219500  s stem.cpu0 T0 : +140737345583645.1 :   JZ_I : limm   t2, 0x33   : IntAlu :  D=0x0000000000000033
 219500: system.cpu0 T0 :  178500: system.cpu1 T0 : @_end+140737345583696.0  :   JNZ_I : rdip   t1, %ctrl153,  : IntAlu :  D=0x00007ffff7dd8a92
 219500: system.cpu0 T0 :  178500: system.cpu1 T0 : @_end+140737345583696.0  :   JNZ_I : rdip   t1, %ctrl153,  : IntAlu :  D=0x00007ffff7dd8a92
 220000: system.cpu0 T0 : @_end+140737345583696.1  :   JNZ_I : limm   t2, 0xffffffffffffffcd : IntAlu :  D=0xffffffffffffffcd
 220500: system.cpu0 T0 : @_end+140737345583696.2  :   JNZ_I : wrip   , t1, t2  : IntAlu : 
 221500: system.cpu0 T0 : @_end+140737345583647.1  :   CMP_R_I : sub   t0, rax, t1 : IntAlu :  D=0x@_end+1407373455836470000000000000000
 221500: system.cpu0 T0 : @_end+140737345583647.1  :   CMP_R_I : sub   t0, rax, t1 : IntAlu :  D=0x@_end+1407373455836470000000000000000
 180500: system.cpu1 T0 :  222000: system.cpu0 T0 : @_end+140737345583651    : jbe	0xffffffffffffffe3    
 180500: system.cpu1 T0 :  222000: system.cpu0 T0 : @_end+140737345583651    : jbe	0xffffffffffffffe3    
 222500: system.cpu0 T0 : @_end+140737345583651    : jbe	0xffffffffffffffe3    
.1  :   JBE_I : limm   t2, 0xffffffffffffffe3 : 2500: IntAlu.cpu0 T0 :  :  D=0xffffffffffffffe3
.1  :   JBE_I : limm   t2, 0xffffffffffffffe3 : 2500: IntAlu.cpu0 T0 :  :  D=0xffffffffffffffe3
 181500: system.cpu1 T0 :  223000: system.cpu0 T0 : @_end+140737345583651.2  :   JBE_I : wrip   , t1, t2  : IntAlu : 
 181500: system.cpu1 T0 :  223000: system.cpu0 T0 : @_end+140737345583651.2  :   JBE_I : wrip   , t1, t2  : IntAlu : 
 223500: system.cpu0 T0 : @_end+140737345583651. 2:    JBE_I : wrip   , t1, t2  : system : 
IntAlu :  224000: 0xstem.cpu0 T0 : 1879048191
IntAlu :  224000: 0xstem.cpu0 T0 : 1879048191
 224500: system.cpu0 T0 :  182500: system.cpu1 T0 : @_end+140737345583656    : sub	rcx, rax              
 224500: system.cpu0 T0 :  182500: system.cpu1 T0 : @_end+140737345583656    : sub	rcx, rax              
 224500: system.cpu0 T0 : @_end+140737345583656.0  :   SUB_R_R : sub   rcx, rcx, rax : IntAlu :  D=0x0000000000000000
 225000: system.cpu0 T0 : @_end+140737345583659    : cmp	rax, 0xf              
 225000: system.cpu0 T0 : @_end+140737345583659.0  :   CMP_R_I : limm   t1, 0xf : IntAlu :  D=0x0000000000183000
 225500: system.cpu0 T0 : @_end+140737345583659.1  :   CMP_R_I : sub   t0, rcx, t1 : IntAlu :  D=0x0000000000000001
 226500: system.cpu0 T0 : @_end+140737345583663.0  : _end+140737345583659.IntAlu1  D=                        0x0000000000IntAlu  226500: system.cpu0 T0 : @_end+140737345583663.0  : _end+140737345583659.IntAlu1  D=                        0x0000000000IntAlu :  D=0x0000000000000001
 227000: system.cpu0 T0 : @_end+140737345583663.1  :   JNBE_I : limm   t2, 0x1f3 : IntAlu :  D=0x00000000000001f3
 227500: system.cpu0 T0 : @_end+140737345583663.2  :   JNBE_I : wrip   , t1, t2 : IntAlu : 
 184500: system.cpu1 T0 :  228000: system.cpu0 T0 : @_end+140737345583663    : jnbe	0x1f3                
 184500: system.cpu1 T0 :  228000: system.cpu0 T0 : @_end+140737345583663    : jnbe	0x1f3                
 228000: system.cpu0 @0 : _end+140737345583663.0  :   JNBE_I : rdip   t1, %ctrl153,  : IntAlu :  D=0x00007ffff7dd8a75@ 228000: system.cpu0 @0 : _end+140737345583663.0  :   JNBE_I : rdip   t1, %ctrl153,  : IntAlu :  D=0x00007ffff7dd8a75@_end+140737345583669.0  :   MOV_R_R : mov   rcx, rcx, rdi : IntAlu :  D=0x0000000070000021
 228500: system.cpu0 T0 :  185500: system.cpu1 T0 : @_end+140737345583672.0  :   SUB_R_R : sub   rcx, rcx, rax : IntAlu :  D=0x0000000000000000
 228500: system.cpu0 T0 :  185500: system.cpu1 T0 : @_end+140737345583672.0  :   SUB_R_R : sub   rcx, rcx, rax : IntAlu :  D=0x0000000000000000
 229500: system.cpu0 T0 : @_end+140737345583675    : lea	rax, DS:[rip + 0x224f96]
 229500: system.cpu0 T0 : @_end+140737345583669    : mov	rcx, rdi              
 229500: system.cpu0 T0 : @_end+140737345583669    : mov	rcx, rdi              
 230000: system.cpu0 T0 : @_end+140737345583675.01 :   LEA_R_P : lea   rax, DS:[t7 + 0x224f96] : IntAlu :  D=0x00007ffff7ffda18
 186500: system.cpu1 230500: system.cpu0 00 :  : @_end+140737345583682    : mov	DS:[8*rcx + rax], rdx 
 230500: system.cpu0 T0 : 0: system.cpu0 00 :  : @_end+140737345583682    : mov	DS:[8*rcx + rax], rdx 
 186500: system.cpu0 T0 : @_end+140737345583682.0  :   MOV_M_R : st   rdx, DS:[8*rcx + rax] : MemWrite :  D=0x00007ffff7ffcf90 A=0x7ffff7ffdb58
 231500: system.cpu0 T0 : @_end+140737345583686.0  :   ADD_R_I : limm   t1, 0x10 : IntAlu :  D=0x0000000000000010
 232000: system.cpu0 T0 : @_end+140737345583686.1  :   ADD_R_I : add   rdx, rdx, t1 : IntAlu :  D=0x0000000000000000
 232500: system.cpu0 T0 : @_end+140737345583675.1  :   LEA_R_P : lea   rax, DS:[t7 + 0x224f96] : IntAlu :  D=0x@00007ffff7ffda18
 232500: system.cpu0 T0 : @_end+140737345583675.1  :   LEA_R_P : lea   rax, DS:[t7 + 0x224f96] : IntAlu :  D=0x@00007ffff7ffda18
 233000: system.cpu0 T0 : @_end+140737345583693    : test	rax, rax             
 233000: system.cpu0 T0 : @_end+140737345583682    : mov	DS:[8*rcx + rax], rdx 
 233000: system.cpu0 T0 : @_end+140737345583682    : mov	DS:[8*rcx + rax], rdx 
 233500: system.cpu0 T0 : @_end+140737345583696    : jnz	0xffffffffffffffcd    
 233500: system.cpu0 T0 : @_end+140737345583696.0  :   JNZ_I : rdip   t1, %ctrl153,  : IntAlu :  D=0x00007ffff7dd8a92
 189500: system.cpu1 T0 :  234000: system.cpu0 T0 : @_end+140737345583686    : add	rax, 0x10             
 189500: system.cpu1 T0 :  234000: system.cpu0 T0 : @_end+140737345583686    : add	rax, 0x10             
 234500: system.cpu0 T0 : @_end+140737345583696.2  :   JNZ_I : wrip   , t1, t2  : IntAlu : 
 235000: system.cpu0 T0 : @_end+140737345583698.0  :  190500: system.cpu1                T0 :   TEST_R_R : and   t0, r14, r14 : IntAlu :  D=0x0000000000000000
 235000: system.cpu0 T0 : @_end+140737345583698.0  :  190500: system.cpu1                T0 :   TEST_R_R : and   t0, r14, r14 : IntAlu :  D=0x0000000000000000
 190500: system.cpu1 T0 : @_end+140737345583690.0  :   MOV_R_M : ld   rax, DS:[rdx] : MemRead :  D= 236000    system.cpu00T0 : 1879048189 A=0x7ffff7ffcf70
 190500: system.cpu1 T0 : @_end+140737345583690.0  :   MOV_R_M : ld   rax, DS:[rdx] : MemRead :  D= 236000    system.cpu00T0 : 1879048189 A=0x7ffff7ffcf70
 236000: system.cpu0 T0 : @_end+140737345583701.0  :   JZ_I : rdip   t1, %ctrl153,  : IntAlu :  D=0x00007ffff7dd8a9b
 236000: system.cpu0 T0 : @_end+140737345583701.0  :   JZ_I : rdip   t1, %ctrl153,  : IntAlu :  D=0x00007ffff7dd8a9b
 191000: system.cpu1 T0 :  236500: system.cpu0 T@ : _end+140737345583693    : test	rax, rax             
 236000: system.cpu0 T0 : @_end+140737345583701.0  :   JZ_I : rdip   t1, %ctrl153,  : IntAlu :  D=0x00007ffff7dd8a9b
 191000: system.cpu1 T0 :  236500: system.cpu0 T@ : _end+140737345583693    : test	rax, rax             
 237000: system.cpu0 T0 : @_end+140737345583701. 2 :   JZ_I : wrip   , t1, t2   : IntAlu : 
 238000: system.cpu0 T0@: @_end+140737345583707    : @                         _end+140737345583696.0  :   JNZ_I : rdip   t1, %ctrl153,  : IntAlumov	rax, DS:[rip + 0x224f96]
 239000: system.cpu0 T0 :  193500: system.cpu1 _end+140737345583714T0  :   TEST_R_R : and   t0, rax, rax : IntAlu0                          D=0x0000000000000000
 239000: system.cpu0 T0 :  193500: system.cpu1 _end+140737345583714T0  :   TEST_R_R : and   t0, rax, rax : IntAlu0                          D=0x0000000000000000
 193500: system.cpu1 T0 :  239500: system.cpu0 T0 : @_end+140737345583717    : @_end+140737345583647.0  :   CMP_R_I : limm   t1, 0x21 : IntAlu :  D=0x0000000000000021
 193500: system.cpu1 T0 :  239500: system.cpu0 T0 : @_end+140737345583717    : @_end+140737345583647.0  :   CMP_R_I : limm   t1, 0x21 : IntAlu :  D=0x0000000000000021
 239500: system.cpu0 T0 :  194000: system.cpu1 T0 : @_end+140737345583717. 0 : @                         _end+140737345583647.  JZ_I : rdip   t1, %ctrl153, 1  IntAlu :   C0x_R_I : sub   t0, rax, t10x2 : IntAlu : 7ffff7dd8aa7
 239500: system.cpu0 T0 :  194000: system.cpu1 T0 : @_end+140737345583717. 0 : @                         _end+140737345583647.  JZ_I : rdip   t1, %ctrl153, 1  IntAlu :   C0x_R_I : sub   t0, rax, t10x2 : IntAlu : 7ffff7dd8aa7
 241500: system.cpu0 T0 : @_end+140737345583719    :  195000: system.cpu1000000000000000 T0 : add	DS:[rax + 0x8], r14
 241500: system.cpu0 T0 : @_end+140737345583719    :  195000: system.cpu1000000000000000 T0 : add	DS:[rax + 0x8], r14
 243500: system.cpu0 T0 : @_end+140737345583723    : mov	rax, DS:[rip + 0x224f7e]
 243500: system.cpu0 T0 : @_end+140737345583723    : mov	rax, DS:[rip + 0x224f7e]
system.cpu0 T0 :  197000: system.cpu1 T0 : @_end+140737345583730    : test	rax, rax             
 244500: system.cpu0 T00: system.cpu1 T0 : @_end+140737345583730    : test	rax, rax             
 244500: system.cpu0 T0 : @_end+140737345583730.0  :   TEST_R_R : and   t0, rax, rax : IntAlu :  D=0x0000000000000000
 197500: system.cpu1 T0 : @_end+140737345583659.1  :   CMP_R_I : sub   t0, rcx, t1 :  245000:  : tem.cpu0                T0 :  D=0x0000000000000001
 197500: system.cpu1 T0 : @_end+140737345583659.1  :   CMP_R_I : sub   t0, rcx, t1 :  245000:  : tem.cpu0                T0 :  D=0x0000000000000001
 245000: system.cpu0 T0 : @_end+140737345583733.0  :   JZ_I : rdip   t1, %ctrl153,  : IntAlu :  D=0x00007ffff7dd8ab7
 198500: system.cpu1 T0 :  245500: system.cpu0 T0 : @_end+140737345583663    : jnbe	0x1f3                
 198500: system.cpu1 T0 :  245500: system.cpu0 T0 : @_end+140737345583663    : jnbe	0x1f3                
 246000: system.cpu0 T0 : @_end+140737345583733.2  :   JZ_I : wrip   , t1, t2   : IntAlu : 
 199500: system.cpu1 T0 :  247000: system.cpu0 T0 : @_end+140737345583735   @add	DS:[rax + 0x8], r14   . 247000: system.cpu0 T0 :  247000: system.cpu0 T0 : @_end+140737345583735   @add	DS:[rax + 0x8], r14   .2  :   JNBE_I : wrip   , t1, t2 : IntAlu : 
 247000: system.cpu0 T0 : @_end+140737345583735.0  :   ADD_M_R : ldst   t1, DS:[rax + 0x8] : MemRead :  D=0x0000000000226000 A=0x7ffff7ffcef8
 200000: system.cpu1 T0 :  247500: system.cpu0 T0 : @_end+140737345583669    _end+140737345583735mov	rcx, rdi1             M_R : add   t1, t1, r14 : IntAlu
 200000: system.cpu1 T0 :  247500: system.cpu0 T0 : @_end+140737345583669    _end+140737345583735mov	rcx, rdi1             M_R : add   t1, t1, r14 : IntAlu
 248000: system.cpu0 T0 : @_end+140737345583735.2  :   ADD_M_R : st   t1, DS:[rax + 0x8] : MemWrite :  D=0x00007ffff7ffd000 A=0x7ffff7ffcef8
 249000: system.cpu0 T0 : @_end+140737345583739    : mov	rax, DS:[rip + 0x224f7e]
 249500: system.cpu0 T0 : @_end+140737345583739.1  :   MOV_R_P : ld   rax, DS:[t7 + 0x224f7e] : MemRead :  D=0x00007ffff7ffceb0 A=0x7ffff7ffda40
 250000: system.cpu0 T0 : @_end+140737345583746    : test	rax, rax             
 250000: system.cpu0 T0  : lea	rax, DS:[rip + 0x224f96]
 250000: system.cpu0 T0 : @_end+140737345583746    : test	rax, rax             
 250000: system.cpu0 T0 : @_end+140737345583746.0  :   TEST_R_R : and   t0, rax, rax : IntAlu :  D=0x0000000000000000
250500: 00000system.cpu0 T0 : @_end+140737345583749    : jz	0x400000000000000000000
 250500: system.cpu0 T0 : @_end+140737345583749.00 :   JZ_I : rdip   t1, %ctrl153,  : IntAlu :  D=0x00007ffff7dd8ac7
 251000: system.cpu0 T0 : @_end+140737345583749.10 :   JZ_I : limm   t2, 0x4000 : IntAlu :  D=0x0000000000000004
 :  251500: system.cpu0@T_ :     : mov	DS:[8*rcx + rax], rdx0
 :  251500: system.cpu0@T_ :     : mov	DS:[8*rcx + rax], rdx0
 252500: system.cpu0 T0 : @_end+140737345583751    : add	DS:[rax + 0x8], r14000
 252500: system.cpu0 T0 :  203500: system.cpu1 T0 : @_end+140737345583751.00 :   ADD_M_R : ldst   t1, DS:[rax + 0x8] : MemRead :  D=0x0000000000000648 A=0x7ffff7ffceb8
 252500: system.cpu0 T0 :  203500: system.cpu1 T0 : @_end+140737345583751.00 :   ADD_M_R : ldst   t1, DS:[rax + 0x8] : MemRead :  D=0x0000000000000648 A=0x7ffff7ffceb8
 254500: system.cpu0 T0 : @_end+140737345583755    : mov	rax, DS:[rip + 0x224f76]
 254500: system.cpu0 @_end+1407373455836900    : mov	rax, DS:[rdx]         
 204500: system.cpu0 @_end+1407373455836900    : mov	rax, DS:[rdx]         
255500: system.cpu0      T0 : @_end+140737345583762.0  :   TEST_R_R : and   t0, rax, rax : IntAlu :  D=0x0000000000000000
 205500: system.cpu1 T0 :  256000: @ystem.cpu0_T   0 :                        @ 205500: system.cpu1 T0 :  256000: @ystem.cpu0_T   0 :                        @_end+140737345583765    : jz	0x4                    
 _end+1: .ystem.cpu0 T0  : 0  J         I      :      153 D=0x00007ffff7dd8a92
 _end+1: .ystem.cpu0 T0  : 0  J         I      :      153 D=0x00007ffff7dd8a92
 206500: system.cpu1 T0 :  257000: system.cpu0 T0 : @_end+140737345583765.2   JZ_I : wrip   , t1, t2   :            206500: system.cpu1 T0 :  257000: system.cpu0 T0 : @_end+140737345583765.2   JZ_I : wrip   , t1, t2   :                          JNZ_I : wrip   , t1, t2  : IntAlu : 
 258000: system.cpu0 T0 : @_end+140737345583767    : add	DS:[rax + 0x8], r14   
 258000: system.cpu0 T0 : @_end+140737345583767    : add	DS:[rax + 0x8], r14   
 258500: system.cpu0 T0 : @_end+140737345583767.1  :   ADD_M_R : add   t1, t1, r14 : IntAlu :  D=0x0000000000000000
 259000: system.cpu0 T0 : @_end+140737345583767.2  :   ADD_M_R : st   t1, DS:[rax + 0x8] : MemWrite :  D=0x00007ffff7dd7390 A=0x7ffff7ffcec8
 260500: system.cpu0 T0 : @_end+140737345583771.1  :   MOV_R_P : ld   rax, DS:[t7 + 0x224f6e] : MemRead :  D=0x00007ffff7ffcf30 A=0x7ffff7ffda50
 261000: system.cpu0 T0 : @_end+140737345583778    : test	rax, rax             
 261000: system.cpu0 T0 : @_end+140737345583778.0  :   TEST_R_R : and   t0, rax, rax : IntAlu :  D=0x0000000000000000
 261500: system.cpu0 T0 : @_end+140737345583781    : jz	0x4                    
0  :   MOV_R_R : mov   rcx, rcx, rsi :  261500:  : tem.cpu0                0x 0 : 6fffffff
0  :   MOV_R_R : mov   rcx, rcx, rsi :  261500:  : tem.cpu0                0x 0 : 6fffffff
 210500: system.cpu1 T0 :  262000: system.cpu0 T0 : @_end+140737345583781.1  :   JZ_I : limm   t2, 0x4    : IntAlu : @0xnd+140737345583656    : 0000000000004
 210500: system.cpu1 T0 :  262000: system.cpu0 T0 : @_end+140737345583781.1  :   JZ_I : limm   t2, 0x4    : IntAlu : @0xnd+140737345583656    : 0000000000004
 263500: system.cpu0 T0 : @_end+140737345583783    : add	DS:[rax + 0x8], r14   
 263500: system.cpu0 T0 : @_end+140737345583659    : cmp	rax, 0xf              
 263500: system.cpu0 T0 : @_end+140737345583659    : cmp	rax, 0xf              
 264000: system.cpu0 T0 : @_end+140737345583783.1  :   ADD_M_R : add   t1, t1, r14 : IntAlu :  D=0x0000000000000000
 211500: system.cpu1 T0 : @_end+140737345583659.1  :   CMP_R_I : sub   t0, rcx, t1 : IntAlu :  D=264500: system.cpu0 T0  211500: system.cpu1 T0 : @_end+140737345583659.1  :   CMP_R_I : sub   t0, rcx, t1 : IntAlu :  D=264500: system.cpu0 T0 : 0@_end+140737345583783. 2 :   ADD_M_R : st   t1, DS:[rax + 0x8] : MemWrite :  D=0x00007ffff7dd78d8 A=0x7ffff7ffcf38
 212500: system.cpu1 T0 :  265500: system.cpu0 T0 : @_end+140737345583663.0  :   JNBE_I : rdip   t1, %ctrl153,  : IntAlu :  D=0x00007ffff7dd8a75
 212500: system.cpu1 T0 :  265500: system.cpu0 T0 : @_end+140737345583663.0  :   JNBE_I : rdip   t1, %ctrl153,  : IntAlu :  D=0x00007ffff7dd8a75
 266500: system.cpu0 T0 : @_end+140737345583794    : test	rax, rax             
@_end+140737345583669.0  266500 s stem.cpu0   : T  MOV_R_R : mov   rcx, rcx, rdi0IntAlu :  D=0x0000000070000021
@_end+140737345583669.0  266500 s stem.cpu0   : T  MOV_R_R : mov   rcx, rcx, rdi0IntAlu :  D=0x0000000070000021
 214500: system.cpu1 T0 :  267000: system.cpu0 T0 : @_end+140737345583672    : sub	rcx, rax              
 214500: system.cpu1 T0 :  267000: system.cpu0 T0 : @_end+140737345583672    : sub	rcx, rax              
 267500: system.cpu0 T0 : @_end+140737345583797.1  :   JZ_I : limm   t2, 0x4    : IntAlu :  D=0x0000000000000004
 268000: system.cpu0 T0 : @_end+140737345583797.2  :   JZ_I : wrip   , t1, t2   : IntAlu : 
 269500: system.cpu0 T0 : @_end+140737345583799.1  :   ADD_M_R : add   t1, t1, r14 : IntAlu :  D=0x0000000000000000
 270000: system.cpu0 T0 : @_end+140737345583799.2  :   ADD_M_R : st   t1, DS:[rax + 0x8] : MemWrite :  D=0x00007ffff7dd79f8 A=0x7ffff7ffcf28
 217500: system.cpu1 T0271000: system.cpu0 T0 : @_end+140737345583803    : @                         _end+140737345583686    : add	rax, 0x10             
 217500: system.cpu1 T0271000: system.cpu0 T0 : @_end+140737345583803    : @                         _end+140737345583686    : add	rax, 0x10             
 271000: @ystem.cpu0 _0 : .0  :   ADD_R_I : limm   t1, 0x10 : IntAlu :  D=0x0000000000000010
 271000: @ystem.cpu0 _0 : .0  :   ADD_R_I : limm   t1, 0x10 : IntAlu :  D=0x0000000000000010
 218000: system.cpu1 T0 : @ 271500: .ystem.cpu0 T0 : 1 :   ADD_R_I : add   rdx, rdx, t1 : IntAlu :  D=0x0000000000000000
 218000: system.cpu1 T0 : @ 271500: .ystem.cpu0 T0 : 1 :   ADD_R_I : add   rdx, rdx, t1 : IntAlu :  D=0x0000000000000000
 272000: system.cpu0 T0 :  218500: system.cpu1 T0 : @_end+140737345583810    : test	rax, rax             
 272000: system.cpu0 T0 :  218500: system.cpu1 T0 : @_end+140737345583810    : test	rax, rax             
 272000: system.cpu0 T0 : @_end+140737345583810.0  :   TEST_R_R : and   t0, rax, rax : IntAlu :  D=0x0000000000000000
 272500: system.cpu0 T0 : @_end+140737345583813    : jz	0x4                    
 272500: system.cpu0 T0 : @_end+140737345583813.0  :   JZ_I : rdip   t1, %ctrl153,  : IntAlu :  D=0x00007ffff7dd8b07
 273000: system.cpu0 T0 : @_end+140737345583813.1  :   JZ_I : limm   t2, 0x4    : IntAlu :  D=0x0000000000000004
@_end+140737345583693.0  :   TEST_R_R : and   t0, rax, rax : IntAlu :  D=0x0000000000000000 @_end+140737345583693.0  :   TEST_R_R : and   t0, rax, rax : IntAlu :  D=0x0000000000000000 273500: 00000system.cpu0 T0 : @_end+140737345583813.02 :   JZ_I : wrip   , t1, t200 : IntAlu : 
 274500: system.cpu0 T0 : @_end+140737345583815    : add	DS:[rax + 0x8], r14000
 274500: system.cpu0 T0_end+140737345583696.00 :   JNZ_I : rdip   t1, %ctrl153,  : IntAlu :  D=0x00007ffff7dd8a92
 274500: system.cpu0 T0_end+140737345583696.00 :   JNZ_I : rdip   t1, %ctrl153,  : IntAlu :  D=0x00007ffff7dd8a92
 275000: system.cpu0 T0 : @_end+140737345583815.10 :   ADD_M_R : add   t1, t1, r14 : IntAlu :  D=0x0000000000000000
 275000: system.cpu0 T0 :0 : IntAlu : 
 276500: system.cpu0 T0 : 000000000 T0 : mov	rax, DS:[rip + 0x22515e]
 277500: system.cpu0 T0 : @_end+140737345583826    : test	rax, rax0000000000000
 223000: system.cpu1 T0 : @_end+140737345583651.10     : 00system.cpu0 T0 :  : IntAlu :  D=0xffffffffffffffe3
 223000: system.cpu1 T0 : @_end+140737345583651.10     : 00system.cpu0 T0 :  : IntAlu :  D=0xffffffffffffffe3
 278000: system.cpu0 T0 :  223500: system.cpu1 T0 : @_end+140737345583829.00 :   JZ_I : rdip   t1, %ctrl153,  : IntAlu :  D=0x00007ffff7dd8b17
 278000: system.cpu0 T0 :  223500: system.cpu1 T0 : @_end+140737345583829.00 :   JZ_I : rdip   t1, %ctrl153,  : IntAlu :  D=0x00007ffff7dd8b17
 224000: system.cpu1 T0 :  279000: system.cpu0 T0 : @_end+140737345583653    : mov	rcx, rsi00000000000000
 224000: system.cpu1 T0 :  279000: system.cpu0 T0 : @_end+140737345583653    : mov	rcx, rsi00000000000000
 280000: system.cpu0 T0 : @_end+140737345583831    : add	DS:[rax + 0x8], r14000
 280000: system.cpu0 T0 : @_end+140737345583656    : sub	rcx, rax00000000000000
 280000: system.cpu0 T0 : @_end+140737345583656    : sub	rcx, rax00000000000000
 280500: system.cpu0 T0 : @_end+140737345583831.10 :   ADD_M_R : add   t1, t1, r14 : IntAlu :  D=0x0000000000000000
 281000: system.cpu0 T0 :  225000: system.cpu1 T0 : @_end+140737345583831.20 :   ADD_M_R : st   t1, DS:[rax + 0x8] : MemWrite :  D=0x00007ffff7dd72b0 A=0x7ffff7ffcea8
 281000: system.cpu0 T0 :  225000: system.cpu1 T0 : @_end+140737345583831.20 :   ADD_M_R : st   t1, DS:[rax + 0x8] : MemWrite :  D=0x00007ffff7dd72b0 A=0x7ffff7ffcea8
 225000: system.cpu1 T0 : @_end+140737345583659.00 :   CMP_R_I : limm   t1, 0xf 28IntA: system.cpu0 T  : 0x000000000000000f
 225000: system.cpu1 T0 : @_end+140737345583659.00 :   CMP_R_I : limm   t1, 0xf 28IntA: system.cpu0 T  : 0x000000000000000f
 282000: system.cpu0 T0 : @@end+140737345583835.000 : _end+140737345583659.10 :   CMP_R_I : sub   t0, rcx, t1 : IntAlu :  D=0x0000000000000001
 282000: system.cpu0 T0 : @@end+140737345583835.000 : _end+140737345583659.10 :   CMP_R_I : sub   t0, rcx, t1 : IntAlu :  D=0x0000000000000001
 226500: system.cpu1 T 282500: system.cpu0 T0 :  : @_end+140737345583835. 1 : @                         _end+140737345583663    : jnbe	0x1f3                
 226500: system.cpu1 T 282500: system.cpu0 T0 :  : @_end+140737345583835. 1 : @                         _end+140737345583663    : jnbe	0x1f3                
 283000: system.cpu0 T0 :   227000test	rdx, rdxsystem.cpu1             
 0 :  228000: system.cpu1 T0 : @_end+140737345583845    : @                         _end+140737345583669.0  :   MOV_R_R : mov   rcx, rcx, rdi : IntAlu :  D=0xjz	0xb0 283500: system.cpu0 Tpu1 T0 : @_end+140737345583845    : @                         _end+140737345583669.0  :   MOV_R_R : mov   rcx, rcx, rdi : IntAlu :  D=0xjz	0xb0000000070000021
 229500: system.cpu1 T0 :  285500: system.cpu0 T0 : @_end+140737345583847    : @_end+140737345583675.0  :   LEA_R_P : rdip   t7, %ctrl153,  : IntAlu :  D=0x00007ffff7dd8a82
 229500: system.cpu1 T0 :  285500: system.cpu0 T0 : @_end+140737345583847    : @_end+140737345583675.0  :   LEA_R_P : rdip   t7, %ctrl153,  : IntAlu :  D=0x00007ffff7dd8a82
 285500: system.cpu0 20 : : system.cpu1 T0 : @_end+140737345583847. 0 : @                         _end+140737345583675.  CMP_M_I : limm   t2, 0x7 : Int  L : R_P : lea   rax, DS:[t7 + 0x224f96] : IntAlu :  D=0x0x0000000000000007
 286000: system.cpu0 T0 : : system.cpu1 T0 : @_end+140737345583847. 0 : @                         _end+140737345583675.  CMP_M_I : limm   t2, 0x7 : Int  L : R_P : lea   rax, DS:[t7 + 0x224f96] : IntAlu :  D=0x0x0000000000000007
 230500: system.cpu1 T0 :  286500: system.cpu0 T0 : @_end+140737345583847.2  : @                         _end+140737345583682    : mov	DS:[8*rcx + rax], rdx 
 230500: system.cpu1 T0 :  286500: system.cpu0 T0 : @_end+140737345583847.2  : @                         _end+140737345583682    : mov	DS:[8*rcx + rax], rdx 
 287500: system.cpu0 T0 : @_end+140737345583852    : jnz	0x425                 
  :  287500: system.cpu0 T0 : @_end+140737345583852.0  : @                         _end+140737345583686    : add	rax, 0x10             
  :  287500: system.cpu0 T0 : @_end+140737345583852.0  : @                         _end+140737345583686    : add	rax, 0x10             
0 : @_end+140737345583686.1  :   ADD_R_I : add   rdx, rdx, t1 : 8500: IntAlu.cpu0 T : 0 :  D=0x0000000000000000
0 : @_end+140737345583686.1  :   ADD_R_I : add   rdx, rdx, t1 : 8500: IntAlu.cpu0 T : 0 :  D=0x0000000000000000
 289500: system.cpu0 T      2500: system.cpu1 : T                         0 : mov	rax, DS:[rip + 0x224f17]
 290000: system.cpu0 T0 : @_end+140737345583858.1  :   MOV_R_P : ld   rax, DS:[t7 + 0x224f17] : MemRead :  D=0x00007ffff7ffcf30 A=0x7ffff7ffda50
 :  290500: system.cpu0 T0 : @_end+140737345583865.00 :   TEST_R_R : and   t0, rax, rax : @000000000 000000000
 :  290500: system.cpu0 T0 : @_end+140737345583865.00 :   TEST_R_R : and   t0, rax, rax : @000000000 000000000
 233500: system.cpu1 T0 :  291000: system.cpu0 T0 : @_end+140737345583696.00 :   JNZ_I : rdip   t1, %ctrl153,  : IntAlu :  D=0x0_end+1407373455 : 
 233500: system.cpu1 T0 :  291000: system.cpu0 T0 : @_end+140737345583696.00 :   JNZ_I : rdip   t1, %ctrl153,  : IntAlu :  D=0x0_end+1407373455 : 
 291000: system.cpu0 2340000 system.cpu1  : 0 : @_end+140737345583868.0  : @                         _end+140737345583696.1  :   JNZ_I : limm   t2, 0xffffffffffffffcd : IntAlu :  D=0xffffffffffffffcd
 291000: system.cpu0 2340000 system.cpu1  : 0 : @_end+140737345583868.0  : @                         _end+140737345583696.1  :   JNZ_I : limm   t2, 0xffffffffffffffcd : IntAlu :  D=0xffffffffffffffcd
 234500: system.cpu1 T0 :  291500: system.cpu0 T0 : @_end+140737345583696.2  :   JNZ_I : wrip   , t1, t2  : IntAlu : 
 234500: system.cpu1 T0 :  291500: system.cpu0 T0 : @_end+140737345583696.2  :   JNZ_I : wrip   , t1, t2  : IntAlu : 
 292000: system.cpu0 T0 :  235000: system.cpu1 T0 : @_end+140737345583868.2  : @                         _end+140737345583698 : IntAlu : 
 292000: system.cpu0 T0 :  235000: system.cpu1 T0 : @_end+140737345583868.2  : @                         _end+140737345583698 : IntAlu : 
 293000: system.cpu0 T0 : @_end+140737345583870.0  :  236000: system.cpu1                T0 : IntAlu :  D=0x00007ffff7dd8b45
 293000: system.cpu0 T0 : @_end+140737345583870.0  :  236000: system.cpu1                T0 : IntAlu :  D=0x00007ffff7dd8b45
 294500: system.cpu0 T0 :  238000: system.cpu1 T0 : @_end+140737345583877    : @                         _end+140737345583707    : mov	rax, DS:[rip + 0x224f96]
 294500: system.cpu0 T0 :  238000: system.cpu1 T0 : @_end+140737345583877    : @                         _end+140737345583707    : mov	rax, DS:[rip + 0x224f96]
 238500: system.cpu1 T0 :  295000: system.cpu0 T0 : @@_end+1407373455837071  : 1  :   MOV_R_P : ld   rax, DS:[t7 + 0x224f96] : MemRead :  D=0x00007ffff7ffce90 A=0x7ffff7ffda38
 238500: system.cpu1 T0 :  295000: system.cpu0 T0 : @@_end+1407373455837071  : 1  :   MOV_R_P : ld   rax, DS:[t7 + 0x224f96] : MemRead :  D=0x00007ffff7ffce90 A=0x7ffff7ffda38
 295500: system.cpu0 T0 :  239000: system.cpu1 T0 : @_end+140737345583877.2  : @                         _end+140737345583714    :   CMP_M_I : sub   t       
 295500: system.cpu0 T0 :  239000: system.cpu1 T0 : @_end+140737345583877.2  : @                         _end+140737345583714    :   CMP_M_I : sub   t       
 296000: system.cpu0 T0 : @_end+140737345583717    : jz	0x4 @                            d+140737345583882..  
 296000: system.cpu0 T0 : @_end+140737345583717    : jz	0x4 @                            d+140737345583882..  
 296500: system.cpu0 T0 : @_end+140737345583882.1  :   JNZ_I : limm   t2, 0x3e8 : IntAlu :  D=0x00000000000003e8
 : @_end+140737345583717.1      : system.cpu0 TJZ_I : limm   t2, 0x4   0 :  : IntAlu :  D=0x0000000000000004
 : @_end+140737345583717.1      : system.cpu0 TJZ_I : limm   t2, 0x4   0 :  : IntAlu :  D=0x0000000000000004
 297500: system.cpu0 T0 : @_end+140737345583888.0  :   MOV_R_P : rdip   t7, %ctrl153,  : IntAlu :  D=0x00007ffff7dd8b57
 298000: system.cpu0 T0 : @_end+140737345583888.1  :   MOV_R_P : ld   rcx, DS:[t7 + 0x224ff1] : MemRead :  D=0x0000000000000000 A=0x7ffff7ffdb48
 299000: system.cpu0 T0 : @_end+140737345583895    : test	rcx, rcx             
 299500: system.cpu0 T0 : @_end+140737345583898    : jz	0xe                    
 299500: system.cpu0 T0 :       @_esystem.cpu15583898.0 DT0 :   JZ_I : rdip   t1, %ctrl153,  : IntAlu : @0x00007ffff7dd8b5c
 299500: system.cpu0 T0 :       @_esystem.cpu15583898.0 DT0 :   JZ_I : rdip   t1, %ctrl153,  : IntAlu : @0x00007ffff7dd8b5c
 243500: system.cpu1 T300500: system.cpu00T0 : @_end+140737345583898. 2 : @                         _end+140737345583723    : mov	rax, DS:[rip + 0x224f7e]
 243500: system.cpu1 T300500: system.cpu00T0 : @_end+140737345583898. 2 : @                         _end+140737345583723    : mov	rax, DS:[rip + 0x224f7e]
 301500: system.cpu0 T0 : @_end+140737345583914    : mov	rcx, DS:[rip + 0x224f97]
 301500: system.cpu0 T0 : @_end+140737345583914    : mov	rcx, DS:[rip + 0x224f97]
 244000: system.cpu1 T0 : @_end+140737345583723.1  :   MOV_R_P : ld   rax, DS:[t7 + 0x224f7e] : MemRead :  D=301500: 0xstem.cpu07f T0140 A=0x7ffff7ffda30
 301500: system.cpu0 T0 : @_end+140737345583914    : mov	rcx, DS:[rip + 0x224f97]
 244000: system.cpu1 T0 : @_end+140737345583723.1  :   MOV_R_P : ld   rax, DS:[t7 + 0x224f7e] : MemRead :  D=301500: 0xstem.cpu07f T0140 A=0x7ffff7ffda30
 244500: system.cpu1 T0 :  302000: system.cpu0@T0 : .0  :   TEST_R_R : and   t0, rax, rax : IntAlu :  D=0x0000000000000000
stem.cpu0 T0 : @_end+140737345583921    : test	rcx, rcx             
 302500: @ystem.cpu0 T0 : _end+140737345583733.0  :   JZ_I : rdip   t1, %ctrl153,  : IntAlu :  D=0x00007ffff7dd8ab7
 302500: @ystem.cpu0 T0 : _end+140737345583733.0  :   JZ_I : rdip   t1, %ctrl153,  : IntAlu :  D=0x00007ffff7dd8ab7
 245500: system.cpu1 T0 : @_end+140737345583733.1  :  303000: limm   t2, 0x4 : system.cpu0 T0 :  D=0x0000000000000004
 245500: system.cpu1 T0 : @_end+140737345583733.1  :  303000: limm   t2, 0x4 : system.cpu0 T0 :  D=0x0000000000000004
 303000: system.cpu0 T0 :  246000: system.cpu1 T0 : @_end+140737345583924.0  :   JZ_I : rdip   t1, %ctrl153,  : IntAlu :  D=0x00007ffff7dd8b76
 303000: system.cpu0 T0 :  246000: system.cpu1 T0 : @_end+140737345583924.0  :   JZ_I : rdip   t1, %ctrl153,  : IntAlu :  D=0x00007ffff7dd8b76
 304000: system.cpu0 T0 : @_end+140737345583924.2  :   JZ_I : wrip   , t1, t2   : IntAlu : 
 247000: system.cpu1 T0 :  305000: system.cpu0 T0 : @_end+140737345583940    : 0 :   ADD_M_R : ldst   t1, DS:[rax + 0x8] : MemRead :  D=0x0000000000226000 A=0x7ffff7ffcef8
 247000: system.cpu1 T0 :  305000: system.cpu0 T0 : @_end+140737345583940    : 0 :   ADD_M_R : ldst   t1, DS:[rax + 0x8] : MemRead :  D=0x0000000000226000 A=0x7ffff7ffcef8
 305000: system.cpu0 T0 :  247500: system.cpu1 T0 : @_end+140737345583940.0  : @       CMP_P_I : limm   t2, 0      ntAl      0x   0000000000000000
 305000: system.cpu0 T0 :  247500: system.cpu1 T0 : @_end+140737345583940.0  : @       CMP_P_I : limm   t2, 0      ntAl      0x   0000000000000000
 306000: system.cpu0 T0 : @_end+140737345583940.2  :   CMP_P_I : ld   t1, DS:[t7 + 0x224f74] : MemRead :  D=0x0000000000000000 A=0x7ffff7ffdb00
 306500: system.cpu0 T0 : @_end+140737345583940.3  :   CMP_P_I : sub   t0, t1, t2 : IntAlu :  D=0x0000000000000000
 249500: system.cpu1 T0 :  308000: system.cpu0 T0 : @_end+140737345583739.1  :   MOV_R_P : ld   rax, DS:[t7 + 0x224f7e] : MemRead :  D=0x00007ffff7ffceb0 A=0x7_end+140737
 249500: system.cpu1 T0 :  308000: system.cpu0 T0 : @_end+140737345583739.1  :   MOV_R_P : ld   rax, DS:[t7 + 0x224f7e] : MemRead :  D=0x00007ffff7ffceb0 A=0x7_end+140737
 308500: system.cpu0 T0 : @_end+140737345583948.2  :  250000: system.cpu1                T0 :   JNZ_I : wrip   , t1, t2 : IntAlu : 
 308500: system.cpu0 T0 : @_end+140737345583948.2  :  250000: system.cpu1                T0 :   JNZ_I : wrip   , t1, t2 : IntAlu : 
 250000: system.cpu1 T0 : @_end+140737345583746.0  :   TEST_R_R : and   t0, rax, rax : IntAlu :  D= 3095000xsystem.cpu0 T000000000000000
 309500: system.cpu0 T0 :  250500: system.cpu1 T0 : @_end+140737345583954.0  : @ :     IntA              0x0000000000000000
 309500: system.cpu0 T0 :  250500: system.cpu1 T0 : @_end+140737345583954.0  : @ :     IntA              0x0000000000000000
 310500: system.cpu0 T0 : @_end+140737345583954.2  :  251000: system.cpu1                T0 :   CMP_P_I : ld   t1, DS:[t7 + 0x224ef6] : MemRead :  D=0x0000000000000000 A=0x7ffff7ffda90
 310500: system.cpu0 T0 : @_end+140737345583954.2  :  251000: system.cpu1                T0 :   CMP_P_I : ld   t1, DS:[t7 + 0x224ef6] : MemRead :  D=0x0000000000000000 A=0x7ffff7ffda90
 311500: system.cpu0 T0 : @_end+140737345583962    : jnz	0x3d6                 
 311500: system.cpu0 T0 : @_end+140737345583962.0  :   JNZ_I : rdip   t1, %ctrl153,  : IntAlu :  D=0x00007ffff7dd8ba0
 311500: system.cpu0 T0 : @_end+140737345583962.0  :   JNZ_I : rdip   t1, %ctrl153,  : IntAlu :  D=0x00007ffff7dd8ba0
 252500: system.cpu1 T0 :  312000: system.cpu0 T0 : @_end+140737345583751    : add	DS:[rax + 0x8], r14   
 311500: system.cpu0 T0 : @_end+140737345583962.0  :   JNZ_I : rdip   t1, %ctrl153,  : IntAlu :  D=0x00007ffff7dd8ba0
 252500: system.cpu1 T0 :  312000: system.cpu0 T0 : @_end+140737345583751    : add	DS:[rax + 0x8], r14   
 312500: system.cpu0 T0 : @_end+140737345583962. 2 :   JNZ_I : wrip   , t1, t2  : IntAlu : 
 313000: system.cpu0 T0 : @_end+140737345583968    : test	r14, r14             
 313000: system.cpu0 T0 : @_end+140737345583968.0  :   TEST_R_R : and   t0, r14, r14 : IntAlu :  D=     0x0253500:
 314000: system.cpu0 T0 : @_end+140737345583971    : jnz	0x107                 
 314000: system.cpu0 T0 :  254500: system.cpu1 T0 : @_end+140737345583971.0  : @              Z_I : rdip   t1, %ctrl153,         D=_end+1407373455837550x   07ffff7dd8ba9
 314000: system.cpu0 T0 :  254500: system.cpu1 T0 : @_end+140737345583971.0  : @              Z_I : rdip   t1, %ctrl153,         D=_end+1407373455837550x   07ffff7dd8ba9
 315500: system.cpu0 T0 : @_end+140737345584240    : test	rax, rax             
 315500: system.cpu0 T0 : @_end+140737345584240.0  :   TEST_R_R : and   t0, rax, rax : IntAlu :  D=0x0000000000000000
 255500: system.cpu1 T0316500: system.cpu0 T0 : @_end+140737345584243   @:  _end+140737345583762.0  :   TEST_R_R : and   t0, rax, rax : IntAlu :  D=0x0000000000000000
 255500: system.cpu1 T0316500: system.cpu0 T0 : @_end+140737345584243   @:  _end+140737345583762.0  :   TEST_R_R : and   t0, rax, rax : IntAlu :  D=0x0000000000000000
 316500: system.cpu0 T0 : @_end+140737345584243.0  :  256000: system.cpu1                T0 :   JZ_I : rdip   t1, %ctrl153,  : IntAlu :  D=0x00007ffff7dd8cb9
 316500: system.cpu0 T0 : @_end+140737345584243.0  :  256000: system.cpu1                T0 :   JZ_I : rdip   t1, %ctrl153,  : IntAlu :  D=0x00007ffff7dd8cb9
 258500: system.cpu1 T0 : @_end+140737345583767.1  :   ADD_M_R : add   t1, t1, r14 : IntAlu :  318000: system.cpu0            00  T0mov	rcx, DS:[rax + 0x8]   
 318000: system.cpu0 T0 : @_end+140737345584249.2 .    ADD_M_R : st   t1, DS:[rax + 0x8]0  :  : MemWrite :  D=0x00007ffff7dd7390 A=0x7ffff7ffcec8
 318000: system.cpu0 T0 : @_end+140737345584249.2 .    ADD_M_R : st   t1, DS:[rax + 0x8]0  :  : MemWrite :  D=0x00007ffff7dd7390 A=0x7ffff7ffcec8
 319000: @ystem.cpu0 _end+1407373455837710 : 1  :   MOV_R_P : ld   rax, DS:[t7 + 0x224f6e] : MemRead :  D=0x00007ffff7ffcf30 A=0x7ffff7ffda50
 319000: @ystem.cpu0 _end+1407373455837710 : 1  :   MOV_R_P : ld   rax, DS:[t7 + 0x224f6e] : MemRead :  D=0x00007ffff7ffcf30 A=0x7ffff7ffda50
 261000: system.cpu1 T0 :  319500: system.cpu0 T0 : @_end+140737345583778    : test	rax, rax  @          
 261000: system.cpu1 T0 :  319500: system.cpu0 T0 : @_end+140737345583778    : test	rax, rax  @          
 261500: system.cpu1 T0 :  320000: system.cpu0 T0 : @_end+140737345583781    : jz	0x4                    
 261500: system.cpu1 T0 :  320000: system.cpu0 T0 : @_end+140737345583781    : jz	0x4                    
 320500: system.cpu0 T0 : @_end+140737345584264.0  :   MOV_R_P : rdip   t7, %ctrl153,  : IntAlu :  D=0x00007ffff7dd8ccf
 321000: system.cpu0 T0 : @_end+140737345584264.1  :  263500: system.cpu1                T0 :   MOV_R_P : ld   rax, DS:[t7 + 0x224e89] : MemRead :  D=0x00007ffff7ffcf90 A=0x7ffff7ffdb58
 321000: system.cpu0 T0 : @_end+140737345584264.1  :  263500: system.cpu1                T0 :   MOV_R_P : ld   rax, DS:[t7 + 0x224e89] : MemRead :  D=0x00007ffff7ffcf90 A=0x7ffff7ffdb58
 263500: system.cpu1 T0 :  322000: system.cpu0 T_end+1407373455837830 : 0  :   ADD_M_R : ldst   t1, DS:[rax + 0x8] : MemRead :  D=0x00000000000008d8 A=0x7ffff7ffcf38
 263500: system.cpu1 T0 :  322000: system.cpu0 T_end+1407373455837830 : 0  :   ADD_M_R : ldst   t1, DS:[rax + 0x8] : MemRead :  D=0x00000000000008d8 A=0x7ffff7ffcf38
 322000: system.cpu0 T0 :  264000: system.cpu1 T0 : @_end+140737345584271.0  :   TEST_R_R : and   t0, rax, rax : IntAlu :  D=0x0000000000000000
 322000: system.cpu0 T0 :  264000: system.cpu1 T0 : @_end+140737345584271.0  :   TEST_R_R : and   t0, rax, rax : IntAlu :  D=0x0000000000000000
 322500: system.cpu0 T0 : @_end+140737345584274    :  264500: lea	rsi, DS              A=0x7ffff7ffcf38
 323500: system.cpu0 T0 :           Tjz	0x1d5
 266000: system.cpu1 T0 : 324000: system.cpu0 T0 : @@_end+140737345583787.1  :   MOV_R_P : ld   rax, DS:[t7 + 0x224fde] : MemRead :  D=0x00007ffff7ffcf20 A=0x7ffff7ffdad0
 266000: system.cpu1 T0 : 324000: system.cpu0 T0 : @@_end+140737345583787.1  :   MOV_R_P : ld   rax, DS:[t7 + 0x224fde] : MemRead :  D=0x00007ffff7ffcf20 A=0x7ffff7ffdad0
 324500: system.cpu0 T0 :  266500: system.cpu1 T0 : @_end+140737345584278.2  : @                         _end+140737345583794    : test	rax, rax              wrip   , t1, t2   : IntAlu : 
 324500: system.cpu0 T0 :  266500: system.cpu1 T0 : @_end+140737345584278.2  : @                         _end+140737345583794    : test	rax, rax              wrip   , t1, t2   : IntAlu : 
 325000: system.cpu0 T0 :  267000: system.cpu1 T0 : @_end+140737345584284.0  : @                         _end+140737345583797    : jz	0x4                    
 325000: system.cpu0 T0 :  267000: system.cpu1 T0 : @_end+140737345584284.0  : @                         _end+140737345583797    : jz	0x4                    
 325500: system.cpu0 T0 :   267500: system.cpu1                T0 : lea	rax, DS:[2*rax + rax]
 326000: system.cpu0 T0 :  269000: system.cpu1 T0_end+140737345584292.0  :  : @_end+140737345583799    : add	DS:[rax + 0x8], r14   EA_R_M : lea   r13, DS:[8*rax + rcx] 
 326000: system.cpu0 T0 :  269000: system.cpu1 T0_end+140737345584292.0  :  : @_end+140737345583799    : add	DS:[rax + 0x8], r14   EA_R_M : lea   r13, DS:[8*rax + rcx] 
 326500: system.cpu0 T0 : @_end+140737345584296.0  :   MOV_R_R : mov   rax, rax, rcx : IntAlu :  D=0x00007ffff7dd78d8
 327000: system.cpu0 T0 : @_end+140737345584299    : test	rdx, rdx0000000000000
 327000: system.cpu0 T0 : @_end+140737345584299.00 :   TEST_R_R : and   t0, rdx, rdx : IntAlu :  D=0x0000000000000000
 271000: system.cpu1 T0 :  327500: system.cpu0 T0 : @_end+140737345583803    : mov	rax, DS:[rip + 0x22509e]
 271000: system.cpu1 T0 :  327500: system.cpu0 T0 : @_end+140737345583803    : mov	rax, DS:[rip + 0x22509e]
@_end+140737345583803.327500:  0 : tem.cpu0 T0 MOV_R_P : rdip   t7, %ctrl153,  : IntAlu :  D=0x00007ffff7dd8b02
@_end+140737345583803.327500:  0 : tem.cpu0 T0 MOV_R_P : rdip   t7, %ctrl153,  : IntAlu :  D=0x00007ffff7dd8b02
 271500: system.cpu1 T0 :  328000: system.cpu0 T0 : @_end+140737345583803.10 :   MOV_R_P : ld   rax, DS:[t7 + 0x22509e] : MemRead : @_end+140737345584302.100x0000000000 00 : 7ffff7ffdba0
 271500: system.cpu1 T0 :  328000: system.cpu0 T0 : @_end+140737345583803.10 :   MOV_R_P : ld   rax, DS:[t7 + 0x22509e] : MemRead : @_end+140737345584302.100x0000000000 00 : 7ffff7ffdba0
 329000: system.cpu0 T0 : @_end+140737345584304    : mov	rdx, DS:[rip + 0x224d31]
 329000: system.cpu0 T0 : @_end+140737345584304    : mov	rdx, DS:[rip + 0x224d31]
 329000: system.cpu0 T0 : @_end+140737345584304.00 :   MOV_R_P : rdip   t7, %ctrl153,  : IntAlu :  D=0x00007ffff7dd8cf7
 330500: system.cpu0 T0 :  273500: system.cpu1 @0end+140737345584311    :  : mov	r8, DS:[rip + 0x224dd2]
 330500: system.cpu0 T0 :  273500: system.cpu1 @0end+140737345584311    :  : mov	r8, DS:[rip + 0x224dd2]
 274500:  331000: system.cpu0 T0 : T0 : @_end+140737345584311. 1 : @                         _end+140737345583815    : add	DS:[rax + 0x8], r14   
 274500:  331000: system.cpu0 T0 : T0 : @_end+140737345584311. 1 : @                         _end+140737345583815    : add	DS:[rax + 0x8], r14   
 332000: system.cpu0 T0 : @_end+140737345584318    : 275000: system.cpu1 T0 : mov	rdx, DS:[rdx + 0x8]
 332000: system.cpu0 T0 : @_end+140737345584318    : 275000: system.cpu1 T0 : mov	rdx, DS:[rdx + 0x8]
 332500: system.cpu0 T0 : @_end+140737345584322    : mov	r9, rdx               
 332500: system.cpu0 T0 : @_end+140737345584322.0  :   MOV_R_R : mov   r9, r9, rdx : IntAlu :  D=0x0000000000000060
 334000: system.cpu0 T0 :  277500: system.cpu1 T0 : @_end+140737345584325.1  : @                         _end+140737345583826.0  :   TEST_R_R : and   t0, rax, rax : IntAlu :  D=0x0000000000000000
 334000: system.cpu0 T0 :  277500: system.cpu1 T0 : @_end+140737345584325.1  : @                         _end+140737345583826.0  :   TEST_R_R : and   t0, rax, rax : IntAlu :  D=0x0000000000000000
 334500: system.cpu0 T0 : @_end+140737345584329    : mov	r8, rdi               
 334500: system.cpu0 T0 : @_end+140737345583829.0  :   JZ_I : rdip   t1, %ctrl153,  : IntAlu :  D=0x00007ffff7dd8b17
 335000: system.cpu0 T0 : @_end+140737345583831    : add	DS:[rax + 0x8], r14   
 336500: system.cpu0 T0 :  282500: system.cpu1 T0 : @_end+140737345584338.00 : @0000000000000000000000000_end+140737345583835.10 :   MOV_R_P : ld   rdx, DS:[t7 + 0x224f96] : MemRead :  D=0x00007ffff7ffcf10 A=0x7ffff7ffdab8
 336500: system.cpu0 T0 :  282500: system.cpu1 T0 : @_end+140737345584338.00 : @0000000000000000000000000_end+140737345583835.10 :   MOV_R_P : ld   rdx, DS:[t7 + 0x224f96] : MemRead :  D=0x00007ffff7ffcf10 A=0x7ffff7ffdab8
 337500: system.cpu0 T0 :  283500: system.cpu1 T0 : @_end+140737345584342    : @0000000000000000000000000_end+140737345583845    : jz	0xb00000000000000000000
 337500: system.cpu0 T0 : @_end+140737345583845.00 :   JZ_I : rdip   t1, %ctrl153,  : IntAlu :  D=0x00007ffff7dd8b27
 338500: system.cpu0 T0 : @_end+140737345583847    : cmp	DS:[rdx + 0x8], 0x7000
 339500: system.cpu0 T0 : 4]
 340000: system.cpu0 T0 : @_end+140737345584349.1  :   MOV_R_P : ld   rdx, DS:[t7 + 0x224d24] : MemRead :  D=0x00007ffff7ffcec0 A=0x7ffff7ffda48
 287500: system.cpu1 T0 :  340500: system.cpu0 T0 : @_end+140737345583852    : jnz	0x425                 
 287500: system.cpu1 T0 :  340500: system.cpu0 T0 : @_end+140737345583852    : jnz	0x425                 
 341500: system.cpu0 T0 : @_end+140737345584359.00 :   MOV_R_M : ld   rdi, DS:[rdx + 0x8] : MemRead :  D=0x00007ffff7dd7390 A=0x7ffff7ffcec8
 289500: system.cpu1 T0 :  342000: system.cpu0 T0 : @_end+140737345583858.00 :   MOV_R_P : rdip   t7, %ctrl153,  : IntAlu :  D=0x00007ffff7dd8b39
 342000: system.cpu0 T0 : @_end+140737345583858.10 :   MOV_R_P : ld   rax, DS:[t7 + 0x224f17] : MemRead :  D=0x00007ffff7ffcf30 A=0x7ffff7ffda50
 342000: system.cpu0 T0 : @_end+140737345583858.10 :   MOV_R_P : ld   rax, DS:[t7 + 0x224f17] : MemRead :  D=0x00007ffff7ffcf30 A=0x7ffff7ffda50
 291500: system.cpu1 T0 :  343500: system.cpu0 T0 : @_end+140737345583868.10 :   JZ_I : limm   t2, 0x1200 : IntAlu :  D=0x0000000000000012
 344000: system.cpu0 T0     : : system.cpu1 T0 : @_end+140737345584368@   : _end+140737345583870.00 :   MOV_R_P : rdip   t7, %ctrl153,  : IntAlu :  D=0x00007ffff7dd8b45
 344000: system.cpu0 T0     : : system.cpu1 T0 : @_end+140737345584368@   : _end+140737345583870.00 :   MOV_R_P : rdip   t7, %ctrl153,  : IntAlu :  D=0x00007ffff7dd8b45
 344000: 293500 cpu0 T: :system.cpu1 T0 : @_end+140737345584368.@_end+140737345583870. : :                          MOV_R_P : ld   rcx, DS:[t7 + 0x224f1b] : MemRead :  D=0x00007ffff7ffcf50 A=0x7ffff7ffda60
 344000: 293500 cpu0 T: :system.cpu1 T0 : @_end+140737345584368.@_end+140737345583870. : :                          MOV_R_P : ld   rcx, DS:[t7 + 0x224f1b] : MemRead :  D=0x00007ffff7ffcf50 A=0x7ffff7ffda60
 344500: system.cpu0 T0 : @_end+140737345584371    : add	rdx, DS:[rax]         
 344500: system.cpu0 T0 : @_end+140737345584371    : add	rdx, DS:[rax]         
 345000: system.cpu0 T0 : @_end+140737345584371.1  :  296000: system.cpu1                T0 :   ADD_R_M : add   rdx, rdx, t1 : IntAlu :  D=0x0000000000000000
 345000: system.cpu0 T0 : @_end+140737345584371.1  :  296000: system.cpu1                T0 :   ADD_R_M : add   rdx, rdx, t1 : IntAlu :  D=0x0000000000000000
 346000: system.cpu0 T0 :  296500: system.cpu1 T@ : d+140737345584374    : @                         _end+140737345583882.1  :   JNZ_I : limm   t2, 0x3e8 : IntAlu :  D=0x00000000000003e8
 346000: system.cpu0 T0 :  296500: system.cpu1 T@ : d+140737345584374    : @                         _end+140737345583882.1  :   JNZ_I : limm   t2, 0x3e8 : IntAlu :  D=0x00000000000003e8
 346000: system.cpu0 T0 : @_end+140737345583882.2  :   JNZ_I : wrip   , t1, t2  : IntAlu : 
 346000: system.cpu0 T0 : @_end+140737345583882.2  :   JNZ_I : wrip   , t1, t2  : IntAlu : 
 298000: system.cpu1 T0 : @_end+140737345583888.1  :   MOV_R_P : ld   rcx, DS:[t7 + 0x224ff1] : MemRead : 000: system.cpu0                T0x00000 00000000 : 7ffff7ffdb48
 299000:  347500:Tsystem.cpu0 T0 : @_end+140737345583895.0  :   TEST_R_R : and   t0, rcx, rcx : IntAlu@_end+140737345584378    D=                        0x0000000000000000
 299000:  347500:Tsystem.cpu0 T0 : @_end+140737345583895.0  :   TEST_R_R : and   t0, rcx, rcx : IntAlu@_end+140737345584378    D=                        0x0000000000000000
 347500: system.cpu0 T0 :  299500: system.cpu1 T0 : @_end+140737345584378.0  : @                         _end+140737345583898    : jz	0xe                    
 347500: system.cpu0 T0 :  299500: system.cpu1 T0 : @_end+140737345584378.0  : @                         _end+140737345583898    : jz	0xe                    
 348500: system.cpu0 T0 :  300500: system.cpu1@_end+140737345584378.2  : 0                          : @_end+140737345583898.2  :   JZ_I : wrip   , t1, t2   : IntAlu : 
 348500: system.cpu0 T0 :  300500: system.cpu1@_end+140737345584378.2  : 0                          : @_end+140737345583898.2  :   JZ_I : wrip   , t1, t2   : IntAlu : 
 349500: system.cpu0 T0 :  302500: system.cpu1@T_end+1407373455843870   :  :                        @_end+140737345583921    : test	rcx, rcx             
 350000: system.cpu0 T 303000  system.cpu1Read :   : 0 : @_end+140737345583924. 0@  JZ_I : rdip   t1, .ctrl153, 583924    : jz	0xe001  : IntAlu :  D=0x00007ffff7dd8b76
 304000: system.cpu1 T0 :  351000: system.cpu0 T0 : @_end+140737345583924.2  :   JZ_I : wrip   , t1, t2   : IntAlu : 
 351000: system.cpu0 T0 :  305000: system.cpu1 T0 : @_end+140737345584391.0  : @                         _end+140737345583940    : cmp	DS:[rip + 0x224f74], 0
 352000: system.cpu0 T0 : @_end+140737345584395    : cmp	rax, r13              
 353000: system.cpu0 T0 : @_end+140737345584398    :  307500: system.cpu1                T0 : mov	DS:[rdx], rcx
 353000: system.cpu0 T0 : @_end+140737345584398    :  307500: system.cpu1                T0 : mov	DS:[rdx], rcx
 353500: system.cpu0 T0 : 
 354500: system.cpu0 T0 : @_end+140737345584401.2  :  310000: system.cpu1                T0 :   JB_I : wrip   , t1, t2 : IntAlu : 
 354500: system.cpu0 T0 : @_end+140737345584401.2  :  310000: system.cpu1                T0 :   JB_I : wrip   , t1, t2 : IntAlu : 
 355000: system.cpu0 T0 : @_end+140737345584368    : mov	rdx, r14              
 355000: system.cpu0 T0 : @_end+140737345584368.0  310500 :   MOV_R_R : mov   rdx, rdx, r14system.cpu1IntAluT : 0 :  D=0x00007ffff7dd7000
 355000: system.cpu0 T0 : @_end+140737345584368.0  310500 :   MOV_R_R : mov   rdx, rdx, r14system.cpu1IntAluT : 0 :  D=0x00007ffff7dd7000
55500: system.cpu0 T0 : @_end+140737345584371.0  :   ADD_R_M : ld   t1, DS:[rax] : MemRead :  D=0x0000000000225dc0 A=0x7ffff7dd78f0
356000: system.cpu0                T0 : @_end+140737345584371.1  :   ADD_R_M : add   rdx, rdx, t1 : IntAlu :  D=0x0000000000000000
 357000: system.cpu0 T0 : @_end+140737345584374    :  312000[rax + 0x8], 0x8   
 357000: system.cpu0 T0 : @_end+140737345584374    :  312000[rax + 0x8], 0x8   
 358500: system.cpu0 T0 : @_end+140737345584378    : jnz	0x17c                 
 358500: system.cpu0 T0 : @_end+140737345583971    : jnz	0x107                 
 314000: system.cpu0 T0 : @_end+140737345583971    : jnz	0x107                 
 360000: system.cpu0 T0 : @_end+140737345584384    : mov	rcx, r14              
 360000: system.cpu0 T0 : @_end+140737345584240    : test	rax, rax             
 315500: system.cpu0 T0 : @_end+140737345584240    : test	rax, rax             
 360500: system.cpu0 T0 : @_end+140737345584387    : add	rcx, DS:[rax + 0x10]  
 360500: system.cpu0 T0 : @_end+140737345584243    : jz	0x1da                  
 360500: system.cpu0 T0 : @_end+140737345584243    : jz	0x1da                  
 362000: system.cpu0 T0 : @_end+140737345584391    : add	rax, 0x18             
 362000: system.cpu0 T0 : @_end+140737345584391    : add	rax, 0x18             
 362000: system.cpu0 T0 : @_end+140737345584391.0  :   ADD_R_I : limm   t1, 0x18 : IntAlu :  D=0x0000000000000018
 318000: system.cpu1 T0 :  362500: system.cpu0 T0 : d+140737345584249    : mov	rcx, DS:[rax + 0x8]   
 318000: system.cpu1 T0 :  362500: system.cpu0 T0 : d+140737345584249    : mov	rcx, DS:[rax + 0x8]   
 363000: system.cpu0 T0 : @_end+140737345584395    : cmp	rax, r13              
 36 363000: system.cpu0 T0 : @_end+140737345584253    : mov	rax, DS:[rip + 0x224d94]
 364000: system.cpu0 T0 : @_end+140737345584398    : mov	DS:[rdx], rcx         
 364000: system.cpu0 T0 : @_end+140737345584253.1  :   MOV_R_P : ld   rax, DS:[t7 + 0x224d94] : MemRead :  D=0x00007ffff7ffcf40@_end+1407373
 364000: system.cpu0 T0 : @_end+140737345584253.1  :   MOV_R_P : ld   rax, DS:[t7 + 0x224d94] : MemRead :  D=0x00007ffff7ffcf40@_end+1407373
 320000: system.cpu1 T0 :  364500: system.cpu0 T0 : @_end+140737345584260    : mov	rdi, DS:[rax + 0x8]   
 320000: system.cpu1 T0 :  364500: system.cpu0 T0 : @_end+140737345584260    : mov	rdi, DS:[rax + 0x8]   
 364500: system.cpu0 T0 : @_end+140737345584401.0  :   JB_I : rdip   t1, %ctrl153,  : IntAlu :  D=0x00007ffff7dd8d53
 320500: system.cpu1 T0 :  365000: system.cpu0 T0 : d+140737345584264    : mov	rax, DS:[rip + 0x224e89]
 320500: system.cpu1 T0 :  365000: system.cpu0 T0 : d+140737345584264    : mov	rax, DS:[rip + 0x224e89]
 366000: system.cpu0 T0 :  322000: system.cpu1 T0 : d+140737345584368.0  :   MOV_R_R : mov   rdx, rdx, r14 : IntAlu :  D=0x00007ffff7dd7000
 366000: system.cpu0 T0 :  322000: system.cpu1 T0 : d+140737345584368.0  :   MOV_R_R : mov   rdx, rdx, r14 : IntAlu :  D=0x00007ffff7dd7000
 366500: system.cpu0 T0 :  322500: system.cpu1 T0 : @_end+140737345584371.0  :   ADD_R_M : ld   t1, DS:[rax] : MemRead :  D=0x0000000000225dc8 A=0x7ffff7dd7908
 366500: system.cpu0 T0 :  322500: system.cpu1 T0 : @_end+140737345584371.0  :   ADD_R_M : ld   t1, DS:[rax] : MemRead :  D=0x0000000000225dc8 A=0x7ffff7dd7908
system.cpu0 T0 :  322500: system.cpu1 T0 : @_end+140737345584371.@   ADD_R_M : add   rdx, rdx, t1 : IntAlu0  :   LEA_R_M : lea   rsi, DS:[rdi + rcx] : In                    D=00            0x1system.cpu0 T0 :  322500: system.cpu1 T0 : @_end+140737345584371.@   ADD_R_M : add   rdx, rdx, t1 : IntAlu0  :   LEA_R_M : lea   rsi, DS:[rdi + rcx] : In                    D=00            0x1407373518750640
 368000: system.cpu0 T0 :       @_end+140737345584374    : : p	DS:[rax + 0x8], 0x8   s 368000: system.cpu0 T0 :       @_end+140737345584374    : : p	DS:[rax + 0x8], 0x8   system.cpu1 T0 : @_end+140737345584278    : jz	0x1d5                  
 324000: system.cpu1 T0 :  368500: system.cpu0 T0 : @_end+140737345584278.1  :   JZ_I : limm   t2, 0x1d5  : IntAlu :  D=0x00000000000001d5
 324000: system.cpu1 T0 :  368500: system.cpu0 T0 : @_end+140737345584278.1  :   JZ_I : limm   t2, 0x1d5  : IntAlu :  D=0x00000000000001d5
 369000: system.cpu0 T0 : @_end+140737345584374.2  :   CMP_M_I : sub   t0d, t1d, t2d : IntAlu :  D=0x0000000000000000
 369500: system.cpu0 T0 : @_end+140737345584378.0  :   JNZ_I : rdip   t1, %ctrl153,  : IntAlu :  D=0x00007ffff7dd8d40
 370000: system.cpu0 T0 : @_end+140737345584378.1  :   JNZ_I : limm   t2, 0x17c : IntAlu :  D=0x000000000000017c
 327500: system.cpu1 T0 :  373000: system.cpu0 T0 : @_end+140737345584302.0  :   JZ_I : rdip   t1, %ctrl153,  : IntAlu :  D=0x00007ffff7dd8cf0
 327500: system.cpu1 T0 :  373000: system.cpu0 T0 : @_end+140737345584302.0  :   JZ_I : rdip   t1, %ctrl153,  : IntAlu :  D=0x00007ffff7dd8cf0
 373000: system.cpu0 T0 : @_end+140737345584302.1  :   JZ_I : limm   t2, 0x2d   : IntAlu :  D=0x@000000000000002d
 373000: system.cpu0 T0 : @_end+140737345584302.1  :   JZ_I : limm   t2, 0x2d   : IntAlu :  D=0x@000000000000002d
 373500: system.cpu0 T0 : @_end+140737345584391.1  :   ADD_R_I : add   rax, rax, t1 : IntAlu :  D=0x0000000000000000
 374000: system.cpu0 T0 : @_end+140737345584395.0  :   CMP_R_R : sub   t0, rax, r13 : IntAlu :  D=0x0000000000000001
 375000: system.cpu0 T0 : @_end+140737345584398    : mov	DS:[rdx], rcx         
 375000: system.cpu0 T0 : @_end+140737345584311    : mov	r8, DS:[rip + 0x224dd2]
 375500: system.cpu0 T0 : @_end+140737345584401    : jb	0xffffffffffffffdd     
 D=0x00007ffff7ffcf20 A=0x375500: syste D=0x00007ffff7ffcf20 A=0x375500: system.cpu0      T0 : @_end+140737345584401.0  :   JB_I : rdip   t1, %ctrl153,  : IntAlu :  D=0x00007ffff7dd8d53
 332000: system.cpu1 T0 :  3760 :_end+140737345584318system.cpu0 :  T 332000: system.cpu1 T0 :  3760 :_end+140737345584318system.cpu0 :  Tv0 : @_end+140737345584401.1  :   JB_I : limm   t2, 0xffffffffffffffdd : IntAlu :  D=0xffffffffffffffdd
 333500: system.cpu1 T0 :  377500: system.cpu0 T0 : @_end+140737345584325    : add	r9, DS:[r8 + 0x8]     
 333500: system.cpu1 T0 :  377500: system.cpu0 T0 : @_end+140737345584325    : add	r9, DS:[r8 + 0x8]     
 377500: system.cpu0 T0 : @_end+140737345584371.0  :   ADD_R_M : ld   t1, DS:[rax] : MemRead :  D=0x0000000000225dd0 A=0x7ffff7dd7920
 378000: system.cpu0 T0 : @_end+140737345584371.1  :   ADD_R_M : add   rdx, rdx, t1 : IntAlu :  D=0x0000000000000000
 379500: system.cpu0 T0 : @_end+140737345584374.1  :   CMP_M_I : ld   t1d, DS:[rax + 0x8] : MemRead :  D=0x0000000000000008 A=0x7ffff7dd7928
 379500: system.cpu0 T0 : @_end+140737345584374.1  :   CMP_M_I : ld   t1d, DS:[rax + 0x8] : MemRead :  D=0x0000000000000008 A=0x7ffff7dd7928
 380500: system.cpu0 T0 : @_end+140737345584335.0  :   CMP_R_R : sub   t0, r9, rsi : IntAlu :  D=0x0000000000000000
 380500: system.cpu0 T0 : @_end+140737345584378.0  :   JNZ_I : rdip   t1, %ctrl153,  : IntAlu :  D=0x00007ffff7dd8d40
 336500: system.cpu1 T0 :  381000: system.cpu0 T0 : d+140737345584338    : lea	rsi, DS:[rcx + rdx]   
 336500: system.cpu1 T0 :  381000: system.cpu0 T0 : d+140737345584338    : lea	rsi, DS:[rcx + rdx]   
 382000: system.cpu0 T0 : @_end+140737345584384    : mov	rcx, r14              
 382000: system.cpu0 T0 : @_end+140737345584384.0  :   MOV_R_R : mov   rcx, rcx, r14 : IntAlu :  D=0x00007ffff7dd7000
 382000: system.cpu0 T0 : @_end+140737345584384.0  :   MOV_R_R : mov   rcx, rcx, r14 : IntAlu :  D=0x00007ffff7dd7000
 338500: system.cpu1 T0 :  382500: system.cpu0 T0 : @_end+140737345584346    : add	rsi, rdi              
 338500: system.cpu1 T0 :  382500: system.cpu0 T0 : @_end+140737345584346    : add	rsi, rdi              
 384000: system.cpu0 T0 : @_end+140737345584391.0  :   ADD_R_I : limm   t1, 0x18 : IntAlu :  D=0x0000000000000018
 340000: system.cpu1 T0 :  384500: system.cpu0 T0 : @_end+140737345584349.1  :   MOV_R_P : ld   rdx, DS:[t7 + 0x224d24] : MemRead :  D=0x00007ffff7ffcec0 A=0x7ffff7ffda48
 340000: system.cpu1 T0 :  384500: system.cpu0 T0 : @_end+140737345584349.1  :   MOV_R_P : ld   rdx, DS:[t7 + 0x224d24] : MemRead :  D=0x00007ffff7ffcec0 A=0x7ffff7ffda48
 385000: system.cpu0 T0T0 :  : @_end+140737345584356.0  : @ CMP_R_R : sub   t0, rax, r13_enIntAlu37345584395.0  :   C     IntAl          =0    0x0000000000000001
 385000: system.cpu0 T0T0 :  : @_end+140737345584356.0  : @ CMP_R_R : sub   t0, rax, r13_enIntAlu37345584395.0  :   C     IntAl          =0    0x0000000000000001
 386000: system.cpu0 T0 : @_end+140737345584398    : mov	DS:[rdx], rcx         
 386000: system.cpu0 T0 : @_end+140737345584359    : mov	rdi, DS:[rdx + 0x8]   
 341500: system.cpu0 T0 : @_end+140737345584359    : mov	rdi, DS:[rdx + 0x8]   
 386500: system.cpu0 T0 : @_end+140737345584401    : jb	0xffffffffffffffdd     
 386500: system.cpu0 T0 : @_end+140737345584401    : jb	0xffffffffffffffdd     
 342000: system.cpu1 T0 : @_end+140737345584363    : jnb	0x26                    342000: system.cpu0 T0 : @_end+140737345584401    : jb	0xffffffffffffffdd     
 342000: system.cpu1 T0 : @_end+140737345584363    : jnb	0x26                   386500: system.cpu0                T0 : @_end+140737345584401.0  :   JB_I : rdip   t1, %ctrl153,  : IntAlu :  D=0x00007ffff7dd8d53
 T0 :  388000: system.cpu0 T0 : @_end+140737345584365    : hint	                     
 343500: system.cpu1m.cpu0 T0 : @_end+140737345584365    : hint	                     
 389000: system.cpu0 T0 :      3@_end+1.:  1sys  ADD_R_M : add   rdx, rdx, t1 : IntAluT: 0D= 0x : 0000000000000000
 389000: system.cpu0 T0 :      3@_end+1.:  1sys  ADD_R_M : add   rdx, rdx, t1 : IntAluT: 0D= 0x : 0000000000000000
 344500: system.cpu1 T0 : @_end+140737345584371.0      39  ADD_R_M : ld   t1, DS:[rax] : MemReadsystem.cpu0  00000000000000 A=0x7ffff7dd78d8
 344500: system.cpu1 T0 : @_end+140737345584371.0      39  ADD_R_M : ld   t1, DS:[rax] : MemReadsystem.cpu0  00000000000000 A=0x7ffff7dd78d8
 345000: system.cpu1 T090000: system.cpu0 T0 : @_end+140737345584371. @ :   ADD_R_M : add   rdx, rdx, t1 :  0 :   CMP_M_I : limm   t2d, 0x8 :  D=0x 40 D=0x00000000000000
 345000: system.cpu1 T090000: system.cpu0 T0 : @_end+140737345584371. @ :   ADD_R_M : add   rdx, rdx, t1 :  0 :   CMP_M_I : limm   t2d, 0x8 :  D=0x 40 D=0x00000000000000
 390500: system.cpu0 T0 :  346000: system.cpu1 T0 : @_end+140737345584374.1  :   CMP_M_I : ld   t1d, DS:[rax + 0x8] : MemRead :  D=0x0000000000000008 A=0x7ffff7dd7940
 390500: system.cpu0 T0 :  346000: system.cpu1 T0 : @_end+140737345584374.1  :   CMP_M_I : ld   t1d, DS:[rax + 0x8] : MemRead :  D=0x0000000000000008 A=0x7ffff7dd7940
 391000: system.cpu0 T0 :  346000: system.cpu1 T0 : @_end+140737345584374. 2 :   CMP_M_I : sub   t0d, t1d, t2d : @ntAlu :  D=d+140737345584374.0x 00000000000000000  391000: system.cpu0 T0 :  346000: system.cpu1 T0 : @_end+140737345584374. 2 :   CMP_M_I : sub   t0d, t1d, t2d : @ntAlu :  D=d+140737345584374.0x 00000000000000000  CMP_M_I : limm   t2d, 0x8 : IntAlu :  D=0x0000000000000008
 391500: system.cpu0 T0 : @_end+140737345584378    : jnz	0x17c                 
@_end+140737345584374.1  :   CMP_M:  : tem.cpu0 M0 :  :  D=0x0000000000000008 A=0x7ffff7dd78e0
@_end+140737345584374.1  :   CMP_M:  : tem.cpu0 M0 :  :  D=0x0000000000000008 A=0x7ffff7dd78e0
 T0 : @_end+140737345584374.2  :   CMP_M_I : sub   t0d, t1d, t2d : IntAlu :  D=0x 39200000system.cpu0 T0
 T0 : @_end+140737345584374.2  :   CMP_M_I : sub   t0d, t1d, t2d : IntAlu :  D=0x 39200000system.cpu0 T0
 347500: system.cpu1 T0 :  392500@_end+140737345584378    : .cpu0 T0 : jnz	0x17c
 347500: system.cpu1 T0 :  392500@_end+140737345584378    : .cpu0 T0 : jnz	0x17c
 393000: system.cpu0 T0 : @_end+140737345584384    : mov	rcx, r14              
 393000: system.cpu0 @0 : +140737345584378.1 :   JNZ_I : limm   t2, 0x17c : IntAlu :  D=0x000000000000017c
 393000: system.cpu0 @0 : +140737345584378.1 :   JNZ_I : limm   t2, 0x17c : IntAlu :  D=0x000000000000017c
 393500: system.cpu0 T0 : @_end+140737345584384    : mov	rcx, r14              
 393500: system.cpu0 T0 : @_end+140737345584384    : mov	rcx, r14              
 397000: system.cpu0 T0 : @_end+140737345584398    : mov	DS:[rdx], rcx         
 397000: system.cpu0 T0 : @_end+140737345584398.0  :   MOV_M_R : st   rcx, DS:[rdx] : MemWrite :  D=0x00007ffff7de19d0 A=0x7ffff7ffcdd8
 397500: system.cpu0 T0 : @_end+140737345584401    : jb	0xffffffffffffffdd     
 397500: system.cpu0 T0 : @_end+140737345584395    : cmp	rax, r13              
 397500: system.cpu0 T0 : @_end+140737345584401    : jb	0xffffffffffffffdd     
 398000: system.cpu0 T0 : @_end+140737345584401353000 1 :   JB_I : limm   t2, 0xffffffffffffffdd :  T00x  :ffffffffffffffdd
 398000: system.cpu0 T0 : @_end+140737345584401353000 1 :   JB_I : limm   t2, 0xffffffffffffffdd :  T00x  :ffffffffffffffdd
 399000: system.cpu0 T0 : @_end+140737345584368    : mov	rdx, r14              
 399000: system.cpu0 T0 : @_end+140737345584401    : jb	0xffffffffffffffdd     
 399000: system.cpu0 T0 : @_end+140737345584401    : jb	0xffffffffffffffdd     
 399500: system.cpu0 T0 :  354000@ system.cpu1 T   0 : dd	rdx, DS:[ra         
 399500: system.cpu0 T0 :  354000@ system.cpu1 T   0 : dd	rdx, DS:[ra         
 355000: system.cpu1 T0 : 401000: system.cpu0 T0 : @_end+140737345584368. 0 :   MOV_R_R : mov   rdx, rdx, r14@I                 0x     _end+140737345584374   7ffcmp	DS:[rax + 0x8], 0x8000
 355000: system.cpu1 T0 : 401000: system.cpu0 T0 : @_end+140737345584368. 0 :   MOV_R_R : mov   rdx, rdx, r14@I                 0x     _end+140737345584374   7ffcmp	DS:[rax + 0x8], 0x8000
 401000: system.cpu0 T0 : @_end+140737345584374.0  :   CMP_M_I : limm   t2d, 0x8 : IntAlu :  D=0x0000000000000008
 401500: system.cpu0 T0 :       :_end+140737345584374system.cpu1 T0 :  :  : MemRead :  D=0x0000000000000008 A=0x7ffff7dd7958
 401500: system.cpu0 T0 :       :_end+140737345584374system.cpu1 T0 :  :  : MemRead :  D=0x0000000000000008 A=0x7ffff7dd7958
 402000: system.cpu0 T0 : @_end+140737345584374.2  :   CMP_M_I : sub   t0d, t1d, t2d : IntAlu :  D=0x0000000000000000
 402500: system.cpu0 T0 :  357000: system.cpu1 T0 : @_end+140737345584378    : jnz	0x17c                 
 402500: system.cpu04    : cmp	DS:[rax + 0x8], 0x8   
 402500: system.cpu0 T0 :  357000: system.cpu1 T0 : @_end+140737345584378    : jnz	0x17c                 
 404500: system.cpu0 T0 : @_end+140737345584387    : add	rcx, DS:[rax + 0x10]  
 404500: system.cpu0 T0 : @_end+140737345584387    : add	rcx, DS:[rax + 0x10]  
 404500: system.cpu0 T0 : @_end+140737345584387.0  :   ADD_R_M : ld   t1, DS:[rax + 0x10] : MemRead :  D=0x0000000000014140 A=0x7ffff7dd7960
 406000: system.cpu0 T0 : @_end+140737345584391    : add	rax, 0x18             
 360500: system.cpu0 s0T0 :  : @_end+140737345584391.0  :   ADD_R_I : limm   t1, 0x18 : @         0x              00000000000000184387    : 
 360500: system.cpu0 s0T0 :  : @_end+140737345584391.0  :   ADD_R_I : limm   t1, 0x18 : @         0x              00000000000000184387    : 
 407000: system.cpu0 T0 : @_end+140737345584395    : cmp	rax, r13              
 407000: system.cpu0 T0 : @_end+140737345584395    : cmp	rax, r13              
 407000: system.cpu0 T0 : @_end+140737345584395.0  :   CMP_R_R : sub   t0, rax, r13 : IntAlu :  D=0x0000000000000001
 408000: system.cpu0 TT0 : @_end+140737345584391.0  :   ADD_R_I : limm   t1, 0x18 : IntAlu :  D=0x0000000000000018
 408500: system.cpu0 T0 : @_end+140737345584395    : cmp	rax, r13              
 408500: system.cpu0 T0 : @_end+140737345584395    : cmp	rax, r13              
 410000: system.cpu0 T0 : @_end+140737345584368    : mov	rdx, r14              
system.cpu1 T0 :  410000: system.cpu0 T0 : @_end+140737345584368.0     :   MOV_R_R : mov   rdx     
system.cpu1 T0 :  410000: system.cpu0 T0 : @_end+140737345584368.0     :   MOV_R_R : mov   rdx     
 410500: system.cpu0 T0 : @_end+140737345584371    : add	rdx, DS:[rax]         
system.cpu1 T0 :  410500: system.cpu0 T0 : @_end+140737345584371@p_end+140737345584401  ADD_R_M : ld   t1, DS:[rax]1  MemRead :  D=  JB_I : limm   t2, 0xffffffffffffffdd : IntAlu : 0225de8 A=0x7ffff7dd7968
system.cpu1 T0 :  410500: system.cpu0 T0 : @_end+140737345584371@p_end+140737345584401  ADD_R_M : ld   t1, DS:[rax]1  MemRead :  D=  JB_I : limm   t2, 0xffffffffffffffdd : IntAlu : 0225de8 A=0x7ffff7dd7968
 412000: system.cpu0 T0 : @_end+140737345584374    : cmp	DS:[rax + 0x8], 0x8   
 412000: system.cpu0                T0 : @_end+140737345584374.0  :   CMP_M_I : limm   t2d, 0x8 : IntAlu :  D=0x0000000000000008
 412500: system.cpu0 T0 : @_end+140737345584374.1  :   CMP_M_I : ld   t1d, DS:[rax + 0x8] : MemRead :  D=0x0000000000000008 A=0x7ffff7dd7970
 413000: system.cpu0 T0 : @_end+140737345584374.2  :   CMP_M_I : sub   t0d, t1d, t2d : IntAlu :  D=0x 3665000000000000000000
 413000: system.cpu0 T0 : @_end+140737345584374.2  :   CMP_M_I : sub   t0d, t1d, t2d : IntAlu :  D=0x 3665000000000000000000
 413500: system.cpu0 T0 : @_end+140737345584378    : jnz	0x17c                 
 413500: system.cpu0 T0 : @_end+140737345584378    : jnz	0x17c                 
 413500: system.cpu0 T0 : @_end+140737345584378.0  :   JNZ_I : rdip   t1, %ctrl153,  : IntAlu :  D=0x00007ffff7dd8d40
 368000: system.cpu1 T0 :  414000: system.cpu0 T0 : @_end+140737345584374    : cmp	DS:[rax + 0x8], 0x8   
 368000: system.cpu1 T0 :  414000: system.cpu0 T0 : @_end+140737345584374    : cmp	DS:[rax + 0x8], 0x8   
 415000: system.cpu0 T0 :  mov	rcx, r14              
 415000: system.cpu0 T0 : @_end+140737345584384.0  :   MOV_R_R : mov   rcx, rcx, r14 : IntAlu :  D=0x00007ffff7dd7000
 415500: system.cpu0 T0 : @_end+140737345584387    : add	rcx, DS:[rax + 0x10]  
 415500: system.cpu0 T0 : @_end+140737345584378.0  :   JNZ_I : rdip   t1, %ctrl153,  : IntAlu :  D=0x00007ffff7dd8d40
 415500: system.cpu0 T0 : @_end+140737345584387.0  :   ADD_R_M : ld   t1, DS:[rax + 0x10] : MemRead :  D=0x0000000000014cf0 A=0x7ffff7dd7978
 416000: system.cpu0 T0 : @_end+140737345584387.1  :   ADD_R_M : add   rcx, rcx, t1 : IntAlu :  D=0x0000000000000000
: system.cpu0 T0 : @_end+140737345584391    : add	rax, 0x18             
 417000: system.cpu0                T0 : @_end+140737345584391.0  :   ADD_R_I : limm   t1, 0x18 : IntAlu :  D=0x0000000000000018
 419000: system.cpu0 T0 : @_end+140737345584398    : mov	DS:[rdx], rcx         
 419000: system.cpu0 T0 :       @_end+140737345584398. 0 :  TMOV_M_R : st   rcx, DS:[rdx]0 : MemWrite :  D=0x00007ffff7debcf0 A=0x7ffff7ffcde8
 419000: system.cpu0 T0 :       @_end+140737345584398. 0 :  TMOV_M_R : st   rcx, DS:[rdx]0 : MemWrite :  D=0x00007ffff7debcf0 A=0x7ffff7ffcde8
 373000: system.cpu1 T0 :  419500: system.cpu0 T0 : @_end+140737345584391.0  :   ADD_R_I : limm   t1, 0x18 : IntAlu :  D=0x0000000000000018
 373000: system.cpu1 T0 :  419500: system.cpu0 T0 : @_end+140737345584391.0  :   ADD_R_I : limm   t1, 0x18 : IntAlu :  D=0x0000000000000018
T0 :  419500: system.cpu0 T0 : @_end+140737345584391.1  :   ADD_R_I : add   rax, rax, t1 : IntAlu :  D=0x@00000000000000004401.
T0 :  419500: system.cpu0 T0 : @_end+140737345584391.1  :   ADD_R_I : add   rax, rax, t1 : IntAlu :  D=0x@00000000000000004401.
 420000: system.cpu0                T0 : @_end+140737345584401.1  :   JB_I : limm   t2, 0xffffffffffffffdd : IntAlu :  D=0xffffffffffffffdd
 421000: system.cpu0 T0 : @_end+140737345584368    : mov	rdx, r14              
 421000: system.cpu0 T0 : @_end+140737345584368.0  :   MOV_R_R : mov   rdx, rdx, r14 : IntAlu :  D=0x00007ffff7dd7000
 423000: system.cpu0 T0 : @_end+140737345584374    : cmp	DS:[rax + 0x8], 0x8   
 423000: system.cpu0 T0 : @_end+140737345584374    : cmp	DS:[rax + 0x8], 0x8   
 423000: system.cpu0 T0 : @_end+140737345584374.0  :   CMP_M_I : limm   t2d, 0x8 : IntAlu :  D=0x0000000000000008
 423500: system.cpu0 T0 : @_end+140737345584374.1  :   CMP_M_I : ld   t1d, DS:[rax + 0x8] : MemRead :  D=0x0000000000000008 A=0x7ffff7dd7988
 424500: system.cpu0 T0 : @_end+140737345584378    : jnz	0x17c                 
 424500: system.cpu0 T0 : @_end+140737345584378    : jnz	0x17c                 
 424500: system.cpu0 T0 : @_end+140737345584378.0  :   JNZ_I : rdip   t1, %ctrl153,  : IntAlu :  D=0x00007ffff7dd8d40
 379000: system.cpu1 T0 :       0: system.cpu0 T0 : +140737345584374    : cmp	DS:[rax + 0x8], 0x8   
 379000: system.cpu1 T0 :       0: system.cpu0 T0 : +140737345584374    : cmp	DS:[rax + 0x8], 0x8   
@_end+140737345584374.2  42  : : system.cpu0 sub   t0d, t1d, t2d : IntAlu1 T0  T  :  D=0x0000000000000000
@_end+140737345584374.2  42  : : system.cpu0 sub   t0d, t1d, t2d : IntAlu1 T0  T  :  D=0x0000000000000000
 426500: system.cpu0 T0 : @_end+140737345584387.0  :   ADD_R_M : ld   t1, DS:[rax + 0x10] : MemRead :  D=0x0000000000017170 A=0x7ffff7dd7990
 426500: system.cpu0 T0 : @_end+140737345584387.0  :   ADD_R_M : ld   t1, DS:[rax + 0x10] : MemRead :  D=0x0000000000017170 A=0x7ffff7dd7990
 428000: system.cpu0 T0 : @_end+140737345584391    : add	rax, 0x18             
 428000: system.cpu0 T0 : @_end+140737345584391    : add	rax, 0x18             
 429000: system.cpu0 T0 : @_end+140737345584395.00 :   CMP_R_R : sub   t0, rax, r13 : IntAlu :  D=0x0000000000000001
 430000: system.cpu0 T0 : 384000: system.cpu1 T0 : @_end+140737345584398.00 :   MOV_M_R : st   rcx, DS:[rdx]@000 0000 0000000000fff7dee170 0=0x70fff7ffcdf0
 430000: system.cpu0 T0 : 384000: system.cpu1 T0 : @_end+140737345584398.00 :   MOV_M_R : st   rcx, DS:[rdx]@000 0000 0000000000fff7dee170 0=0x70fff7ffcdf0
 384000: system.cpu1 T0 :  430500: system.cpu0 T0 : @_end+140737345584391.00 :   ADD_R_I : limm   t1, 0x18 : IntAlu :  D=0x0_end+140737345584401
 384000: system.cpu1 T0 :  430500: system.cpu0 T0 : @_end+140737345584391.00 :   ADD_R_I : limm   t1, 0x18 : IntAlu :  D=0x0_end+140737345584401
 430500: system.cpu0 T0 : @_end+140737345584391.10 :   ADD_R_I : add   rax, rax, t1 : IntAlu :  D=0x0000000000000000
 430500: system.cpu0 T0 : @_end+140737345584391.10 :   ADD_R_I : add   rax, rax, t1 : IntAlu :  D=0x0000000000000000
 431000: system.cpu0 T0 : @_end+140737345584401.10 :   JB_I : limm   t2, 0xffffffffffffffdd : IntAlu :  D=0xffffffffffffffdd
 431500: system.cpu0 T0 : @_end+140737345584401.20 :   JB_I : wrip   , t1, t200 : IntAlu : 
 386000: system.cpu1 T0 :  432000: system.cpu0 T0 : @_end+140737345584398    : mov	DS:[rdx], rcx000000000
 386000: system.cpu1 T0 :  432000: system.cpu0 T0 : @_end+140737345584398    : mov	DS:[rdx], rcx000000000
 432000: system.cpu0 T0 : @_end+140737345584368.00 :   MOV_R_R : mov   rdx, rdx, r14 : IntAlu :  D=0x00007ffff7dd7000
 434000: system.cpu0 T0 : @_end+140737345584374    : cmp	DS:[rax + 0x8], 0x8000
 434000: system.cpu0 T0 : @_end+140737345584374    : cmp	DS:[rax + 0x8], 0x8000
 434500: system.cpu0 T0 : @_end+140737345584374.10 :   CMP_M_I : ld   t1d, DS:[rax + 0x8] : MemRead :  D=0x0000000000000008 A=0x7ffff7dd79a0
 435500: system.cpu0 T0 : @_end+140737345584378    : jnz	0x17c   389000        : 435500: system.cpu0 T0 : @_end+140737345584378    : jnz	0x17c   389000        :system.cpu1 T0 : @_end+140737345584371.10 :   ADD_R_M : add   rdx, rdx, t1 : IntAlu :  D=0x0000000000000000
 390000: system.cpu1 T0 :  436000: system.cpu0 T0 : d+140737345584374    : cmp	DS:[rax + 0x8], 0x8000
 390000: system.cpu1 T0 :  436000: system.cpu0 T0 : d+140737345584374    : cmp	DS:[rax +  :  D=0x0000000000000008
 436500: system.cpu0 T0 : @_end+140737345584378.20 :   JNZ_I : wrip   , t1, t20 : IntAlu : 
 436500: system.cpu0 T0 : @_end+140737345584378.20 :   JNZ_I : wrip   , t1, t20 : IntAlu : 
 437000: system.cpu0 T0 : @_end+140737345584384    : mov	rcx, r1400000000000000
 437000: system.cpu0 T0 : @_end+140737345584384    : mov	rcx, r1400000000000000
 437000: system.cpu0 T0 : @_end+140737345584384.00 :   MOV_R_R : mov   rcx, rcx, r14 : IntAlu :  D=0x00007ffff7dd7000
 438000: system.cpu0 T0 : @_end+140737345584387.10 :   ADD_R_M : add   rcx, rcx, t1 : IntAlu :  D=0x0000000000000000
 439000: system.cpu0 T0 : @_end+140737345584391    : add	rax, 0x180000000000000
 439000: system.cpu0 T0 : @_end+140737345584391    : add	rax, 0x180000000000000
 439500: system.cpu0 T0 : @_end+140737345584391.10 :   ADD_R_I : add   rax, rax, t1 : IntAlu :  D=0x0000000000000000
 394000: system.cpu1 T0 :  440000: system.cpu0 T0 : @_end+140737345584387.10 :   ADD_R_M : add   rcx, rcx, t1 : IntAlu :  D=0x0000000000000000
 394000: system.cpu1 T0 :  440000: system.cpu0 T0 : @_end+140737345584387.10 :   ADD_R_M : add   rcx, rcx, t1 : IntAlu :  D=0x0000000000000000
 440000: system.cpu0 T0 : @_end+140737345584395. 05000:  : tem.cpu1 T0  CMP_R_R : sub   t0, rax, r13, r : IntAlu :  D=0x0000000000000001
 440000: system.cpu0 T0 : @_end+140737345584395. 05000:  : tem.cpu1 T0  CMP_R_R : sub   t0, rax, r13, r : IntAlu :  D=0x0000000000000001
 441000: system.cpu0 T0 :  mov	DS:[rdx], rcx000000000
 441000: system.cpu0 T0 : @_end+140737345584398.00 :   MOV_M_R : st   rcx, DS:[rdx] : MemWrite :  D=0x00007ffff7dead00 A=0x7ffff7ffcdf8
 441500: system.cpu0 T0 : @_end+140737345584401.00 :   JB_I : rdip   t1, %ctrl153,  : IntAlu :  D=0x00007ffff7dd8d53
 397000: system.cpu1 T0 :  442000: system.cpu0 T0 : @_end+140737345584398    : mov	DS:[rdx], rcx000000000
 443000: system.cpu0 T0 : 397500: system.cpu1 T0 : @_end+140737345584368   @: t_end+1407373              
 443000: system.cpu0 T0 : 397500: system.cpu1 T0 : @_end+140737345584368   @: t_end+1407373              
 443500: system.cpu0 T0 : @_end+140737345584371    : add	rdx, DS:[rax]         
 443500: system.cpu0 T0 : @_end+140737345584401.2  :   JB_I : wrip   , t1, t2   : IntAlu : 
 443500: system.cpu0 T0 : @_end+140737345584401.2  :   JB_I : wrip   , t1, t2   : IntAlu : 
 444000: system.cpu0                T0 : @_end+140737345584371.1  :   ADD_R_M : add   rdx, rdx, t1 : IntAlu :  D=0x0000000000000000
 445000: system.cpu0 T0 : @_end+140737345584374    : cmp	DS:[rax + 0x8], 0x8   
 445000: system.cpu0 @0_end+140737345584371    : add	rdx, DS:[rax]         
 399500: system.cpu0 @0_end+140737345584371    : add	rdx, DS:[rax]         
 445500: system.cpu0 T0 : @_end+140737345584374.1  :   CMP_M_I : ld   t1d, DS:[rax + 0x8] : MemRead :  D=0x0000000000000008 A=0x7ffff7dd79b8
 445500: system.cpu0 T0 : @_end+140737345584374.1  :   CMP_M_I : ld   t1d, DS:[rax + 0x8] : MemRead :  D=0x0000000000000008 A=0x7ffff7dd79b8
 446500: system.cpu0 T0 : @_end+140737345584378    : jnz	0x17c                 
 446500: system.cpu0 T0 : @_end+140737345584378    : jnz	0x17c                 
 446500: system.cpu0 T0 : @_end+140737345584378.0  :   JNZ_I : rdip   t1, %ctrl153,  : IntAlu :  D=0x00007ffff7dd8d40
 447000: system.cpu0 T0 : @_end+140737345584378. 1 :   JNZ_I : limm   t2, 0x17c : IntAlu :  D=0x000000000000017c
 448000: system.cpu0 T0 : @_end+140737345584384    : mov	rcx, r14                448000: system.cpu0 T0 : @_end+140737345584384    : mov	rcx, r14               : system.cpu1                T0 : @_0
 448000: system.cpu0 T0 : @_end+140737345584384.0  :   MOV_R_R : mov   rcx, rcx, r14 : IntAlu :  D=0x00007ffff7dd7000
 448500: system.cpu0 T0 : @_end+140737345584384    : mov	rcx, r14              
 451000: system.cpu0 T0 : @_end+140737345584395    : cmp	rax, r13              
 451000: system.cpu0 T0 : @_end+140737345584391.0  :   ADD_R_I : limm   t1, 0x18 : IntAlu :  D=0x0000000000000018
 451000: system.cpu0 T0 : @_end+140737345584395.0  :   CMP_R_R : sub   t0, rax, r13 : IntAlu :  D=0x0000000000000000
 452000: system.cpu0 T0 : @_end+140737345584398    : mov	DS:[rdx], rcx         
 452000: system.cpu0 T0 : @_end+140737345584398.0  :   MOV_M_R : st   rcx, DS:[rdx] : MemWrite :  D=0x00007ffff7df0ab0 A=0x7ffff7ffce00
 452500: system.cpu0 T0 : @_end+140737345584401    : jb	0xffffffffffffffdd     
 452500: system.cpu0 T0 : @_end+140737345584395.0  :   CMP_R_R : sub   t0, rax, r13 : IntAlu :  D=0x0000000000000001
 452500: system.cpu0 T0 : @_end+140737345584401.0  :   JB_I : rdip   t1, %ctrl153,  : IntAlu :  D=0x00007ffff7dd8d53
 453000: system.cpu0 T0 :  40800@: nd+140737345584401.1  :   JB_I : limm   t2, 0xffffffffffffffdd : 0      :  D= :ffffffffffffffdd
 453000: system.cpu0 T0 :  40800@: nd+140737345584401.1  :   JB_I : limm   t2, 0xffffffffffffffdd : 0      :  D= :ffffffffffffffdd
system.cpu0 T0     : : system.cpu1 T0 : @_end+140737345584401.@  :   JB_I : wrip   , t1, t2  _end+140737345584398   IntAlu.: 
system.cpu0 T0     : : system.cpu1 T0 : @_end+140737345584401.@  :   JB_I : wrip   , t1, t2  _end+140737345584398   IntAlu.: 
 408500: system.cpu1 T0 : @ 454500: system.cpu0ffffffffdd     
system.cpu0 T0 : @_end+140737345584403.1  :  409500: system.cpu1                T0 : @_end+140737345584401  CMP_P_I : rdip   t7, %ctrl153, 2  In  JB : : wrip   , t1, t2u :    :  D=Alu : 
system.cpu0 T0 : @_end+140737345584403.1  :  409500: system.cpu1                T0 : @_end+140737345584401  CMP_P_I : rdip   t7, %ctrl153, 2  In  JB : : wrip   , t1, t2u :    :  D=Alu : 
 455500: system.cpu0 T0 : @_end+140737345584403.2  :   CMP_P_I : ld   t1, DS:[t7 + 0x224e45] : MemRead :  D=0x00007ffff7ffcf80 A=0x7ffff7ffdba0
 411000: system.cpu1 T0 :  457000: system.cpu0 T0 : @_end+140737345584371.1  :   ADD_R_M : add   rdx, rdx, t1 : IntAlu :  D=0x0000000000000000
 457000: system.cpu0 T0 : 412000: system.cpu1 T0 : @_end+140737345584411. 0 : @                         _end+140737345584374    : cmp	DS:[rax + 0x8], 0x8   
 458500: system.cpu0 T0 :  413500: system.cpu1 T0 : @_end+140737345584417    : @                         _end+140737345584378    : jnz	0x17c                 
 458500: system.cpu0 T0 : @_end+140737345584378.0  :   JNZ_I : rdip   t1, %ctrl153,  : IntAlu :  D=0x00007ffff7dd8d40
 459500: system.cpu0 T0 : @_end+140737345584420.0  :  415500: system.cpu1                T0 : @_end+140737345584387.0  :   LEA_R_P : rdip   t7, %ctrl153,  :  : IntAlu :  D=0x
 459500: system.cpu0 T0 : @_end+140737345584420.0  :  415500: system.cpu1                T0 : @_end+140737345584387.0  :   LEA_R_P : rdip   t7, %ctrl153,  :  : IntAlu :  D=0x
 460000: system.cpu0 T0 : @_end+140737345584420.1  :  416000: system.cpu1                T0 : @_end+140737345584387.1  :   ADD_R_M : add   rcx, rcx, t1 : IntAlu :  D=0x0000000000000000
 460000: system.cpu0 T0 : @_end+140737345584420.1  :  416000: system.cpu1                T0 : @_end+140737345584387.1  :   ADD_R_M : add   rcx, rcx, t1 : IntAlu :  D=0x0000000000000000
 461000: system.cpu0@T_end+140737345584391.1  :   ADD_R_I : add   rax, rax, t1 : IntAlu :  D=0x0000000000000000
 462000: system.cpu0 T0 : @_end+140737345584427.2  :  419000: system.cpu1                T0 :   JBE_I : wrip   , t1, t2 : IntAlu : 
 462000: system.cpu0 T0 : @_end+140737345584427.2  :  419000: system.cpu1                T0 :   JBE_I : wrip   , t1, t2 : IntAlu : 
@_end+140737345584401    : jb	0xffffffffffffffdd     462500: system.cpu0 
 420000: system.cpu1 T0 : @_end+140737345584401.1  :   JB_I : limm   t2, 0xffffffffffffffdd : IntAlu :  D=463000: system.cpu0fffdd
 463500: system.cpu0 T0 : @_end+140737345584444    : mov	rcx, r1400000000000000
 :  463500: system.cpu0 T0 : @_end+140737345584371    : 00000000000000000000000000
 :  463500: system.cpu0 T0 : @_end+140737345584371    : 00000000000000000000000000
 422000: system.cpu1 T0 : @_end+140737345584371.10 :   ADD_R_M : add   rdx, rdx, t1 : IntAlu464500: system.cpu0 T D= : 0x0000000000000000
 464500: system.cpu0 T0 : @_end+140737345584374    : cmp	DS:[rax + 0x8], 0x8   
 465000: system.cpu0 T0 : @_end+140737345584447.1  :  423500: system.cpu1                T0 :   ADD_R_M : add   rcx, rcx, t1 : IntAlu :  D=0x0000000000000000
 465000: system.cpu0 T0 : @_end+140737345584447.1  :  423500: system.cpu1                T0 :   ADD_R_M : add   rcx, rcx, t1 : IntAlu :  D=0x0000000000000000
 424000: system.cpu1 T0 :  465500: @ystem.cpu0 T.2  :   CMP_M_I : sub   t0d, t1d, t2d : IntAlu :  D=0x0000000000000000
 465500: system.cpu0 T0 : @_end+140737345584378    : jnz	0x17c                 
 425000: system.cpu1 T0 :  466000: system.cpu0 T0 : @_end+140737345584378.1  :   JNZ_I : limm   t2, 0x17c : IntAlu :  D=0x000000000000017c
 425000: system.cpu1 T0 :  466000: system.cpu0 T0 : @_end+140737345584378.1  :   JNZ_I : limm   t2, 0x17c : IntAlu :  D=0x000000000000017c
 466000: system.cpu1 T0 :  466000: system.cpu0 T0 : @_end+140737345584378.1  :   JNZ_I : limm   t2, 0x17c : IntAlu :  D=0x000000000000017c
 466500: system.cpu0 T0 : @_end+140737345584456.0  :   SHR_R_I : srli   rdx, rdx, 0x20 : IntAlu :  D=0x0000000000000000
0 :  467000: system.cpu0 T0 : @_end+140737345584387.1  :   ADD_R_M : add   rcx, rcx, t1 : IntAlu :  D=0x@0000000000000000
0 :  467000: system.cpu0 T0 : @_end+140737345584387.1  :   ADD_R_M : add   rcx, rcx, t1 : IntAlu :  D=0x@0000000000000000
 468000: system.cpu0 T028000: system.cpu1 : T0 : @_end+140737345584391. @ :   ADD_R_I : limm   t1, 0x18 : _end+140737345584463 :  :  D=                        0x0000000000000018
 468000: system.cpu0 T028 
 468000: system.cpu0 T028 
 428500: system.cpu1 T0 : @_end+140737345584391.1  :   ADD_R_I : add   rax, rax, t1 : IntAlu :  D=0x: system.cpu0000
 429000: system.cpu1 T0 :  468500: system.cpu0 T0 : @_end+140737345584395.0  :   CMP_R_R : sub   t0, rax, r13 : IntAlu :  D=0x0000000000000001
 468500: system.cpu0 T0 :  430000: system.cpu1 T0 : @_end+140737345584467.0  : @                         _end+140737345584398    : mov	DS:[rdx], rcx         
 430000: system.cpu0 T0 :  430000: system.cpu1 T0 : @_end+140737345584467.0  : @                         _end+140737345584398    : mov	DS:[rdx], rcx         
 430500: system.cpu1 T0 :  469500: system.cpu0 T0 : d+140737345584401    : jb	0xffffffffffffffdd     
 469500: system.cpu0                T0jz	0x71
 470000: system.cpu0 T0 : @_end+140737345584471.1  :   JZ_I : limm   t2, 0x71   43IntA:  : tem.cpu1    D=0T0000000000000071
 470000: system.cpu0 T0 : @_end+140737345584471.1  :   JZ_I : limm   t2, 0x71   43IntA:  : tem.cpu1    D=0T0000000000000071
 470500: system.cpu0 T0 : @_end+140737345584471.2  :   JZ_I : wrip   , t1, t2   : IntAlu : 4 470500: system.cpu0 T0 : @_end+140737345584471.2  :   JZ_I : wrip   , t1, t2   : IntAlu : 432000u: system.cpu1                T0 : @_end+140737345584368    : mov	rdx, r14              
 471000: system.cpu0 T0 : @_end+140737345584473    : test	r15, r15             
 471000: system.cpu0 T0 :  432500: system.cpu1 T0 : d+140737345584473.0  : @                         _end+140737345584371    : add	rdx, DS:[rax]         
 471000: system.cpu0 T0 :  432500: system.cpu1 T0 : d+140737345584473.0  : @                         _end+140737345584371    : add	rdx, DS:[rax]         
system.cpu1 T      0: system.cpu0 T0 : @@end+140737345584476.0  : .1  :   CMP_M_I : ld   t1d, DS:[rax + 0x8] : MemRead :  D=0x0000000000000008 A=0x7ffff7dd79a0
system.cpu1 T      0: system.cpu0 T0 : @@end+140737345584476.0  : .1  :   CMP_M_I : ld   t1d, DS:[rax + 0x8] : MemRead :  D=0x0000000000000008 A=0x7ffff7dd79a0
 473500: system.cpu0 T0 : @_end+140737345584384.0  :   MOV_R_R : mov   rcx, rcx, r14 : IntAlu :  D=0x00007ffff7dd7000
 475000: system.cpu0 T0 : @_end+140737345584487    :  439000: system.cpu1                T0 : @_end+140737345584391    : mov	rax, DS:[            475000: system.cpu0 T0 : @_end+140737345584487    :  439000: system.cpu1                T0 : @_end+140737345584391    : mov	rax, DS:[             
 476000: system.cpu0 T0 : @_end+140737345584491    :  440000: system.cpu1                T0 : a_end+140737345584395 476000: system.cpu0 T0 : @_end+140737345584491    :  440000: system.cpu1                T0 : a_end+140737345584395    : cmp	rax, r13              
 476500: system.cpu0 T0 : @_end+140737345584491.01 :   ADD_R_P : ld   t1, DS:[t7 + 0x224c26] : MemRead :  D=0x00007ffff7dd7000 A=0x7ffff7ffd9d8
 476500: system.cpu0 T0 : @_end+140737345584491.01 :   ADD_R_P : ld   t1, DS:[t7 + 0x224c26] : MemRead :  D=0x00007ffff7dd7000 A=0x7ffff7ffd9d8
 477000: system.cpu0 T0 : @_end+140737345584491.20 :   ADD_R_P : add   rax, rax, t1 : IntAlu :  D=0x: system.cpu10
 477000: system.cpu0 T0 : @_end+140737345584491.20 :   ADD_R_P : add   rax, rax, t1 : IntAlu :  D=0x: system.cpu10
 478000: system.cpu0 T0 : @_end+140737345584498.10 :  443000: system.cpu1000000000000000 T0 :   AND_R_I : and   edx, edx, t1d : IntAlu :  D=0x0000000000000000
 478000: system.cpu0 T0 : @_end+140737345584498.10 :  443000: system.cpu1000000000000000 T0 :   AND_R_I : and   edx, edx, t1d : IntAlu :  D=0x0000000000000000
1  :   CMP_M_I : ld   t1d, DS:[rax + 0x8] : MemRead :  479500: system.cpu0        D=      T00x0000000000000008 A=0x7ffff7dd79b8
 446500: system: system.cpu0 T0 : T0 : @_end+140737345584378. 0 :   JNZ_I : rdip   t1, %ctrl153,  : IntAlu@_end+140737345584504. D :                         0x00007ffff7dd8d40
 446500: system: system.cpu0 T0 : T0 : @_end+1407373455843_I : limm   t2, 0x17c : IntAlu :  D=0x000000000000017c
 481500: system.cpu0 T0 : @_end+140737345584510    :  448000: system.cpu1                T0 : sub	rax, 0x6
 481500: system.cpu0 T0 : @_end+140737345584510    :  448000: system.cpu1                T0 : sub	rax, 0x6
 482000: system.cpu0 T0 : @_end+140737345584510.1  :  448500: system.cpu1                IntAlu : 0 D=0x0000000000000000
 482000: system.cpu0 T0 : @_end+140737345584510.1  :  448500: system.cpu1                IntAlu : 0 D=0x0000000000000000
 448500: system.cpu1 T0 : @_end+140737345584387.0  :   ADD_R_M : ld   t1, DS:[rax + 0x10] : MemRead : 2500:  D=tem.cpu0                       T               0x0000000000019ab0 A=0x7ffff7dd79c0
 450500: system.cpu1 T0 :  483500: system.cpu0 T0_end+140737345584391.10 :   ADD_R_I : add   rax, rax, t1 : IntAlu :  D=0x0000000000000000
 483500: system.cpu0 T0 : @_end+140737345584395    : cmp	rax, r1300000000000000
system.cpu0 T0 : @_end+140737345584520.1  :   MOVSXD_R_M : sexti   rdx, t1, 0x1f : IntAlu :  D=0xfffffffffffe3663
system.cpu0 T0 : @_end+140737345584520.1  :   MOVSXD_R_M : sexti   rdx, t1, 0x1f : IntAlu :  D=0xfffffffffffe3663
 454500: system.cpu1 T0 :  486  @: system.cpu0 T0  : 0  C               :        D=0x0000000000000000
 486000: system.cpu0 T    
 487000: system.cpu0 T0 : @_end+140737345584527    :  457000
 487000: system.cpu0 T0 : @_end+140737345584527    :  457000
 457500: system.cpu1 T0 :  487500: system.cpu0 @0 : +1 :   JZ_I : limm   t2, 0x234  : IntAlu :  D=0x0000000000000234
 487500: system.cpu0 T0 : 
 459500: system.cpu1 T0 :  489000: system.cpu0 T0 : @_end+140737345584420.0  :   LEA_R_P : rdip   t7, %ctrl153,  : IntAlu :  D=0x00007ffff7dd8d6b
 489500: system.cpu0 T0 : @_end+140737345584427.1  :   JBE_I : limm   t2, 0xfffffffffffffe46 : IntAlu :  D=0xfffffffffffffe46
 489500: system.cpu0 T0 : @_end+140737345584427.1  :   JBE_I : limm   t2, 0xfffffffffffffe46 : IntAlu :  D=0xfffffffffffffe46
 491000: system.cpu0 T0 :  463000: system.cpu1 T0 : @_end+140737345584590    : cmp	rsi, r13              
 491000: system.cpu0 T0 :  463000: system.cpu1 T0 : @_end+140737345584590    : cmp	rsi, r13              
 491500: system.cpu0 T0 : @_end+140737345584593    :  463500: system.cpu1000000000000000 T0 : jnbe	0xffffffffffffff61
 491500: system.cpu0 T0 : @_end+140737345584593    :  463500: system.cpu1000000000000000 T0 : jnbe	0xffffffffffffff61
 492000: system.cpu0 T0 : @_end+140737345584593.10 :  464500: system.cpu1000000000000000 T0 :   JNBE_I : limm   t2, 0xffffffffffffff61 : IntAlu :  D=0xffffffffffffff61
 492000: system.cpu0 T0 : @_end+140737345584593.10 :  464500: system.cpu1000000000000000 T0 :   JNBE_I : limm   t2, 0xffffffffffffff61 : IntAlu :  D=0xffffffffffffff61
 493500: system.cpu0 T0 : @_end+140737345584444    : mov	rcx, r1400000000000000
@_end+140737345584454    : mov	ebx, eax       : system.cpu0@_end+140737345584454    : mov	ebx, eax       : system.cpu0 T0 : @_end+140737345584444.00 :   MOV_R_R : mov   rcx, rcx, r14 : IntAlu :  D=0x00007ffff7dd7000
m.cpu0000000000000000 T0 : @_end+140737345584447    : add	rcx, DS:[r13]000000000
 495000: system.cpu0 T0 : @_end+140737345584447.10 :   ADD_R_M : add   rcx, rcx, t1 : IntAlu :  D=0x0000000000000000
 495000: system.cpu0 T0 : @_end+140737345584447.10 :   ADD_R_M : add   rcx, rcx, t1 : IntAlu :  D=0x0000000000000000
 495500: system.cpu0 T0 : @_end+140737345584451    : mov	rdx, rax00000000000000
 495500: system.cpu0 T0 : @_end+140737345584463    : lea	rdx, DS:[2*rdx + rdx]0
 468000: system.cpu0 T0 : @_end+140737345584463    : lea	rdx, DS:[2*rdx + rdx]0
 496000: system.cpu0 T0 : @_end+140737345584454    : mov	ebx, eax00000000000000
 496000: system.cpu0 T0 : @_end+140737345584454    : mov	ebx, eax00000000000000
 496500: system.cpu0 T0 : @_end+140737345584456    : shr	rdx, 0x200000000000000
 T0 :  496500: system.cpu0 T0 : @_end+140737345584471    : jz	0x710000000000000000000
 T0 :  496500: system.cpu0 T0 : @_end+140737345584471    : jz	0x710000000000000000000
 497000: system.cpu0 T0 : @_end+140737345584460    : test	rbx, rbx0000000000000
 497000: system.cpu0 T0 : @_end+140737345584460    : test	rbx, rbx0000000000000
 498000: system.cpu0 T0 : @_end+140737345584463    : lea	rdx, DS:[2*rdx + rdx]0
 498000: system.cpu0 T0 :       @_end+140737345584463.:  :   LEA_R_M : Tea   rdx, DS:[2*rdx + rdx] : 0IntAlu0 D=0x0000000000000015
 498000: system.cpu0 T0 :       @_end+140737345584463.:  :   LEA_R_M : Tea   rdx, DS:[2*rdx + rdx] : 0IntAlu0 D=0x0000000000000015
 471000: system.cpu1 T0 :  498500: system.cpu0 T0 : @_end+140737345584473.00 :   TEST_R_R : and   t0, r15, r15 : IntAlu :  D=0x@000000000000000
 471000: system.cpu1 T0 :  498500: system.cpu0 T0 : @_end+140737345584473.00 :   TEST_R_R : and   t0, r15, r15 : IntAlu :  D=0x@000000000000000
 498500: system.cpu0 T0 : @_end+140737345584467.00 :   LEA_R_M : lea   r15, DS:[8*rdx + rdi] : IntAlu :  D=0x00007ffff7dd7438
 472000: system.cpu14T9500 j0: system.cpu0 T0 : @_end+140737345584476. @ :     : jz	0x71      I       :  D=0x
 472000: system.cpu14T9500 j0: system.cpu0 T0 : @_end+140737345584476. @ :     : jz	0x71      I       :  D=0x
 499500: system.cpu0 T0 : @_end+140737345584471.0  :   JZ_I : rdip   t1, %ctrl153,  : IntAlu :  D=0x00007ffff7dd8d99
 501000: system.cpu0 T0 : 
 501000: system.cpu0 T0 : @_end+140737345584473.0  :   TEST_R_R : and   t0, r15, r15 : IntAlu :  D=0x0000000000000000
 502000: system.cpu0 T0 : @_end+140737345584476.0  :   JZ_I : rdip   t1, %ctrl153,  : IntAlu :  D=0x00007ffff7dd8da2
 504000: system.cpu0 T0 : @_end+140737345584482.01 :   MOVZX_B_R_M : zexti   edx, t1d, 0x7 : IntAlu :  D=0x0000000000000022
 505000: system.cpu0 T0 : @_end+140737345584487    : mov	rax, DS:[r15 + 0x8]000
 505000: system.cpu0 T0 : @_end+140737345584487    : mov	rax, DS:[r15 + 0x8]000
 505000: system.cpu0 T0 : @_end+140737345584487.00 :   MOV_R_M : ld   rax, DS:[r15 + 0x8] : MemRead :  D=0x0000000000019e90 A=0x7ffff7dd7440
 478000: system.cpu1 T0 : @_end+140737345584498.10 50  : system.cpu0 T  AND_R_I : and   edx, edx, t1d :  : Alu :  D=0x0000000000000000
 478000: system.cpu1 T0 : @_end+140737345584498.10 50  : system.cpu0 T  AND_R_I : and   edx, edx, t1d :  : Alu :  D=0x0000000000000000
 506000: system.cpu0 T0 :  478500: @yT_end+140737345584491 : 00 :   ADD_R_P : rdip   t7, %ctrl153,  : IntAlu :  D=0x00007ffff7dd8db2
 506000: system.cpu0 T0 :  478500: @yT_end+140737345584491 : 00 :   ADD_R_P : rdip   t7, %ctrl153,  : IntAlu :  D=0x00007ffff7dd8db2
 478500: system.cpu1 T0 :  506500: system.cpu0 T0 : @_end+140737345584501.00 :   CMP_R_I : limm   t1b, 0xa : IntAlu :  D=0x000000000000000a@ 478500: system.cpu1 T0 :  506500: system.cpu0 T0 : @_end+140737345584501.00 :   CMP_R_I : limm   t1b, 0xa : IntAlu :  D=0x000000000000000a@_end+140737345584491.10 :   ADD_R_P : ld   t1, DS:[t7 + 0x224c26] : MemRead :  D=0x00007ffff7dd7000 A=0x7ffff7ffd9d8
 479500: system.cpu1 T0 :  507500: system.cpu0 T0 : @_end+140737345584504.00 :   JZ_I : rdip   t1, %ctrl153,  : IntAlu :  D=0x00007ffff7dd8dbe
 479500: system.cpu1 T0 :  507500: system.cpu0 T0 : @_end+140737345584504.00 :   JZ_I : rdip   t1, %ctrl153,  : IntAlu :  D=0x00007ffff7dd8dbe
 507500: system.cpu0 T0 : @_end+140737345584504.10 :   JZ_I : limm   t2, 0xa200 : IntAlu :  D=0x00000000000000a2
 507500: system.cpu0 T0 : @_end+140737345584504.10 :   JZ_I : limm   t2, 0xa200 : IntAlu :  D=0x00000000000000a2
 508000: system.cpu0 T0 : @_end+140737345584498.10 :   AND_R_I : and   edx, edx, t1d : IntAlu :  D=0x0000000000000000
 481500: system.cpu1 T0 :  508500: system.cpu0 T0 : @_end+140737345584510    : sub	rax, 0x600000000000000
 481500: system.cpu1 T0 :  508500: system.cpu0 T0 : @_end+140737345584510    : sub	rax, 0x600000000000000
508500: 00000system.cpu0 T0 : @_end+140737345584501.00 :   CMP_R_I : limm   t1b, 0xa : IntAlu :  D=0x000000000000000a
 509000: system.cpu0 T0 : @_end+140737345584501.10 :   CMP_R_I : sub   t0b, dl, t1b : IntAlu :  D=0x0000000000000001
 509500: system.cpu0 T0 : @_end+140737345584504    : jz	0xa20000000000000000000
 509500: system.cpu0 T0 : @_end+140737345584514    : cmp	rax, 0x1e0000000000000
 509500: system.cpu0 T0 : @_end+140737345584504    : jz	0xa20000000000000000000
 509500: system.cpu0 T0 : @_end+140737345584504.00 :   JZ_I : rdip   t1, %ctrl153,  : IntAlu :  D=0x00007ffff7dd8dbe
 510000: system.cpu0 T0 : @_end+140737345584504.10 :   JZ_I : limm   t2, 0xa200 : IntAlu :  D=0x00000000000000a2
 511500: system.cpu0 T0 : @_end+140737345584510    : sub	rax, 0x600000000000000
0x000000000000004250x0000000000000042511500 : system.cpu0 T0 : @_end+140737345584510. 0 :   SUB_R_I : limm   t1, 0x6 : IntAlu :  D=0x0000000000000006
 512000: system.cpu0 T0 : @_end+140737345584510.1  :   SUB_R_I : sub   rbx, rbx, t1 : IntAlu :  D=0x0000000000000000
 512500: system.cpu0 T0 :  485000: system.cpu1 T0@_end+140737345584514    : cmp	rax, 0x1e             
 512500: system.cpu0 T0 :  485000: system.cpu1 T0@_end+140737345584514    : cmp	rax, 0x1e             
 513500: system.cpu0 T0 : @_end+140737345584518    : jnbe	0x4200000000000000000
 513500: system.cpu0 T0 : @_end+140737345584524    : add	rdx, r8000000000000000
514500: system.cpu0000000000000000 T0 : @_end+140737345584518.20 :   JNBE_I : wrip   , t1, t2 : IntAlu : 
 515000: system.cpu0 T0 : @_end+140737345584520    : movsxd	rdx, DS:[4*rbx + r8]
 516000: system.cpu0 T0 : @_end+140737345584524    : add	rdx, r8000000000000000
 516000: system.cpu0 T0 :  489000: system.cpu1 T0 : @_end+140737345584524.00 :   ADD_R_R : add   rdx, rdx, r8 : IntAlu :  D=0x0000000000000001
 516000: system.cpu0 T0 :  489000: system.cpu1 T0 : @_end+140737345584524.00 :   ADD_R_R : add   rdx, rdx, r8 : IntAlu :  D=0x0000000000000001
 517000: system.cpu0 T0 :  489500: system.cpu1 T0 : @_end+140737345584527.0  :   JMP_R : wripi   , rdx, 0 : IntAlu : 
 517000: system.cpu0 T0 :  489500: system.cpu1 T0 : @_end+140737345584527.0  :   JMP_R : wripi   , rdx, 0 : IntAlu : 
 489500: system.cpu1 T0 :  517500: system.cpu0@T_end+1407373455845860 : .0  :   ADD_R_I : limm   t1, 0x18 : IntAlu :  D=0x0000000000000018
 489500: system.cpu1 T0 :  517500: system.cpu0@T_end+1407373455845860 : .0  :   ADD_R_I : limm   t1, 0x18 : IntAlu :  D=0x0000000000000018
 517500: system.cpu0 T0 : @_end+140737345584586.1  :   ADD_R_I : add   r13, r13, t1 : IntAlu : @0x0000000000000000. 517500: system.cpu0 T0 : @_end+140737345584586.1  :   ADD_R_I : add   r13, r13, t1 : IntAlu : @0x0000000000000000.0  :   ADD_R_M : ld   t1, DS:[r13 + 0x10] : MemRead :  D=0x0000000000000000 A=0x7ffff7dd79f0
 518000: system.cpu0 T0 : @_end+140737345584579.1  :   ADD_R_M : add   rax, rax, t1 : IntAlu :  D=0x0000000000000000
 518000: system.cpu0 T0 : @_end+140737345584579.1  :   ADD_R_M : add   rax, rax, t1 : IntAlu :  D=0x0000000000000000
: system.cpu1 T0 : 519000: system.cpu0 T0 : @_end+140737345584593    : jnbe	0xffffffffffffff61000
 491500: system.cpu119000: system.cpu0 T0 : @_end+140737345584593    : jnbe	0xffffffffffffff61000
 519500: system.cpu0 T0 : @_end+140737345584586    : add	rax, 0x180000000000000
 519500: system.cpu0 T0 : @_end+140737345584586.00 :   ADD_R_I : limm   t1, 0x18 : IntAlu :  D=0x0000000000000018
 520000: system.cpu0 T0 : @_end+140737345584586.10 :   ADD_R_I : add   r13, r13, t1 : IntAlu :  D=0x0000000000000000
 521000: system.cpu0 T0 : @_end+140737345584590    : cmp	rsi, r1300000000000000
 521000: system.cpu0 T0 : @_end+140737345584440    : mov	rax, DS:[r13 + 0x8]000
 52  :@_end+140737345584444   tem.cpu0 T : mov	rcx, r1400000000000000
 493500: nd+140737345584444   tem.cpu0 T : mov	rcx, r1400000000000000
 494500: system.cpu1 T0 :  522500: system.cpu0_T0 :  : add	rcx, DS:[r13]000000000
 494500: system.cpu1 T0 :  522500: system.cpu0_T0 :  : add	rcx, DS:[r13]000000000
 523000: system.cpu0 T0 :  495000: system.cpu1@_end+140737345584440    0: mov	rax, DS:[r13 + 0x8]000
 523000: system.cpu0 T0 :  495000: system.cpu1@_end+140737345584440    0: mov	rax, DS:[r13 + 0x8]000
 523500: system.cpu0 T0 : @_end : IntAlu :  D=0x00007ffff7dd7000
 524500: system.cpu0 T0 : @_end+140737345584456    : shr	rdx, 0x200000000000000
 496500: system.cpu0 T0 : @_end+140737345584456.00 :   SHR_R_I : srli   rdx, rdx, 0x20 : IntAlu :  D=0x0000000000000000
 525000: system.cpu0 T0 : @_end+140737345584447.10 :   ADD_R_M : add   rcx, rcx, t1 : IntAlu :  D=0x0000000000000000
 525000: system.cpu0 T0 : @_end+140737345584447.10 :   ADD_R_M : add   rcx, rcx, t1 : IntAlu :  D=0x0000000000000000
 497000: system.cpu1 T0 :  525500: system.cpu0 T0 : @_end+140737345584460.00 :   TEST_R_R : and   t0, rbx, rbx : IntAlu :  D=0x0000000000000000@ 497000: system.cpu1 T0 :  525500: system.cpu0 T0 : @_end+140737345584460.00 :   TEST_R_R : and   t0, rbx, rbx : IntAlu :  D=0x0000000000000000@_end+140737345584451    : mov	rdx, rax00000000000000
 525500: system.cpu0 T0 : @_end+140737345584451.00 :   MOV_R_R : mov   rdx, rdx, rax : IntAlu :  D=4980000xsystem.cpu1 T515396075590
 525500: system.cpu0 T0 : @_end+140737345584451.00 :   MOV_R_R : mov   rdx, rdx, rax : IntAlu :  D=4980000xsystem.cpu1 T515396075590
 498000: system.cpu1 T0 : 526000: system.cpu0 T0 : @_end+140737345584463. 0 :   LEA_R_M : lea   rdx, DS:[2*rdx + rdx] : @                         _end+140737345584454000 : mov	ebx, eax0000000
 498000: system.cpu1 T0 : 526000: system.cpu0 T0 : @_end+140737345584463. 0 :   LEA_R_M : lea   rdx, DS:[2*rdx + rdx] : @                         _end+140737345584454000 : mov	ebx, eax0000000
 526000: system.cpu0 T0 49  : : system.cpu1 T0 : @_end+140737345584454.@ _end+140737345584467    : lea	r15, DS:[8*rdx + rdi] 
 498500: system.cpu0 T0 49  : : system.cpu1 T0 : @_end+140737345584454.@ _end+140737345584467    : lea	r15, DS:[8*rdx + rdi] 
 526500: system.cpu0 T0 : @_end+140737345584456    : shr	rdx, 0x20             
 526500: system.cpu0 @0_end+140737345584471    : jz	0x71                   
 499500: system.cpu0 @0_end+140737345584471    : jz	0x71                   
 527000: system.cpu0 T0 : @_end+140737345584460500 : : system.cpu1             5T
 527000: system.cpu0 T0 : @_end+140737345584460500 : : system.cpu1             5T
 528000: system.cpu0 T0 : @_end+140737345584463    : lea	rdx, DS:[2*rdx + rdx] 
 528000: system.cpu0 T0 : @_end+140737345584463    : lea	rdx, DS:[2*rdx + rdx] 
 528500: system.cpu0 T0 : @_end+140737345584467    : lea	r15, DS:[8*rdx + rdi] 
 528500: system.cpu0 T0 : @_end+140737345584476    : jz	0xae                   
 502000: system.cpu0 T0 : @_end+140737345584476    : jz	0xae                   
 529500: system.cpu0 T0 :  502500: system.cpu1 T0 : @_end+140737345584471    : jz	0x71                   
 529500: system.cpu0 T0 :  502500: system.cpu1 T0 : @_end+140737345584471    : jz	0x71                   
 530500: system.cpu0                T0 : @_end+140737345584471.2  :   JZ_I : wrip   , t1, t2   : IntAlu : 
 531000: system.cpu0 T0 : @_end+140737345584473    : test	r15, r15             
 531000: system.cpu0 T0 : @_end+140737345584473    : test	r15, r15             
 505000: system.cpu1 T0 :  532000: system.cpu0 T0 : @_end+140737345584487.0  :   MOV_R_M : ld   rax, DS:[r15 + 0x8] : MemRead :  D=0x0000000000019e90 A=0x7ffff7dd7440
 505000: system.cpu1 T0 :  532000: system.cpu0 T0 : @_end+140737345584487.0  :   MOV_R_M : ld   rax, DS:[r15 + 0x8] : MemRead :  D=0x0000000000019e90 A=0x7ffff7dd7440
 532000: system.cpu0 T0 :  506000: system.cpu1@T_end+14073734558447600  :   JZ_I : rdip   t1, %ctrl153,  : IntAlu :  D=0x00007ffff7dd8da2
 532000: system.cpu0 T0 :  506000: system.cpu1@T_end+14073734558447600  :   JZ_I : rdip   t1, %ctrl153,  : IntAlu :  D=0x00007ffff7dd8da2
 533000: system.cpu0 T0 : @_end+140737345584476.2  :   JZ_I : wrip   , t1, t2   : IntAlu : 
 533500: system.cpu0 T0 :  507000: @yT0    : movzx	edx, DS:[r15 + 0x4] 
 533500: system.cpu0 T0 :  507000: @yT0    : movzx	edx, DS:[r15 + 0x4] 
 508500: system.cpu1 T0 :  535000: system.cpu0 T0 : @_end+140737345584501    : cmp	al, 0xa               
 508500: system.cpu1 T0 :  535000: system.cpu0 T0 : @_end+140737345584501    : cmp	al, 0xa               
 536000: system.cpu0 T0 : @_end+140737345584491    : add	rax, DS:[rip + 0x224c26]
 536000: system.cpu0 T0 : @_end+140737345584491    : add	rax, DS:[rip + 0x224c26]
 509000: system.cpu1 T0 : @_end+140737345584501.1  :   CMP_R_I : sub   t0b, dl, t1b : IntAlu :  D=536000: system.cpu0ld1T0 : 
 536000: system.cpu0 T0 : @_end+140737345584491    : add	rax, DS:[rip + 0x224c26]
 509000: system.cpu1 T0 : @_end+140737345584501.1  :   CMP_R_I : sub   t0b, dl, t1b : IntAlu :  D=536000: system.cpu0ld1T0 : 
 536500: system.cpu0 T0 : @_end+140737345584491.1  :   ADD_R_P : ld   t1, DS:[t7 + 0x224c26] : MemRead :  D=0x00007ffff7dd7000 A=0x7ffff7ffd9d8
 537500: system.cpu0 T0 : @_end+140737345584498    : and	eax, 0xf              
 537500: system.cpu0 T0 : @_end+140737345584498    : and	eax, 0xf              
 538000: system.cpu0 T0 : @_end+140737345584498.1  :   AND_R_I : and   edx, edx, t1d : IntAlu :  D=0x0000000000000000
 538500: system.cpu0 T0 : @_end+140737345584501    : cmp	al, 0xa                 538500: system.cpu0 T0 : @_end+140737345584501    : cmp	al, 0xa                512000: system.cpu1 T0 : @_end+140737345584510.1  :   SUB_R_I : sub   rbx, rbx, t1 : IntAlu :  D=0x0000000000000000
 539000: system.cpu0 T0 : @_end+140737345584501.1  :   CMP_R_I : sub   t0b, dl, t1b : IntAlu :  D=0x0000000000000001
 539500: system.cpu0 T0 : @_end+140737345584504    : jz	0xa2                   
 539500: system.cpu0 T0 : @_end+140737345584504    : jz	0xa2                   
 539500: system.cpu0 T0 : @_end+140737345584504.0  :   JZ_I : rdip   t1, %ctrl153,  : IntAlu :  D=0x00007ffff7dd8dbe
 540000: system.cpu0 T0 : @_end+140737345584504.1  :   JZ_I : limm   t2, 0xa2   : IntAlu :  D=0x00000000000000a2
 541500: system.cpu0 T0 : @_end+140737345584510    : sub	rax, 0x6              
 541500: system.cpu0 @0_end+140737345584520    : movsxd	rdx, DS:[4*rbx + r8]
 515000: system.cpu0 @0_end+140737345584520    : movsxd	rdx, DS:[4*rbx + r8]
 542500: system.cpu0 T0 : @_end+140737345584514    : cmp	rax, 0x1e             
 5   : _end+140737345584524system.cpu0    T0add	rdx, r8              
 516000: nd+140737345584524system.cpu0    T0add	rdx, r8              
 543500: system.cpu0 T0 : @_end+140737345584518    : jnbe	0x42                 
 543500: system.cpu0 T0 : @_end+140737345584518.0  :   JNBE_I : rdip   t1, %ctrl153,  : IntAlu :  D=0x00007ffff7dd8dc8
 545000: system.cpu0 T0 : @_end+140737345584520    : movsxd	rdx, DS:[4*rbx + r8]
 545000: system.cpu0 T0 : @_end+140737345584583    : mov	DS:[rcx], rax         
 545000: system.cpu0 T0 : @_end+140737345584583    : mov	DS:[rcx], rax         
 546000: system.cpu0 T0 : @_end+140737345584524.0  :   ADD_R_R : add   rdx, rdx, r8 : IntAlu :  D=0x0000000000000001
 547000: system.cpu0 T0 : @_end+140737345584527    : jmp	rdx                   
 547000: system.cpu0 T0 : 520000: system.cpu1 T0 : @_end+140737345584527. 0 :   JMP_R : wripi   , rdx, 0 : IntAlu : 
 547000: system.cpu0 T0 : 520000: system.cpu1 T0 : @_end+140737345584527. 0 :   JMP_R : wripi   , rdx, 0 : IntAlu : 
 547500: system.cpu0 T0 : @_end+140737345584579    : add	rax, DS:[r13 + 0x10]  
 547500: system.cpu0 T0 : @_end+140737345584590    : cmp	rsi, r13              
 547500: system.cpu0 T0 : @_end+140737345584590    : cmp	rsi, r13              
 549000: system.cpu0 T0 : @_end+140737345584583    : mov	DS:[rcx], rax         
 549000: system.cpu0 T0 : @_end+140737345584583    : mov	DS:[rcx], rax         
 549000: system.cpu0 T0 : @_end+140737345584583.0  :   MOV_M_R : st   rax, DS:[rcx] : MemWrite :  D=0x00007ffff7df0d40 A=0x7ffff7ffd018
 549500: system.cpu0 T0 : 523000: system.cpu1 T0 : @_end+140737345584586. 0 :   ADD_R_I : limm   t1, 0x18 : IntAlu :  D=0x0_end+1407373455
 549500: system.cpu0 T0 : 523000: system.cpu1 T0 : @_end+140737345584586. 0 :   ADD_R_I : limm   t1, 0x18 : IntAlu :  D=0x0_end+1407373455
 551000: system.cpu0 T0 : @_end+140737345584590    : cmp	rsi, r13              
 551000: system.cpu0 T0 : @_end+140737345584590    : cmp	rsi, r13              
 523500: system.cpu0 T0 : @_end+140737345584590    : cmp	rsi, r13              
 551000: system.cpu0 T0 : @_end+140737345584590.0  :   CMP_R_R : sub   t0, rsi, r13 : IntAlu :  D=0x0000000000000000
 551500: system.cpu0 T0 : @_end+140737345584593    : jnbe	0xffffffffffffff61   
 524500: system.cpu1 T0 : 551500: system.cpu0 T0 : @@ : add	rcx, DS:[r13]         0 524500: system.cpu1 T0 : 551500: system.cpu0 T0 : @@ : add	rcx, DS:[r13]         0  JNBE_I : rdip   t1, %ctrl153,  : IntAlu :  D=0x00007ffff7dd8e17
 553000: system.cpu0 T0 : @_end+140737345584440    : mov	rax, DS:[r13 + 0x8]   
 553000: system.cpu0 T0 : @_end+140737345584454    : mov	ebx, eax              
 553500: system.cpu0 T0 : @_end+140737345584444    : mov	rcx, r14              
 553500: system.cpu0 T0 : @_end+140737345584444    : mov	rcx, r14              
 554500: system.cpu0 T0 :  5270 @: _end+140737345584447   tem.cpu1 T : add	rcx, DS:[r13]         
 554500: system.cpu0 T0 :  5270 @: _end+140737345584447   tem.cpu1 T : add	rcx, DS:[r13]         
 555000: system.cpu0 T0 : @_end+140737345584447.1  :   ADD_R_M : add   rcx, rcx, t1 : IntAlu :  D=0x0000000000000000
  556500: system.cpu0 TT0 : @_end+140737345584471.0  :   JZ_I : rdip   t1, %ctrl153,  : IntAlu :  D=0x00007ffff7dd8d99
 557000: system.cpu0 T0 :       @system.cpu1 _end+1407373455844600 : test	rbx, rbx             
 557000: system.cpu0 T0 :       @system.cpu1 _end+1407373455844600 : test	rbx, rbx             
 559500: system.cpu0 T0 : @_end+140737345584471    : jz	0x71              5    : 559500: system.cpu0 T0 : @_end+140737345584471    : jz	0x71              5    : system.cpu1                T0 : @_end+140737345584476.2  :   JZ_I : wrip   , t1, t2   : IntAlu : 
 533500: system.cpu1 T0 :  560000: system.cpu01 T0 :  : movzx	edx, DS:[r15 + 0x4] 
 533500: system.cpu1 T0 :  560000: system.cpu01 T0 :  : movzx	edx, DS:[r15 + 0x4] 
 561000: system.cpu0 T0 : @_end+140737345584473    : test	r15, r15             
 561000: system.cpu0 T0 : @_end+140737345584473.0  :   TEST_R_R : and   t0, r15, r15 : IntAlu :  D=0x00system.cpu1000: limm   t2
 561000: system.cpu0 T0 : @_end+140737345584473.0  :   TEST_R_R : and   t0, r15, r15 : IntAlu :  D=0x00system.cpu1000: limm   t2
 535000: system.cpu1 T0 : 562000: system.cpu0 T0 : @_end+140737345584487. 0 :   MOV_R_M : ld   rax, DS:[r15 + 0x8] : MemRead : @0x_end+140737345584476    A=0x7ffff7dd74b8
 535000: system.cpu1 T0 : 562000: system.cpu0 T0 : @_end+140737345584487. 0 :   MOV_R_M : ld   rax, DS:[r15 + 0x8] : MemRead : @0x_end+140737345584476    A=0x7ffff7dd74b8
 562000: system.cpu0 T0 : @_end+140737345584476.0  :   JZ_I : rdip   t1, %ctrl153,  : IntAlu 536000: 0xsystem.cpu100000000000007f T
 562000: system.cpu0 T0 : @_end+140737345584476.0  :   JZ_I : rdip   t1, %ctrl153,  : IntAlu 536000: 0xsystem.cpu100000000000007f T
 563500: system.cpu0 T0 : @_end+140737345584482    : movzx	edx, DS:[r15 + 0x4] 
 563500: system.cpu0 T0 : @_end+140737345584482    : movzx	edx, DS:[r15 + 0x4] 
 564000: system.cpu0 T0 : @_end+140737345584482.1  :   MOVZX_B_R_M : zexti   edx, t1d, 0x7 : IntAlu :  D=0x0000000000000022
 538000: system.cpu1 T0 :  565000: system.cpu0 T0 : @_end+140737345584498.1  :   AND_R_I : and   edx, edx, t1d : IntAlu :  D=0x0000000000000000
 538000: system.cpu1 T0 :  565000: system.cpu0 T0 : @_end+140737345584498.1  :   AND_R_I : and   edx, edx, t1d : IntAlu :  D=0x0000000000000000
 565000: system.cpu0 T0 : @_end+140737345584487.0  :   MOV_R_M : ld   rax, DS:[r15 + 0x8] : MemRead :  D=0x0000000000019e40 A=0x7ffff7dd75d8
 538500: system.cpu1 T0 : 566000: system.cpu0 T0 : @_end+140737345584501. 0 :   CMP_R_I : limm   t1b, 0xa : IntAlu :  D=0x@_end+1407373455
 538500: system.cpu1 T0 : 566000: system.cpu0 T0 : @_end+140737345ub   t0b, dl, t1b : I : limm   t1b, 0xa : IntAlu :  D=0x@_end+1407373455
 567500: system.cpu0 T0 : @_end+140737345584498    : and	eax, 0xf              
 567500: system.cpu0 T0 : @_end+140737345584498    : and	eax, 0xf              
568000: system.cpu0                T0 : @_end+140737345584498.1  :   AND_R_I : and   edx, edx, t1d : IntAlu :  D=0x0000000000000000
 568500: system.cpu0 T0 : @_end+140737345584501    : cmp	al, 0xa               
 568500: system.cpu0 T0 : @_end+140737345584501    : cmp	al, 0xa               
 568500: system.cpu0 T0 : @_end+140737345584501.0  :   CMP_R_I : limm   t1b, 0xa : IntAlu :  D=0x000000000000000a
: system.cpu0 T0 : @_end+140737345584501.1  :   CMP_R_I : sub   t0b, dl, t1b : IntAlu :  D=0x0000000000000001
 569500: system.cpu0 T0 : @_end+140737345584504    : jz	0xa2                   
 569500: system.cpu0 T0 : @_end+140737345584504.0  :   JZ_I : rdip   t1, %ctrl153,  : IntAlu :  D=0x00007ffff7dd8dbe
 569500: system.cpu0 T0 : @_end+140737345584504.0  :   JZ_I : rdip   t1, %ctrl153,  : IntAlu :  D=0x00007ffff7dd8dbe
 543000: system.cpu1 T0 : @_end+140737345584514.1  :   CMP_R_I : sub   t0, rbx, t1 : IntAlu :  570000: system.cpu0  0 : 0x0000000000000001
 569500: system.cpu0 T0 : @_end+140737345584504.0  :   JZ_I : rdip   t1, %ctrl153,  : IntAlu :  D=0x00007ffff7dd8dbe
 543000: system.cpu1 T0 : @_end+140737345584514.1  :   CMP_R_I : sub   t0, rbx, t1 : IntAlu :  570000: system.cpu0  0 : 0x0000000000000001
 543500: system.cpu1 T0 : @_end+140737345584518    : jnbe	0x42 5               : 543500: system.cpu1 T0 : @_end+140737345584518    : jnbe	0x42 5               : system.cpu0 T0 : @_end+140737345584504.2  :   JZ_I : wrip   , t1, t2   : IntAlu : 
 571500: system.cpu0 T0 : @_end+140737345584510   544sub: s    
 571500: system.cpu0 T0 : @_end+140737345584510   544sub: s    
 571500: system.cpu0 T0 : @_end+140737345584510.0  :   SUB_R_I : limm   t1, 0x6 : IntAlu :  D=0x0000000000000006
 573500 546000: system.cpu0 T0T0 : @_end+140737345584518@0  :+140737345584524.  JNBE_I : rdip   t1, %ctrl153,  : IntAlu :   ADD_R_R : add   rdx, rdx, r8 D=IntAlu :  D=0x0x0000000000000001
 573500 546000: system.cpu0 T0T0 : @_end+140737345584518@0  :+140737345584524.  JNBE_I : rdip   t1, %ctrl153,  : IntAlu :   ADD_R_R : add   rdx, rdx, r8 D=IntAlu :  D=0x0x0000000000000001
 547000: system.cpu1 T0 :  574000: system.cpu0 T0 : _end+140737345584527    : jmp	rdx                   
 547000: system.cpu1 T0 :  574000: system.cpu0 T0 : _end+140737345584527    : jmp	rdx                   
 574500: system.cpu0 T0 : @_end+140737345584518.2  :   JNBE_I : wrip   , t1, t2 : IntAlu : 
 575000: system.cpu0 T0 : @_end+140737345584520    : movsxd	rdx, DS:[4*rbx + r8]
 575000: system.cpu0 T0 : @_end+140737345584579.0  :   ADD_R_M : ld   t1, DS:[r13 + 0x10] : MemRead :  D=0x0000000000000000 A=0x7ffff7dd7a08
 575500: system.cpu0 T0 : @_end+140737345584520.1  :   MOVSXD_R_M : sexti   rdx, t1, 0x1f : IntAlu :  D=0xfffffffffffe3663
 549000: system.cpu1 T0 : 576000: system.cpu0 T0 : @_end+140737345584583    : mov	DS:[rcx], rax         
 549000: system.cpu1 T0 : 576000: system.cpu0 T0 : @_end+140737345584583    : mov	DS:[rcx], rax         
8ca00: system.cpu0 T0 : @_end+140737345584524.0  :   ADD_R_R : add   rdx, rdx, r8 : IntAlu :  D=0x0000000000000001
 577000: system.cpu0 T0 : @_end+140737345584527.0  :   JMP_R : wripi   , rdx, 0 : IntAlu : 
 577500: system.cpu0 T0     : : system.cpu1 T0 : @_end+140737345584579.@  _end+140737345584590   DS:[r13 + 0x10] : MemRead :  :  D=	rsi, r13             
system.cpu0 T0 : @_end+140737345584583.0  :   MOV_M_R : st   rax, DS:[rcx] : MemWrite :  D=0x00007ffff7df0e40 A=0x7ffff7ffd020
 579500: system.cpu0 T0 : @_end+140737345584586    : add	rax, 0x18             
@_end+140737345584440    : mov	rax, DS:[r13 + 0x8]    @_end+140737345584440    : mov	rax, DS:[r13 + 0x8]    579500: system.cpu0 T0 : @_end+140737345584586.0  :   ADD_R_I : limm   t1, 0x18 : IntAlu :  D=0x0000000000000018
 553500: system.cpu15T1000 m0 : system.cpu0 T0 : @_end+140737345584444. 0 :   MOV_R_R : mov   rcx, rcx, r14 : @             0      ff7dd7000
 553500: system.cpu15T1000 m0 : system.cpu0 T0 : @_end+140737345584444. 0 :   MOV_R_R : mov   rcx, rcx, r14 : @             0      ff7dd7000
 581000: system.cpu0 T0 : @_end+140737345584590.0  :   CMP_R_R : sub   t0, rsi, r13 : IntAlu :  D=0x0000000000000000
 581500: system.cpu0 T0 : 554500: system.cpu1 T0 : @_end+140737345584593    : jnbe	0xffffffffffffff61   
 581500: system.cpu0 T0 : 554500: system.cpu1 T0 : @_end+140737345584593    : jnbe	0xffffffffffffff61   
 582000: system.cpu0 T0 : @_end+140737345584593.1  :   JNBE_I : limm   t2, 0xffffffffffffff61 : IntAlu :  D=0xffffffffffffff61
 583000: system.cpu0 T0 :  556000: system.cpu1 T0_end+140737345584440    :  : 	rax, DS:[r13 + 0x8]   
 583000: system.cpu0 T0 :  556000: system.cpu1 T0_end+140737345584440    :  : 	rax, DS:[r13 + 0x8]   
 583500: system.cpu0 T0 : @_end+140737345584444    : mov	rcx, r1400000000000000
 583500: system.cpu0 T0 : @_end+140737345584444    : mov	rcx, r1400000000000000
 584500: system.cpu0 T0 :  557000: system.cpu1 T0 : @_end+140737345584447    : add	rcx, DS:[r13]000000000
 584500: system.cpu0 T0 :  557000: system.cpu1 T0 : @_end+140737345584447    : add	rcx, DS:[r13]000000000
 585500: system.cpu0 T0 : @_end+140737345584451    : mov	rdx, rax00000000000000
 585500: system.cpu0 T0 : @_end+140737345584451.00 :   MOV_R_R : mov   rdx, rdx, rax : IntAlu :  D=0x0000000f00000007
 586000: system.cpu0 T0 : @_end+140737345584454    : mov	ebx, eax00000000000000
0x00007ffff7dd75d050x00007ffff7dd75d0586000  : system.cpu0 T0 : @_end+140737345584454. 0 :   MOV_R_R : mov   ebx, ebx, eax : IntAlu :  D=0x0000000000000007
 586500: system.cpu0 T0 : @_end+140737345584456    : shr	rdx, 0x20             
 587000: system.cpu0 T0 :  test	rbx, rbx             
 587000: system.cpu0 T0 : @_end+140737345584460.0  :   TEST_R_R : and   t0, rbx, rbx : IntAlu :  D=0x0000000000000000
 588500: system.cpu0 T0 : @_end+140737345584467    : lea	r15, DS:[8*rdx + rdi] 
 588500: system.cpu0 T0 : @_end+140737345584476.0  :   JZ_I : rdip   t1, %ctrl153,  : IntAlu :  D=0x00007ffff7dd8da2
 588500: system.cpu0 T0 : @_end+140737345584467.0  :   LEA_R_M : lea   r15, DS:[8*rdx + rdi] : IntAlu :  D=0x00007ffff7dd74f8
 589500: system.cpu0 T0 : @_end+140737345584471    : jz	0x71                   
 589500: system.cpu0 T0 : @_end+140737345584471    : jz	0x71                   
 590500: system.cpu0 T0 : @_end+140737345584471.2  :   JZ_I : wrip   , t1, t2   : IntAlu : 
 590500: system.cpu0 T0 : @_end+140737345584471.2  :   JZ_I : wrip   , t1, t2   : IntAlu : 
 591000: system.cpu0 T0 : @_end : IntAlu :  D=0x0000000000000000
 592000: system.cpu0 T0 : @_end+140737345584476.0  :   JZ_I : rdip   t1, %ctrl153,  : IntAlu :  D=0x00007ffff7dd8da2
0 : @_end+140737345584491.1  :   ADD_R_P : ld   t1, DS:[t7 + 0x224c26] : MemRead :  592500: system.cpu0 140737351872512  : 7ffff7ffd9d8
0 : @_end+140737345584491.1  :   ADD_R_P : ld   t1, DS:[t7 + 0x224c26] : MemRead :  592500: system.cpu0 140737351872512  : 7ffff7ffd9d8
 567500: system.cpu1 T0 :  593500: system.cpu0 T0 : @_end+140737345584498.0  :   AND_R_I : limm   t1d, 0xf : IntAlu :  D=0x000000000000000f
 567500: system.cpu1 T0 :  593500: system.cpu0 T0 : @_end+140737345584498.0  :   AND_R_I : limm   t1d, 0xf : IntAlu :  D=0x000000000000000f
0 :  593500: system.cpu0 T0 : @_end+140737345584498.1  :   AND_R_I : and   edx, edx, t1d : IntAlu :  D=0x@00000000000000004482.00 :  593500: system.cpu0 T0 : @_end+140737345584498.1  :   AND_R_I : and   edx, edx, t1d : IntAlu :  D=0x@00000000000000004482.00 :   MOVZX_B_R_M : ld   t1b, DS:[r15 + 0x4] : MemRead :  D=0x00007ffff7dd8d22 A=0x7ffff7dd74fc
 594000: system.cpu0 T0 : @_end+140737345584482.1  :   MOVZX_B_R_M : zexti   edx, t1d, 0x7 : IntAlu :  D=0x0000000000000022
 594000: system.cpu0 T0 : @_end+140737345584482.1  :   MOVZX_B_R_M : zexti   edx, t1d, 0x7 : IntAlu :  D=0x0000000000000022
 595000: system.cpu0 T0 : @_end+140737345584487    : mov	rax, DS:[r15 + 0x8]   
 595000: system.cpu0 T0 : @_end+140737345584487    : mov	rax, DS:[r15 + 0x8]   
 595000: system.cpu0 T0 : @_end+140737345584487.0  :   MOV_R_M : ld   rax, DS:[r15 + 0x8] : MemRead :  D=0x0000000000019e50 A=0x7ffff7dd7500
 595000: system.cpu0 T0 : @_end+140737345584487.0  :   MOV_R_M : ld   rax, DS:[r15 + 0x8] : MemRead :  D=0x0000000000019e50 A=0x7ffff7dd7500
 597500: system.cpu0 T0 : @_end+140737345584498    : and	eax, 0xf              
 597500: system.cpu0 T0 : @_end+140737345584498    : and	eax, 0xf              
 598500: system.cpu0 T0 :  573500: system.cpu1 T0 : @_end+140737345584501    : cmp	al, 0xa               
 598500: system.cpu0 T0 :  573500: system.cpu1 T0 : @_end+140737345584501    : cmp	al, 0xa               
 598500: system.cpu0 T0 : @_end+140737345584501.0  :   CMP_R_I : limm   t1b, 0xa : IntAlu :  D=0x000000000000000a
 598500: system.cpu0 T0 : @_end+140737345584501.0  :   CMP_R_I : limm   t1b, 0xa : IntAlu :  D=0x000000000000000a
 599500: system.cpu0 T0 : @_end+140737345584504    : jz	0xa2                   
 599500: system.cpu0 T0 : @_end+140737345584504    : jz	0xa2                   
 575000: system.cpu1 T0 :  600000: system.cpu0 T0 : d+140737345584520    : movsxd	rdx, DS:[4*rbx + r8]
 575000: system.cpu1 T0 :  600000: system.cpu0 T0 : d+140737345584520    : movsxd	rdx, DS:[4*rbx + r8]
 600500: system.cpu0 T0 : @_end+140737345584504.2  :   JZ_I : wrip   , t1, t2   : IntAlu : 
 601500: system.cpu0 T0 : @_end+140737345584510    : sub	rax, 0x6              
 601500: system.cpu0 T0 : @_end+140737345584510    : sub	rax, 0x6              
 601500: system.cpu0 T0 : @_end+140737345584510    : sub	rax, 0x6              
 601500: system.cpu0 T0 : @_end+140737345584510.0  :   SUB_R_I : limm   t1, 0x6 : IntAlu :  D=0x0000000000000006
 602500: system.cpu0 T0 : @_end+140737345584514    : cmp	rax, 0x1e             
 602500: system.cpu0 T0 : @_end+140737345584527.0  :   JMP_R : wripi   , rdx, 0 : IntAlu : 
 603500: system.cpu0 T0 : @_end+140737345584518    : jnbe	0x42                 
 603500: system.cpu0 T0 : @_end+140737345584518    : jnbe	0x42                 
 604000: system.cpu0 T0 :  579000: @ _end+140737345584518.T1  :   JNBE_I : limm   t2, 0x42t : IntAlu :  D=0x0000000000000042
 604000: system.cpu0 T0 :  579000: @ _end+140737345584518.T1  :   JNBE_I : limm   t2, 0x42t : IntAlu :  D=0x0000000000000042
 605000: system.cpu0 T0 : @_end+140737345584520    : movsxd	rdx, DS:[4*rbx + r8]
 605000: system.cpu0 T0 : @_end+140737345584520.0  :   MOVSXD_R_M : ld   t1d, DS:[4*rbx + r8] : MemRead :  D=0x00000000fffe3663 A=0x7ffff7df57a4
system.cpu0 T0 : @_end+140737345584524    : add	rdx, r8               
 606000: system.cpu0 T0 : @_end+140737345584590    : cmp	rsi, r13              
 581000: system.cpu0 T0 : @_end+140737345584590    : cmp	rsi, r13              
 607000: system.cpu0 T0 : @_end+140737345584593.0  :   JNBE_I : rdip   t1, %ctrl153,  : IntAlu :  D=0x00007ffff7dd8e17
 607000: system.cpu0 T0 : @_end+140737345584527.0  :   JMP_R : wripi   , rdx, 0 : IntAlu : 
 607500: system.cpu0 T0 : @_end+140737345584579    : add	rax, DS:[r13 + 0x10]  
 607500: system.cpu0 T0 : @_end+140737345584579    : add	rax, DS:[r13 + 0x10]  
 607500: system.cpu0 T0 : @_end+140737345584579.0  :   ADD_R_M : ld   t1, DS:[r13 + 0x10] : MemRead :  D=0x0000000000000000 A=0x7ffff7dd7a38
 608000: system.cpu0 T0 : @_end+140737345584579.1  :   ADD_R_M : add   rax, rax, t1 : IntAlu :  D=0x0000000000000000
 609000: system.cpu0 T0 : @_end+140737345584583    :  ov	DS:: cx], rax     sys 
 609000: system.cpu0 T0 : @_end+140737345584583    :  ov	DS:: cx], rax     sys 
 609500: system.cpu0 T0 : @_end+140737345584586    : add	rax, 0x18             
 609500: system.cpu0 T0 : @_end+140737345584447    : add	rcx, DS:[r13]         
 584500: system.cpu0 T0 : @_end+140737345584447    : add	rcx, DS:[r13]         
 585500: system.cpu1 T0 :       @: system.cpu0345584451t1 : IntAlu T0 : rdx, rax              
 585500: system.cpu1 T0 :       @: system.cpu0345584451t1 : IntAlu T0 : rdx, rax              
 611000: system.cpu0 T0 : @_end+140737345584451.0  :   MOV_R_R : mov   rdx, rdx, rax : IntAlu :  D=0x0000000f00000007
 611000: system.cpu0 T0 : @_end+140737345584590.0  :   CMP_R_R : sub   t0, rsi, r13 : IntAlu :  D=0x0000000000000000
 611500: system.cpu0 T0 : @_end+140737345584593.0  :   JNBE_I : rdip   t1, %ctrl153,  : IntAlu :  D=0x00007ffff7dd8e17
 612000: system.cpu0 T0 : @_end+140737345584593.1  :   JNBE_I : limm   t2, 0xffffffffffffff61 : IntAlu :  D=0xffffffffffffff61
 613000: system.cpu0 T0     : : system.cpu1 T0 : @_end+140737345584440_en : 40737345584460.0 v	rax, DS:[r13 + 0x8]   6
 613000: system.cpu0 T0     : : system.cpu1 T0 : @_end+140737345584440_en : 40737345584460.0 v	rax, DS:[r13 + 0x8]   6
 588500: system.cpu1 T0 :  614500: system.cpu0 T0 : @_end+140737345584467.0  :   LEA_R_M : lea   r15, DS:[8*rdx + rdi] : IntAlu :  D=0x@0007ffff7dd74f8
 588500: system.cpu1 T0 :  614500: system.cpu0 T0 : @_end+140737345584467.0  :   LEA_R_M : lea   r15, DS:[8*rdx + rdi] : IntAlu :  D=0x@0007ffff7dd74f8
 614500: system.cpu0 T0 : @_end+140737345584447.0  :   ADD_R_M : ld   t1, DS:[r13] : MemRead :  D=0x0000000000226030 A=0x7ffff7dd7a40
 615500: system.cpu0 T0 : @_end+140737345584451    : mov	rdx, rax              
 615500: system.cpu0 T0 : @_end+140737345584451    : mov	rdx, rax              
 616000: system.cpu0@T_end+140737345584473    : test	r15, r15             
 616500: system.cpu0 T0 : @_end+140737345584456    : shr	rdx, 0x20             
 616500: system.cpu0 @0_end+140737345584476    : jz	0xae                   
 616500: system.cpu0 @0_end+140737345584476    : jz	0xae                   
 617000: system.cpu0 T0 : @_end+140737345584460    : test	rbx, rbx             
 617000: system.cpu0 T0 : @_end+140737345584460    : test	rbx, rbx             
 618000: system.cpu0 T0 : @_end+140737345584463    : lea	rdx, DS:[2*rdx + rdx] 
 618  @system.cpu0345584482    T movzx	edx, DS:[r15 + 0x4] 
 593500: stem.cpu0345584482    T movzx	edx, DS:[r15 + 0x4] 
 618500: system.cpu0 T0 : @_end+140737345584467    : lea	r15, DS:[8*rdx + rdi] 
 618500: system.cpu0 T0 : @_end+140737345584467.0  :   LEA_R_M : lea   r15, DS:[8*rdx + rdi] : IntAlu :  D=0x00007ffff7dd7450
 619500: system.cpu0 T0 : @_end+140737345584471    : jz	0x710000000000000000000
0 :  619500: system.cpu0 T0 : @_end+140737345584487    : mov	rax, DS:[r15 + 0x8]000
 595000: 00: system.cpu0 T0 : @_end+140737345584487    : mov	rax, DS:[r15 + 0x8]000
 620500: system.cpu0000000000000000 T0 : @_end+140737345584471.20 :   JZ_I : wrip   , t1, t200 : IntAlu : 
 596500: system.cpu1 T0 : @_end+140737345584491.10 :  621000  system.cpu0d   t1, DS:[t7 + 0x224c26] w : MemRead T  : 0x00007ffff7dd7000 A=0x7ffff7ffd9d8
 596500: system.cpu1 T0 : @_end+140737345584491.10 :  621000  system.cpu0d   t1, DS:[t7 + 0x224c26] w : MemRead T  : 0x00007ffff7dd7000 A=0x7ffff7ffd9d8
system.cpu0 T0 : @_end+140737345584476    : jz	0xae0000000000000000000
 598500 623500system.cpu1 system.cpu0 00 :  : @_end+140737345584501. 0 :   CMP_R_I : limm   t1b, 0xa : @ntAlu :  D=_end+140737345584482000 : movzx	edx, DS:[r15 + 0x4]0
 598500 623500system.cpu1 system.cpu0 00 :  : @_end+140737345584501. 0 :   CMP_R_I : limm   t1b, 0xa : @ntAlu :  D=_end+140737345584482000 : movzx	edx, DS:[r15 + 0x4]0
 623500: system.cpu0 T0 : @_end+140737345584501.1  :   CMP_R_I : sub   t0b, dl, t1b : IntAlu :  D=0x0000000000000001
 623500: system.cpu0 T0 : @_end+140737345584501.1  :   CMP_R_I : sub   t0b, dl, t1b : IntAlu :  D=0x0000000000000001
 600000: system.cpu1 T0 :  625000: system.cpu0 T@ : d+140737345584504.1  :   JZ_I : limm   t2, 0xa2   : IntAlu :  D=0x00000000000000a2
 600000: system.cpu1 T0 :  625000: system.cpu0 T@ : d+140737345584504.1  :   JZ_I : limm   t2, 0xa2   : IntAlu :  D=0x00000000000000a2
 625000: system.cpu0 T0 : @_end+140737345584504.2  :   JZ_I : wrip   , t1, t2   : IntAlu : 
 625000: system.cpu0 T0 : @_end+140737345584504.2  :   JZ_I : wrip   , t1, t2   : IntAlu : 
 626000: system.cpu0 T0 : @_end+140737345584491.0  :   ADD_R_P : rdip   t7, %ctrl153,  : IntAlu :  D=0x00007ffff7dd8db2
 626500: system.cpu0 T0 : @_end+140737345584491.1  :   ADD_R_P : ld   t1, DS:[t7 + 0x224c26] : MemRead :  D=0x00007ffff7dd7000 A=0x7ffff7ffd9d8
 627000: system.cpu0 T0 : @_end+140737345584491.2  :   ADD_R_P : add   rax, rax, t1 : IntAlu :  D=0x0000000000000000
 627500: system.cpu0 T0 : @_end+140737345584498    : and	eax, 0xf              
 627500: system.cpu0 T0 : @_end+140737345584498    : and	eax, 0xf              
 627500: system.cpu0 T0 : @_end+140737345584498.0  :   AND_R_I : limm   t1d, 0xf : IntAlu :  D=0x000000000000000f
628000: system.cpu0                T0 : @_end+140737345584498.1  :   AND_R_I : and   edx, edx, t1d : IntAlu :  D=0x0000000000000000
 628500: system.cpu0 T0 : @_end+140737345584501    : cmp	al, 0xa               
 628500: system.cpu0 T0 : @_end+140737345584501    : cmp	al, 0xa               
 629500: system.cpu0 T0 : @_end+140737345584504    : jz	0xa2                   
 629500: system.cpu0 T0 : @_end+140737345584520.0  :   MOVSXD_R_M : ld   t1d, DS:[4*rbx + r8] : MemRead :  D=0x00000000fffe3663 A=0x7ffff7df57a4
 629500: system.cpu0 T0 : @_end+140737345584504.0  :   JZ_I : rdip   t1, %ctrl153,  : IntAlu :  D=0x00007ffff7dd8dbe
 630500: system.cpu0 T0 : @_end+140737345584504.2  :   JZ_I : wrip   , t1, t2   : IntAlu : 
 631500: system.cpu0 T0 : @_end+140737345584510    : sub	rax, 0x6              
 631500: system.cpu0 T0 : @_end+140737345584527    : jmp	rdx                   
 631500: system.cpu0 T0 : @_end+140737345584527    : jmp	rdx                   
 632000: system.cpu0 T0 : @_end+140737345584510.1  :   SUB_R_I : sub   rbx, rbx, t1 : IntAlu :  D=0x0000000000000000
 632500: system.cpu0 T0 : @_end+140737345584514    : cmp	rax, 0x1e             
0000000000000000 A=0x7ffff7dd7a38 0000000000000000 A=0x7ffff7dd7a38 632500: system.cpu0 T0 : @_end+140737345584514.00 :   CMP_R_I : limm   t1, 0x1e : IntAlu :  D=0x000000000000001e
 633500: system.cpu0 T0 : @_end+140737345584518    : jnbe	0x4200000000000000000
 633500: system.cpu0 T0 : @_end+140737345584518.00 :   JNBE_I : rdip   t1, %ctrl153,  : IntAlu :  D=0x00007ffff7dd8dc8
 609500: system.cpu1 T0 : @_end+140737345584586    : add	rax, 0x180000000000000  609500: system.cpu1 T0 : @_end+140737345584586    : add	rax, 0x180000000000000 634000: system.cpu0 T0 : @_end+140737345584518.10 :   JNBE_I : limm   t2, 0x42 : IntAlu :  D=0x0000000000000042
 635000: system.cpu0 T0 : @_end+140737345584520    : movsxd	rdx, DS:[4*rbx + r8]
 635000: system.cpu0 @0 :     : cmp	rsi, r1300000000000000
 611000: system.cpu0 @0 :     : cmp	rsi, r1300000000000000
 636000: system.cpu0 T0 :  612000: system.cpu1 T0 : @_end+140737345584524    : add	rdx, r8000000000000000
 636000: system.cpu0 T0 :  612000: system.cpu1 T0 : @_end+140737345584524    : add	rdx, r8000000000000000
 637000: system.cpu0 T0 : @_end+140737345584527    : jmp	rdx0000000000000000000
 637000: system.cpu0 T0 : @_end+140737345584527    : jmp	rdx0000000000000000000
 637500: system.cpu0 T0 : @_end+140737345584579    : add	rax, DS:[r13 + 0x10]00
 637500: system.cpu0 T0 : @_end+140737345584579    : add	rax, DS:[r13 + 0x10]00
 639000: system.cpu0 T0   4500: s stem.cpu14 : T0 : @_end+140737345584447.00 : @ ADD_R_M : ld   t1, DS:[r13]_end+140737345584583   MemRead : 	DS:[rcx], rax000000000  639000: system.cpu0 T0   4500: s stem.cpu14 : T0 : @_end+140737345584447.00 : @ ADD_R_M : ld   t1, DS:[r13]_end+140737345584583   MemRead : 	DS:[rcx], rax000000000 D=0x0000000000226030 A=0x7ffff7dd7a40
 639500: system.cpu0 T0 : @_end+140737345584586.00 :   ADD_R_I : limm   t1, 0x18 : IntAlu :  D=0x0000000000000018
 640000: system.cpu0 T0 : @_end+140737345584586.10 :   ADD_R_I : add   r13, r13, t1 : IntAlu :  D=0x0000000000000000
 641000: system.cpu0 T0 : @_end+140737345584590    : cmp	rsi, r1300000000000000
641000: system.cpu0000000000000000 T0 : @_end+140737345584590.00 :   CMP_R_R : sub   t0, rsi, r13 : IntAlu :  D=0x0000000000000000
00system.cpu0 T0 : @_end+140737345584593    : jnbe	0xffffffffffffff61000
00system.cpu0 T0 : @_end+140737345584593    : jnbe	0xffffffffffffff61000
 641500: system.cpu0 T0 : @_end+140737345584593.00 :   JNBE_I : rdip   t1, %ctrl153,  : IntAlu :  D=0x00007ffff7dd8e17
 619500: system.cpu1 T0 : 644500: system.cpu0 T0 : @_end+140737345584471.0  :   JZ_I : rdip   t1, %ctrl153,  : IntAlu :  D=0x00007ffff7dd8d99
 645500: system.cpu0 T0 : @_end+140737345583991    :  621000: system.cpu1                T0 : @_end+140737345584473    : lea	rdi, DS:[             
 645500: system.cpu0 T0 : @_end+140737345583991    :  621000: system.cpu1                T0 : @_end+140737345584473    : lea	rdi, DS:[             
 646000: system.cpu0 T0 : @_end+140737345583991.1  :  622000: system.cpu1                T0 :   LEA_R_P : lea   rdi, DS:[t7 + 0x224e1a] : IntAlu :  D=0x00007ffff7ffd9d8
 646000: system.cpu0 T0 : @_end+140737345583991.1  :  622000: system.cpu1                T0 :   LEA_R_P : lea   rdi, DS:[t7 + 0x224e1a] : IntAlu :  D=0x00007ffff7ffd9d8
 647500: system.cpu0 T0 : @_end+140737345583998.1  :   OR_P_I : rdip   t7b, %ctrl153,  : IntAlu :  D=0x00007ffff7dd8bc5
 647500: system.cpu0 T0 : @_end+140737345583998.1  :   OR_P_I : rdip   t7b, %ctrl153,  : IntAlu :  D=0x00007ffff7dd8bc5
 623500: system.cpu1 T0 : @_end+140737345584482.:  : tem.cpu0 T0 : MemRead :  D=0x00007ffff7dd8d22 A=0x7ffff7dd7454
 648500: system.cpu0 T0 : @_end+140737345583998.3  :   OR_P_I : or   t1b, t1b, t2b : IntAlu :  D=0x0000000000000000
 627000: system.cpu1 T0 :  650500: system.cpu0@T0end+140737345584491.2  :  :  : IntAlu :  D=0x0000000000000000
 652500: system.cpu0 T0 :  639000: system.cpu1 T0 : @_end+140737345584583    : mov	DS:[rcx], rax         @ 639000: system.cpu1                T0 : mov	rax, DS:[rdi + 0x298]
 653500: system.cpu0 T0 :       @_end+140737345624599   : testerax, r x      T      
 653500: system.cpu0 T0 :       @_end+140737345624599   : testerax, r x      T      
 654000:  641000system.cpu0 T0tem.cpu1 T0 : @_end+140737345584590    : .                         0  :   CMP_R_R : sub   t0, rsi, r13 : IntAlu :  D=0x0000000000000000
 654000:  641000system.cpu0 T0tem.cpu1 T0 : @_end+140737345584590    : .                         0  :   CMP_R_R : sub   t0, rsi, r13 : IntAlu :  D=0x0000000000000000
 654000: system.cpu06T15system.cpu1p T0 : @_end+140737345584593   @jnbe	0xffffffffffffff61.  
 655000: system.cpu0 T0 : @_end+140737345624602.2  :   JZ_I : wrip   , t1, t2   : IntAlu : 
 655500: system.cpu0 T0 : @_end+140737345624604    : mov	rcx, DS:[rax + 0x8]   
 655500: system.cpu0 T0 : @_end+140737345624604.0  :   MOV_R_M : ld   rcx, DS:[rax + 0x8] : MemRead :  D=0x00007ffff7dd72b0 A=0x7ffff7ffcea8
 656000: system.cpu0 T0 : @_end+140737345584599.1  :   JMP_I : limm   t2, 0xfffffffffffffd9b : IntAlu :  D=0xfffffffffffffd9b
 656500: system.cpu0 T0 : @_end+140737345624610    :  645500: system.cpu1                T0 : mov	DS:[rdi + 0x2ec], edx
 656500: system.cpu0 T0 : @_end+140737345624610    :  645500: system.cpu1                T0 : mov	DS:[rdi + 0x2ec], edx
 657500: system.cpu0 T0 : @_end+140737345624619.0  :  649000:   MOV_R_M : ld   es      : T0D= 0x0000000000000002 A=0x7ffff7dd72b4
 657500: system.cpu0 T0 : @_end+140737345624619.0  :  649000:   MOV_R_M : ld   es      : T0D= 0x0000000000000002 A=0x7ffff7dd72b4
 658500: system.cpu0 T0 : @_end+140737345624622    :  650000: system.cpu1                T0 : @_end+140737345584005    : lea	r8d, DS               
 658500: system.cpu0 T0 : @_end+140737345624622    :  650000: system.cpu1                T0 : @_end+140737345584005    : lea	r8d, DS               
 650500: system.cpu1 T0 :  659000: system.cpu0 T0 : @_end+140737345584005. 1 :   CALL_NEAR_I : rdip   t7, %ctrl153,  : IntAlu :  D=0x00007ffff7dd8bca
 T0 :  659000: system.cpu0 T0 : @_end+140737345584005.2  :   CALL_NEAR_I : stis   t7, SS:[rsp + 0xfffffffffffffff8] : MemWrite :  D=@_end+140737345624626.0007ffff7dd8bca A=0x0 : 7fffffffede8
 T0 :  659000: system.cpu0 T0 : @_end+140737345584005.2  :   CALL_NEAR_I : stis   t7, SS:[rsp + 0xfffffffffffffff8] : MemWrite :  D=@_end+140737345624626.0007ffff7dd8bca A=0x0 : 7fffffffede8
 659500: system.cpu0 T0 :       @000A_end+140737345624629    : T                         0 : jnz	0x66
 659500: system.cpu0 T0 :       @000A_end+140737345624629    : T                         0 : jnz	0x66
 660000: system.cpu0 T0 : @_end+140737345624629.1  :   JNZ_I : limm   t2, 0x66  : IntAlu :  D=0x0000000000000066
 660500: system.cpu0 T0 : @_end+140737345624629.2  :   JNZ_I : wrip   , t1, t2  : IntAlu : 
 661500: system.cpu0 T0 : @_end+140737345624631    : mov	DS:[rdi + 0x2f0], r8d 
 661500: system.cpu0 T0 : @_end+140737345624631.0  :   MOV_M_R : st   r8d, DS:[rdi + 0x2f0] : MemWrite :  D=0x0000000000000003 A=0x7ffff7ffdcc8
 662500: system.cpu0 T0 : @_end+140737345624638    : lea	r8, DS:[rcx + 0x10]   
 662500: system.cpu0 T0 : @_end+140737345624638.0  :   LEA_R_M : lea   r8, DS:[rcx + 0x10] : IntAlu :  D=0x00007ffff7dd72c0
 663000: system.cpu0 T0 : @_end+140737345624642    : add	eax, eax              
 663000: system.cpu0 T0 : @_end+140737345624642.0  :   ADD_R_R : add   eax, eax, eax : IntAlu :  D=0x0000000000000000
 663500: system.cpu0 T0 : @_end+140737345624644    : mov	ecx, DS:[rcx + 0xc]   
 663500: system.cpu0 T0 : @_end+140737345624644.0  :   MOV_R_M : ld   ecx, DS:[rcx + 0xc] : MemRead :  D=0x0000000000000008 A=0x7ffff7dd72bc
 664500: system.cpu0 T0 : @_end+140737345624647    : sub	rdx, rsi              
 664500: system.cpu0 T0 : @_end+140737345624647.0  :   SUB_R_R : sub   rdx, rdx, rsi : IntAlu :  D=0x0000000000000000
 665000: system.cpu0 T0 : @_end+140737345624650    : lea	rax, DS:[4*rax + r8]  
 665000: system.cpu0 T0 : @_end+140737345624650.0  :   LEA_R_M : lea   rax, DS:[4*rax + r8] : IntAlu :  D=0x00007ffff7dd72e0
 666000: system.cpu0 T0 : @_end+140737345624654    : mov	DS:[rdi + 0x2f8], r8  
 666000: system.cpu0 T0 : @_end+140737345624654.0  :   MOV_M_R : st   r8, DS:[rdi + 0x2f8] : MemWrite :  D=0x00007ffff7dd72c0 A=0x7ffff7ffdcd0
 667000: system.cpu0 T0 :  652500@_end+140737 T0 : @_end+140737345624592   mov	DS:[rdi + 0x300], raxm 667000: system.cpu0 T0 :  652500@_end+140737 T0 : @_end+140737345624592   mov	DS:[rdi + 0x300], raxmov	rax, DS:[rdi + 0x298] 
 667500: system.cpu0 T0 : @_end+140737345624668    : lea	rax, DS:[4*rdx + rax] 
 667500: system.cpu0 T0 : @_end+140737345624668    : lea	rax, DS:[4*rdx + rax] 
 668000: system.cpu0 T0 : @_end+140737345624672    :  654000: system.cpu1                T0 : mov	DS:[rdi + 0x2f4], ecx
 668000: system.cpu0 T0 : @_end+140737345624672    :  654000: system.cpu1                T0 : mov	DS:[rdi + 0x2f4], ecx
 669000: system.cpu0 T0 :  654500: system.cpu1 T0 : @_end+140737345624678    : @                         _end+140737345624602.1  :   JZ_I : limm   t2, 0x54   : IntAlu :  D=0x0000000000000054
 669000: system.cpu0 T0 :  654500: system.cpu1 T0 : @_end+140737345624678    : @                         _end+140737345624602.1  :   JZ_I : limm   t2, 0x54   : IntAlu :  D=0x0000000000000054
 669000: system.cpu0 T0 : @_end+140737345624602.2  :   JZ_I : wrip   , t1, t2   : IntAlu : 
 669500: system.cpu0                T0 : ret	
 670500: system.cpu0 T0 :  656500: system.cpu1 T0 : @_end+140737345624685.2  : @                         _end+140737345624610    : mov	DS:[rdi + 0x2ec], edx 
 656500: system.cpu0 T0 :  656500: system.cpu1 T0 : @_end+140737345624685.2  : @                         _end+140737345624610    : mov	DS:[rdi + 0x2ec], edx 
 671500: system.cpu0 T0 :  657000: system.cpu1 T0 : @_end+140737345584010    : @                         _end+140737345624616    : mov	eax, DS:[rcx + 0x8]   
 672000: system.cpu0 T0 : @_end+140737345584010.1  :   LEA_R_P : lea   rax, DS:[t7 + 0x224e07] : IntAlu :  D=0x00007ffff7ffd9d8
 672000: system.cpu0 T0 : @_end+140737345584010.1  :   LEA_R_P : lea   rax, DS:[t7 + 0x224e07] : IntAlu :  D=0x00007ffff7ffd9d8
 672500: system.cpu0 T0 :  mov	DS:[rip + 0x224e28], rax
 673000: system.cpu0 T0 : @_end+140737345584017.1  :  659500: system.cpu1                T0  MOV_P_R : st   rax, DS:[t7 + 0x224e28] : MemWrite :  D=0x00007ffff7ffd9d8 A=0x7ffff7ffda00
 673000: system.cpu0 T0 : @_end+140737345584017.1  :  659500: system.cpu1                T0  MOV_P_R : st   rax, DS:[t7 + 0x224e28] : MemWrite :  D=0x00007ffff7ffd9d8 A=0x7ffff7ffda00
 673500: system.cpu0 T0 : @_end+140737345624629.1  :   JNZ_I : limm   t2, 0x66  : IntAlu :  D=0x0000000000000066
 673500: system.cpu0 T0 : @_end+140737345624629.1  :   JNZ_I : limm   t2, 0x66  : IntAlu :  D=0x0000000000000066
 661500: system.cpu1 T0 :  675000: system.cpu0 T0 : @_end+140737345624631.0  :   MOV_M_R : st   r8d, DS:[rdi + 0x2f0] : MemWrite :  D=0x0000000000000003 A=0x7ffff7ffdcc8
 675000: system.cpu0 T0 : @_end+140737345584031.0  :   MOV_P_R : rdip   t7, %ctrl153,  : IntAlu :  D=0x00007ffff7dd8be6
 676500: system.cpu0 T0 : @_end+140737345584038    : lea	rax, DS:[rip + 0x22557b]
 676500: system.cpu0 T0 : @_end+140737345584038    : lea	rax, DS:[rip + 0x22557b]
 677000: system.cpu0 T0 : @_end+140737345584038.10 :   LEA_R_P : lea   rax, DS:[t7 + 0x22557b] : IntAlu :  D=0x00007ffff7ffe168
 677000: system.cpu0 T0 : @_end+140737345584038.10 :   LEA_R_P : lea   rax, DS:[t7 + 0x22557b] : IntAlu :  D=0x00007ffff7ffe168
 678000: system.cpu05    : mov	DS:[rip + 0x22512c], rax
 678500: system.cpu0 T0 : @_end+140737345584045.10 :   MOV_P_R : st   rax, DS:[t7 + 0x22512c] : MemWrite :  D=0x00007ffff7ffe168 A=0x7ffff7ffdd20
 679500: system.cpu0 T0 : @_end+140737345584052    : lea	rax, DS:[rip + 0x1cb95]
 680000: system.cpu0 T0 : @_end+140737345584052.10 :  667500: system.cpu1000000000000000 T0 :   LEA_R_P : lea   rax, DS:[t7 + 0x1cb95] : IntAlu :  D=0x00007ffff7df5790
 680000: system.cpu0 T0 : @_end+140737345584052.10 :  667500: system.cpu1000000000000000 T0 :   LEA_R_P : lea   rax, DS:[t7 + 0x1cb95] : IntAlu :  D=0x00007ffff7df5790
 681500: system.cpu0 T0 : @_end+140737345584059.10 :   MOV_P_R : st   rax, DS:[t7 + 0x225126] : MemWrite :  D=0x00007ffff7df5790 A=0x7ffff7ffdd28
 682000: system.cpu1sTstem.cpu0D T0 : @_end+140737345624678.00 :   MOV_M_R : st   rax, DS:[rdi + 0x308] : @000000 : 00000000 00000000x000 :  A=0x	00000000000000
 682000: system.cpu1sTstem.cpu0D T0 : @_end+140737345624678.00 :   MOV_M_R : st   rax, DS:[rdi + 0x308] : @000000 : 00000000 00000000x000 :  A=0x	00000000000000
 682000: system.cpu0 T0 : @_end+140737345584066.00 :   RDTSC : rdtsc   t1d, %ctrl26,  : IntAlu :  D=0x69system.cpu1 13640000000000000
 682000: system.cpu0 T0 : @_end+140737345584066.00 :   RDTSC : rdtsc   t1d, %ctrl26,  : IntAlu :  D=0x69system.cpu1 13640000000000000
 684000: system.cpu0 T0 : @_end+140737345584068    : lea	rsi, DS:[rip + 0x5d5] 
 684000: system.cpu0 T0 : @_end+140737345584068    : lea	rsi, DS:[rip + 0x5d5] 
 684500:      system.cpu0 T0 : @_end+140737345584068. 1 :  672000:                system.cpu1 T0 : @_end+140737345584010. 1 :   LEA_R_P : lea   rsi, DS:[t7 + 0x5d5]07] : IntAlu :  : 0xIntAlu : 7ffd9d8
 684500:      system.cpu0 T0 : @_end+140737345584068. 1 :  672000:                system.cpu1 T0 : @_end+140737345584010. 1 :   LEA_R_P : lea   rsi, DS:[t7 + 0x5d5]07] : IntAlu :  : 0xIntAlu : 7ffd9d8
 685000: system.cpu0 T0 : @_end+140737345584075.00 :   SAL_R_I : slli   rdx, rdx, 0x20 : IntAlu :  D=0x0000000000000000
 686000: system.cpu0 T0 : @_end+140737345584079    : mov	eax, eax00000000000000
 686000: system.cpu0 584017.10 :   MOV_P_R : st   rax, DS:[t7 + 0x224e28] : MemWrite :  D=0x00007ffff7ffd9d8 A=0x7ffff7ffda00
 686000: system.cpu0 T0 : @_end+140737345584079    : mov	eax, eax00000000000000
 686500: system.cpu0 T0 :  674000: system.cpu1 T0 : @_end+140737345584081    : or	rax, rdx000000000000000
 686500: system.cpu0 T0 :  674000: system.cpu1 T0 : @_end+140737345584081    : or	rax, rdx000000000000000
 686500: system.cpu0 T0 : @_end+140737345584081.00 :   OR_R_R : or   rax, rax, rdx : IntAlu :  D=0x0000000000000000
 675000687000: system.cpu0:Tsystem.cpu1 T0 : @_end+140737345584084   @: ,_end+140737345584031    : mov	DS:[rip + 0x225132], rax
 675000: system.cpu1 .cpu0:Tsystem.cpu1 T0 : @_end+140737345584084   @: ,_end+140737345584031    : mov	DS:[rip + 0x225132], rax
 687000: system.cpu0 T0 : @_end+140737345584031.00 :   MOV_P_R : rdip   t7, %ctrl153,  : IntAlu :  D=0x00007ffff7dd8be6
 688000: system.cpu0 T0 : @_end+140737345584087    :  676500: system.cpu1000000000000000 T0 : mov	DS:[rip + 0x224252], rbp
 688000: system.cpu0 T0 : @_end+140737345584087    :  676500: system.cpu1000000000000000 T0 : mov	DS:[rip + 0x224252], rbp
 688500: system.cpu0 T0 : @_end+140737345584087.1  :  678000: system.cpu1                T0 :   MOV_P_R : st   rbp, DS:[t7 + 0x224252] : MemWrite :  D=0x00007fffffffee50 A=0x7ffff7ffce70
 688500: system.cpu0 T0 : @_end+140737345584087.1  :  678000: system.cpu1                T0 :   MOV_P_R : st   rbp, DS:[t7 + 0x224252] : MemWrite :  D=0x00007fffffffee50 A=0x7ffff7ffce70
@_end+140737345584094    :  678500: system.cpu1                mov	DS:[rip + 0x224d83], rax0 689500: system.cpu04    :  678500: system.cpu1                mov	DS:[rip + 0x224d83], rax0 : @_end+140737345584045.1  :   MOV_P_R : st   rax, DS:[t7 + 0x22512c] : MemWrite :  D=0x00007ffff7ffe168 A=0x7ffff7ffdd20
 681000: system.cpu1 T0 :  691000: system.cpu0 @1_end+140737345584059    : mov	DS:[rip + 0x225126], rax
 691000: system.cpu0 T0 : @_end+140737345584101.0  : 
 691000: system.cpu0 T0 : @_end+140737345584101.0  :   CALL_NEAR_I : limm   t1, 0x17956 : IntAlu :  D=0x0000000000017956
 681500: system.cpu1 T0 : @_end+140737345584059.1  :   MOV_P_R : st   rax, DS:[t7 + 0x225126] : MemWrite :  D=691500: 0xstem.cpu0    14073735199 T0 : 7ffff7ffdd28
 693500: system.cpu0 T0 : @_end+140737345680704    : push	r15000000000000000000
 693500: system.cpu0 T0 : @_end+140737345680704.00 :   PUSH_R : stis   r15, SS:[rsp + 0xfffffffffffffff8] : MemWrite :  D=0x00007ffff7dd7450 A=0x7fffffffede0
 694000: system.cpu0 T0 : @_end+140737345680704.10 :   PUSH_R : subi   rsp, rsp, 0x8 : IntAlu :  D=0x00007fffffffede0
 694500: system.cpu0 T0 : @_end+140737345680706    : push	r14000000000000000000
 694500: system.cpu0 T0 : @_end+140737345680706.00 :   PUSH_R : stis   r14, SS:[rsp + 0xfffffffffffffff8] : MemWrite :  D=0x00007ffff7dd7000 A=0x7fffffffedd8
 695000: system.cpu0 T0 : @_end+140737345680706.10 :   PUSH_R : subi   rsp, rsp, 0x8 : IntAlu :  D=0x00007fffffffedd8
 695500: system.cpu0 T0 : @_end+140737345680708    : push	r13000000000000000000
 695500: system.cpu0 T0 : @_end+140737345680708.00 :   PUSH_R : stis   r13, SS:[rsp + 0xfffffffffffffff8] : MemWrite :  D=0x00007ffff7dd7a58 A=0x7fffffffedd0
 696000: system.cpu0 T0 : @_end+140737345680708.10 :   PUSH_R : subi   rsp, rsp, 0x8 : IntAlu :  D=0x00007fffffffedd0
 696500: system.cpu0 T0 : @_end+140737345680710    : push	r12000000000000000000
 696500: system.cpu0 T0 : @_end+140737345680710.00 :   PUSH_R : stis   r12, SS:[rsp + 0xfffffffffffffff8] : MemWrite :  D=0x00007fffffffee60 A=0x7fffffffedc8
 697000: system.cpu0 T0 : @_end+140737345680710.10 :   PUSH_R : subi   rsp, rsp, 0x8 : IntAlu :  D=0x00007fffffffedc8
 697500: system.cpu0 T0 : @_end+140737345680712    : mov	r12, rsi00000000000000
 697500: system.cpu0 T0 : @_end+140737345680712.00 :   MOV_R_R : mov   r12, r12, rsi : IntAlu :  D=0x00007ffff7dd91e0
 698000: system.cpu0 T0 : @_end+140737345680715    : push	rbp000000000000000000
 698000: system.cpu0 T0 : @_end+140737345680715.00 :   PUSH_R : stis   rbp, SS:[rsp + 0xfffffffffffffff8] : MemWrite :  D=0x00007fffffffee50 A=0x7fffffffedc0
 698500: system.cpu0 T0 : @_end+140737345680715.10 :   PUSH_R : subi   rsp, rsp, 0x8 : IntAlu :  D=0x00007fffffffedc0
 699000: system.cpu0 T0 : @_end+140737345680716    : push	rbx000000000000000000
 699000: system.cpu0 T0 : @_end+140737345680716.00 :   PUSH_R : stis   rbx, SS:[rsp + 0xfffffffffffffff8] : MemWrite :  D=0x0000000000000001 A=0x7fffffffedb8
 699500: system.cpu0 T0 : @_end+140737345680716.10 :   PUSH_R : subi   rsp, rsp, 0x8 : IntAlu :  D=0x00007fffffffedb8
 694500: system.cpu1 T0 :  701500: system.cpu0 T0 : @_end+140737345680706.00 :   PUSH_R : stis   r14, SS:[rsp + 0xfffffffffffffff8] : MemWrite :  D=0x00007ffff7dd7000 A=0x7fffffffedd8
 701500: system.cpu0 T0 : 
 702500: system.cpu0 T0 : @_end+140737345680724    :  696500: system.cpu1000000000000000 T0 : mov	DS:[rip + 0x20c8d5], rdi
 702500: system.cpu0 T0 : @_end+140737345680724    :  696500: system.cpu1000000000000000 T0 : mov	DS:[rip + 0x20c8d5], rdi
 703000: system.cpu0 T0 :  697000: system.cpu1 T@ : d+140737345680724.01 : @0000000000000000000000000_end+140737345680710.10 :   PUSH_R : subi   rsp, rsp, 0x8 : IntAlu :  D=0x00007fffffffedc8
 703000: system.cpu0 T0 :  697000: system.cpu1 T@ : d+140737345680724.01 : @0000000000000000000000000_end+140737345680710.10 :   PUSH_R : subi   rsp, rsp, 0x8 : IntAlu :  D=0x00007fffffffedc8
 703500: system.cpu0 T0_ : :   PUSH_R : subi   rsp, rsp, 0x8 : IntAlu :  D=0x00007fffffffedc0
 699000: system.cpu1 T0 :  704000: system.cpu0 T0 : @_end+140737345680716.00 :   PUSH_R : stis   rbx, SS:[rsp + 0xfffffffffffffff8] : MemWrite :  D=0x0000000000000001 A=0x7fffffffedb8
 705500: system.cpu0 T0 : @_end+140737345680735.10 :   MOV_P_R : st   rdi, DS:[t7 + 0x20c6da] : MemWrite :  D=0x00007fffffffee68 A=0x7ffff7ffcc80: 705500: system.cpu0 T0 : @_end+140737345680735.10 :   MOV_P_R : st   rdi, DS:[t7 + 0x20c6da] : MemWrite :  D=0x00007fffffffee68 A=0x7ffff7ffcc80: 00000system.cpu1 T0 : @_end+140737345680721    : mov	rax, DS:[rdi]000000000
 706500: system.cpu0 T0 : @_end+140737345680724    : mov	DS:[rip + 0x20c8d5], rdi
 707000: system.cpu0 T0 : @_end+140737345680742.1  :  703000: system.cpu1                T0 :   MOV_P_R : st   eax, DS:[t7 + 0x20c6dc] : MemWrite :  D=0x0000000000000001 A=0x7ffff7ffcc88
 707000: system.cpu0 T0 : @_end+140737345680742.1  :  703000: system.cpu1                T0 :   MOV_P_R : st   eax, DS:[t7 + 0x20c6dc] : MemWrite :  D=0x0000000000000001 A=0x7ffff7ffcc88
 703500: system.cpu1 T0 :  707500: system.cpu0 T@ : d+140737345680731    : add	rax, 0x8              
 708500: system.cpu0 T0     : : system.cpu1 T0 : @_end+140737345680750.@ _end+140737345680735.1  :   MOV_P_R : st   rdi, DS:[t7 + 0x20c6da] : MemWrite :  D=0x00007fffffffee68 A=0x7ffff7ffcc80
 708500: system.cpu0 T0     : : system.cpu1 T0 : @_end+140737345680750.@ _end+140737345680735.1  :   MOV_P_R : st   rdi, DS:[t7 + 0x20c6da] : MemWrite :  D=0x00007fffffffee68 A=0x7ffff7ffcc80
 706500: system.cpu1 T0 : 709500: system.cpu0 T0 : @_end+140737345680742.0  :   MOV_P_R : rdip   t7d, %ctrl153,  : IntAlu :  D=0x00007ffff7df05ac
 706500: system.cpu1 T0 : 709500: system.cpu0 T0 : @_end+140737345680742.0  :   MOV_P_R : rdip   t7d, %ctrl153,  : IntAlu :  D=0x00007ffff7df05ac
 709500: system.cpu0 T0 : @_end+140737345680742.1  :   MOV_P_R : st   eax, DS:[t7 + 0x20c6dc] : MemWrite :  D=0x0000000000000001 A=0x7_end+1407373 709500: system.cpu0 T0 : @_end+140737345680742.1  :   MOV_P_R : st   eax, DS:[t7 + 0x20c6dc] : MemWrite :  D=0x0000000000000001 A=0x7_end+140737345680755.0  :   MOV_P_R : rdip   t7, %ctrl153,  : IntAlu :  D=0x00007ffff7df05ba
 710500: system.cpu0 T0 : @_end+140737345680762    708500: system.cpu1 T0 : @_end+140737345680750    : lea	rax, DS:[8*rax + rdi + 0x8]
 710000: system.cpu1 T0 :  711500: system.cpu0 T0 : @_end+140737345680755.1  :   MOV_P_R : st   rax, DS:[t7 + 0x20db46] : MemWrite :  D=0x00007fffffffee78 A=0x@
 710000: system.cpu1 T0 :  711500: system.cpu0 T0 : @_end+140737345680755.1  :   MOV_P_R : st   rax, DS:[t7 + 0x20db46] : MemWrite :  D=0x00007fffffffee78 A=0x@
 712000: system.cpu0 T0 : @_end+140737345680762.1  :   CMP_M_I : ld   t1, DS:[rax] : MemRead :  D=0x0000000000000000 A=0x7fffffffee78
 712000:  713000: system.cpu0J 00 : @_end+140737345680766.0  :   JZ_I : rdip   t1, %ctrl153, @ I                   0   _end+14073734568
 712000:  713000: system.cpu0J 00 : @_end+140737345680766.0  :   JZ_I : rdip   t1, %ctrl153, @ I                   0   _end+14073734568
 713500: system.cpu0 T0 : @_end+140737345680778    :  713000: system.cpu1                T0 : @_end+140737345680766.2  :   JZ_I : wrip   , t1, t2  lea	rdx, DS:[rax + 0x8]   
 713500: system.cpu0 T0 : @_end+140737345680778    :  713000: system.cpu1                T0 : @_end+140737345680766.2  :   JZ_I : wrip   , t1, t2  lea	rdx, DS:[rax + 0x8]   
 714500: system.cpu0 T0 : @_end+140737345680782    : mov	rax, DS:[rax + 0x8]   
 714500: system.cpu0 T0 : @_end+140737345680782    : mov	rax, DS:[rax + 0x8]   
 714500: system.cpu0 T0 : @_end+140737345680782    : mov	rax, DS:[rax + 0x8]   
 715500: system.cpu0 T0 : @_end+140737345680786    :  715500: system.cpu1                T0 : lea	rsi, DS:[rip + 0xfffffffffffe7657]
 715500: system.cpu0 T0 : @_end+140737345680786    :  715500: system.cpu1                T0 : lea	rsi, DS:[rip + 0xfffffffffffe7657]
 716000: system.cpu0 T0 : @_end+140737345680786.1  :  716000: system.cpu1                T0 : @_end+140737345680786.1  :   LEA_R_P : lea   rsi, DS:[t7 + 0xfffffffffffe7657] : IntAlu :  D=0x00007ffff7dd7c30
 717000: system.cpu0 T0 : @_end+140737345680793    :  717000: system.cpu1                T0 : mov	DS:[rip + 0x20c6c4], 0
 717000: system.cpu0 T0 : @_end+140737345680793    :  717000: system.cpu1                T0 : mov	DS:[rip + 0x20c6c4], 0
 717500: system.cpu0 T0 : @_end+140737345680793.1  :  717500: system.cpu1                T0 :   MOV_P_I : limm   t1, 0 : IntAlu :  D=0x0000000000000000
 717500: system.cpu0 T0 : @_end+140737345680793.1  :  717500: system.cpu1                T0 :   MOV_P_I : limm   t1, 0 : IntAlu :  D=0x0000000000000000
 719000: system.cpu0 T0 :  719000: system.cpu1 T0 : @_end+140737345680804    : @                         _end+140737345680804    : mov	DS:[rip + 0x20c71d], rdx
 719000: system.cpu0 T0 :  719000: system.cpu1 T0 : @_end+140737345680804    : @                         _end+140737345680804    : mov	DS:[rip + 0x20c71d], rdx
 719500: system.cpu0 T0 : @_end+140737345680804.1  :  719500: system.cpu1                T0 :   MOV_P_R : st   rdx, DS:[t7 + 0x20c71d] : MemWrite :  D=0x00007fffffffee80 A=0x7ffff7ffcd08
 719500: system.cpu0 T0 : @_end+140737345680804.1  :  719500: system.cpu1                T0 :   MOV_P_R : st   rdx, DS:[t7 + 0x20c71d] : MemWrite :  D=0x00007fffffffee80 A=0x7ffff7ffcd08
 720000: system.cpu0 T0 :  720000: system.cpu1 T0 : @_end+140737345680811    : @                         _end+140737345680811    : mov	DS:[rsp + 0x38], rsi  
 720000: system.cpu0 T0 :  720000: system.cpu1 T0 : @_end+140737345680811    : @                         _end+140737345680811    : mov	DS:[rsp + 0x38], rsi  
 721500: system.cpu0 T0 : @_end+140737345680819    : jz	0x23f                  
 721500: system.cpu0 T0 : @_end+140737345680819.0  :   JZ_I : rdip   t1, %ctrl153,  72IntAlu : : system.cpu1            0x      T                 0 : 7ffff7df05f9
 722500: system.cpu0 T0 : @_end+140737345680819.2  :   JZ_I : wrip   , t1, t2   : IntAlu : 
 723000: system.cpu0 T0 : @_end+140737345680825    :  722500: system.cpu1                T0 : @_end+140737345680819.2  : mov	rbx, DS:[rip + 0x20c6f8]
 723000: system.cpu0 T0 : @_end+140737345680825    :  722500: system.cpu1                T0 : @_end+140737345680819.2  : mov	rbx, DS:[rip + 0x20c6f8]
 724000: system.cpu0 T0 : @_end+140737345680832    : mov	r15, DS:[rip + 0x20c6b1]
 724000: system.cpu0 T0 : 724000: system.cpu1 T0 : @_end+140737345680832. 0 : @                         _end+140737345680832    : mov	r15, DS:[rip + 0x20c6b1]
 724000: system.cpu0 T0 : 724000: system.cpu1 T0 : @_end+140737345680832. 0 : @                         _end+140737345680832    : mov	r15, DS:[rip + 0x20c6b1]
 724500: system.cpu0 T0 : @_end+140737345680832.1  :  724500: system.cpu1                T0 :   MOV_R_P : ld   r15, DS:[t7 + 0x20c6b1] : MemRead :  D=0x0000000000001000 A=0x7ffff7ffccb8
 724500: system.cpu0 T0 : @_end+140737345680832.1  :  724500: system.cpu1                T0 :   MOV_R_P : ld   r15, DS:[t7 + 0x20c6b1] : MemRead :  D=0x0000000000001000 A=0x7ffff7ffccb8
 725500: system.cpu0 T0 :  725500: system.cpu1 T0 : @_end+140737345680839    : @                         _end+140737345680839    : lea	rcx, DS:[rip + 0x5b02]
 725500: system.cpu0 T0 :  725500: system.cpu1 T0 : @_end+140737345680839    : @                         _end+140737345680839    : lea	rcx, DS:[rip + 0x5b02]
 726000: system.cpu0 T0 : @_end+140737345680839.1  :  726000: system.cpu1                T0 : @_end+140737345680839.1  :   LEA_R_P : lea   rcx, DS:[t7 + 0x5b02] : IntAlu :  : IntAlu D=0x D=              0x
 726000: system.cpu0 T0 : @_end+140737345680839.1  :  726000: system.cpu1                T0 : @_end+140737345680839.1  :   LEA_R_P : lea   rcx, DS:[t7 + 0x5b02] : IntAlu :  : IntAlu D=0x D=              0x
 727000: system.cpu0 T0 : @_end+140737345680846    :  727000: mov	r11d, DS:[             T0  727000: system.cpu0 T0 : @_end+140737345680846    :  727000: mov	r11d, DS:[             T0 : @_end+140737345680846    : mov	r11d, DS:[rip + 0x20c863]
 727500: system.cpu0 T0 : @_end+140737345680846.1  :  727500: system.cpu1                T0 :   MOV_R_P : ld   r11d, DS:[t7 + 0x20c863] : MemRead :  D=0x0000000000000000 A=0x7ffff7ffce78
 727500: system.cpu0 T0 : @_end+140737345680846.1  :  727500: system.cpu1                T0 :   MOV_R_P : ld   r11d, DS:[t7 + 0x20c863] : MemRead :  D=0x0000000000000000 A=0x7ffff7ffce78
 728500: system.cpu0 T0 : @_end+140737345680853    : mov	DS:[rsp + 0x2f], 0    
 728500: system.cpu0 T0 : @_end+140737345680853.0  :   MOV_M_I : limm   t1b, 0  : IntAlu :  D=0x00007ffff7df0500
 728500: system.cpu1 T0 : @_end+140737345680853    :  729000: system.cpu0                T0 : mov	DS:[rsp + 0x2f], 0
 728500: system.cpu1 T0 : @_end+140737345680853    :  729000: system.cpu0                T0 : mov	DS:[rsp + 0x2f], 0
 729500: system.cpu0 T0 : @_end+140737345680858    :  729000: system.cpu1  x            
 729500: system.cpu0                T0 :   MOV_M_I : st   t1b, DS:[rsp + 0x2f] : MemWrite :  D=0x0000000000000000 A=0x7fffffffed9f
 729500: system.cpu0                T0 :   MOV_M_I : st   t1b, DS:[rsp + 0x2f] : MemWrite :  D=0x0000000000000000 A=0x7fffffffed9f
 731500: system.cpu0 T0 :  mov	DS:[rsp + 0x2d], 0    
 732000: system.cpu0 T0 : @_end+140737345680866.1  :  732000: system.cpu1                T0 :   MOV_M_I : st   t1b, DS:[rsp + 0x2d] : MemWrite :  D=0x0000000000000000 A=0x7fffffffed9d
 732000: system.cpu0 T0 : @_end+140737345680866.1  :  732000: system.cpu1                T0 :   MOV_M_I : st   t1b, DS:[rsp + 0x2d] : MemWrite :  D=0x0000000000000000 A=0x7fffffffed9d
 733000: system.cpu0 T0 :  733000: system.cpu1 T0 : @_end+140737345680871    : @                         _end+140737345680871    : xor	r10d, r10d            
 733000: system.cpu0 T0 :  733000: system.cpu1 T0 : @_end+140737345680871    : @                         _end+140737345680871    : xor	r10d, r10d            
 733500: system.cpu0 T0 : @_end+140737345680874    :  733500: system.cpu1 T0 : @_end+140737345680874    : mov	SS:[rsp], rbx         
 733500: system.cpu0 T0 : @_end+140737345680874    :  733500: system.cpu1 T0 : @_end+140737345680874    : mov	SS:[rsp], rbx         
 734500: system.cpu1 T0 :  734500: system.cpu0 T0 : @_end+140737345680878    : @                         _end+140737345680878    : mov	rbx, DS:[rip + 0x20c77b]
 734500: system.cpu1 T0 :  734500: system.cpu0 T0 : @_end+140737345680878    : @                         _end+140737345680878    : mov	rbx, DS:[rip + 0x20c77b]
 734500: system.cpu0                T0 : @_end+140737345680878  MOV_R_P : rdip   t7, %ctrl153, 0  : IntAlu :  D=  MOV_R_P : rdip   t7, %ctrl153,  : IntAlu :  D=0x000 734500: system.cpu0                T0 : @_end+140737345680878  MOV_R_P : rdip   t7, %ctrl153, 0  : IntAlu :  D=  MOV_R_P : rdip   t7, %ctrl153,  : IntAlu :  D=0x00007ffff7df0635
 735500: system.cpu1 T0 : @_end+140737345680885    :  735500: system.cpu0                T0 : xor	r9d, r9d
 735500: system.cpu1 T0 : @_end+140737345680885    :  735500: system.cpu0                T0 : xor	r9d, r9d
 735500: system.cpu0                T0 :   XOR_R_R : xor   r9d, r9d, r9d : _end+140737345680885 : .0 0x0000000000000000  r9d, r9d, r9d : IntAlu  735500: system.cpu0                T0 :   XOR_R_R : xor   r9d, r9d, r9d : _end+140737345680885 : .0 0x0000000000000000  r9d, r9d, r9d : IntAlu :   D=0x0000000000000000
 736000: system.cpu1 T0 :  736000: system.cpu0 T0 : @_end+140737345680888    : @                         _end+140737345680888    : mov	DS:[rsp + 0x2c], 0    
 736000: system.cpu1 T0 :  736000: system.cpu0 T0 : @_end+140737345680888    : @                         _end+140737345680888    : mov	DS:[rsp + 0x2c], 0    
 736000: system.cpu0                T0 :   MOV_M_I : limm   t1b, 0 : IntAlu : @_end+140737345680888. 0 :   MOV_M_I : limm   t1b, 0 m0 : IntAlu :  D=0x 736000: system.cpu0                T0 :   MOV_M_I : limm   t1b, 0 : IntAlu : @_end+140737345680888. 0 :   MOV_M_I : limm   t1b, 0 m0 : IntAlu :  D=0x00007ffff7df0500
 736500: system.cpu1 T0 : @_end+140737345680888.1  :  736500: system.cpu0                T0 :   MOV_M_I : st   t1b, DS:[rsp + 0x2c] : MemWrite :  D=0x0000000000000000 A=0x7fffffffed9c
 736500: system.cpu1 T0 : @_end+140737345680888.1  :  736500: system.cpu0                T0 :   MOV_M_I : st   t1b, DS:[rsp + 0x2c] : MemWrite :  D=0x0000000000000000 A=0x7fffffffed9c
 737500: system.cpu1 T0 : @_end+140737345680893    :  737500: system.cpu0                T0 : mov	DS:[rsp + 0x29], 0
 737500: system.cpu1 T0 : @_end+140737345680893    :  737500: system.cpu0                T0 : mov	DS:[rsp + 0x29], 0
 737500: system.cpu0                T0 :   MOV_M_I : limm   t1b, 0 : IntAlu :  D=0x00007ffff7df0500
 737500: system.cpu0                T0 :   MOV_M_I : limm   t1b, 0 : IntAlu :  D=0x00007ffff7df0500
 738000: system.cpu0 T0 :  738000: system.cpu1 T0 : d+140737345680893.1  : @                         _end+140737345680893.1  :   MOV_M_I : st   t1b, DS:[rsp + 0x29] : MemWrite :  D=0x0000000000000000 A=0x7fffffffed99
 738000: system.cpu0 T0 :  738000: system.cpu1 T0 : d+140737345680893.1  : @                         _end+140737345680893.1  :   MOV_M_I : st   t1b, DS:[rsp + 0x29] : MemWrite :  D=0x0000000000000000 A=0x7fffffffed99
 738500: system.cpu0 T0 : @_end+140737345680898    : xor	r13d, r13d            
 739000: system.cpu0 T0 : @_end+140737345680901    :  739000: system.cpu1                T0 : xor	r14d, r14d
 739000: system.cpu0 T0 : @_end+140737345680901    :  739000: system.cpu1                T0 : xor	r14d, r14d
 739500: system.cpu0 T0 : @_end+140737345680904    :  739500: system.cpu1                T0 : xor	edi, edi
 739500: system.cpu0 T0 : @_end+140737345680904.0  :   XOR_R_R : xor   edi, edi, edi : IntAlu :  D=0x0000000000000000
 740000: system.cpu0 T0 : @_end+140737345680906    : xor	ebp, ebp              
 740000: system.cpu0 T0 : @_end+140737345680906    : xor	ebp, ebp              
 741000: system.cpu0 T0 :  741000: system.cpu1@_end+140737345680908    : @_end+140737345680908    : mov	DS:[rsp + 0x8], rbx   
 741000: system.cpu0 T0 :  741000: system.cpu1@_end+140737345680908    : @_end+140737345680908    : mov	DS:[rsp + 0x8], rbx   
 741500: system.cpu1 T0 : @_end+140737345680913    :  741500: system.cpu0 T0 : mov	ebx, DS:[rip + 0x20c681]
 741500: system.cpu1 T0 : @_end+140737345680913    :  741500: system.cpu0 T0 : mov	ebx, DS:[rip + 0x20c681]
 741500: system.cpu0                T0 : @_end+140737345680913.0  :   MOV_R_P : rdip   t7d, %ctrl153,  : IntAlu :  D=0x00007ffff7df0657
 741500: system.cpu0                T0 : @_end+140737345680913.0  :   MOV_R_P : rdip   t7d, %ctrl153,  : IntAlu :  D=0x00007ffff7df0657
 742000: system.cpu1 T0 : @_end+140737345680913.1  :  742000: system.cpu0                T0 :   MOV_R_P : ld   ebx, DS:[t7 + 0x20c681] : MemRead :  D=0x0000000000000000 A=0x7ffff7ffccd8
 742000: system.cpu1 T0 : @_end+140737345680913.1  :  742000: system.cpu0                T0 :   MOV_R_P : ld   ebx, DS:[t7 + 0x20c681] : MemRead :  D=0x0000000000000000 A=0x7ffff7ffccd8
 743000: system.cpu1 T0 : @_end+140737345680919    :  743000: system.cpu0                T0 : mov	DS:[rsp + 0x14], rbx
 743000: system.cpu1 T0 : @_end+140737345680919    :  743000: system.cpu0                T0 : mov	DS:[rsp + 0x14], rbx
 743000: system.cpu0                T0 :  _end+140737345680919.DS:[rsp + 0x14] : MemWrite : 0  :   MOV_M_R : st   ebx, DS:[rsp + 0x14]680 :          :           0x0000000000000000ffc0x A=0x0 A=0x7ffffff 743000: system.cpu0                T0 :  _end+140737345680919.DS:[rsp + 0x14] : MemWrite : 0  :   MOV_M_R : st   ebx, DS:[rsp + 0x14]680 :          :           0x0000000000000000ffc0x A=0x0 A=0x7fffffffed84
 744000: system.cpu1 T0 :  744000: system.cpu0 T0 : @_end+140737345680923    : @                         _end+140737345680923    : movzx	ebx, DS:[rip + 0x20c68e]
 744000: system.cpu1 T0 :  744000: system.cpu0 T0 : @_end+140737345680923    : @                         _end+140737345680923    : movzx	ebx, DS:[rip + 0x20c68e]
 744000: system.cpu0                T0 :   MOVZX_W_R_P : rdip   t7d, %ctrl153,  : IntAlu@: _end+140737345680923 0  : 0x7ffff7df06620000
 744000: system.cpu0                T0 :   MOVZX_W_R_P : rdip   t7d, %ctrl153,  : IntAlu@: _end+140737345680923 0  : 0x7ffff7df06620000
 744500: system.cpu1 T0 : @_end+140737345680923.1  :  744500: system.cpu0                T0 :   MOVZX_W_R_P : ld   t1w, DS:[t7 + 0x20c68e] : MemRead :  D=0x00007ffff7df037f A=0x7ffff7ffccf0
 744500: system.cpu1 T0 : @_end+140737345680923.1  :  744500: system.cpu0                T0 :   MOVZX_W_R_P : ld   t1w, DS:[t7 + 0x20c68e] : MemRead :  D=0x00007ffff7df037f A=0x7ffff7ffccf0
system.cpu1 T0 : @_end+140737345680923.2  :  745000: system.cpu0                T0 : @_end+140737345680923.2  :   MOVZX_W_R_P : zexti   ebx, t1d, 0xf : IntAlu :  D=0x000000000000037f
system.cpu1 T0 : @_end+140737345680923.2  :  745000: system.cpu0                T0 : @_end+140737345680923.2  :   MOVZX_W_R_P : zexti   ebx, t1d, 0xf : IntAlu :  D=0x000000000000037f
 745500: system.cpu0 T0 : @_end+140737345680930   745: system.cpu1 T0 : mov	DS:[rsp + 0x2a], rbx
 745500: system.cpu0 T0 : @_end+140737345680930   745: system.cpu1 T0 : mov	DS:[rsp + 0x2a], rbx
 746500: system.cpu0 T0 :  746500: system.cpu1 T0 : @_end+140737345680935    : @                         _end+140737345680935    : mov	rbx, DS:[rip + 0x20c732]
 746500: system.cpu0 T0 :  746500: system.cpu1 T0 : @_end+140737345680935    : @                         _end+140737345680935    : mov	rbx, DS:[rip + 0x20c732]
 747000: system.cpu0 T0 :  747000: system.cpu1 @_end+14073734568093501  : @                         _end+140737345680935.1  :   MOV_R_P : ld   rbx, DS:[t7 + 0x20c732] : MemRead :  D=0x0000000000000000 A=0x7ffff7ffcda0
 747000: system.cpu0 T0 :  747000: system.cpu1 @_end+14073734568093501  : @                         _end+140737345680935.1  :   MOV_R_P : ld   rbx, DS:[t7 + 0x20c732] : MemRead :  D=0x0000000000000000 A=0x7ffff7ffcda0
 748000: system.cpu0 T0 :  748000: system.cpu1@_end+1407373456809420 : @                         _end+140737345680942    : mov	DS:[rsp + 0x18], rbx  
 748000: system.cpu0 T0 :  748000: system.cpu1@_end+1407373456809420 : @                         _end+140737345680942    : mov	DS:[rsp + 0x18], rbx  
 749000: system.cpu0 T0 :  749000: system.cpu1 T0 : @_end+140737345680947    : @                         _end+140737345680947    : mov	rbx, DS:[rip + 0x20c7ee]
 749000: system.cpu0 T0 :  749000: system.cpu1 T0 : @_end+140737345680947    : @                         _end+140737345680947    : mov	rbx, DS:[rip + 0x20c7ee]
 749500: system.cpu0 T0 : @_end+140737345680947.1  :  749500: system.cpu1                T0 :   MOV_R_P : ld   rbx, DS:[t7 + 0x20c7ee] : MemRead :  D=0x00000 749500: system.cpu0 T0 : @_end+140737345680947.1  :  749500: system.cpu1                T0 :   MOV_R_P : ld   rbx, DS:[t7 + 0x20c7ee] : MemRead :  D=0x000000000000000@_end+140737345680947.1  :   MOV_R_P : ld   rbx, DS:[t7 + 0x20c7ee] : MemRead :  D=0x0000000000000000 A=0x7ffff7ffce68
 750000: system.cpu0 T0 : @_end+140737345680954    :  750000: system.cpu1                T0 : mov	DS:[rsp + 0x20], rbx
 750000: system.cpu0 T0 : @_end+140737345680954    :  750000: system.cpu1                T0 : mov	DS:[rsp + 0x20], rbx
 751000: system.cpu0 T0 :  751000: system.cpu1 T@ : d+140737345680959    : @                         _end+140737345680959    : xor	ebx, ebx              
 751000: system.cpu0 T0 :  751000: system.cpu1 T@ : d+140737345680959    : @                         _end+140737345680959    : xor	ebx, ebx              
 751500: system.cpu0 T0 : @_end+140737345680961    : hint	000000000000000000000
751500: system.cpu0000000000000000 T0 : @_end+140737345680961.00 :   HINT_NOP : fault   No Fault : No_OpClass : 
 752000: system.cpu0 T0 : @_end+140737345680968    :  752000: system.cpu1000000000000000 T0 : s_end+140737345680968    : 
 752000: system.cpu0 T0 : @_end+140737345680968    :  752000: system.cpu1000000000000000 T0 : s_end+140737345680968    : 
 752500: system.cpu0 T0 : @_end+140737345680968.10 :  752500: system.cpu1000000000000000 T0 :   SUB_R_I : sub   rax, rax, t1 : IntAlu :  D=0x000000000000000@_ 752500: system.cpu0 T0 : @_end+140737345680968.10 :  752500: system.cpu1000000000000000 T0 :   SUB_R_I : sub   rax, rax, t1 : IntAlu :  D=0x000000000000000@_end+140737345680968.10 :   SUB_R_I : sub   rax, rax, t1 : IntAlu :  D=0x0000000000000000
 753000: system.cpu1 T0 :       @: system.cpu0345680972    :  T0 : @_end+140737345680972    : cmp	rax, 0x1e0000000000000
 753000: system.cpu1 T0 :       @: system.cpu0345680972    :  T0 : @_end+140737345680972    : cmp	rax, 0x1e0000000000000
 753000: system.cpu0000000000000000 T0 :   CMP_R_I : limm   t1, 0x1e : IntAlu :  D=0x000000000000001e
 753000: system.cpu0000000000000000 T0 :   CMP_R_I : limm   t1, 0x1e : IntAlu :  D=0x000000000000001e
: system.cpu1 T0 : @_end+140737345680972.10 :  753500: system.cpu0000000000000000 T0 :   CMP_R_I : sub   t0, rax, t1 : IntAlu@_end+140737345680972. D :   CMP_R_I : sub   t0, rax, t1               0        0x00000000000000000: system.cpu1 T0 : @_end+140737345680972.10 :  753500: system.cpu0000000000000000 T0 :   CMP_R_I : sub   t0, rax, t1 : IntAlu@_end+140737345680972. D :   CMP_R_I : sub   t0, rax, t1               0        0x000000000000000000000000000000000
 754000: system.cpu0 T0 :  754000: system.cpu1 T0 : @_end+140737345680976    : @0000000000000000000000000_end+140737345680976   jnbe	0x1e
 754000: system.cpu0 T0 :  754000: system.cpu1 T0 : @_end+140737345680976    : @0000000000000000000000000_end+140737345680976   jnbe	0x1e
 754500: system.cpu0 T0 : @_end+140737345680976.10 :  754500: system.cpu1000000000000000 T0 :   JNBE_I : limm   t2, 0x1e : IntAlu@:  D=_end+1407373456809760x000000000000001e
 754500: system.cpu0 T0 : @_end+140737345680976.10 :  754500: system.cpu1000000000000000 T0 :   JNBE_I : limm   t2, 0x1e : IntAlu@:  D=_end+1407373456809760x000000000000001e
 755000: system.cpu0 T0 : @_end+140737345680976.20 :  755000: system.cpu1000000000000000 T0 :   JNBE_I : wrip   , t1, t2 : IntAlu : 
 755000: system.cpu0 T0 : @_end+140737345680976.20 :  755000: system.cpu1000000000000000 T0 :   JNBE_I : wrip   , t1, t2 : IntAlu : 
 755500: system.cpu0 T0 :  755500@system.cpu1 end+140737345680978    : T0 : @_end+140737345680978    : movsxd	rax, DS:[4*rax + rcx]
 755500: system.cpu0 T0 :  755500@system.cpu1 end+140737345680978    : T0 : @_end+140737345680978    : movsxd	rax, DS:[4*rax + rcx]
 757000: system.cpu0 T0 :  757000: system.cpu1 T0 : @_end+140737345680982    : @0000000000000000000000000_end+140737345680982    : add	rax, rcx00000000000000
 757000: system.cpu0 T0 :  757000: system.cpu1 T0 : @_end+140737345680982    : @0000000000000000000000000_end+140737345680982    : add	rax, rcx00000000000000
 757500: system.cpu0                T0 :   JMP_R : wripi   , rax, 0 : IntAlu : 
 757500: system.cpu0                T0 :   JMP_R : wripi   , rax, 0 : IntAlu : 
 758000: system.cpu1 T0 :  758 00: @Tsystem.cpu0 T_ : +140737345680992    : @                         _end+140737345680992    : mov	rax, DS:[rdx + 0x8]   
 758000: system.cpu1 T0 :  758 00: @Tsystem.cpu0 T_ : +140737345680992    : @                         _end+140737345680992    : mov	rax, DS:[rdx + 0x8]   
 758000: system.cpu0                T0 :   MOV_R_M : ld   rax, DS:[rdx + 0x8] : MemRead :  D=0xffffffffff600000 A=0x7fffffffee88
 758000: system.cpu0                T0 :   MOV_R_M : ld   rax, DS:[rdx + 0x8] : MemRead :  D=0xffffffffff600000 A=0x7fffffffee88
 759000: system.cpu0 T0 : @_end+140737345680996    : mov	DS:[rsp + 0x2e], 0x1  
 759000: system.cpu0                T0 :   MOV_M_I : limm   t1b, 0x1 : IntAlu :  D=0x00000000ffffa501
 759000: system.cpu0                T0 :   MOV_M_I : limm   t1b, 0x1 : IntAlu :  D=0x00000000ffffa501
 759500: system.cpu1 T0 : @_end+140737345680996.1  :  759500: system.cpu0                T0 :   MOV_M_I : st   t1b, DS:[rsp + 0x2e] : MemWrite :  D=0x0000000000000001 A=0x7fffffffed9e
 759500: system.cpu1 T0 : @_end+140737345680996.1  :  759500: system.cpu0                T0 :   MOV_M_I : st   t1b, DS:[rsp + 0x2e] : MemWrite :  D=0x0000000000000001 A=0x7fffffffed9e
 760000: system.cpu1 T0 :  760000: system.cpu0 T0 : @_end+140737345681001    : @                         _end+140737345681001    : mov	DS:[rsp + 0x18], rax  
 760000: system.cpu1 T0 :  760000: system.cpu0 T0 : @_end+140737345681001    : @                         _end+140737345681001    : mov	DS:[rsp + 0x18], rax  
 760000: system.cpu0                T0 :   MOV_M_R : st   rax, DS:[rsp + 0x18] : MemWrite@_end+140737345681001. D=0x   MOV_M_R : st   rax, DS:[rsp + 0x18 : MemWrite : 7fffffffed88
 760000: system.cpu0                T0 :   MOV_M_R : st   rax, DS:[rsp + 0x18] : MemWrite@_end+140737345681001. D=0x   MOV_M_R : st   rax, DS:[rsp + 0x18 : MemWrite : 7fffffffed88
 760500: system.cpu1 T0 :  760500: system.cpu0 T0 : @_end+140737345681006    : @                         _end+140737345681006    :   NOP                      : IntAlu : 
 760500: system.cpu1 T0 :  760500: system.cpu0 T0 : @_end+140737345681006    : @                         _end+140737345681006    :   NOP                      : IntAlu : 
 761000: system.cpu0 T0 : @_end+140737345681008    : add	rax, 0x10             
 761000: system.cpu0 T0 : @_end+140737345681008    : add	rax, 0x10             
 762000: system.cpu0 T0 : @_end+140737345681012    : mov	rax, DS:[rdx]         
 762000: system.cpu0 T0 : @_end+140737345681015    : test	rax, rax             
 763000: system.cpu0 T0 : @_end+140737345681015    : test	rax, rax             
 763000: system.cpu0 T0 : @_end+140737345681015    : test	rax, rax             
 763000: system.cpu0 T0 : @_end+140737345681015.0  :   TEST_R_R : and   t0, rax, rax : IntAlu :  D=0x0000000000000000
 763500: system.cpu0 T0 :  763500: system.cpu1 @_end+1407373456810180   :  :                        @_end+140737345681018jnz : 
 763500: system.cpu0 T0 :  763500: system.cpu1 @_end+1407373456810180   :  :                        @_end+140737345681018jnz : 
 764500: system.cpu0 T0 : @_end+140737345681018.2  :   JNZ_I : wrip   , t1, t2  : IntAlu : 
 764500: system.cpu1 T0 : @_end+140737345681018.2  :  765000: system.cpu0                T0 JNZ_I : wrip   , t1, t2 :  :  : 
 764500: system.cpu1 T0 : @_end+140737345681018.2  :  765000: system.cpu0                T0 JNZ_I : wrip   , t1, t2 :  :  : 
 765000: system.cpu0 T0 : @_end+140737345680968 765000 0sys  SUB_R_I : limm   t1, 0x3 : IntAlu :          0x 0   
 765000: system.cpu0 T0 : @_end+140737345680968 765000 0sys  SUB_R_I : limm   t1, 0x3 : IntAlu :          0x 0   
 765500: system.cpu0 T0 : @_end+140737345680968.1  :   SUB_R_I : sub   rax, rax, t1 : IntAlu :  D=0x0000000000000000
 765500: system.cpu0 T0 : @_end+140737345680968.1  :   SUB_R_I : sub   rax, rax, t1 : IntAlu :  D=0x0000000000000000
 766000: system.cpu0 T0 : @_end+140737345680972    : cmp	rax, 0x1e             
 766000: system.cpu0 T0 : @_end+140737345680972    : cmp	rax, 0x1e             
 767000: system.cpu0 T0 : @_end+140737345680976    : jnbe	0x1e                 
 767000: system.cpu0                T0 : @_end+140737345680976.0  :   JNBE_I : rdip   t1, %ctrl153,  : IntAlu :  D=0x00007ffff7df0692
 768500: system.cpu0 T0 : @_end+140737345680978    : movsxd	rax, DS:[4*rax + rcx]
 768500: system.cpu0 @0 :     : movsxd	rax, DS:[4*rax + rcx]
 768500: system.cpu0 @0 :     : movsxd	rax, DS:[4*rax + rcx]
 770000: 770000.cpu1 : system.cpu0D_R_ T0 : @_end+140737345680982    : add	rax, rcx    @           770000: system.cpu1 T0system.cpu0D_R_ T0 : @_end+140737345680982    : add	rax, rcx    @                           _end+140737345680982    : add	rax, rcx              
 770000: system.cpu0 T0 : @_end+140737345680982.0  :   ADD_R_R : add   rax, rax, rcx : IntAlu :  D=0x0000000000000001
 770000: system.cpu0 T0 : @_end+140737345680982.0  :   ADD_R_R : add   rax, rax, rcx : IntAlu :  D=0x0000000000000001
 770500: system.cpu0 T0 : @_end+140737345680985    : jmp	rax                   
 770500: system.cpu0 T0 : @_end+140737345680985.0  :   JMP_R : wripi   , rax, 0 : IntAlu : 
 771000: system.cpu1 T0 : @_end+140737345681296.0  77 :    system.cpu0d   rax, DS:[rdx + 0x8] : MemRead T0 :  D=0x00000000078bfbff A=0x7fffffffee98
 771000: system.cpu1 T0 : @_end+140737345681296.0  77 :    system.cpu0d   rax, DS:[rdx + 0x8] : MemRead T0 :  D=0x00000000078bfbff A=0x7fffffffee98
 771000: system.cpu0 T0 : @_end+140737345681296.0  :   MOV_R_M : ld   rax, DS:[rdx + 0x8] : MemRead :  D=0x00000000078bfbff A=0x7fffffffee98
 772000: system.cpu0 T0 : @_end+140737345681300    :  772000: system.cpu1                T0 : mov	r8d, 0x1
 772000: system.cpu0                T0 : mov	r8d, 0x1
 772500: system.cpu0 T0 : @_end+140737345681306    : mov	SS:[rsp], rax         
 772500: system.cpu0 T0 : @_end+140737345681306    : mov	SS:[rsp], rax         
 773500: system.cpu1 T0 :  773500: system.cpu0 T0 : @_end+140737345681310    : @                         _end+140737345681310    : jmp	0xfffffffffffffecd    
 773500: system.cpu1 T0 :  773500: system.cpu0 T0 : @_end+140737345681310    : @                         _end+140737345681310    : jmp	0xfffffffffffffecd    
 :  773500: system.cpu0                T0 : @_end+140737345681310.0  :   JMP_I : rdip   t1, %ctrl153,  : IntAlu :  D=0x00007ffff7df07e3
 :  773500: system.cpu0                T0 : @_end+140737345681310.0  :   JMP_I : rdip   t1, %ctrl153,  : IntAlu :  D=0x00007ffff7df07e3
T0 : @_end+140737345681310.1  :  774000: system.cpu0                T0 :   JMP_I : limm   t2, 0xfffffffffffffecd : IntAlu :  D=0xfffffffffffffecd
T0 : @_end+140737345681310.1  :  774000: system.cpu0                T0 :   JMP_I : limm   t2, 0xfffffffffffffecd : IntAlu :  D=0xfffffffffffffecd
 774500: system.cpu1 T0 : @_end+140737345681310.2  :  774500: system.cpu0                T0 :   JMP_I : wrip   , t1, t2 : IntAlu : 
 774500: system.cpu1 T0 : @_end+140737345681310.2  :  774500: system.cpu0                T0 :   JMP_I : wrip   , t1, t2 : IntAlu : 
 777000: system.cpu0 T0 : @_end+140737345681015.0  :   TEST_R_R : and   t0, rax, rax : IntAlu :  D=0x0000000000000000
 777500: system.cpu0 T0 :  778000: system.cpu1 T0 : @_end+140737345681018    : jnz	0xffffffffffffffcc    
 777500: system.cpu0 T0 :  778000: system.cpu1 T0 : @_end+140737345681018    : jnz	0xffffffffffffffcc    
 778500: system.cpu0 T0 : @_end+140737345681018.2  :   JNZ_I : wrip   , t1, t2  : IntAlu : 
 779000: system.cpu0 T0 :  7795 @: system.cpu1345680968   _R_I : l  : 0ub	rax, 0x3                779000: system.cpu0 T0 :  7795 @: system.cpu1345680968   _R_I : l  : 0ub	rax, 0x3               : @_end+140737345680968.1  :   SUB_R_I : sub   rax, rax, t1 : IntAlu :  D=0x0000000000000000
 779500: system.cpu0 T0 : @_end+140737345680968.1  :   SUB_R_I : sub   rax, rax, t1 : IntAlu :  D=0x0000000000000000
 780000: system.cpu0 T0 : @_end+140737345680972    : cmp	rax, 0x1e             
 780000: system.cpu0 T0 : @_end+140737345680972    : cmp	rax, 0x1e             
 780000: system.cpu0 T0 : @_end+140737345680972.0  :   CMP_R_I : limm   t1, 0x1e : IntAlu :  D=0x000000000000001e
 780500: system.cpu0 T0 : @_end+140737345680972.1  :   CMP_R_I : sub   t0, rax, t1 : IntAlu :  D=0x0000000000000001
 781000: system.cpu0 T0 : @ 781500: 37345680976    : jnbe	0x1es                  781000: system.cpu0 T0 : @ 781500: 37345680976    : jnbe	0x1es                 T0 : @_end+140737345680976.1  :   JNBE_I : limm   t2, 0x1e : IntAlu :  D=0x000000000000001e
 781000: system.cpu0 T0 : @_end+140737345680976.0  :   JNBE_I : rdip   t1, %ctrl153,  : IntAlu :  D=0x00007ffff7df0692
 782500: system.cpu0 T0 : @_end+140737345680978    : movsxd	rax, DS:[4*rax + rcx]
 782500: system.cpu0 T0 : @_end+140737345680982    : add	rax, rcx              
 784000: system.cpu0 T0 : @_end+140737345680982    : add	rax, rcx              
 784500: system.cpu1 T0 :  784000: system.cpu0 T0 : @_end+140737345680985.0  :   JMP_R : wripi   , rax, 0 : IntAlu : 
 784500: system.cpu1 T0 :  784000: system.cpu0 T0 : @_end+140737345680985.0  :   JMP_R : wripi   , rax, 0 : IntAlu : 
 784000: system.cpu0 T0 : @_end+140737345680982.0  :   ADD_R_R : add   rax, rax, rcx : IntAlu :  D=0x0000000000000001
@_end+140737345681360    :  784500: system.cpu0             
  T 785000: 737345681360    :  784500: system.cpu0             
 784500: system.cpu0                T0 : @_end+140737345680985.0  :   JMP_R : wripi   , rax, 0  MIntAlu : M 784500: system.cpu0                T0 : @_end+140737345680985.0  :   JMP_R : wripi   , rax, 0  MIntAlu : MemRead :  D=0x0000000000001000 A=0x7fffffffeea8
 785000: system.cpu0 T0 : @_end+140737345681360    : mov	r15, DS:[rdx + 0x8]   
 786000: system.cpu1 T0 : @_end+140737345681364.0  :  786000: system.cpu0                T0 :   MOV_R_I : limm   edi, 0x1 : IntAlu :  D=0x0000000000000001
 786000: system.cpu1 T0 : @_end+140737345681364.0  :  786000: system.cpu0                T0 :   MOV_R_I : limm   edi, 0x1 : IntAlu :  D=0x0000000000000001
 786000: system.cpu0 T0 : @_end+140737345681364.0  :   MOV_R_I : limm   edi, 0x1 : IntAlu :  D=0x0000000000000001
 786500: system.cpu1 T0 :  786500: system.cpu0 T0 : @_end+140737345681369    : @                         _end+140737345681369    : jmp	0xfffffffffffffe92    
 786500: system.cpu1 T0 :  786500: system.cpu0 T0 : @_end+140737345681369    : @                         _end+140737345681369    : jmp	0xfffffffffffffe92    
 786500: system.cpu0                T0 : @_end+140737345681369.0  IntAlu : MP_I : rdip   t1, %ctrl153,  : IntAlu D=0x D=              0x
 786500: system.cpu0                T0 : @_end+140737345681369.0  IntAlu : MP_I : rdip   t1, %ctrl153,  : IntAlu D=0x D=              0x
 T0 : @_end+140737345681369.1  :  787000: system.cpu0                T0 :   JMP_I : limm   t2, 0xfffffffffffffe92 : IntAlu :  D=0xfffffffffffffe92
 T0 : @_end+140737345681369.1  :  787000: system.cpu0                T0 :   JMP_I : limm   t2, 0xfffffffffffffe92 : IntAlu :  D=0xfffffffffffffe92
: system.cpu1 T0 : @_end+140737345681369.2  :  787500: system.cpu0                T0 :   JMP_I : wrip   , t1, t2 : IntAlu : 
: system.cpu1 T0 : @_end+140737345681369.2  :  787500: system.cpu0                T0 :   JMP_I : wrip   , t1, t2 : IntAlu : 
 788000: system.cpu0 T0 : @_end+140737345681008    : add	rax, 0x10             
 788000: system.cpu0 T0 : @_end+140737345681008. 0 :   ADD_R_I : limm   t1, 0x10 : IntAlu :  D=0x0000000000000010
 788500: system.cpu0 T0 : @_end+140737345681008.01 :   ADD_R_I : add   rdx, rdx, t1 : IntAlu :  D=0x0000000000000000
 789000: system.cpu0 T0 : @_end+140737345681012    : mov	rax, DS:[rdx]000000000
 790000: system.cpu0 T0 : @_end+140737345681015    : test	rax, rax0000000000000
 790000: system.cpu0 T0 : @_end+140737345681015.00 :   TEST_R_R : and   t0, rax, rax : IntAlu :  D=0x0000000000000000
 790000: system.cpu0 T0 : @_end+140737345681015.00 :   TEST_R_R : and   t0, rax, rax : IntAlu :  D=0x0000000000000000
 791500: system.cpu0 T0 : @_end+140737345681018.20 :   JNZ_I : wrip   , t1, t20 : IntAlu : 
 792000: system.cpu0 T0 : @_end+140737345680968792500 : sub	rax, 0x3   s          
 792000: system.cpu0 T0 : @_end+140737345680968792500 : sub	rax, 0x3   s          
 793000: system.cpu0 T0 :  793500@system.cpu1    :  mp	rax, 0x1e             T 793000: system.cpu0 T0 :  793500@system.cpu1    :  mp	rax, 0x1e             T0 : @_end+140737345680972.1  :   CMP_R_I : sub   t0, rax, t1 : IntAlu :  D=0x0000000000000001
 793500: system.cpu0 T0 : @_end+140737345680972.1  :   CMP_R_I : sub   t0, rax, t1 : IntAlu :  D=0x0000000000000001
 794000: system.cpu0 T0 : @_end+140737345680976    : jnbe	0x1e                 
 794000: system.cpu0 T0 : @_end+140737345680976    : jnbe	0x1e                 
 795500: system.cpu0 T0 : @_end+140737345680978.0  :   MOVSXD_R_M : ld   t1d, DS:[4*rax + rcx] : MemRead :  D=0x07970008 A=0x: : system.cpu18
 795500: system.cpu0 T0 : @_end+140737345680978.0  :   MOVSXD_R_M : ld   t1d, DS:[4*rax + rcx] : MemRead :  D=0x07970008 A=0x: : system.cpu18
 797000: system.cpu0 T0 : @_end+140737345680982    : add	rax, rcx              
 797000: system.cpu0 T0 : @_end+140737345680982    : add	rax, rcx              
 797500: system.cpu0 T0 : @_end+140737345680985    : jmp	rax0000000000000000000
 797500: system.cpu0 T0 :  798000: system.cpu1 T0 : @_end+140737345680985.00 :   JMP_R : wripi   , rax, 0 : IntAlu : 
 798000: system.cpu0 T0 : @_end+140737345681272.00 :   MOV_R_M : ld   eax, DS:[rdx + 0x8] : MemRead :  D=0x0000000000000064 A=0x7fffffffeeb8
 798500: system.cpu0 T0 : @_end+140737345681275    : mov	DS:[rsp + 0x2c], 0x100
 798500: system.cpu0 T0 : @_end+140737345681275    : mov	DS:[rsp + 0x2c], 0x100
 799000: system.cpu0 T0 : @_end+140737345681275.10 :  799000: system.cpu100  0000000M000  0 : 0000000000000001 A=0x7fffffffed9c
 799000: system.cpu0 T0 : @_end+140737345681275.10 :  799000: system.cpu100  0000000M000  0 : 0000000000000001 A=0x7fffffffed9c
 799500: system.cpu0 T0 :  799500@_end+140737345681280sys : .cpu1 T0 : @_end+140737345681280    : mov	DS:[rsp + 0x14], rax00
 799500: system.cpu0 T0 :  799500@_end+140737345681280sys : .cpu1 T0 : @_end+140737345681280    : mov	DS:[rsp + 0x14], rax00
 800500: system.cpu0 T0 : @_end+140737345681284    : jmp	0xfffffffffffffee70000
 800500: system.cpu0000000000000000 T0 :   JMP_I : rdip   t1, %ctrl153,  : IntAlu :  D=0x00007ffff7df07c9
 800500: system.cpu0000000000000000 T0 :   JMP_I : rdip   t1, %ctrl153,  : IntAlu :  D=0x00007ffff7df07c9
system.cpu1 T0 : @_end+140737345681284.10 :  801000: system.cpu0000000000000000 T0 :   JMP_I : limm   t2, 0xfffffffffffffee7 : IntAlu :  D=0x000000000000000@_system.cpu1 T0 : @_end+140737345681284.10 :  801000: system.cpu0000000000000000 T0 :   JMP_I : limm   t2, 0xfffffffffffffee7 : IntAlu :  D=0x000000000000000@_end+140737345681284.10 :   JMP_I : limm   t2, 0xfffffffffffffee7 : IntAlu :  D=0xfffffffffffffee7
 801500: system.cpu1 T0 : @_end+140737345681284.20 :  801500: system.cpu0000000000000000 T0 :   JMP_I : wrip   , t1, t2 : IntAlu : 
 801500: system.cpu1 T0 : @_end+140737345681284.20 :  801500: system.cpu0000000000000000 T0 :   JMP_I : wrip   , t1, t2 : IntAlu : 
 802000: system.cpu0 T0 : @_end+140737345681008.00 :   ADD_R_I : limm   t1, 0x10 : IntAlu :  D=0x0000000000000010
 802500: system.cpu0 T0 : @_end+140737345681008.10 :   ADD_R_I : add   rdx, rdx, t1 : IntAlu :  D=0x0000000000000000
 803000: system.cpu0 T0 : @_end+140737345681012    : mov	rax, DS:[rdx]000000000
 803000: system.cpu0 @0_end+140737345681015    : test	rax, rax0000000000000
 804000: system.cpu0 T0 :  804500: system.cpu1 T0 : @_end+140737345681015    : test	rax, rax0000000000000
 804000: system.cpu0 T0 :  804500: system.cpu1 T0 : @_end+140737345681015    : test	rax, rax0000000000000
 804500: system.cpu0 T0 : @_end+140737345681018    : jnz	0xffffffffffffffcc0000
 804500: system.cpu0 T0 : @_end+140737345681018    : jnz	0xffffffffffffffcc0000
 804500: system.cpu0 T0 : @_end+140737345681018.00 :   JNZ_I : rdip   t1, %ctrl153,  : IntAlu :  D=0x00007ffff7df06bc
 805000: system.cpu0 T0 : @_end+140737345681018.10 :   JNZ_I : limm   t2, 0xffffffffffffffcc : IntAlu :  D=0xffffffffffffffcc
 805500: system.cpu0 T0 : @_end+140737345681018.20 :   JNZ_I : wrip   , t1, t20 : IntAlu : 
 806000: system.cpu0 T0 : @_end+140737345680968    : sub	rax, 0x300000000000000
 806000: system.cpu0 T0 : @_end+140737345680968    : sub	rax, 0x300000000000000
 806000: system.cpu0 T0 : @_end+140737345680968.00 :   SUB_R_I : limm   t1, 0x3 : IntAlu :  D=0x0000000000000003
 806500: system.cpu0 T0 : @_end+140737345680968.10 :   SUB_R_I : sub   rax, rax, t1 : IntAlu :  D=0x0000000000000000
 807000: system.cpu0 T0 : @_end+140737345680972    : cmp	rax, 0x1e0000000000000
 807000: system.cpu0 T0 : @_end+140737345680972    : cmp	rax, 0x1e0000000000000
 808000: system.cpu0 T0 :  808500: system.cpu1 @0 :     : jnbe	0x1e00000000000000000
 808000: system.cpu0 T0 :  808500: system.cpu1 @0 :     : jnbe	0x1e00000000000000000
 809000: system.cpu0 T0 : @_end+140737345680976.20 :   JNBE_I : wrip   , t1, t2 : IntAlu : 
 809500: system.cpu0 T0 : @_end+140737345680978    :  810000rax, DS:[4*rax + rcx]
 809500: system.cpu0 T0 : @_end+140737345680978    :  810000rax, DS:[4*rax + rcx]
 811000: system.cpu1 T0 : @ 810000: system.cpu0.00 add	rax, rcx00000T0 000000
 811000: system.cpu1 T0 : @ 810000: system.cpu0.00 add	rax, rcx00000T0 000000
 811000: system.cpu0 T0 :  811500: system.cpu1 T0 : @_end+140737345680982    : add	rax, rcx00000000000000
 811000: system.cpu0 T0 :  811500: system.cpu1 T0 : @_end+140737345680982    : add	rax, rcx00000000000000
 811500: system.cpu0 T0 : @_end+140737345680985    : jmp	rax0000000000000000000
 811500: system.cpu0 T0 : @_end+140737345680985.00 :   JMP_R : wripi   , rax, 0 : IntAlu : 
 812000: system.cpu0 T0 : @_end+140737345681376    : mov	rbx, DS:[rdx + 0x8]000
 812000: system.cpu0000000000000000 T0 :   MOV_R_M : ld   rbx, DS:[rdx + 0x8] : MemRead :  D=0x0000000000400040 A=0x@fffffffeec8_ 812000: system.cpu0000000000000000 T0 :   MOV_R_M : ld   rbx, DS:[rdx + 0x8] : MemRead :  D=0x0000000000400040 A=0x@fffffffeec8_end+140737345681376x.00 :   MOV_R_M : ld   rbx, DS:[rdx + 0x8] : MemRead :  D=0x0000000000400040 A=0x7fffffffeec8
 813000: system.cpu0 T0 :  813000: system.cpu1 T0 : @_end+140737345681380    : @0000000000000000000000000_end+140737345681380   jmp	0xfffffffffffffe87
 813000: system.cpu0 T0 :  813000: system.cpu1 T0 : @_end+140737345681380    : @0000000000000000000000000_end+140737345681380   jmp	0xfffffffffffffe87
 814500: system.cpu0 T0 : @_end+140737345681008    : add	rax, 0x100000000000000
@_end+140737345681008   814500: d	rax, 0x10             s 814500: system.cpu18   814500: d	rax, 0x10             system.cpu0 T0 : @_e0x10 : IntAlu :  D=0x0000000000000010
 815000: system.cpu0 T0 : @_end+140737345681008.10 :   ADD_R_I : add   rdx, rdx, t1 : IntAlu :  810x00: 0000000000000000
 815000: system.cpu0 T0 : @_end+140737345681008.10 :   ADD_R_I : add   rdx, rdx, t1 : IntAlu :  810x00: 0000000000000000
 815500: system.cpu0 T0 :  815500: system.cpu1 T0 : @_end+140737345681012    : mov	rax, DS:[rdx]         
 815500: system.cpu0 T0 :  815500: system.cpu1 T0 : @_end+140737345681012    : mov	rax, DS:[rdx]         
 816500: system.cpu0 T0 : @_end+140737345681015    : test	rax, rax             
 816500: system.cpu1 T0 : 817000: system.cpu0 T0 : @_end+140737345681015.0  :   TEST_R_R : and   t0, rax, rax : IntAlu : @ D= : jnz	0xffffffffffffffcc    0 816500: system.cpu1 T0 : 817000: system.cpu0 T0 : @_end+140737345681015.0  :   TEST_R_R : and   t0, rax, rax : IntAlu : @ D= : jnz	0xffffffffffffffcc    0000000000000000
 817000: system.cpu0 T0 : @_end+140737345681018.0  :   JNZ_I : rdip   t1, %ctrl153,  : IntAlu :  D=0x00007ffff7df06bc
 817000: system.cpu0 T0 : @_end+140737345681018.0  :   JNZ_I : rdip   t1, %ctrl153,  : IntAlu :  D=0x00007ffff7df06bc
 817000: system.cpu0 T0 : @_end+140737345681018.0  :   JNZ_I : rdip   t1, %ctrl153,  : IntAlu :  D=0x00007ffff7df06bc
 817500: system.cpu0 T0 : @_end+140737345681018.1  :   JNZ_I : limm   t2, 0xffffffffffffffcc : IntAlu :  D=0xffffffffffffffcc
 818500: system.cpu0 T0 :  sub	rax, 0x3              
 818500: system.cpu0 T0 : @_end+140737345680968.0  :   SUB_R_I : limm   t1, 0x3 : IntAlu :  D=0x0000000000000003
 819000: system.cpu0 T0 : @_end+140737345680968.1  :   SUB_R_I : sub   rax, rax, t1 : IntAlu :  D=0x0000000000000000
 819500: system.cpu0 T0 : 2    : cmp	rax, 0x1e             
 819500: system.cpu0 T0 : @_end+140737345680972.0  :   CMP_R_I : limm   t1, 0x1e : IntAlu :  D=0x000000000000001e
 820000: system.cpu0 T0 : @_end+140737345680972.1  :   CMP_R_I : sub   t0, rax, t1 : IntAlu :  D=0x0000000000000001
 820500: system.cpu0 T0 : @_end+140737345680976    : jnbe	0x1e                 
T0 :  820500: system.cpu0 T0 : @_end+140737345680972.1  :   CMP_R_I : sub   t0, rax, t1 : IntAlu :  D=0x@0000000000000001
T0 :  820500: system.cpu0 T0 : @_end+140737345680972.1  :   CMP_R_I : sub   t0, rax, t1 : IntAlu :  D=0x@0000000000000001
 820500: system.cpu1 T0 : @_end+140737345680976 82 : 0: system.cpu0jTbe	0x1et0 820500: system.cpu1 T0 : @_end+140737345680976 82 : 0: system.cpu0jTbe	0x1et0 : @_end+140737345680976.1  :   JNBE_I : limm   t2, 0x1e : IntAlu :  D=0x000000000000001e
 822000: system.cpu0 T0 : @_end+140737345680978    : movsxd	rax, DS:[4*rax + rcx]
 823500: system.cpu0 T0 : @_end+140737345680982    : add	rax, rcx              
 82 823500: system.cpu0 T0 : @_end+140737345680982    : add	rax, rcx              
 82 823500: system.cpu0 T0 : @_end+140737345680982    : add	rax, rcx              
 824000: system.cpu0 T0 : @_end+140737345680985    : jmp	rax                   
 824000: system.cpu0                T0 : @_end+140737345680985.0  :   JMP_R : wripi   , rax, 0 : IntAlu : 
 824500: system.cpu0 T0 : @_end+140737345681008    : add	rax, 0x10             
 824500: system.cpu0 T0 : @_end+140737345681008.0  :   ADD_R_I : limm   t1, 0x10 : IntAlu :  D=0x0000000000000010
 825500: system.cpu0 T0 : @_end+140737345681012.0  :   MOV_R_M : ld   rax, DS:[rdx] : MemRead :  D= 825500: 0xstem.cpu1     5      A=0x Tfffffffeee0
 825500: system.cpu0 T0 : @_end+140737345681012.0  :   MOV_R_M : ld   rax, DS:[rdx] : MemRead :  D= 825500: 0xstem.cpu1     5      A=0x Tfffffffeee0
 826500: system.cpu0 T0 : @_end+140737345681015.0  :   TEST_R_R : and   t0, rax, rax : IntAlu :  D=0x0000000000000000
 827000: system.cpu0 T0 : @_end+140737345681015.0  :   TEST_R_R : and   t0, rax, rax : IntAlu :  D=0x0000000000000000
827000 : system.cpu0 T0 : @_end+140737345681018. 0 :   JNZ_I : rdip   t1, %ctrl153,  : IntAlu :  D=0x00007ffff7df06bc
 827500: system.cpu0 T0 : @_end+140737345681018.1  :   JNZ_I : limm   t2, 0xffffffffffffffcc : IntAlu :  D=0xffffffffffffffcc
 828500: system.cpu0 T0 :  sub	rax, 0x3              
 828500: system.cpu0 T0 : @_end+140737345680968.0  :   SUB_R_I : limm   t1, 0x3 : IntAlu :  D=0x0000000000000003
 829500: system.cpu0 T0 : @_end+140737345680972    : cmp	rax, 0x1e             
 829500: system.cpu0 T0 : @_end+140737345680972    : cmp	rax, 0x1e             
 829000: system.cpu1 T0 : @_end+140737345680968.1  :   SUB_R_I : sub   rax, rax, t1 : IntAlu :  D=0x00000000000000008 829500: system.cpu0 T0 : @_end+140737345680972    : cmp	rax, 0x1e             
 829000: system.cpu1 T0 : @_end+140737345680968.1  :   SUB_R_I : sub   rax, rax, t1 : IntAlu :  D=0x0000000000000000829500 : 00000system.cpu0 T0 : @_end+140737345680972.00 :   CMP_R_I : limm   t1, 0x1e : IntAlu :  D=0x000000000000001e
 829500: system.cpu1 T0 :  830000: system.cpu0 T@_end+140737345680972    : cmp	rax, 0x1e0000000000000
 829500: system.cpu1 T0 :  830000: system.cpu0 T@_end+140737345680972    : cmp	rax, 0x1e0000000000000
 830500: system.cpu0 T0 :  jnbe	0x1e00000000000000000
 830500: system.cpu0 T0 : @_end+140737345680976.00 :   JNBE_I : rdip   t1, %ctrl153,  : IntAlu :  D=0x00007ffff7df0692
 831000: system.cpu0 T0 : @_end+140737345680976.10 :   JNBE_I : limm   t2, 0x1e : IntAlu :  D=0x000000000000001e
 832000: system.cpu0 T0 : @_end+140737345680978    : movsxd	rax, DS:[4*rax + rcx]
 832000: system.cpu0 T0 : @_end+140737345680978    : movsxd	rax, DS:[4*rax + rcx]
 832000: system.cpu1 T0 : @ 832500    : system.cpu0  832000: system.cpu1 T0 : @ 832500    : system.cpu0  T0 : @_end+140737345680978.10 :   MOVSXD_R_M : sexti   rax, t1, 0x1f : IntAlu :  D=0xffffffffffffa720
 833500: system.cpu0 T0 : @_end+140737345680982    : add	rax, rcx00000000000000  833500: system.cpu0 T0 : @_end+140737345680982    : add	rax, rcx00000000000000 832500: system.cpu1000000000000000 T0 : @_end+140737345680978.10 :   MOVSXD_R_M : sexti   rax, t1, 0x1f : IntAlu :  D=0xffffffffffffa720
 833500: system.cpu0 T0 : @_end+140737345680982.00 :   ADD_R_R : add   rax, rax, rcx : IntAlu :  D=0x0000000000000001
 834000: system.cpu1 T0 :  834500: system.cpu0 T0 : @_end+140737345680985.00 :   JMP_R : wripi   , rax, 0 : IntAlu : 
 834500: system.cpu18Tsystem.cpu0 00 :  : @_end+140737345681392. 0 : @                         _end+140737345681392    : mov	ebp, DS:[rdx + 0x8]   
 834500: system.cpu1 Tsystem.cpu0 00 :  : @_end+140737345681392. 0 : @                         _end+140737345681392    : mov	ebp, DS:[rdx + 0x8]   
 835000: system.cpu0 T0 : @_end+140737345681395    :  835000: system.cpu1                T0mp	0xfffffffffffffe78
 835000: system.cpu0 T0 : @_end+140737345681395    :  835000: system.cpu1                T0mp	0xfffffffffffffe78
 835500: system.cpu0 T0 : @_end+140737345681395.1  :  835500: system.cpu1                T0 :   JMP_I : limm   t2, 0xfffffffffffffe78 : IntAlu : @ D=0x11  :   JMP_I : limm   t2, 0xfffffffffffffe78 : 184467 : 73709551224000000fff
 835500: system.cpu0 T0 : @_end+140737345681395.1  :  835500: system.cpu1                T0 :   JMP_I : limm   t2, 0xfffffffffffffe78 : IntAlu : @ D=0x11  :   JMP_I : limm   t2, 0xfffffffffffffe78 : 184467 : 73709551224000000fff
 836000: system.cpu0 T0 : @_end+140737345681395.20 :  836000: system.cpu1000000000000000 T0 :   JMP_I : wrip   , t1, t2 : IntAlu : 
 836000: system.cpu0 T0 : @_end+140737345681395.20 :  836000: system.cpu1000000000000000 T0 :   JMP_I : wrip   , t1, t2 : IntAlu : 
 836500: system.cpu0 T0 : @_end+140737345681008    : add	rax, 0x100000000000000
 836500: system.cpu0 T0 : @_end+140737345681008    : add	rax, 0x100000000000000
 837500: system.cpu1 T0 :  837500: system.cpu0 T@ :     : mov	rax, DS:[rdx]000000000
 837500: system.cpu1 T0 :  837500: system.cpu0 T@ :     : mov	rax, DS:[rdx]000000000
 837500: system.cpu0 T0 : @_end+140737345681012.00 :   MOV_R_M : ld   rax, DS:[rdx] : MemRead :  D=0x0000000000000007 A=0x7fffffffeef0
 837500: system.cpu0 T0 : @_end+140737345681012.00 :   MOV_R_M : ld   rax, DS:[rdx] : MemRead :  D=0x0000000000000007 A=0x7fffffffeef0
 838500:  838500system.cpu0 Tsystem.cpu10T0 : @_end+140737345681015. 0 : @_end+140737345681015 :  : test	rax, rax           0 838500:  838500system0 : @_end+140737345681015.0  :   TEST_R_R : and   t0, rax, rax : IntAlu :  D=0x0000000000000000
 838500: system.cpu0 T0 : @_end+140737345681015.0  :   TEST_R_R : and   t0, rax, rax : IntAlu :  D=0x0000000000000000
 839000: system.cpu0 T0 : @_end+140737345681018    : jnz	0xffffffffffffffcc 839
 839000: system.cpu0 T0 : @_end+140737345681018    : jnz	0xffffffffffffffcc 839
 839500: system.cpu0 T0 : @_end+140737345681018.1  :   JNZ_I : limm   t2, 0xffffffffffffffcc : IntAlu :  D=0xffffffffffffffcc
 840500: system.cpu0 T0 : @_end+140737345680968.0  :   SUB_R_I : limm   t1, 0x3 : IntAlu :  D=0x0000000000000003
 842000: system.cpu0 T0 : @_end+140737345680972.1  :   CMP_R_I : sub   t0, rax, t1 : IntAlu :  D=0x0000000000000001
 844000: system.cpu0 T0 : @_end+140737345680978.0  :   MOVSXD_R_M : ld   t1d, DS:[4*rax + rcx] : MemRead :  D=0x00000000ffffa5a0 A=0x7ffff7df6120
 844000: system.cpu0 T0 : @_end+140737345680978.0  :   MOVSXD_R_M : ld   t1d, DS:[4*rax + rcx] : MemRead :  D=0x00000000ffffa5a0 A=0x7ffff7df6120
 846000: system.cpu0 T0 : @_end+140737345680985    : jmp	rax                   
 846000: system.cpu0 T0 : @_end+140737345680985.0  :   JMP_R : wripi   , rax, 0 : IntAlu : 
 846000: system.cpu0 T0 : @_end+140737345680985.0  :   JMP_R : wripi   , rax, 0 : IntAlu : 
 850500: system.cpu0 T0 :  851000: system.cpu1 T0 : @_end+140737345680968    : sub	rax, 0x3              
 850500: system.cpu0 T0 :  851000: system.cpu1 T0 : @_end+140737345680968    : sub	rax, 0x3              
 851000: system.cpu0 T0 : @_end+140737345680968.1  :   SUB_R_I : sub   rax, rax, t1 : IntAlu :  D=     0x  cfe2c: system.cpu1000
 851000: system.cpu0 T0 : @_end+140737345680968.1  :   SUB_R_I : sub   rax, rax, t1 : IntAlu :  D=     0x  cfe2c: system.cpu1000
 851500: system.cpu0 T0 : @_end+140737345680972    : cmp	rax, 0x1e             
 851500: system.cpu0 T0 : @_end+140737345680972    : cmp	rax, 0x1e             
 852000: system.cpu0 T0 : @_end+140737345680972.1  :   CMP_R_I : sub   t0, rax, t1 : IntAlu :  D=0x0000000000000001
 852500: system.cpu0 T0 : @_end+140737345680976    : jnbe	0x1e                 53000:
 852500: system.cpu0 T0 : @_end+140737345680976    : jnbe	0x1e                 53000:
 852500: system.cpu0 T0 : @_end+140737345680976.0  :   JNBE_I : rdip   t1, %ctrl153,  : IntAlu :  D=0x00007ffff7df0692
 853000: system.cpu0 T0 : @_end+140737345680976.1  :   JNBE_I : limm   t2, 0x1e : IntAlu :  D=0x000000000000001e
 853500: system.cpu0 T0 :  854000: system.cpu1 T0 : @_end+140737345680976.2  :   JNBE_I : wrip   , t1, t2 : IntAlu : 
 853500: system.cpu0 T0 :  854000: system.cpu1 T0 : @_end+140737345680976.2  :   JNBE_I : wrip   , t1, t2 : IntAlu : 
0 :  854000: system.cpu0 T0 : @_end+140737345680978.1  :   MOVSXD_R_M : sexti   rax, t1, 0x1f : IntAlu :  D=0x@ffffffffffffa5a0
0 :  854000: system.cpu0 T0 : @_end+140737345680978.1  :   MOVSXD_R_M : sexti   rax, t1, 0x1f : IntAlu :  D=0x@ffffffffffffa5a0
 856000: system.cpu1 T0 :  855500: system.cpu0 T0 : d+140737345680985    : jmp	rax                   
 856000: system.cpu1 T0 :  855500: system.cpu0 T0 : d+140737345680985    : jmp	rax                   
 855500: system.cpu0 T0 : @_end+140737345680985.0  :   JMP_R : wripi   , rax, 0 : IntAlu : 
 855500: system.cpu0 T0 : @_end+140737345680982.0  :   ADD_R_R : add   rax, rax, rcx : IntAlu :  D=0x0000000000000001
 856000: system.cpu0 T0 : @_end+140737345680985    : jmp	rax                   
 856000: system.cpu0 T0 : @_end+140737345681008.0  :   ADD_R_I : limm   t1, 0x10 : IntAlu :  D=0x0000000000000010
 856000: system.cpu0 T0 : @_end+140737345680985.0  :   JMP_R : wripi   , rax, 0 : IntAlu : 
 857500:  856500 :0 : system.cpu0 T0 : @_end+140737345681008.    : mov	rax, DS:[rdx]           857500:  856500 :0 : system.cpu0 T0 : @_end+140737345681008.    : mov	rax, DS:[rdx]          :                          ADD_R_I : limm   t1, 0x10 : IntAlu :  D=0x0000000000000010
 857500: system.cpu0 T0 : @_end+140737345681012.0  :   MOV_R_M : ld   rax, DS:[rdx] : MemRead :  D=0x0000000000000009 A=0x7fffffffef10
 858500: system.cpu0 T0 : @_end+140737345681015    : test	rax, rax             
 858500: system.cpu0 T@ : .1  :   JNZ_I : limm   t2, 0xffffffffffffffcc : IntAlu :  D=0xffffffffffffffcc
 858500: system.cpu0 T@ : .1  :   JNZ_I : limm   t2, 0xffffffffffffffcc : IntAlu :  D=0xffffffffffffffcc
 859000: system.cpu0 T0 : @_end+140737345681018    : jnz	0xffffffffffffffcc    
 859000: system.cpu0 T0 : @_end+140737345681018    : jnz	0xffffffffffffffcc    
 861500: system.cpu0 T0 : @ : IntAlu :  D=0x000000000000001e
 862500: system.cpu0 T0 : @_end+140737345680978    : movsxd	rax, DS:[4*rax + rcx]
 862500: system.cpu0 T0 : @_end+140737345680978    : movsxd	rax, DS:[4*rax + rcx]
 863000: system.cpu0 T0 : @_end+140737345680976.1  :   JNBE_I : limm   t2, 0x1e : IntAlu :  D=0x000000000000001e
 863500: system.cpu0 T0 : @_end+140737345680976.2  :   JNBE_I : wrip   , t1, t2 : IntAlu : 
 864000: system.cpu0 T0 : @_end+140737345680978    : movsxd	rax, DS:[4*rax + rcx]
 864000: system.cpu0 T0 : @_end+140737345680982.0  :   ADD_R_R : add   rax, rax, rcx : IntAlu :  D=0x0000000000000001
864500: system.cpu0                T0 : @_end+140737345680978.1  :   MOVSXD_R_M : sexti   rax, t1, 0x1f : IntAlu :  D=0xffffffffffffa6f0
 865500: system.cpu0 T0 : @_end+140737345680982    : add	rax, rcx              
@_end+140737345681344865 : : system.cpu0 T0 : @_end+140737345680982.0  :   ADD_R_R : add   rax, rax, rcx : IntAlu :  D=0x0000000000000001
@_end+140737345681344865 : : system.cpu0 T0 : @_end+140737345680982.0  :   ADD_R_R : add   rax, rax, rcx : IntAlu :  D=0x0000000000000001
 866500: system.cpu0 T0 : @_end+140737345680985    : jmp	rax                   
 866000: system.cpu0                T0 : @_end+140737345680985.0  :   JMP_R : wripi   , rax, 0 : IntAlu : 
 866000: system.cpu0                T0 : @_end+140737345680985.0  :   JMP_R : wripi   , rax, 0 : IntAlu : 
 866500: system.cpu0 T0 : @_end+140737345681344    : mov	rsi, DS:[rdx + 0x8]   
 866500: system.cpu0 867500 e: 0 T0 : @_end+140737345681344. 0 :   MOV_R_M : ld   rsi, DS:[rdx + 0x8] : MemRead                 0x       _end+140737345681348400 :  A=0x7fffffffef18
 866500: system.cpu0 867500 e: 0 T0 : @_end+140737345681344. 0 :   MOV_R_M : ld   rsi, DS:[rdx + 0x8] : MemRead                 0x       _end+140737345681348400 :  A=0x7fffffffef18
 867500: system.cpu0 T0 : @_end+140737345681348    : mov	r14d, 0x1             
0 :  867500: system.cpu0 T0 : @_end+140737345681354    : @                         _end+140737345681348.0  :   MOV_R_I : limm   r14d, 0x1 : IntAlu :  D=0x0000000000000001
0 :  867500: system.cpu0 T0 : @_end+140737345681354    : @                         _end+140737345681348.0  :   MOV_R_I : limm   r14d, 0x1 : IntAlu :  D=0x0000000000000001
 868000: system.cpu1 T0 :  868000: system.cpu0 T0 : d+140737345681354.0  : @                         _end+140737345681354    : jmp	0xfffffffffffffea1    
 868000: system.cpu1 T0 :  868000: system.cpu0 T0 : d+140737345681354.0  : @                         _end+140737345681354    : jmp	0xfffffffffffffea1    
@_end+140737345681354.1  :   JMP_I : limm   t2, 0xfffffffffffffea1 : IntAlu: system.cpu0                T 0 :                    D=0xfffffffffffffea1
@_end+140737345681354.1  :   JMP_I : limm   t2, 0xfffffffffffffea1 : IntAlu: system.cpu0                T 0 :                    D=0xfffffffffffffea1
 869000: system.cpu1 T0 : @_end+140737345681354.2  :  869000: system.cpu0                T0 :   JMP_I : wrip   , t1, t2 : IntAlu : 
 869000: system.cpu1 T0 : @_end+140737345681354.2  :  869000: system.cpu0                T0 :   JMP_I : wrip   , t1, t2 : IntAlu : 
 869500: system.cpu0 T0 : @_end+140737345681008    : add	rax, 0x10             
 869500: system.cpu0 T0 : @_end+140737345681008.0  :   ADD_R_I : limm   t1, 0x10 : IntAlu :  D=0x0000000000000010
 869500: system.cpu0 T0 : @_end+140737345681008.0  :   ADD_R_I : limm   t1, 0x10 : IntAlu :  D=0x0000000000000010
 870000: system.cpu0 T0 : @_end+140737345681008.1  :   ADD_R_I : add   rdx, rdx, t1 : IntAlu :  D=0x0000000000000000
 871500: system.cpu0 T0 : @_end+140737345681015.0  :   TEST_R_R : and   t0, rax, rax : IntAlu :  D=0x0000000000000000
 874500: system.cpu0 T0 : @_end+140737345680972.0  :   CMP_R_I : limm   t1, 0x1e : IntAlu :  D=0x000000000000001e
 875500: system.cpu0 T0 : @_end+140737345680976.0  :   JNBE_I : rdip   t1, %ctrl153,  : IntAlu :  D=0x00007ffff7df0692
 876500: system.cpu0 T0 : @_end+140737345680976.2  :   JNBE_I : wrip   , t1, t2 : IntAlu : 
 877000: system.cpu0 T0 : @_end+140737345680978.0  :   MOVSXD_R_M : ld   t1d, DS:[4*rax + rcx] : MemRead :  D=0x00000000ffffa5a0 A=0x7ffff7df6130
 879000: system.cpu0 T0 : @_end+140737345680985    : jmp	rax                   
 879000: system.cpu0 T0 : @_end+140737345680985.0  :   JMP_R : wripi   , rax, 0 : IntAlu : 
 879000: system.cpu0 T0 : @_end+140737345680985.0  :   JMP_R : wripi   , rax, 0 : IntAlu : 
 879500: system.cpu0 T0 : @_end+140737345681008    : add	rax, 0x10             
 879500: system.cpu0 T0 : @_end+140737345681008.0  :   ADD_R_I : limm   t1, 0x10 : IntAlu :  D=0x0000000000000010
 880500: system.cpu0 T0 : @_end+140737345681012    : mov	rax, DS:[rdx]         
 880500: system.cpu0 T0 : @_end+140737345681015    : test	rax, rax             
 881500: system.cpu0 T0 : @_end+140737345681015    : test	rax, rax             
 881500: system.cpu0 T0 : @_end+140737345681015    : test	rax, rax             
 881500: system.cpu0 T0 : @_end+140737345681015    : test	rax, rax             
 882000: system.cpu0 T0 :  882500: system.cpu1@_end+140737345681018    : jnz	0xffffffffffffffcc    
 882000: system.cpu0 T0 :  882500: system.cpu1@_end+140737345681018    : jnz	0xffffffffffffffcc    
 882500: system.cpu0 T0 : @_end+140737345681018.1  :   JNZ_I : limm   t2, 0xffffffffffffffcc : IntAlu :  D=0xffffffffffffffcc
 883000: system.cpu0 T0 : @_end+140737345681018.2  :   JNZ_I : wrip   , t1, t2  : IntAlu : 
 883500: system.cpu0 T0 : @_end+140737345680968    : sub	rax, 0x3              
 883500: system.cpu0 T0 : @_end+140737345680968    : sub	rax, 0x3              
 884000: system.cpu0 T0 : @_end+140737345680968.1  :   SUB_R_I : sub   rax, rax, t1 : IntAlu :  D=0x0000000000000000
 884000: system.cpu0 T0 : @_end+140737345680968.1  :   SUB_R_I : sub   rax, rax, t1 : IntAlu :  D=0x0000000000000000
 884500: system.cpu0 T0 : @_end+140737345680972    : cmp	rax, 0x1e               884500: system.cpu0 T0 : @_end+140737345680972    : cmp	rax, 0x1e              885000: system.cpu1 T0 : @_end+140737345680972.1  :   CMP_R_I : sub   t0, rax, t1 : IntAlu :  D=0x0000000000000001
 885000: system.cpu0 T0 : @_end+140737345680972.1  :   CMP_R_I : sub   t0, rax, t1 : IntAlu :  D=0x0000000000000001
 885000: system.cpu0 T0 : @_end+140737345680972.1  :   CMP_R_I : sub   t0, rax, t1 : IntAlu :  D=0x0000000000000001
 885500: system.cpu0 T0 :  886000: system.cpu1 T0 : d+140737345680976    : jnbe	0x1e                 
 885500: system.cpu0 T0 :  886000: system.cpu1 T0 : d+140737345680976    : jnbe	0x1e                 
 886500: system.cpu0                T0 : @_end+140737345680976.2  :   JNBE_I : wrip   , t1, t2 : IntAlu : 
 887000: system.cpu0 T0 : @_end+140737345680978    : 887500	rax, DS:[4*rax + rcx]
 887000: system.cpu0 T0 : @_end+140737345680978    : 887500	rax, DS:[4*rax + rcx]
 888500: system.cpu1 T0 :  88  :@system.cpu0 T : 0dd	rax, rcx        :      
 888500: system.cpu1 T0 :  88  :@system.cpu0 T : 0dd	rax, rcx        :      
 888500: system.cpu0 T0 :  889000: system.cpu1 T0 : @_end+140737345680982    : add	rax, rcx              
 888500: system.cpu0 T0 :  889000: system.cpu1 T0 : @_end+140737345680982    : add	rax, rcx              
 889000: system.cpu0 T0 : @_end+140737345680985    : jmp	rax0000000000000000000
 889000: system.cpu0 T0 : @_end+140737345680985.00 :   JMP_R : wripi   , rax, 0 : IntAlu : 
 889500: system.cpu1 T0 :  889500: system.cpu0 T0 : @_end+140737345681008    : add	rax, 0x100000000000000
 889500: system.cpu1 T0 :  889500: system.cpu0 T0 : @_end+140737345681008    : add	rax, 0x100000000000000
889500: 00000system.cpu0 T0 : @_end+140737345681008.00 :   ADD_R_I : limm   t1, 0x10 : IntAlu :  D=0x0000000000000010
 890000: system.cpu0 T0 : @_end+140737345681008.10 :   ADD_R_I : add   rdx, rdx, t1 : IntAlu :  D=0x0000000000000000
 890500: system.cpu0 T0 : @_end+140737345681012    : mov	rax, DS:[rdx]000000000
 890500: system.cpu0 T0 : @_end+140737345681012    : mov	rax, DS:[rdx]000000000
 890500: system.cpu0 T0 : @_end+140737345681012    : mov	rax, DS:[rdx]000000000
 891500: system.cpu0 T0 : 891500: system.cpu1 T0 : @_end+140737345681015    : test	rax, rax0000000000000
 891500: system.cpu0 T0 : 891500: system.cpu1 T0 : @_end+140737345681015    : test	rax, rax0000000000000
@_end+140737345681018    : jnz	0xffffffffffffffcc      892000: system.cpu08    : jnz	0xffffffffffffffcc     892000: system.cpu1 T0 : @_end+140737345681018.00 :   JNZ_I : rdip   t1, %ctrl153,  : IntAlu :  D=0x00007ffff7df06bc
 892500: system.cpu0 T0 : @_end+140737345681018.10 :   JNZ_I : limm   t2, 0xffffffffffffffcc : IntAlu :  D=0xffffffffffffffcc
 893000: system.cpu0 T0 : @_end+140737345681018.20 :   JNZ_I : wrip   , t1, t20 : IntAlu : 
 893500: system.cpu0 T0 : @_end+140737345680968    :  894000, 0x3              
 893500: system.cpu0 T0 : @_end+140737345680968    :  894000, 0x3              
 893500: system.cpu0 T0 : @_end+140737345680968.00 :   SUB_R_I : limm   t1, 0x3 : IntAlu :  D=0x0000000000000003
 894500: system.cpu0 T0 : @_end+140737345680972    : cmp	rax, 0x1e             
 894500: system.cpu0 T0 : @_end+140737345680972    : cmp	rax, 0x1e             
 894500: system.cpu0 T0 : @_end+140737345680972.0  :   CMP_R_I : limm   t1, 0x1e : IntAlu :  D=0x000000000000001e
 895000: system.cpu0 T0 : @_end+140737345680972.1  :   CMP_R_I : sub   t0, rax, t1 : IntAlu :  D=0x0000000000000001
 895000: system.cpu0 T0 : @_end+140737345680972.1  :   CMP_R_I : sub   t0, rax, t1 : IntAlu :  D=0x0000000000000001
 895500: system.cpu0 T0 : @_end+140737345680976    : jnbe	0x1e                 
 895500: system.cpu0 T0 : @_end+140737345680976    : jnbe	0x1e                 
 895500: system.cpu0 T0 : @_end+140737345680976.0  :   JNBE_I : rdip   t1, %ctrl153,  : IntAlu :  D=0x00007ffff7df0692
 896500: system.cpu0                T0 : @_end+140737345680976.2  :   JNBE_I : wrip   , t1, t2 : IntAlu : 
 897000: system.cpu0 T0 :  8    @: _end+140737345680978   tem.cpu1  : movsxd	rax, DS:[4*rax + rcx]
 897000: system.cpu0 T0 :  8    @: _end+140737345680978   tem.cpu1  : movsxd	rax, DS:[4*rax + rcx]
 897500: system.cpu0 T0 : @_end+140737345680978. 1 :   MOVSXD_R_M : sexti   rax, t1, 0x1f : IntAlu :  D=0xffffffffffffa5a0
 899000: system.cpu1 T0 :  898500: system.cpu0 T0 : @_end+140737345680985. 0 :   JMP_R : wripi   , rax, 0 : IntAlu : 
 899000: system.cpu1 T0 :  898500: system.cpu0 T0 : @_end+140737345680985. 0 :   JMP_R : wripi   , rax, 0 : IntAlu : 
 898500: system.cpu0 T0 : @_end+140737345681008    : add	rax, 0x10             
 899000: system.cpu0 T0 :  900000: system.cpu1 T@ : d+140737345680985    : jmp	rax                   
 899000: system.cpu0 T0 :  900000: system.cpu1 T@ : d+140737345680985    : jmp	rax                   
 899000: system.cpu0 T0 : @_end+140737345680985.0  :   JMP_R : wripi   , rax, 0 : IntAlu : 
 899500: system.cpu0 T0 : @_end+140737345681008    : add	rax, 0x10             
 899500: system.cpu0 T0 : @_end+140737345681012.0  :   MOV_R_M : ld   rax, DS:[rdx] : MemRead :  D=0x000000000000000e A=0x7fffffffef50
 899500: system.cpu0 T0 : @_end+140737345681008.0  :   ADD_R_I : limm   t1, 0x10 : IntAlu :  D=0x0000000000000010
 901500: system.cpu1 T0 :  900000: system.cpu0 @0_end+140737345681015    : test	rax, rax             
 901500: system.cpu1 T0 :  900000: system.cpu0 @0_end+140737345681015    : test	rax, rax             
 900500: system.cpu0 T0 : @_end+140737345681012    : mov	rax, DS:[rdx]         
 900500: system.cpu0 T0 : @_end+140737345681012    : mov	rax, DS:[rdx]         
 900500: system.cpu0 T0 : @_end+140737345681012.0  :   MOV_R_M : ld   rax, DS:[rdx] : MemRead :  D=0x000000000000000e A=0x7fffffffef50
 900500: system.cpu0 T0 : @_end+140737345681012.0  :   MOV_R_M : ld   rax, DS:[rdx] : MemRead :  D=0x000000000000000e A=0x7fffffffef50
 901500: system.cpu0 T0 : @_end+140737345681015    : 903000: , rax             
 901500: system.cpu0 T0 : @_end+140737345681015    : 903000: , rax             
 902000: system.cpu0345681018    jnz	0xffffffffffffffcc    
 903000: system.cpu0 T0 : @_end+140737345681018.2  :   JNZ_I : wrip   , t1, t2  : IntAlu : 
 903500: system.cpu0 T0 :  905000: system.cpu1 T0 : @_end+140737345680968    : sub	rax, 0x3              
 903500: system.cpu0 T0 :  905000: system.cpu1 T0 : @_end+140737345680968    : sub	rax, 0x3              
 904000: system.cpu0 T0 : @_end+140737345680968.1  :   SUB_R_I : sub   rax, rax, t1 : IntAlu :  D=0x0000000000000000
 904500: system.cpu0 T0 : @_end+140737345680972    : cmp	rax, 0x1e        9060 
 904500: system.cpu0 T0 : @_end+140737345680972    : cmp	rax, 0x1e        9060 
 908500: system.cpu1 T0 : @_end+140737345680982    : add	rax, rcx                908500: system.cpu1 T0 : @_end+140737345680982    : add	rax, rcx               906500: system.cpu0                T0 : @_end+140737345680976.2  :   JNBE_I : wrip   , t1, t2 : IntAlu : 
 907000: system.cpu0 T0 : @_end+140737345680978    : movsxd	rax, DS:[4*rax + rcx]
 907000: system.cpu0 T0 : @_end+140737345680978    : movsxd	rax, DS:[4*rax + rcx]
 909500: system.cpu1 T0 :  908500: system.cpu0 T0 : d+140737345681008.0  :   ADD_R_I : limm   t1, 0x10 : IntAlu :  D=0x0000000000000010
 909500: system.cpu1 T0 :  908500: system.cpu0 T0 : d+140737345681008.0  :   ADD_R_I : limm   t1, 0x10 : IntAlu :  D=0x0000000000000010
 908500: system.cpu0 T0 : @_end+140737345681008.1  :   ADD_R_I : add   rdx, rdx, t1 : IntAlu :  D=0x0000000000000000
 908500: system.cpu0 T0 : @_end+140737345681008.1  :   ADD_R_I : add   rdx, rdx, t1 : IntAlu :  D=0x0000000000000000
 909000: system.cpu0 T0 : @_end+140737345680985    : jmp	rax                   
 909000: system.cpu0 T0 : @_end+140737345681012.0  :   MOV_R_M : ld   rax, DS:[rdx] : MemRead :  D=0x0000000000000017 A=0x7fffffffef60
 909000: system.cpu0 T0 : @_end+140737345680985.0  :   JMP_R : wripi   , rax, 0 : IntAlu : 
 909500: system.cpu0 T0 : @_end+140737345681008    : add	rax, 0x10             
 909500: system.cpu0 T0 : @_end+140737345681008    : add	rax, 0x10             
910500: system.cpu0                T0 : @_end+140737345681012.0  :   MOV_R_M : ld   rax, DS:[rdx] : MemRead :  D=0x0000000000000017 A=0x7fffffffef60
 912000: system.cpu0 T0 : _end+140737345680972    : cmp	rax, 0x1e             
 914500: system.cpu0 T0 : _end+140737345680972    : cmp	rax, 0x1e             
 914500: system.cpu0 T0 : @_end+140737345680972    : cmp	rax, 0x1e             
 system.cpu0  917000: 737345680978    : movsxd	rax, DS:[4*rax + rcx] 914500
 system.cpu0  T0 : @_end+140737345680972.0  :   CMP_R_I : limm   t1, 0x1e : IntAlu :  D=0x000000000000001e
 915500: system.cpu0 T0 : @_end+140737345680976    : jnbe	0x1e                 
 915500: system.cpu0 T0 : @_end+140737345680982    : add	rax, rcx              
 915500: system.cpu0 T0 : @_end+140737345680982    : add	rax, rcx              
 916500: system.cpu0 T0 : @_end+140737345680976.2  :   JNBE_I : wrip   , t1, t2 : IntAlu : 
 916500: system.cpu0 T0 : @_end+140737345680976.2  :   JNBE_I : wrip   , t1, t2 : IntAlu : 
 917000: system.cpu0 T0 : @_end+140737345680978    : movsxd	rax, DS:[4*rax + rcx]
 919500: system.cpu1 T0 : 917000: system.cpu0 T0 : @_end+140737345681232@ : d+140737345680978.0  :   MOVSXD_R_M : ld   t1d, DS:[4*rax + rcx] : MemRead :  D=0x00000000ffffa680 A=0x7ffff7df6160
 919500: system.cpu1 T0 : 917000: system.cpu0 T0 : @_end+140737345681232@ : d+140737345680978.0  :   MOVSXD_R_M : ld   t1d, DS:[4*rax + rcx] : MemRead :  D=0x00000000ffffa680 A=0x7ffff7df6160
 918500: system.cpu0 T0 : @_end+140737345680982    : add	rax, rcx              
 918500: system.cpu0 T0 : @_end+140737345680982.0  :   ADD_R_R : add   rax, rax, rcx : IntAlu :  D=0x0000000000000001
 920500: system.cpu1 T0 :  919000: system.cpu0 @0_end+140737345681236    : @                         _end+140737345680985    : jmp	rax                   
 919000: system.cpu1 T0 :  919000: system.cpu0 @0_end+140737345681236    : @                         _end+140737345680985    : jmp	rax                   
 919500: system.cpu0 T0 : @_end+140737345681232    : mov	r11d, DS:[rdx + 0x8]  
 919500: system.cpu0 T0 : @_end+140737345681242    : @                         _end+140737345681232.0  :   MOV_R_M : ld   r11d, DS:[rdx + 0x8] : MemRead :  D=0x0000000000000000 A=0x7fffffffef68
 919500: system.cpu0 T0 : @_end+140737345681242    : @                         _end+140737345681232.0  :   MOV_R_M : ld   r11d, DS:[rdx + 0x8] : MemRead :  D=0x0000000000000000 A=0x7fffffffef68
 921000: system.cpu1 T0 : @_end+140737345681242.0  :  920500: system.cpu0                T0 :   JMP_I : rdip   t1, %ctrl153,  : IntAlu :  D=0x000000000000000@_ 921000: system.cpu1 T0 : @_end+140737345681242.0  :  920500: system.cpu0                T0 :   JMP_I : rdip   t1, %ctrl153,  : IntAlu :  D=0x000000000000000@_end+140737345681236    : mov	r13d, 0x1             
 920500: system.cpu0 T0 : @_end+140737345681242.1  : @                         _end+140737345681236.0  :   MOV_R_I : limm   r13d, 0x1 : IntAlu :  D=0x0000000000000001
 920500: system.cpu0 T0 : @_end+140737345681242.1  : @                         _end+140737345681236.0  :   MOV_R_I : limm   r13d, 0x1 : IntAlu :  D=0x0000000000000001
 921000: system.cpu0 T0 : @_end+140737345681242    : jmp	0xffffffffffffff11    
 921000: system.cpu0                T0 : P_I : wrip   , t1, t2 : IntAlu : 
 921000: system.cpu0                T0 : P_I : wrip   , t1, t2 : IntAlu : 
 921500: system.cpu0 T0 : @_end+140737345681242.1  :   JMP_I : limm   t2, 0xffffffffffffff11 : IntAlu :  D=0xffffffffffffff11
 922500: system.cpu0 T0 : @_end+140737345681012    : mov	rax, DS:[rdx]         
 922500: system.cpu0 T0 : @_end+140737345681012    : mov	rax, DS:[rdx]         
 924  @: system.cpu1345681012    : mov	rax, DS:[rdx]         T 923500: system.cpu0345681012    : mov	rax, DS:[rdx]         T0 : @_end+140737345681015.0  :   TEST_R_R : and   t0, rax, rax : IntAlu :  D=0x0000000000000000
 924500: system.cpu0 T 925000  system.cpu1: jnz	0x T0 : @_end+140737345681018. 0 :   JNZ_I : rdip   t1, %ctrl153,  : _end+1 : 37345681015    :  D=t	rax, rax               924500: system.cpu0 T0 : @_end+140737345681015.0  :   TEST_R_R : and   t0, rax, rax : IntAlu :  D=0x0000000000000000
 924500: system.cpu0 T0 : @_end+140737345681015.0  :   TEST_R_R : and   t0, rax, rax : IntAlu :  D=0x0000000000000000
 925000: system.cpu0 T0 : @_end+140737345681018    : jnz	0xffffffffffffffcc    
@_end+140737345681018.2  92  : : system.cpu0 T JNZ_I : wrip   , t1, t2 : 0 : lu : 
@_end+140737345681018.2  92  : : system.cpu0 T JNZ_I : wrip   , t1, t2 : 0 : lu : 
 926500: system.cpu1 T0 :  925500: system.cpu0@T_ :  : sub	rax, 0x3              
 926500: system.cpu1 T0 :  925500: system.cpu0@T_ :  : sub	rax, 0x3              
 927500: system.cpu0 T0 : @_end+140737345680972    : cmp	rax, 0x1e             
 927500: system.cpu0 T0 : @_end+140737345680972.0  :   CMP_R_I : limm   t1, 0x1e : IntAlu :  D=0x000000000000001e
 928000: system.cpu0 T0 : @_end+140737345680972.1  :   CMP_R_I : sub   t0, rax, t1 : IntAlu :  D=0x0000000000000001
 928500: system.cpu0 T0 : @_end+140737345680976    : jnbe	0x1e                 
 928500: system.cpu0 T0 : @_end+140737345680976    : jnbe	0x1e                 
 929500: system.cpu0                T0 : @_end+140737345680976.2  :   JNBE_I : wrip   , t1, t2 : IntAlu : 
 930000: system.cpu0 T0 :  930500: system.cpu1 @_end+1407373456809780 : movsxd	rax, DS:[4*rax + rcx]
 930000: system.cpu0 T0 :  930500: system.cpu1 @_end+1407373456809780 : movsxd	rax, DS:[4*rax + rcx]
93system.cpu0                T0 : @_end+140737345680978.1  :   MOVSXD_R_M : sexti   rax, t1, 0x1f : IntAlu :  D=0xffffffffffffa668
 931500: system.cpu0 T0 : @_end+140737345680982    : add	rax, rcx              
 931500: system.cpu0 T0 : @_end+140737345680982    : add	rax, rcx              
 932000: system.cpu1 T0 : @_end+140737345680985    : jmp	rax                9  system.cpu0                T0 : @_end+140737345680982.0  :   ADD_R_R : add   rax, rax, rcx : IntAlu :  D=0x0000000000000001
 932000: system.cpu0 T0 : @_end+140737345680985    : jmp	rax                   
 932000: system.cpu0 T0 : @_end+140737345680985.0  :   JMP_R : wripi   , rax, 0 : IntAlu : 
 932500: system.cpu1 T0 :  932500: system.cpu0 T@ : .0  :   MOV_R_M : ld   rax, DS:[rdx + 0x8] : MemRead :  D=0x00007fffffffefb9 A=0x7fffffffef78
 932500: system.cpu1 T0 :  932500: system.cpu0 T@ : .0  :   MOV_R_M : ld   rax, DS:[rdx + 0x8] : MemRead :  D=0x00007fffffffefb9 A=0x7fffffffef78
 932500: system.cpu0 T0 : @_end+140737345681208.0  :   MOV_R_M : ld   rax, DS:[rdx + 0x8] : MemRead :  D=0x00007fffffffefb9 A=0x7fffffffef78
 932500: system.cpu0 T0 : @_end+140737345681208.0  :   MOV_R_M : ld   rax, DS:[rdx + 0x8] : MemRead :  D=0x00007fffffffefb9 A=0x7fffffffef78
 933500: system.cpu0 T0 : @_end+140737345681212    : mov	DS:[rsp + 0x2f], 0x1  
 933500: system.cpu0                T0 :   MOV_M_I : limm   t1b, 0x1 : IntAlu :  D=0x00000000ffffa601
 933500: system.cpu0                T0 :   MOV_M_I : limm   t1b, 0x1 : IntAlu :  D=0x00000000ffffa601
 934000: system.cpu1 T0 : @_end+140737345681212.1  :  934000: system.cpu0                T0 :   MOV_M_I : st   t1b, DS:[rsp + 0x2f] : @emW_end+140737345681212.1  D=             MOV_M_I    0x  t1b, DS:[rsp + 0x2f] : MemWrite : 1 A=0x0x7fffffffed9f0 934000: system.cpu1 T0 : @_end+140737345681212.1  :  934000: system.cpu0                T0 :   MOV_M_I : st   t1b, DS:[rsp + 0x2f] : @emW_end+140737345681212.1  D=             MOV_M_I    0x  t1b, DS:[rsp + 0x2f] : MemWrite : 1 A=0x0x7fffffffed9f0000000000000001 A=0x7fffffffed9f
 934500: system.cpu1 T0 :  934500: system.cpu0 T0 : @_end+140737345681217    : @0000000000000000000000000_end+140737345681217    : mov	DS:[rsp + 0x20], rax00
 934500: system.cpu1 T0 :  934500: system.cpu0 T0 : @_end+140737345681217    : @0000000000000000000000000_end+140737345681217    : mov	DS:[rsp + 0x20], rax00
 934500: system.cpu0000000000000000 T0 :   MOV_M_R : st   rax, DS:[rsp + 0x20] : MemWrite : @_end+140737345681217.0 341400000000000000 A=0x_M_R : st   rax, DS:[rsp + 0x20] : 7fffffff :  D=0x
 934500: system.cpu0000000000000000 T0 :   MOV_M_R : st   rax, DS:[rsp + 0x20] : MemWrite : @_end+140737345681217.0 341400000000000000 A=0x_M_R : st   rax, DS:[rsp + 0x20] : 7fffffff :  D=0x
 935500: system.cpu1 T0 :  935500: system.cpu0 @_end+1407373456812220 : : @_end+140737345681222    : jmp	0xffffffffffffff250000
 935500: system.cpu1 T0 :  935500: system.cpu0 @_end+1407373456812220 : : @_end+140737345681222    : jmp	0xffffffffffffff250000
 936500: system.cpu0 T0 : @_end+140737345681222.20 :   JMP_I : wrip   , t1, t20 : IntAlu : 
0 :  937000: system.cpu0 T0 : @_end+140737345681008    : add	rax, 0x100000000000000
0 :  937000: system.cpu0 T0 : @_end+140737345681008    : add	rax, 0x100000000000000
 938000: system.cpu0 T0 : @_end+140737345681012    : mov	rax, DS:[rdx]000000000
 938000: system.cpu0@T_end+1407373456810120   :  : 	rax, DS:[rdx]000000000
 938000: system.cpu0@T_end+1407373456810120   :  : 	rax, DS:[rdx]000000000
 939000: system.cpu0 T0 : @_end+140737345681015    : test	rax, rax0000000000000
 939000: system.cpu0 T0 : @_end+140737345681015    : test	rax, rax0000000000000
 939500: system.cpu0 T0 : @_end+140737345681018    : jnz	0xffffffffffffffcc    
 939500: system.cpu0 T0 : @_end+140737345681018    : jnz	0xffffffffffffffcc    
 940500: system.cpu0 T0 : @_end+140737345681018.2  :   JNZ_I : wrip   , t1, t2  : IntAlu : 
 942000: system.cpu0 T0_end+140737345680972 :  : cmp	rax, 0x1e             
 942000: system.cpu0 T0_end+140737345680972 :  : cmp	rax, 0x1e             
 943000: system.cpu0 T0 : @_end+140737345680976    : jnbe	0x1e                 
943000: system.cpu0                T0 : @_end+140737345680976.0  :   JNBE_I : rdip   t1, %ctrl153,  : IntAlu :  D=0x00007ffff7df0692
@_end+14073stem.cpu0 T0 : @_end+140737345680976.2  :   JNBE_I : wrip   , t1, t2 : IntAlu : 
 944000: system.cpu0 T0 : @_end+140737345680976.2  :   JNBE_I : wrip   , t1, t2 : IntAlu : 
 944500: system.cpu0 T0 :  944500: system.cpu1 T0 : @_end+140737345680978.0  :   MOVSXD_R_M : ld   t1d, DS:[4*rax + rcx] : MemRead :  D=0x00000000ffffa5a0 A=0x@ffff7df6180
 944500: system.cpu0 T0 :  944500: system.cpu1 T0 : @_end+140737345680978.0  :   MOVSXD_R_M : ld   t1d, DS:[4*rax + rcx] : MemRead :  D=0x00000000ffffa5a0 A=0x@ffff7df6180
 945000: system.cpu0 T0 : @_end+140737345680978.1  :   MOVSXD_R_M : sexti   rax, t1, 0x1f : IntAlu :  D=0xffffffffffffa5a0
 945000: system.cpu0 T0 : @_end+140737345680978.1  :   MOVSXD_R_M : sexti   rax, t1, 0x1f : IntAlu :  D=0xffffffffffffa5a0
 946000: system.cpu0 T0 : @_end+140737345680982    : add	rax, rcx              
 946000: system.cpu0 T0 : @_end+140737345680982    : add	rax, rcx              
 946000: system.cpu0 T0 : @_end+140737345680982.0  :   ADD_R_R : add   rax, rax, rcx : IntAlu :  D=0x0000000000000001
 946000: system.cpu0 T0 : @_end+140737345680982.0  :   ADD_R_R : add   rax, rax, rcx : IntAlu :  D=0x0000000000000001
 946500: system.cpu0 T0 : @_end+140737345680985    : jmp	rax                   
946500: system.cpu0                T0 : @_end+140737345680985.0  :   JMP_R : wripi   , rax, 0 : IntAlu : 
 947000: system.cpu0 T0 : @_end+140737345681008    : add	rax, 0x10             
 947000: system.cpu0 T0 : @_end+140737345681008    : add	rax, 0x10             
 948000: system.cpu0 T0 : @_end+140737345681012    : mov	rax, DS:[rdx]         
 948000: system.cpu0 T0_end+140737345681012    : mov	rax, DS:[rdx]         
 948000: system.cpu0 T0_end+140737345681012    : mov	rax, DS:[rdx]         
 949000: system.cpu0 T0 : @_end+140737345681015    : test	rax, rax             
 949000: system.cpu0 T0 : @_end+140737345681015.0  :   TEST_R_R : and   t0, rax, rax : IntAlu :  D=0x0000000000000000
 949500: system.cpu0 T0 : @_end+140737345681018    : jnz	0xffffffffffffffcc    
 949500: system.cpu0 T0 : @_end+140737345681018.00 :   JNZ_I : rdip   t1, %ctrl153,  : IntAlu :  D=0x00007ffff7df06bc
 949500: system.cpu1 T0 :  950000: system.cpu0@T_end+140737345681018  :  : jnz	0xffffffffffffffcc0000
 949500: system.cpu1 T0 :  950000: system.cpu0@T_end+140737345681018  :  : jnz	0xffffffffffffffcc0000
 951000: system.cpu0 T0 : @_end+140737345680968    : sub	rax, 0x300000000000000
 951000: system.cpu0 T0 : @_end+140737345680968    : sub	rax, 0x300000000000000
 952000: system.cpu0 T0 : @_end+140737345680972    : cmp	rax, 0x1e0000000000000
 952000: system.cpu0 T0 : @_end+140737345680972    : cmp	rax, 0x1e0000000000000
 952000: system.cpu0 T0 : @_end+140737345680972.00 :   CMP_R_I : limm   t1, 0x1e : IntAlu :  D=0x000000000000001e
 952500: system.cpu0 T0 : @_end+140737345680972.10 :   CMP_R_I : sub   t0, rax, t1 : IntAlu :  D=0x0000000000000001
system.cpu0 T0 : @_end+140737345680976    : jnbe	0x1e00000000000000000
 953000: system.cpu0 T+140737345680976    : jnbe	0x1e00000000000000000
 953500: system.cpu0 T0 : @_end+140737345680976.10 :   JNBE_I : limm   t2, 0x1e : IntAlu :  D=0x000000000000001e
 954000: system.cpu0 T0 : @_end+140737345680976.20 :   JNBE_I : wrip   , t1, t2 : IntAlu : 
 954000: system.cpu0 T0 :  : IntAlu :  D=0x000000000000001e
 954500: system.cpu0 T0 : @_end+140737345680978    : movsxd	rax, DS:[4*rax + rcx]
 954500: system.cpu0 T0 : @_end+140737345680978    : movsxd	rax, DS:[4*rax + rcx]
955000: system.cpu0 T0 : @_end+140737345680978.10 :   MOVSXD_R_M : sexti   rax, t1, 0x1f : IntAlu :  D=0xffffffffffffa6d8
 956000: system.cpu0 T0 :  955000: system.cpu1@T0 : +140737345680982    : add	rax, rcx00000000000000
 956000: system.cpu0 T0 :  955000: system.cpu1@T0 : +140737345680982    : add	rax, rcx00000000000000
 956500: system.cpu0 T0 :  956000: system.cpu1 T0 : @_end+140737345680985    : jmp	rax0000000000000000000
 956500: system.cpu0 T0 :  956000: system.cpu1 T0 : @_end+140737345680985    : jmp	rax0000000000000000000
 957000: system.cpu0 T0 : @_end+140737345681320.00 :  957000: system.cpu1000000000000000 T0 : @_end+140737345681320    : mov	r9, DS:[rdx + 0x8]0000
 958000: system.cpu0 T0 : @_end+140737345681324    : mov	r10d, 0x10000000000000
 958500: system.cpu0 T0 :  958500: system.cpu1 T0 : @_end+140737345681330    : @                         _end+140737345681330    : jmp	0xfffffffffffffeb9    
 958500: system.cpu0 T0 :  958500: system.cpu1 T0 : @_end+140737345681330    : @                         _end+140737345681330    : jmp	0xfffffffffffffeb9    
 959000: system.cpu0 T0 : @_end+140737345681330.01 :  959000: system.cpu1000000000000000 T0 :   JMP_I : limm   t2, 0xfffffffffffffeb9 : IntAlu :  D=0xfffffffffffffeb9
 959000: system.cpu0 T0 : @_end+140737345681330.01 :  959000: system.cpu1000000000000000 T0 :   JMP_I : limm   t2, 0xfffffffffffffeb9 : IntAlu :  D=0xfffffffffffffeb9
system.cpu0 T0 : @_end+140737345681330.20 :  959500: system.cpu1000000000000000 T0 :   JMP_I : wrip   , t1, t2 : IntAlu : 
system.cpu0 T0 : @_end+140737345681330.20 :  959500: system.cpu1000000000000000 T0 :   JMP_I : wrip   , t1, t2 : IntAlu : 
 960000: system.cpu0 T0 : @_end+140737345681008    : add	rax, 0x100000000000000
 960000: system.cpu0 T0 : @_end+140737345681008.00 :   ADD_R_I : limm   t1, 0x10 : IntAlu :  D=0x0000000000000010
 961000: system.cpu0 T0 : @_end+140737345681012    : mov	rax, DS:[rdx]000000000
 962000: system.cpu0 T0 : @_end+140737345681015    : test	rax, rax0000000000000
 962500: system.cpu0 T0 : @_end+140737345681018    : jnz	0xffffffffffffffcc0000
 962500: system.cpu0 T0 : @_end+140737345681018    : jnz	0xffffffffffffffcc0000
 963500: system.cpu0 T0 : @_end+140737345681018.20 :   JNZ_I : wrip   , t1, t20 : IntAlu : 
 964000: system.cpu0 T0 : @_end+140737345681020    :  964000: system.cpu1000000000000000 T0 : test	dil, dil
 964000: system.cpu0 T0 : @_end+140737345681020    :  964000: system.cpu1000000000000000 T0 : test	dil, dil
 965000: system.cpu0 T0 : @_end+140737345681023    : jnz	0x21b00000000000000000
 965000: system.cpu0 T0 : @_end+140737345681023.00 :   JNZ_I : rdip   t1, %ctrl153,  : IntAlu :  D=0x00007ffff7df06c5
@_end+140737345681023    :  965500: system.cpu0000000000000000 T0 : jnz	0x21b
 965000: system.cpu1 T0 :   965500: system.cpu0000000000000000 T0 : jnz	0x21b
  JNZ_I : rdip   t1, %ctrl153,  : IntAlu :  966000: system.cpu0 140737351976645
 966500: system.cpu0 T0 :  966000: system.cpu1 T0@_end+140737345681568    : @0000000000000000000000000_end+140737345681023.20 : mov	DS:[rip + 0x20c3d1], r15
 966500: system.cpu0 T0 :  966000: system.cpu1 T0@_end+140737345681568    : @0000000000000000000000000_end+140737345681023.20 : mov	DS:[rip + 0x20c3d1], r15
 968000: system.cpu0 T0 : @_end+140737345681575    : jmp	0xfffffffffffffdd90000
system.cpu0 T0 : @_end+140737345681575.20 :  969000: system.cpu1000000000000000 T0 :   JMP_I : wrip   , t1, t2 : IntAlu : 
system.cpu0 T0 : @_end+140737345681575.20 :  969000: system.cpu1000000000000000 T0 :   JMP_I : wrip   , t1, t2 : IntAlu : 
 969500: system.cpu0 T0 :  969500: system.cpu1 T0 : @_end+140737345681029    : @0000000000000000000000000_end+140737345681029    : test	r14b, r14b00000000000
 969500: system.cpu0 T0 :  969500: system.cpu1 T0 : @_end+140737345681029    : @0000000000000000000000000_end+140737345681029    : test	r14b, r14b00000000000
 969500: system.cpu0 T0 : @_end+140737345681029.00 :   TEST_R_R : and   t0b, r14b, r14b : IntAlu :  D=0x0000000000000000
 970000: system.cpu0 T0 : @_end+140737345681032    :  970000: system.cpu100000000j000000000000000000000000
 970000: system.cpu0 T0 : @_end+140737345681032    :  970000: system.cpu100000000j000000000000000000000000
 970500: system.cpu0 T0 : @_end+140737345681032.10 :   JZ_I : limm   t2, 0x5000 : IntAlu :  D=0x0000000000000005
 971000: system.cpu0 T0 : @_end+140737345681032.20 :  971000: system.cpu1000000000000000 T0 : @_end+140737345681032.   : I : wr  J
 971000: system.cpu0 T0 : @_end+140737345681032.20 :  971000: system.cpu1000000000000000 T0 : @_end+140737345681032.   : I : wr  J
 971500: system.cpu0 T0 :       @500: system.cpu1345681034    T0 971500: system.cpu0 T0 :       @500: system.cpu1345681034    T0 : @_end+140737345681034    : mov	DS:[rsp + 0x38], rsi00
 972500: system.cpu0 T0 :  972500: system.cpu1 T0 : @_end+140737345681039    : @                         _end+140737345681039    : test	r13b, r13b           
 972500: system.cpu0 T0 :  972500: system.cpu1 T0 : @_end+140737345681039    : @                         _end+140737345681039    : test	r13b, r13b           
 973000: system.cpu0 T0 :  973000: system.cpu1 T0 : @_end+140737345681042    : @                         _end+140737345681042    : jz	0x7                    
 973000: system.cpu0 T0 :  973000: system.cpu1 T0 : @_end+140737345681042    : @                         _end+140737345681042    : jz	0x7                    
 975000: system.cpu0 T0 :  975000: system.cpu1 T0 : @_end+140737345681044    : @                         _end+140737345681044    : mov	DS:[rip + 0x20c79d], r11d
 975000: system.cpu0 T0 :  975000: system.cpu1 T0 : @_end+140737345681044    : @                         _end+140737345681044    : mov	DS:[rip + 0x20c79d], r11d
 976000: system.cpu0 T0 : @_end+140737345681051    :  976000: system.cpu1                T0 : test	r10b, r10b
 976000: system.cpu0 T0 : @_end+140737345681051    :  976000: system.cpu1                T0 : test	r10b, r10b
 976500: system.cpu0 T0 : @_end+140737345681054    : jz	0x7                      976500: system.cpu0 T0 : @_end+140737345681054    : jz	0x7                     976500: system.cpu1 T0 : @_end+140737345681054    : jz	0x7                    
system.cpu0 T0 : @_end+140737345681054.1  :   JZ_I : limm   t2, 0x7    : IntAlu :  D=0x000000: 
system.cpu0 T0 : @_end+140737345681054.1  :   JZ_I : limm   t2, 0x7    : IntAlu :  D=0x000000: 
 977500: system.cpu0 T0 : @_end+140737345681054.2  :   JZ_I : wrip   , t1, t2   : IntAlu : 
 977500: system.cpu0 T0 : @_end+140737345681054.2  :   JZ_I : wrip   , t1, t2   : IntAlu : 
 978000: system.cpu0 T0 :  978000: system.cpu1 T0 : @_end+140737345681056    : @                         _end+140737345681056    : mov	DS:[rip + 0x20c5c1], r9
 978000: system.cpu0 T0 :  978000: system.cpu1 T0 : @_end+140737345681056    : @                         _end+140737345681056    : mov	DS:[rip + 0x20c5c1], r9
 978500: system.cpu0 T0 : @_end+140737345681056. 1     : system.cpu1 T0 : @_end+140737345681056.1  :   MOV_P_R : st   r9, DS:[t7 + 0x20c5c1] : MemWrite :  D=0x00007fffffffefc9 A=0x7ffff7ffcca8
 978500: system.cpu0 T0 : @_end+140737345681056. 1     : system.cpu1 T0 : @_end+140737345681056.1  :   MOV_P_R : st   r9, DS:[t7 + 0x20c5c1] : MemWrite :  D=0x00007fffffffefc9 A=0x7ffff7ffcca8
 979500: system.cpu0 T0 : @_end+140737345681063    : test	r8b, r8b             
 979500: system.cpu0 T0 : @_end+140737345681063.0  :  979500: system.cpu1                T0 :   TEST_R_R : and   t0b, r8b, r8b : IntAlu :  D=0x0000000000000000
 980000: system.cpu0                T0 :   TEST_R_R : and   t0b, r8b, r8b : IntAlu :  D=0x0000000000000000
 980000: system.cpu0                T0 :   TEST_R_R : and   t0b, r8b, r8b : IntAlu :  D=0x0000000000000000
 980000: system.cpu1 T0 :  980500: system.cpu0 T0 : @_end+140737345681066    : jz	0xb                    
 980000: system.cpu1 T0 :  980500: system.cpu0 T0 : @_end+140737345681066    : jz	0xb                    
 981000: system.cpu0 T0 : @_end+140737345681066.2  :   JZ_I : wrip   , t1, t2   : IntAlu : 
 981500: system.cpu0 T0 : @_end+140737345681068    :  981000: system.cpu1 T0 : @_end+140737345681066.2  :   JZ_I : wrip   , t1, t2   : IntAlu : 
 981500: system.cpu0 T0 : @_end+140737345681068    :  981000: system.cpu1 T0 : @_end+140737345681066.2  :   JZ_I : wrip   , t1, t2   : IntAlu : 
 981500: system.cpu0 T0 : @_end+140737345681068.0  :  981500: system.cpu1                T0 : @_end+140737345681068    :  ov	rax, SS:[rsp]         M 981500: system.cpu0 T0 : @_end+140737345681068.0  :  981500: system.cpu1                T0 : @_end+140737345681068    :  ov	rax, SS:[rsp]         MemRead :  D=0x00000000078bfbff A=0x7fffffffed70
 982000: system.cpu0 T0 : @_end+140737345681072    :  982000: system.cpu1                T0 : mov	DS:[rip + 0x20c601], rax
 982000: system.cpu0 T0 : @_end+140737345681072    :  982000: system.cpu1                T0 : mov	DS:[rip + 0x20c601], rax
 982500: system.cpu0 T0 : @_end+140737345681072.1  :  982500: system.cpu1                T0 :   MOV_P_R : st   rax, DS:[t7 + 0x20c601] : MemWrite :  D=0x00000000078bfbff A=0x7ffff7ffccf8
 982500: system.cpu0 T0 : @_end+140737345681072.1  :  982500: system.cpu1                T0 :   MOV_P_R : st   rax, DS:[t7 + 0x20c601] : MemWrite :  D=0x00000000078bfbff A=0x7ffff7ffccf8
 983500: system.cpu1 T0 :  983500: system.cpu0 T0 : @_end+140737345681079    : @                         _end+140737345681079    : cmp	DS:[rsp + 0x29], 0    
 983500: system.cpu1 T0 :  983500: system.cpu0 T0 : @_end+140737345681079    : @                         _end+140737345681079    : cmp	DS:[rsp + 0x29], 0    
 983500: system.cpu0                T0 :   CMP_M_I : limm   t2b, 0 : IntAlu :  D=0x0000000000000000
 983500: system.cpu0                T0 :   CMP_M_I : limm   t2b, 0 : IntAlu :  D=0x0000000000000000
 984000: system.cpu1 T0 : @_end+140737345681079.1  :  984000: system.cpu0                T0 CMP_M_I : ld   t1b, DS:[rsp + 0x29] :  : Read :  D=0x00007ffff7df0600 A=0x7fffffffed99
 984000: system.cpu1 T0 : @_end+140737345681079.1  :  984000: system.cpu0                T0 CMP_M_I : ld   t1b, DS:[rsp + 0x29] :  : Read :  D=0x00007ffff7df0600 A=0x7fffffffed99
 984500: system.cpu1 T0 : @_end+140737345681079.2  :  984500: system.cpu0                T0 : @_end+140737345681079.2  :   CMP_M_I : sub   t0b, t1b, t2b : IntAlu :  D=0x0000000000000000
 984500: system.cpu1 T0 : @_end+140737345681079.2  :  984500: system.cpu0                T0 : @_end+140737345681079.2  :   CMP_M_I : sub   t0b, t1b, t2b : IntAlu :  D=0x0000000000000000
 985000: system.cpu1 T0 :  985000: system.cpu0 T0 : @_end+140737345681084    : @                         _end+140737345681084    : jz	0xc                    
 985000: system.cpu1 T0 :  985000: system.cpu0 T0 : @_end+140737345681084    : @                         _end+140737345681084    : jz	0xc                    
 985000: system.cpu0                T0 :   JZ_I : rdip   t1, %ctrl153,  : IntAlu :  D=0x00007ffff7df06fe@ 985000: system.cpu0                T0 :   JZ_I : rdip   t1, %ctrl153,  : IntAlu :  D=0x00007ffff7df06fe@_end+140737345681084.0  :   JZ_I : rdip   t1, %ctrl153,  : IntAlu :  D=0x00007ffff7df06fe
 986500: system.cpu0                T0 :   CMP_M_I : limm   t2b, 0 : IntAlu :  D=0x0000000000000000
 986500: system.cpu0                T0 :   CMP_M_I : limm   t2b, 0 : IntAlu :  D=0x0000000000000000
 987000: system.cpu1 T0 : @_end+140737345681098.1  :  987000: system.cpu0                T0 :   CMP_M_I : ld   t1b, DS:[rsp + 0x2c] : MemRead :  D=0x00007ffff7df0601 A=0x7fffffffed9c
 987000: system.cpu1 T0 : @_end+140737345681098.1  :  987000: system.cpu0                T0 :   CMP_M_I : ld   t1b, DS:[rsp + 0x2c] : MemRead :  D=0x00007ffff7df0601 A=0x7fffffffed9c
 0 : @_end+140737345681098.2  :  987500: system.cpu0                T0 :   CMP_M_I : sub   t0b, t1b, t2b : IntAlu :  D=0x@0000000000000000
 0 : @_end+140737345681098.2  :  987500: system.cpu0                T0 :   CMP_M_I : sub   t0b, t1b, t2b : IntAlu :  D=0x@0000000000000000
 988500: system.cpu0 T0 : @_end+140737345681103.0  :   JZ_I : rdip   t1, %ctrl153,  : IntAlu :  D=0x00007ffff7df0711
 989500: system.cpu0 T0 : @_end+140737345681103.2  :   JZ_I : wrip   , t1, t2   : IntAlu : 
 990000: system.cpu1 T0 : @_end+140737345681105    :  990000: system.cpu0                T0 : mov	rax, DS:[rsp + 0x14]
 990000: system.cpu1 T0 : @_end+140737345681105    :  990000: system.cpu0                T0 : mov	rax, DS:[rsp + 0x14]
 990000: system.cpu0                T0 : @_end+140737345681105 0  MemRead  M D=0x MemRead : 0000000000000064 A=0x D=
 990000: system.cpu0                T0 : @_end+140737345681105 0  MemRead  M D=0x MemRead : 0000000000000064 A=0x D=
 991000: system.cpu1 T0 : @_end+140737345681109    :  991000: system.cpu0000000000000000 T0 : mov	DS:[rip + 0x20c5bd], eax
 991000: system.cpu1 T0 : @_end+140737345681109    :  991000: system.cpu0000000000000000 T0 : mov	DS:[rip + 0x20c5bd], eax
 991000: system.cpu0000000000000000 T0 : @_end+140737345681109.00 : _P_R : rdip   t7d, %ctrl153,  :   MOV_ :  : IntAlu D= D=0x0x00007ffff7df071b
 991000: system.cpu0000000000000000 T0 : @_end+140737345681109.00 : _P_R : rdip   t7d, %ctrl153,  :   MOV_ :  : IntAlu D= D=0x0x00007ffff7df071b
 991500: system.cpu1 T0 : @_end+140737345681109.10 :  991500: system.cpu0000000000000000 T0 :   MOV_P_R : st   eax, DS:[t7 + 0x20c5bd] : MemWrite :  D=0x@000000000000064 A=0x140737345681109.10 :   MOV_P_ 991500: system.cpu1 T0 : @_end+140737345681109.10 :  991500: system.cpu0000000000000000 T0 :   MOV_P_R : st   eax, DS:[t7 + 0x20c5bd] : MemWrite :  D=0x@000000000000064 A=0x140737345681109.10 :   MOV_P_R : st   eax, DS:[t7 + 0x20c5bd] : MemWrite :  D=0x0000000000000064 A=0x7ffff7ffccd8
 992500: system.cpu1 T0 : @_end+140737345681115.10 :  992500: system.cpu0000000000000000 T0 :   CMP_M_I : ld   t1b, DS:[rsp + 0x2d] : MemRead :  D=0x00007ffff7df0700 A=0x@_end+140737345681115
 992500: system.cpu1 T0 : @_end+140737345681115.10 :  992500: system.cpu0000000000000000 T0 :   CMP_M_I : ld   t1b, DS:[rsp + 0x2d] : MemRead :  D=0x00007ffff7df0700 A=0x@_end+140737345681115
 993000: system.cpu1 T0 : @_end+140737345681115.20 :  993000: system.cpu0000000000000000 T0 :   CMP_M_I : sub   t0b, t1b, t2b_end+140737345681115.IntAlu :   CMP_M_I : sub   t0b, t1b, t2b D=0x : 0000000000000000
 993000: system.cpu1 T0 : @_end+140737345681115.20 :  993000: system.cpu0000000000000000 T0 :   CMP_M_I : sub   t0b, t1b, t2b_end+140737345681115.IntAlu :   CMP_M_I : sub   t0b, t1b, t2b D=0x : 0000000000000000
 993500: system.cpu1 T0 :  993500: system.cpu0 T0 : @_end+140737345681120    : jz	0xc00000000000000000000
 993500: system.cpu1 T0 :  993500: system.cpu0 T0 : @_end+140737345681120    : jz	0xc00000000000000000000
993500: 00000system.cpu0 T0 : @_end+140737345681120.00 :   JZ_I : rdip   t1, %ctrl153,  : IntAlu :  D=0x00007ffff7df0722
 994000: system.cpu0 T0 : @_end+140737345681120.10 :   JZ_I : limm   t2, 0xc000 : IntAlu :  D=0x000000000000000c
 994500: system.cpu0 T0 : @_end+140737345681120.20 :   JZ_I : wrip   , t1, t200 : IntAlu : 
 995500: system.cpu1 T0 : @_end+140737345681134    :  995500: system.cpu0000000000000000 T0 : cmp	DS:[rsp + 0x2e], 0
 995500: system.cpu1 T0 : @_end+140737345681134    :  995500: system.cpu0000000000000000 T0 : cmp	DS:[rsp + 0x2e], 0
 995500: system.cpu0000000000000000 T0 :   CMP_M_I : limm   t2b, 0 : IntAlu :  D=0x0000000000000000
 995500: system.cpu0000000000000000 T0 :   CMP_M_I : limm   t2b, 0 : IntAlu :  D=0x0000000000000000
 996000: system.cpu1 T0 : @_end+140737345681134.10 :  996000: system.cpu0000000000000000 T0 :   CMP_M_I : ld   t1b, DS:[rsp + 0x2e] : MemRead :  D=0x00007ffff7df0701 A=0x7fffffffed9e
 996000: system.cpu1 T0 : @_end+140737345681134.10 :  996000: system.cpu0000000000000000 T0 :   CMP_M_I : ld   t1b, DS:[rsp + 0x2e] : MemRead :  D=0x00007ffff7df0701 A=0x7fffffffed9e
 997000: system.cpu1 T0 :  996500: system.cpu0 T0 : @_end+140737345681139    : jz	0xc00000000000000000000
 997000: system.cpu1 T0 :  996500: system.cpu0 T0 : @_end+140737345681139    : jz	0xc00000000000000000000
 997000: system.cpu0 T0 : @_end+140737345681139    : jz	0xc000000T0000000000000
 997000: system.cpu0 T0 : @_end+140737345681139    : jz	0xc000000T0000000000000
 997500: system.cpu0 T0 : @_end+140737345681139.10 :   JZ_I : limm   t2, 0xc000 : IntAlu :  D=0x000000000000000c
 998000: system.cpu0 T0 : @_end+140737345681139.20 :   JZ_I : wrip   , t1, t200 : IntAlu : 
 999000: system.cpu0000000000000000 T0 : @_end+140737345681141.00 :   MOV_R_M : ld   rax, DS:[rsp + 0x18] : MemRead :  D=0xffffffffff600000 A=0x7fffffffed88
: system.cpu1 T01000000  :: system.cpu0 T0 : @_end+140737345681146.00_end+140737345681146    : mov	DS:[rip + 0x20c65f], rax
: system.cpu1 T01000000  :: system.cpu0 T0 : @_end+140737345681146.00_end+140737345681146    : mov	DS:[rip + 0x20c65f], rax
1000500: system.cpu0 T0 : @_end+140737345681146.10 :   MOV_P_R : st   rax, DS:[t7 + 0x20c65f] : MemWrite :  D=0xffffffffff600000 A=0x7ffff7ffcda0
1001000: system.cpu0 T0 : 1001000: system.cpu1 T0 : @_end+140737345681153@_end+140737345681153    : cmp	DS:[rsp + 0x2f], 00000
1001000: system.cpu0000000000000000 T0 :   CMP_M_I : limm   t2b, 0 : IntAlu :  D=0x0000000000000000
1001000: system.cpu0000000000000000 T0 :   CMP_M_I : limm   t2b, 0 : IntAlu :  D=0x0000000000000000
1001500: system.cpu1 T0 : @_end+140737345681153.10 : 1001500: system.cpu0000000000000000 T0 :   CMP_M_I : ld   t1b, DS:[rsp + 0x2f] : MemRead :  D=0x00007ffff7df0701 A=0x7fffffffed9f
1001500: system.cpu1 T0 : @_end+140737345681153.10 : 1001500: system.cpu0000000000000000 T0 :   CMP_M_I : ld   t1b, DS:[rsp + 0x2f] : MemRead :  D=0x00007ffff7df0701 A=0x7fffffffed9f
1002000: system.cpu1 T0 : @_end+140737345681153.20 : 1002000: system.cpu0000000000000000 T0 : @  CMP_M_I : sub   t0., t1b, t2b0x2f] : MemRead :  D20 :   CIntAlu :  : IntAlu : 0000000000000000
1002000: system.cpu1 T0 : @_end+140737345681153.20 : 1002000: system.cpu0000000000000000 T0 : @  CMP_M_I : sub   t0., t1b, t2b0x2f] : MemRead :  D20 :   CIntAlu :  : IntAlu : 0000000000000000
1003000:      system.cpu1 T0 : 1003000: system.cpu0 T0 : @_end+140737345681158   @: _end+140737345681158          : jz	0xf0                   j1003000:      system.cpu1 T0 : 1003000: system.cpu0 T0 : @_end+140737345681158   @: _end+140737345681158          : jz	0xf0                   jz	0xf0                   
1003000: system.cpu0                T0 :   JZ_I : rdip   t1, %ctrl153,  : IntAlu : @_end+140737345681158.0x : 0140737351976780t1,I1003000: system.cpu0                T0 :   JZ_I : rdip   t1, %ctrl153,  : IntAlu : @_end+140737345681158.0x : 0140737351976780t1,IntAlu :  D=0x00007ffff7df074c
system.cpu1 T0 : @_end+140737345681158.1  : 1003500: system.cpu0                T0 :   JZ_I : limm   t2, 0xf0 : IntAlu :  D=0x000000000000000@_system.cpu1 T0 : @_end+140737345681158.1  : 1003500: system.cpu0                T0 :   JZ_I : limm   t2, 0xf0 : IntAlu :  D=0x000000000000000@_end+140737345681158 .1  :   JZ_I : limm   t2, 0xf0   : IntAlu :  D=0x00000000000000f0
1004000: system.cpu1 T0 : @_end+140737345681158.2  : 1004000: system.cpu0                T0 :   JZ_I : wrip   , t1, t2 : IntAlu : 
1004000: system.cpu1 T0 : @_end+140737345681158.2  : 1004000: system.cpu0                T0 :   JZ_I : wrip   , t1, t2 : IntAlu : 
1005000: system.cpu0 T0 : @_end+140737345681164    : 1005000: system.cpu1                Tmov	rax, DS:[rsp + 0x20]
1005000: system.cpu0 T0 : @_end+140737345681164    : 1005000: system.cpu1                Tmov	rax, DS:[rsp + 0x20]
1005500: system.cpu0 T0 : 1005500: system.cpu1 T0 : @_end+140737345681169    : @                         _end+140737345681169    : mov	DS:[rip + 0x20c710], rax
1005500: system.cpu0 T0 : 1005500: system.cpu1 T0 : @_end+140737345681169    : @                         _end+140737345681169    : mov	DS:[rip + 0x20c710], rax
1006000: system.cpu0 T0 : @_end+140737345681169.1  : 1006000: system.cpu1                T0 :   MOV_P_R : st   rax, DS:[t7 + 0x20c710] : MemWrite :  D=0x00007fffffffefb9 A=0x7ffff7ffce68
1006000: system.cpu0 T0 : @_end+140737345681169.1  : 1006000: system.cpu1                T0 :   MOV_P_R : st   rax, DS:[t7 + 0x20c710] : MemWrite :  D=0x00007fffffffefb9 A=0x7ffff7ffce68
1006500: system.cpu0 T0 : 1006500: system.cpu1 T0 : @_end+140737345681176    : @                         _end+140737345681176    : jmp	0xdf                  
1006500: system.cpu0 T0 : 1006500: system.cpu1 T0 : @_end+140737345681176    : @                         _end+140737345681176    : jmp	0xdf                  
system.cpu0 T0 : @_end+140737345681176.2  : 1007500: system.cpu1                T0 :   JMP_I : wrip   , t1, t2 : IntAlu : 
system.cpu0 T0 : @_end+140737345681176.2  : 1007500: system.cpu1                T0 :   JMP_I : wrip   , t1, t2 : IntAlu : 
1008000: system.cpu0 T0 : @_end+140737345681404    : xor	edi, edi              
1008000: system.cpu0 T0 : @_end+140737345681404    : xor	edi, edi              
1009000: system.cpu0 T0 : @_end+140737345681406    : 1009000: system.cpu1 T0 : call	0xbad
1009000: system.cpu0 T0 : @_end+140737345681406    : 1009000: system.cpu1 T0 : call	0xbad
1009500: system.cpu0 T0 : @_end+140737345681406.1  : 1009500: system.cpu1                 : 0 : IntAlu :  D=0x00007ffff7df0843
1010000: system.cpu0 T0 : @_end+140737345681406.2  : 1010000NEAR_I : stis   t7, SS:[rsp + 0xfffffffffffffff8] : MemWrite : :  D=system.cpu1                           T00000 00000000 : 7fffffffed68
1010000: system.cpu0 T0 : @_end+140737345681406.2  : 1010000NEAR_I : stis   t7, SS:[rsp + 0xfffffffffffffff8] : MemWrite : :  D=system.cpu1                           T00000 00000000 : 7fffffffed68
1011500: system.cpu0 T0 : @_end+140737345684400    : mov	ecx, 0xc              
1011500: system.cpu0 T0 : @_end+140737345684400    : mov	ecx, 0xc              
1011500: system.cpu0 T0 : @_end+140737345684400    : mov	ecx, 0xc              
1012000: system.cpu0 T0 : @_end+140737345684405    : mov	eax, ecx              
1012000: system.cpu0 T0 : @_end+140737345684405    : mov	eax, ecx              
1013000: system.cpu0 T0 : @_end+140737345684407   1013000: system.cpu1 T0 : @_end+140737345684407    :   syscall    eax           : IntAlu : 
1013000: system.cpu0 T0 : @_end+140737345684407   1013000: system.cpu1 T0 : @_end+140737345684407    :   syscall    eax           : IntAlu : 
1013500: system.cpu1 T0 : 1013500: system.cpu0 T0 : @_end+140737345684409    : @                         _end+140737345684409    : cmp	rax, 0xfffffffffffff000
1013500: system.cpu0 T0 : 1013500: system.cpu0 T0 : @_end+140737345684409    : @                         _end+140737345684409    : cmp	rax, 0xfffffffffffff000
1014000: system.cpu0 T0 : @_end+140737345684409.1  : 1014000: system.cpu1                T0 :   CMP_R_I : sub   t0, rax, t1 : IntAlu :  D=0x0000000000000001@1014000: system.cpu0 T0 : @_end+140737345684409.1  : 1014000: system.cpu1                T0 :   CMP_R_I : sub   t0, rax, t1 : IntAlu :  D=0x0000000000000001@_end+140737345684409.1  :   CMP_R_I : sub   t0, rax, t1 : IntAlu :  D=0x0000000000000001
1015000: system.cpu0 T0 : @_end+140737345684415    : mov	rdx, rax              
1015000: system.cpu0 T0 : @_end+140737345684415    : mov	rdx, rax              
1015500: system.cpu0 T0 : 1015500: system.cpu1 T0 : @_end+140737345684418    : @0000000000000000000000000_end+140737345684418    : jnbe	0x1400000000000000000
1015500: system.cpu0 T0 : 1015500: system.cpu1 T0 : @_end+140737345684418    : @0000000000000000000000000_end+140737345684418    : jnbe	0x1400000000000000000
1016000: system.cpu0 T0 : @_end+140737345684418.10 : 1016000: system.cpu1000000000000000 T0 : @_end+140737345684418.10 :   JNBE_I : limm   t2, 0x14 : IntAlu :  D=0x0000000000000014
1016000: system.cpu0 T0 : @_end+140737345684418.10 : 1016000: system.cpu1000000000000000 T0 : @_end+140737345684418.10 :   JNBE_I : limm   t2, 0x14 : IntAlu :  D=0x0000000000000014
1016500: system.cpu0 T0 : @_end+140737345684418.20 : 1016500: system.cpu1 T0 : @_end+140737345684418.  JNBE_I : wrip   , t1, t2 : IntAlu : 
1016500: system.cpu0 T0 : @_end+140737345684418.20 : 1016500: system.cpu1 T0 : @_end+140737345684418.  JNBE_I : wrip   , t1, t2 : IntAlu : 
1017500: system.cpu0 T0 : 1017500: system.cpu1 T0 : @_end+140737345684420    : @0000000000000000000000000_end+140737345684420    : mov	DS:[rip + 0x20cccd], rax
1017500: system.cpu0 T0 : 1017500: system.cpu1 T0 : @_end+140737345684420    : @0000000000000000000000000_end+140737345684420    : mov	DS:[rip + 0x20cccd], rax
1018000: system.cpu0 T0 : @_end+140737345684420.10 :   MOV_P_R : st   rax, DS:[t7 + 0x20cccd] : MemWrite :  D=0x0000000000602000 A=0x7ffff7ffe0d8
1019000: system.cpu0 T0 : 1019000: system.cpu1 T0 : d+140737345684429    : @0000000000000000000000000_end+140737345684429    : cmp	rdi, rdx00000000000000
1019000: system.cpu0 T0 : 1019000: system.cpu1 T0 : d+140737345684429    : @0000000000000000000000000_end+140737345684429    : cmp	rdi, rdx00000000000000
1019500: system.cpu0 T0 : @_end+140737345684432    : jnbe	0x1e00000000000000000
@_end+140737345684432    : jnbe	0x1e     1019500: system.cpu0 1019500: 737345684432    : jnbe	0x1e     1019500: system.cpu0 T0 : @_end+140737345684432.00 :   JNBE_I : rdip   t1, %ctrl153,  : IntAlu :  D=0x00007ffff7df1412
1021000: system.cpu0 T0 : @_end+140737345684434    : ret	0000000000000000000000
1021000: system.cpu0 T0 : @_end+140737345684434    : ret	0000000000000000000000
1021000: system.cpu0 T0 : @_end+140737345684434    : ret	0000000000000000000000
1021000: system.cpu0 T0 : @_end+140737345684434    : ret	0000000000000000000000
1021500: system.cpu0 T0 : @_end+140737345684434.10 : 1021500: system.cpu1000000000000000 T0 : @_end+140737345684434.10 :   RET_NEAR : addi   rsp, rsp, 0x8 : IntAlu :  D=0x00007fffffffed70
1021500: system.cpu0 T0 : @_end+140737345684434.10 : 1021500: system.cpu1000000000000000 T0 : @_end+140737345684434.10 :   RET_NEAR : addi   rsp, rsp, 0x8 : IntAlu :  D=0x00007fffffffed70
1022000: system.cpu0 T0 : @_end+140737345684434.20 : 1022000: system.cpu1000000000000000 T0 :   RET_NEAR : wripi   , t1, 0 : IntAlu : 
1022000: system.cpu0 T0 : @_end+140737345684434.20 : 1022000: system.cpu1000000000000000 T0 :   RET_NEAR : wripi   , t1, 0 : IntAlu : 
1023000: system.cpu0 T0 : @_end+140737345681411    : 1023000: system.cpu1000000000000000 T0 : mov	rax, DS:[rip + 0x20c45e]
1023000: system.cpu0 T0 : @_end+140737345681411    : 1023000: system.cpu1000000000000000 T0 : mov	rax, DS:[rip + 0x20c45e]
1023500: system.cpu0 T0 : 1023500: system.cpu1 T0 : @_end+140737345681411.01 : @0000000000000000000000000_end+140737345681411.10 :   MOV_R_P : ld   rax, DS:[t7 + 0x20c45e] : MemRead :  D=0x00007fffffffefc9 A=0x7ffff7ffcca8
1023500: system.cpu0 T0 : 1023500: system.cpu1 T0 : @_end+140737345681411.01 : @0000000000000000000000000_end+140737345681411.10 :   MOV_R_P : ld   rax, DS:[t7 + 0x20c45e] : MemRead :  D=0x00007fffffffefc9 A=0x7ffff7ffcca8
1024000: system.cpu0 T0 : @_end+140737345681418    : test	rax, rax0000000000000
1024000: system.cpu0 T0 : @_end+140737345681418    : test	rax, rax0000000000000
1024000: system.cpu0 T0 : @_end+140737345681418    : test	rax, rax0000000000000
1024000: system.cpu0000000000000000 T0 : @_end+140737345681418.00 :   TEST_R_R : and   t0, rax, rax : IntAlu :  D=0x0000000000000000
1024500: system.cpu0 T0 : @_end+140737345681421    : 1024500: system.cpu1 T0 : j_end+140737345681421
1024500: system.cpu0 T0 : @_end+140737345681421    : 1024500: system.cpu1 T0 : j_end+140737345681421
1025000: system.cpu0 T0 : @_end+140737345681421.10 : 1025000: system.cpu1000000000000000 T0 :   JZ_I : limm   t2, 0x10 : IntAlu :  D=0x@_end+140737345681421
1025000: system.cpu0 T0 : @_end+140737345681421.10 : 1025000: system.cpu1000000000000000 T0 :   JZ_I : limm   t2, 0x10 : IntAlu :  D=0x@_end+140737345681421
1025500: system.cpu0 T0 : @_end+140737345681421.20 :   JZ_I : wrip   , t1, t200 : IntAlu : 
1026500: system.cpu0 T0 : @_end+140737345681423    : cmp	DS:[rax], 000000000000
1026500: system.cpu0 T0 : @_end+140737345681423.00 : 1026500: system.cpu1000000000000000 T0 :   CMP_M_I : limm   t2b, 0 : IntAlu :  D=0x0000000000000000
1026500: system.cpu0 T0 : @_end+140737345681423.00 : 1026500: system.cpu1000000000000000 T0 :   CMP_M_I : limm   t2b, 0 : IntAlu :  D=0x0000000000000000
1026500: system.cpu1 T0 : 1027000: system.cpu0 T0_end+140737345681423.00 :   CMP_M_I : limm   t2b, 00 : IntAlu :  D=0x0000000000000000
1028000: system.cpu0 T0 : 1028000: system.cpu1 T0 : @_end+140737345681426    : @0000000000000000000000000_end+140737345681426    : jnz	0xb0000000000000000000
1028000: system.cpu0 T0 : 1028000: system.cpu1 T0 : @_end+140737345681426    : @0000000000000000000000000_end+140737345681426    : jnz	0xb0000000000000000000
system.cpu0 T0 : @_end+140737345681426.10 : 1028500: system.cpu1000000000000000 T0 :   JNZ_I : limm   t2, 0xb : IntAlu :  D=0x@00000000000000b
system.cpu0 T0 : @_end+140737345681426.10 : 1028500: system.cpu1000000000000000 T0 :   JNZ_I : limm   t2, 0xb : IntAlu :  D=0x@00000000000000b
1029000: system.cpu0 T0 : @_end+140737345681426.20 : 1029000: system.cpu1000000000000000 T0 :   JNZ_I : wrip   , t1, t2 : IntAlu : 
1029000: system.cpu0 T0 : @_end+140737345681426.20 : 1029000: system.cpu1000000000000000 T0 :   JNZ_I : wrip   , t1, t2 : IntAlu : 
1030000: system.cpu0 T0 : @_end+140737345681428    : 1030000: system.cpu1 T0 : @_end+140737345681428   mov	DS:[rip + 0x20c449], 0
1030000: system.cpu0 T0 : @_end+140737345681428    : 1030000: system.cpu1 T0 : @_end+140737345681428   mov	DS:[rip + 0x20c449], 0
1032000: system.cpu0 T0 : @_end+140737345681439    : 1032000: system.cpu1                T0 : call	0xfffffffffffff7bc
1032000: system.cpu0 T0 : @_end+140737345681439    : 1032000: system.cpu1                T0 : call	0xfffffffffffff7bc
1032500: system.cpu0 T0 : @_end+140737345681439.1  :   CALL_NEAR_I : rdip   t7, %ctrl153,  : IntAlu : 10325000x43system.cpu1 14073735197706000 :  D=0xfffffffffffff7bc
1032500: system.cpu0 T0 : @_end+140737345681439.1  :   CALL_NEAR_I : rdip   t7, %ctrl153,  : IntAlu : 10325000x43system.cpu1 14073735197706000000000000000000 : @_end+140737345681439.1  :   CALL_NEAR_I : rdip   t7, %ctrl153,  : IntAlu :  D=0x00007ffff7df0864
1033000: system.cpu0 T0 : @_end+140737345681439.2  : 1033000: system.cpu1                T0 :   CALL_NEAR_I : stis   t7, SS:[rsp + 0xfffffffffffffff8] : MemWrite :  D=0x00007ffff7df0864 A=0x7fffffffed68
1033000: system.cpu0 T0 : @_end+140737345681439.2  : 1033000: system.cpu1                T0 :   CALL_NEAR_I : stis   t7, SS:[rsp + 0xfffffffffffffff8] : MemWrite :  D=0x00007ffff7df0864 A=0x7fffffffed68
1034000: system.cpu0 T0 : @_end+140737345681439.04 : 1034000: system.cpu1000000000000000 T0 :   CALL_NEAR_I : wrip   , t7, t1 : IntAlu : 
1034000: system.cpu0 T0 : @_end+140737345681439.04 : 1034000: system.cpu1000000000000000 T0 :   CALL_NEAR_I : wrip   , t7, t1 : IntAlu : 
1034500: system.cpu0 T0 : @_end+140737345679328    : push	r15000000000000000000
1034500: system.cpu0 T0 : @_end+140737345679328    : push	r15000000000000000000
1035500: system.cpu0 T0 : @_end+140737345679330    : push	r14000000000000000000
1035500: system.cpu0 T0 : @_end+140737345679330.00 :   PUSH_R : stis   r14, SS:[rsp + 0xfffffffffffffff8] : MemWrite :  D=0x0000000000000001 A=0x7fffffffed58
1036000: system.cpu0 T0 : @_end+140737345679330.10 :   PUSH_R : subi   rsp, rsp, 0x8 : 103550 : system.cpu1 Me 0x00000000000000 : 
1036000: system.cpu0 T0 : @_end+140737345679330.10 :   PUSH_R : subi   rsp, rsp, 0x8 : 103550 : system.cpu1 Me 0x00000000000000 : 
1035500: system.cpu1 T0 : 1036500: system.cpu0 T0 : @_end+140737345679330.0  :   PUSH_R : stis   r14, SS:[rsp + 0xfffffffffffffff8] : MemWrite :  D=0x0000000000000001 A=0x7fffffffed58
1035500: system.cpu1 T0 : 1036500: system.cpu0 T0 : @_end+140737345679330.0  :   PUSH_R : stis   r14, SS:[rsp + 0xfffffffffffffff8] : MemWrite :  D=0x0000000000000001 A=0x7fffffffed58
1036500: system.cpu0 T0 : @_end+140737345679330.1  :   PUSH_R : subi   rsp, rsp, 0x8 : IntAlu :  D=0x@_end+1407373456
1036500: system.cpu0 T0 : @_end+140737345679330.1  :   PUSH_R : subi   rsp, rsp, 0x8 : IntAlu :  D=0x@_end+1407373456
1037000: system.cpu0 T0 : @_end+140737345679334.0  :   PUSH_R : stis   r13, SS:[rsp + 0xfffffffffffffff8] : MemWrite :  D=0x0000000000000001 A=0x7fffffffed50
1037000: system.cpu11T: system.cpu0 00 :  : @_end+140737345679334@_end+140737345679334 : fpush	r13         I        
1037000: system.cpu11T: system.cpu0 00 :  : @_end+140737345679334@_end+140737345679334 : fpush	r13         I        
1038000: system.cpu0 T0 : @_end+140737345679336   7500:  : push	r12    T
1038000: system.cpu0 T0 : @_end+140737345679336   7500:  : push	r12    T
1038000: system.cpu1 T0 : 1038500: system.cpu0@T_ :     : push	r12                  
1038000: system.cpu1 T0 : 1038500: system.cpu0@T_ :     : push	r12                  
1039000: system.cpu0 T0 : 1038500: system.cpu1 T0 : d+140737345679338    : push	rbp                  
1039000: system.cpu0 T0 : 1038500: system.cpu1 T0 : d+140737345679338    : push	rbp                  
1039000: system.cpu1 T0 : 1039500:_system.cpu045679338   SH_R : s T :  : push	rbp                  
1039000: system.cpu1 T0 : 1039500:_system.cpu045679338   SH_R : s T :  : push	rbp                  
1040000: system.cpu1 T0 : 1040500: system.cpu0 T@ : d+140737345679339    : push	rbx                  
1040000: system.cpu1 T0 : 1040500: system.cpu0 T@ : d+140737345679339    : push	rbx                  
1040500: system.cpu1 T0 : 1041000: system.cpu0 T0 : @_end+140737345679339.1  :   PUSH_R : subi   rsp, rsp, 0x8 : IntAlu :  D=0x00007fffffffed38
1042000: system.cpu0 T0 : @_end+140737345679342    : 1042000: system.cpu1                T0 : sub	rax, 0x90
1042000: system.cpu0 T0 : @_end+140737345679342    : 1042000: system.cpu1                T0 : sub	rax, 0x90
1042500: system.cpu0 T0 : @_end+140737345679342.1  : 1042500: system.cpu1                T0 : @_end+140737345679342  SUB_R_I : sub   rsp, rsp, t11  :   SUB_R_I : sub   rsp, rsp, t1 : IntAlu :  D=0x000000000000000x00000
1042500: system.cpu0 T0 : @_end+140737345679342.1  : 1042500: system.cpu1                T0 : @_end+140737345679342  SUB_R_I : sub   rsp, rsp, t11  :   SUB_R_I : sub   rsp, rsp, t1 : IntAlu :  D=0x000000000000000x00000
1043500: system.cpu0 T0 : @_end+140737345679349    : cmp	eax, 0x756e6547       
1043500: system.cpu0@_end+140737345679349   0 :                        @_end+140737345679349.0  : cmp	eax, 0x756e6547       
1043500: system.cpu0@_end+140737345679349   0 :                        @_end+140737345679349.0  : cmp	eax, 00000756e6547
1044000: system.cpu0 T0 : @_end+140737345679349.1  : 1044000: system.cpu1                T0 :   CMP_R_I : sub   t0d, ebx, t1d : IntAlu :  D=0x0000000000000001
1045000: system.cpu0 T0 : @_end+140737345679355    : mov	DS:[rip + 0x20ccd3], eax
1045000: system.cpu0 T0 : @_end+140737345679355    : mov	DS:[rip + 0x20ccd3], eax
1045500: system.cpu0 T0 : 1     :_end+140737345679355system.cpu1 .1 :  : @                         _end+140737345679355.1  :   MOV_P_R : st   eax, DS:[t7 + 0x20ccd3] : MemWrite :  D=0x0000000000000007 A=0x7ffff7ffcd14
1045500: system.cpu0 T0 : 1     :_end+140737345679355system.cpu1 .1 :  : @                         _end+140737345679355.1  :   MOV_P_R : st   eax, DS:[t7 + 0x20ccd3] : MemWrite :  D=0x0000000000000007 A=0x7ffff7ffcd14
1046000: system.cpu0 T0 : @_end+140737345679361    : setz	sil   1046           
1046000: system.cpu0                T0 : setz	sil
1047500: system.cpu0 T0 : @_end+140737345679365    : cmp	eax, 0x6c65746e       
1047500: system.cpu0 T@ :     : cmp	eax, 0x6c65746e       
1048500: system.cpu0 T0 : 1048500: system.cpu1 T0 : @_end+140737345679371    : @                         _end+140737345679371    : setz	al                   
1048500: system.cpu0 T0 : 1048500: system.cpu1 T0 : @_end+140737345679371    : @                         _end+140737345679371    : setz	al                   
1049000: system.cpu0 T0 : @_end+140737345679371.1  : 1049000: system.cpu1                T0 :   SETZ_R : movi   al, al, 0 : IntAlu :  D=0x0000000000000000
1049000: system.cpu0 T0 : @_end+140737345679371.1  : 1049000: system.cpu1                T0 :   SETZ_R : movi   al, al, 0 : IntAlu :  D=0x0000000000000000
1049500: system.cpu0 T0 : 1049500: system.cpu1 T0 : @_end+140737345679374    : @                         _end+140737345679374    : and	eax, esi              
1049500: system.cpu0 T0 : 1049500: system.cpu1 T0 : @_end+140737345679374    : @                         _end+140737345679374    : and	eax, esi              
1050000: system.cpu0 T0 : @_end+140737345679376    : cmp	eax, 0x49656e69       
1051500: system.cpu0 T0 : @_end+140737345679382    : setz	sil                  
1051500: system.cpu0 T0 : @_end+140737345679382    : setz	sil                  
1052500: system.cpu0 T0 : @_end+140737345679386    : and	sil, al000000000000000
1052500: system.cpu0 T0 : @_end+140737345679386    : and	sil, al000000000000000
1053500: system.cpu1 T0 : 1053500: system.cpu0 T0 : @_end+140737345679389    : @0000000000000000000000000_end+140737345679389    : jnz	0x27d00000000000000000
1053500: system.cpu1 T0 : 1053500: system.cpu0 T0 : @_end+140737345679389    : @0000000000000000000000000_end+140737345679389    : jnz	0x27d00000000000000000
1053500: system.cpu0000000000000000 T0 : @_end+140737345679389.00 :   JNZ_I : rdip   t1, %ctrl153,  : IntAlu :  D=0x00007ffff7df0063
1053500: system.cpu0000000000000000 T0 : @_end+140737345679389.00 :   JNZ_I : rdip   t1, %ctrl153,  : IntAlu :  D=0x00007ffff7df0063
 T0 : @_end+140737345679389.10 : 1054000: system.cpu0000000000000000 T0 :   JNZ_I : limm   t2, 0x27d : IntAlu :  D=0x@000000000000027d9389.I : rdip   t1, 
 T0 : @_end+140737345679389.10 : 1054000: system.cpu0000000000000000 T0 :   JNZ_I : limm   t2, 0x27d : IntAlu :  D=0x@000000000000027d9389.I : rdip   t1, 
1054500: system.cpu1 T0 : @_end+140737345679389.20 : 1054500: system.cpu0000000000000000 T0 :   JNZ_I : wrip   , t1, t2 : IntAlu : 
1054500: system.cpu1 T0 : @_end+140737345679389.20 : 1054500: system.cpu0000000000000000 T0 :   JNZ_I : wrip   , t1, t2 : IntAlu : 
1055500: system.cpu1 T0 : @_end+140737345679395    : 1055500: cmstem.cpu00000000001055500: system.cpu1 T0 : @_end+140737345679395    : 1055500: cmstem.cpu0000000000000000 T0 : @_end+140737345679395    : cmp	eax, 0x687475410000000
1055500: system.cpu0000000000000000 T0 :   CMP_R_I : limm   t1d, 0x68747541 : IntAlu :  D=0x0000000068747541
1055500: system.cpu0000000000000000 T0 :   CMP_R_I : limm   t1d, 0x68747541 : IntAlu :  D=0x0000000068747541
1056000: system.cpu1 T0 : @_end+140737345679395.10 : 1056000: system.cpu0000000000000000 T0 :   CMP_R_I : sub   t0d, ebx, t1d@: IntAlu : _end+140737345679395 D=0x68000  CMP_R_I : sub   t0d, ebx, t1d : IntAlu
1056000: system.cpu1 T0 : @_end+140737345679395.10 : 1056000: system.cpu0000000000000000 T0 :   CMP_R_I : sub   t0d, ebx, t1d@: IntAlu : _end+140737345679395 D=0x68000  CMP_R_I : sub   t0d, ebx, t1d : IntAlu
1056500: system.cpu0 T0 : @_end+140737345679401.00 :   SETZ_R : movi   r10b, r10b, 0x1 : IntAlu :  D=0x0000000000000001
1057000: system.cpu0 T0 : @_end+140737345679401.10 :   SETZ_R : movi   r10b, r10b, 0 : IntAlu :  D=0x0000000000000000
1058000: system.cpu0 T0 : @_end+140737345679405    : cmp	eax, 0x444d41630000000
1058000: system.cpu0000000000000000 T0 :   CMP_R_I : limm   t1d, 0x444d4163 : IntAlu :  D=0x00000000444d4163
1058000: system.cpu0000000000000000 T0 :   CMP_R_I : limm   t1d, 0x444d4163 : IntAlu :  D=0x00000000444d4163
1058500: system.cpu1 T0 : @_end+140737345679405.10 : 1058500: system.cpu0000000000000000 T0 :   CMP_R_I : sub   t0d, ecx, t1d : IntAlu : _end+140737345679405.100x0000000000000 :  1058500: system.cpu1 T0 : @_end+140737345679405.10 : 1058500: system.cpu0000000000000000 T0 :   CMP_R_I : sub   t0d, ecx, t1d : IntAlu : _end+140737345679405.100x0000000000000 :   CMP_R_I : sub   t0d, ecx, t1d : IntAlu :  D=0x0000000000000000
1059000: system.cpu0 T0 : @_end+140737345679411    : setz	al0000000000000000000
1059000: 00000system.cpu0 T0 : @_end+140737345679411.00 :   SETZ_R : movi   al, al, 0x1 : IntAlu :  D=0x0000000000000000
1059500: system.cpu0 T0 : @_end+140737345679411.01 :   SETZ_R : movi   al, al, 0 : IntAlu :  D=0x0000000000000000
1060500: system.cpu1 T0 : @_end+140737345679414    : 1060500: system.cpu0000000000000000 T0 : and	r10d, eax
1060500: system.cpu1 T0 : @_end+140737345679414    : 1060500: system.cpu0000000000000000 T0 : and	r10d, eax
1060500: system.cpu0000000000000000 T0 : @ AND_R_R : and   r10d, r10d, eax_enIntAlu37345679414and	r1 : 00 :   A        :     D         0x0
1060500: system.cpu0000000000000000 T0 : @ AND_R_R : and   r10d, r10d, eax_enIntAlu37345679414and	r1 : 00 :   A        :     D         0x0
1061000: system.cpu0 T0 : 1061000: system.cpu1 T@ : d+140737345679417    : @0000000000000000000000000_end+140737345679417    : cmp	eax, 0x69746e650000000
1061000: system.cpu0 T0 : 1061000: system.cpu1 T@ : d+140737345679417    : @0000000000000000000000000_end+140737345679417    : cmp	eax, 0x69746e650000000
system.cpu0 T0 : @_end+140737345679417.01 :   CMP_R_I : sub   t0d, edx, t1d : IntAlu :  D=0x0000000000000000
1062500: system.cpu0 T0 : @_end+140737345679423    : setz	al0000000000000010000:1062500: system.cpu0 T0 : @_end+140737345679423    : setz	al000000vi   al, al, 0x1 : IntAlu :  D=0x0000000000000000
1063500: system.cpu0 T0 : @_end+140737345679426    : 1063500: system.cpu1000000000000000 T0 : @_end+140737345679426    : and	r10b, al00000000000000
1063500: system.cpu0 T0 : @_end+140737345679426    : 1063500: system.cpu1000000000000000 T0 : @_end+140737345679426    : and	r10b, al00000000000000
1064500: system.cpu0 T0 : 1064500: system.cpu1 T0 : @_end+140737345679429    : @0000000000000000000000000_end+140737345679429    : jnz	0x2d500000000000000000
1064500: system.cpu0 T0 : 1064500: system.cpu1 T0 : @_end+140737345679429    : @0000000000000000000000000_end+140737345679429    : jnz	0x2d500000000000000000
1065500: system.cpu0 T0 : @_end+140737345679429.20 : 1065500: system.cpu1000000000000000 T0 :   JNZ_I : wrip   , t1, t2 : IntAlu : 
1065500: system.cpu0 T0 : @_end+140737345679429.20 : 1065500: system.cpu1000000000000000 T0 :   JNZ_I : wrip   , t1, t2 : IntAlu : 
1066000: system.cpu0 T0 : @_end+140737345679435.00 :   XOR_R_R : xor   r14d, r14d, r14d : IntAlu :  D=0x0000000000000000
1066000: system.cpu0 T0 : @_end+140737345679435.00 :   XOR_R_R : xor   r14d, r14d, r14d : IntAlu :  D=0x0000000000000000
1067000: system.cpu0 T0 : @_end+140737345679438    : xor	r11d, r11d000000000000
1067000: system.cpu0000000000000000 T0 : @_end+140737345679438.00 : IntAlu : IntAlu D=0x D=0000000000000
1067000: system.cpu0000000000000000 T0 : @_end+140737345679438.00 : IntAlu : IntAlu D=0x D=0000000000000
1067500: system.cpu0 T0 : @_end+140737345679441    : xor	ebp, ebp00000000000000
1067500: system.cpu0 T0 : @_end+140737345679441.00 :   XOR_R_R : xor   ebp, ebp, ebp : IntAlu :  D=0x0000000000000000
1068500: system.cpu1 T0 : 1068500: system.cpu0 T0 : @_end+140737345679443    : @0000000000000000000000000_end+140737345679443    : mov	r12d, 0x30000000000000
1068500: system.cpu1 T0 : 1068500: system.cpu0 T0 : @_end+140737345679443    : @0000000000000000000000000_end+140737345679443    : mov	r12d, 0x30000000000000
1068500: system.cpu0000000000000000 T0 :   MOV_R_I : limm   r12d, 0x3 : IntAlu :  D=0x0000000000000003
1068500: system.cpu0000000000000000 T0 :   MOV_R_I : limm   r12d, 0x3 : IntAlu :  D=0x0000000000000003
1069000: system.cpu0 T0 : @_end+140737345679449    : mov	eax, DS:[rip + 0x20cc85]
1069000: system.cpu0000000000000000 T0 :   MOV_R_P : rdip   t7d, %ctrl153,  : IntAlu :  D=0x00007ffff7df009f
1069000: system.cpu0000000000000000 T0 :   MOV_R_P : rdip   t7d, %ctrl153,  : IntAlu :  D=0x00007ffff7df009f
1069500: system.cpu1 T0 : @_end+140737345679449.10 : 1069500: system.cpu0000000000000000 T0 :   MOV_R_P : ld   eax, DS:[t7 + 0x20cc85] : MemRead@_end+140737345679449 D=10 :   MOV_R_P : ld   eax, DS:[t7 + 0x20cc85]000MemRead :  A=0x7ffff7ffcd24[t701069500: system.cpu1 T0 : @_end+140737345679449.10 : 1069500: system.cpu0000000000000000 T0 :   MOV_R_P : ld   eax, DS:[t7 + 0x20cc85] : MemRead@_end+140737345679449 D=10 :   MOV_R_P : ld   eax, DS:[t7 + 0x20cc85]000MemRead :  A=0x7ffff7ffcd24[t70x0000000000000000 A=0x7ffff7ffcd24
1070500: system.cpu1 T0 : 1     :_end+140737345679455   tem.cpu0 T0 : @_end+140737345679455    : test	al, 0x100000000000000
1070500: system.cpu1 T0 : 1     :_end+140737345679455   tem.cpu0 T0 : @_end+140737345679455    : test	al, 0x100000000000000
1070500: system.cpu0000000000000000 T0 :   TEST_R_I : limm   t1b, 0x1 : IntAlu :  D=0x00007ffff7df0001
1070500: system.cpu0000000000000000 T0 :   TEST_R_I : limm   t1b, 0x1 : IntAlu :  D=0x00007ffff7df0001
1071000: system.cpu1 T0 : @_end+140737345679455.10 : 1071000: system.cpu0000000000000000 T0 : @_end+140737345679455.10 :   TEST_R_I : and   t0b, ah, t1b : IntAlu  TEST_R_I : and   t0b, ah, t1b :  D=Alu : 0x D=0x
1071000: system.cpu1 T0 : @_end+140737345679455.10 : 1071000: system.cpu0000000000000000 T0 : @_end+140737345679455.10 :   TEST_R_I : and   t0b, ah, t1b : IntAlu  TEST_R_I : and   t0b, ah, t1b :  D=Alu : 0x D=0x
1071500: system.cpu0 T0 : @_end+140737345679458.00 :   JZ_I : rdip   t1, %ctrl153,  : IntAlu :  D=0x00007ffff7df00a4
1072000: system.cpu0 T0 : @_end+140737345679458.10 :   JZ_I : limm   t2, 0xa000 : IntAlu :  D=0x000000000000000a
1072500: system.cpu0 T0 : @_end+140737345679458.20 :   JZ_I : wrip   , t1, t200 : IntAlu : 
1073500: system.cpu1 T0 : @_end+140737345679470    : 1073500: system.cpu0000000000000000 T0 : test	al, 0xffffffffffffff80
1073500: system.cpu1 T0 : @_end+140737345679470    : 1073500: system.cpu0000000000000000 T0 : test	al, 0xffffffffffffff80
1073500: system.cpu0000000000000000 T0 : @_end+140737345679470. : 00 :   TEST_R_I : limm   t1b, 0xffffffffffffff80         0  0           0080
1073500: system.cpu0000000000000000 T0 : @_end+140737345679470. : 00 :   TEST_R_I : limm   t1b, 0xffffffffffffff80         0  0           0080
1074500: system.cpu01T0 : : system.cpu1 T0 : @_end+140737345679473    : jz	0xa   @             1074500: system.cpu01T0 : : system.cpu1 T0 : @_end+1   JZ_I : rdip   t1, %ctrl153,  : IntAlu :  D=0x00007ffff7df00b3
1074500: system.cpu0 T0 : @_end+140737345679473.0  :   JZ_I : rdip   t1, %ctrl153,  : IntAlu :  D=0x00007ffff7df00b3
1076500: system.cpu0 T0 : @_end+140737345679485    : 1076500: system.cpu1                T0 : cmp	DS:[rip + 0x20cc50], 0x6
1076500: system.cpu0 T0 : @_end+140737345679485    : 1076500: system.cpu1                T0 : cmp	DS:[rip + 0x20cc50], 0x6
1077500: system.cpu0 T0 : @_end+140737345679485.2  : 1077500: system.cpu1                T0 :   CMP_P_I : ld   t1d, DS:[t7 + 0x20cc50] : MemRead :  D=0x0000000000000007 A=0x7ffff7ffcd14
1078500: system.cpu0 T0 : 1078500: system.cpu1 T0 : @_end+140737345679492    : @                         _end+140737345679492    : jle	0x21                  
1078500: system.cpu0 T0 : 1078500: system.cpu1 T0 : @_end+140737345679492    : @                         _end+140737345679492    : jle	0x21                  
1079500: system.cpu0 T0 : @_end+140737345679492.2  :   JLE_I : wrip   , t1, t2  : IntAlu : 
1080500: system.cpu0 T0 : @_end+140737345679494    : mov	eax, 0x7              
1081000: system.cpu0 T0 : 1081000: system.cpu1 T0 : @_end+140737345679499    : @                         _end+140737345679499    : xor	ecx, ecx              
1081000: system.cpu0 T0 : 1081000: system.cpu1 T0 : @_end+140737345679499    : @                         _end+140737345679499    : xor	ecx, ecx              
1081500: system.cpu0 T0 : @_end+140737345679501    :   CPUID    eax             : IntAlu :  D=0x10815000000000000000000
1081500: system.cpu0 T0 : @_end+140737345679501    :   CPUID    eax             : IntAlu :  D=0x10815000000000000000000
1082500: system.cpu0 T0 : @_end+140737345679503    : mov	DS:[rip + 0x20cc53], eax
1082500: system.cpu0 T0 : @_end+140737345679503    : mov	DS:[rip + 0x20cc53], eax
1083000: system.cpu0 T0 : 1083000: system.cpu1 T0 : d+140737345679503.1  : @                         _end+140737345679503.1  :   MOV_P_R : st   eax, DS:[t7 + 0x20cc53] : MemWrite :  D=0x0000000000000000 A=0x7ffff7ffcd28
1083000: system.cpu0 T0 : 1083000: system.cpu1 T0 : d+140737345679503.1  : @                         _end+140737345679503.1  :   MOV_P_R : st   eax, DS:[t7 + 0x20cc53] : MemWrite :  D=0x0000000000000000 A=0x7ffff7ffcd28
1084000: system.cpu0 T0 : 1084000: system.cpu1 T0 : @_end+140737345679509    : @                         _end+140737345679509    : mov	DS:[rip + 0x20cc51], ebx
1084000: system.cpu0 T0 : 1084000: system.cpu1 T0 : @_end+140737345679509    : @                         _end+140737345679509    : mov	DS:[rip + 0x20cc51], ebx
1085500: system.cpu0 T0 : @_end+140737345679515    : mov	DS:[rip + 0x20cc4f], ecx
1085500: system.cpu0 T0 : @_end+140737345679515    : mov	DS:[rip + 0x20cc4f], ecx
1086000: system.cpu0 T0 : @_end+140737345679515.10 : 1086000: system.cpu1000000000000000 T0 : MemWrite :  D=0x0000000000000000 A=0x7ffff7ffcd30
1086000: system.cpu0 T0 : @_end+140737345679515.10 : 1086000: system.cpu1000000000000000 T0 : MemWrite :  D=0x0000000000000000 A=0x7ffff7ffcd30
1086500: system.cpu0 T0 : @_end+140737345679521    : 1086500: system.cpu1000000000000000 T0 : mov	DS:[rip + 0x20cc4d], edx
1086500: system.cpu0 T0 : @_end+140737345679521    : 1086500: system.cpu1000000000000000 T0 : mov	DS:[rip + 0x20cc4d], edx
1087000: system.cpu0 T0 : @_end+140737345679521.10 : 1087000: system.cpu1000000000000000 T0 :   MOV_P_R : st   edx, DS:[t7 + 0x20cc4d] : MemWrite :  D=0x0000000000000000 A=0x7ffff7ffcd34
1087000: system.cpu0 T0 : @_end+140737345679521.10 : 1087000: system.cpu1000000000000000 T0 :   MOV_P_R : st   edx, DS:[t7 + 0x20cc4d] : MemWrite :  D=0x0000000000000000 A=0x7ffff7ffcd34
1088000: system.cpu0 T0 : 1088000: system.cpu1 T0 : @_end+140737345679527    : @0000000000000000000000000_end+140737345679527    : mov	esi, DS:[rip + 0x20cc33]
1088000: system.cpu0 T0 : 1088000: system.cpu1 T0 : @_end+140737345679527    : @0000000000000000000000000_end+140737345679527    : mov	esi, DS:[rip + 0x20cc33]
1088500: system.cpu0 T0 : @_end+140737345679527.10 : 1088500: system.cpu1000000000000000 T0 :   MOV_R_P : ld   esi, DS:[t7 + 0x20cc33] : MemRead :  D=0x0000000000000000 A=0x7ffff7ffcd20
1088500: system.cpu0 T0 : @_end+140737345679527.10 : 1088500: system.cpu1000000000000000 T0 :   MOV_R_P : ld   esi, DS:[t7 + 0x20cc33] : MemRead :  D=0x0000000000000000 A=0x7ffff7ffcd20
1089500: system.cpu0 T0 : @_end+140737345679533    : 1089500: system.cpu1000000000000000 T0 : t_end+140737345679533
1089500: system.cpu0 T0 : @_end+140737345679533    : 1089500: system.cpu1000000000000000 T0 : t_end+140737345679533
1090000: system.cpu0 T0 : @_end+140737345679533.10 : 1090000: system.cpu1000000000000000 T0 : @_end+140737345679533  TEST_R_I : and   t0d, esi, t1d10 :   TEST_R_I : and   t0d, esi, t1d : IntAlu D= D=0x00000000
1090000: system.cpu0 T0 : @_end+140737345679533.10 : 1090000: system.cpu1000000000000000 T0 : @_end+140737345679533  TEST_R_I : and   t0d, esi, t1d10 :   TEST_R_I : and   t0d, esi, t1d : IntAlu D= D=0x00000000
1090500: system.cpu0 T0 : 1090500: system.cpu1 T0 : @_end+140737345679539    : @0000000000000000000000000_end+140737345679539    : jz	0x1c0000000000000000000
1090500: system.cpu0 T0 : 1090500: system.cpu1 T0 : @_end+140737345679539    : @0000000000000000000000000_end+140737345679539    : jz	0x1c0000000000000000000
:      system.cpu0 T0 : @_end+140737345679539. 11    system.cpu1 T0 : @_end+140737345679539. 1 :   JZ_I : limm   t2, 0x1c   : IntAlu :  D=0x000000000000001c
:      system.cpu0 T0 : @_end+140737345679539. 11    system.cpu1 T0 : @_end+140737345679539. 1 :   JZ_I : limm   t2, 0x1c   : IntAlu :  D=0x000000000000001c
: system.cpu0 T0 : @_end+140737345679539.2  : 1091500: system.cpu1                T0 :   JZ_I : wrip   , t1, t2 : IntAlu : 
: system.cpu0 T0 : @_end+140737345679539.2  : 1091500: system.cpu1                T0 :   JZ_I : wrip   , t1, t2 : IntAlu : 
1092000: system.cpu0 T0 : @_end+140737345679569    : test	r10b, r10b           
1092000: system.cpu0 T0 : @_end+140737345679569    : test	r10b, r10b           
1092000: system.cpu0 T0 : @_end+140737345679569    : test	r10b, r10b           
1093000: system.cpu0 T0 : @_end+140737345679572    : 1093000: system.cpu1                T0 : jnz	0x16e
1093000: system.cpu0 T0 : @_end+140737345679572    : 1093000: system.cpu1                T0 : jnz	0x16e
1093500: system.cpu0 T0 : @_end+140737345679572.1  :   JNZ_I : limm   t2, 0x16e : IntAlu :  D=0x000000000000016e
1094500: system.cpu0 T0 : 1     @ s_end+140737 T  : @_end+140737345679578    : mov	DS:[rip + 0x20cc28], ebp
1094500: system.cpu0 T0 : 1     @ s_end+140737 T  : @_end+140737345679578    : mov	DS:[rip + 0x20cc28], ebp
1095000: system.cpu0 T0 : @_end+140737345679578.1  : 1095000: system.cpu1                T0 :   MOV_P_R : st   ebp, DS:[t7 + 0x20cc28] : MemWrite :  D=0x0000000000000000 A=0x7_end+140737345679578
1095000: system.cpu0 T0 : @_end+140737345679578.1  : 1095000: system.cpu1                T0 :   MOV_P_R : st   ebp, DS:[t7 + 0x20cc28] : MemWrite :  D=0x0000000000000000 A=0x7_end+140737345679578
1095500: system.cpu0 T0 : @_end+140737345679584    : 1095500: system.cpu1                T0 : mov	DS:[rip + 0x20cbe9], r12d
1095500: system.cpu0 T0 : @_end+140737345679584    : 1095500: system.cpu1                T0 : mov	DS:[rip + 0x20cbe9], r12d
1096000: system.cpu1 T0 : 1096000: system.cpu0 T0_end+140737345679584.1  : @                         _end+140737345679584.1  :   MOV_P_R : st   r12d, DS:[t7 + 0x20cbe9] : MemWrite :  D=0x0000000000000003 A=0x7ffff7ffcd10
1096000: system.cpu1 T0 : 1096000: system.cpu0 T0_end+140737345679584.1  : @                         _end+140737345679584.1  :   MOV_P_R : st   r12d, DS:[t7 + 0x20cbe9] : MemWrite :  D=0x0000000000000003 A=0x7ffff7ffcd10
1097000: system.cpu1 T0 : @_end+140737345679591    : 1097000: system.cpu0                T0 : mov	DS:[rip + 0x20cc1e], r11d
1097000: system.cpu1 T0 : @_end+140737345679591    : 1097000: system.cpu0                T0 : mov	DS:[rip + 0x20cc1e], r11d
1097000: system.cpu0                T0 :   MOV_P_R : rdip   t7d, %ctrl153,  : IntAlu :  D=0x@_end+14073734567959100007ffff7df012e
1097000: system.cpu0                T0 :   MOV_P_R : rdip   t7d, %ctrl153,  : IntAlu :  D=0x@_end+14073734567959100007ffff7df012e
1097500: system.cpu1 T0 : @_end+140737345679591.1  : 1097500: system.cpu0                T0 :   MOV_P_R : st   r11d, DS:[t7 + 0x20cc1e] : MemWrite :  D=0x0000000000000000 A=0x7ffff7ffcd4c
1097500: system.cpu1 T0 : @_end+140737345679591.1  : 1097500: system.cpu0                T0 :   MOV_P_R : st   r11d, DS:[t7 + 0x20cc1e] : MemWrite :  D=0x0000000000000000 A=0x7ffff7ffcd4c
1098500: system.cpu0 T0 : @_end+140737345679598    : add	rax, 0x90             
1098500: system.cpu0 T0 : @_end+140737345679598.0  : 1098500: system.cpu1                T0 :   ADD_R_I : limm   t1, 0x90 : IntAlu :  D=0x0000000000000090
1100000: system.cpu0 T0 : @_end+140737345679605.1  :   POP_R : addi   rsp, rsp, 0x8 : IntAlu :  D=0x00007fffffffed40
1100000: system.cpu1 T0 : @_end+140737345679605.1 1    : : system.cpu0   POP_R : addi   rsp, rsp, 0x80 : IntAlu :  D=0x00007fffffffed40
1100000: system.cpu1 T0 : @_end+140737345679605.1 1    : : system.cpu0   POP_R : addi   rsp, rsp, 0x80 : IntAlu :  D=0x00007fffffffed40
1101000: system.cpu0 T0 : 1101000: system.cpu1 T0 : @_end+140737345679606    : @                 pop	r                     1101000: system.cpu0 T0 : 1101000: system.cpu1 T0 : @_end+140737345679606    : @                 pop	r                     pop	rbp                   
1101500: system.cpu0 T0 : @_end+140737345679606.1  : 1101500: system.cpu1                T0 : @_end+140737345679606  POP_R : addi   rsp, rsp, 0x81  IntAlu :   POP_R : addi   rsp, rsp, 0x8 : IntAlu :  D=0x00007fffffffed480
1101500: system.cpu0 T0 : @_end+140737345679606.1  : 1101500: system.cpu1                T0 : @_end+140737345679606  POP_R : addi   rsp, rsp, 0x81  IntAlu :   POP_R : addi   rsp, rsp, 0x8 : IntAlu :  D=0x00007fffffffed480
1103000: system.cpu1 T0 : 1103000: system.cpu0 T0 : @_end+140737345679607    : @                         _end+140737345679607    : pop	r12                   
1103000: system.cpu1 T0 : 1103000: system.cpu0 T0 : @_end+140737345679607    : @                         _end+140737345679607    : pop	r12                   
1103000: system.cpu0                T0 : @_end+140737345679607. : MemRead :   POP_R : ldis   t1, SS:[rsp] D=MemRead0x 560000xffff7dd91e0 A=0x7fffffffed480000 1103000: system.cpu0                T0 : @_end+140737345679607. : MemRead :   POP_R : ldis   t1, SS:[rsp] D=MemRead0x 560000xffff7dd91e0 A=0x7fffffffed480000 A=0x7fffffffed48
1103500: system.cpu1 T0 : @_end+140737345679607. 11103500 :system.cpu0 T0 : @_end+140737345679607. 1 :   POP_R : addi   rsp, rsp, 0x8 : IntAlu :  D=0x00007fffffffed50 1103500: system.cpu1 T0 : @_end+140737345679607. 11103500 :system.cpu0 T0 : @_end+140737345679607. 1 :   POP_R : addi   rsp, rsp, 0x8 : IntAlu :  D=0x00007fffffffed50  POP_R : addi   rsp, rsp, 0x8 : IntAlu :  D=0x00007fffffffed50
1104000: system.cpu1 T0 : @_end+140737345679607.2  : 1104000: system.cpu0                T0 : @_end+140737345679607.2  :   POP_R : mov   r12, r12, t1 : IntAlu :  D=0x00007ffff7dd91e0
1104000: system.cpu1 T0 : @_end+140737345679607.2  : 1104000: system.cpu0                T0 : @_end+140737345679607.2  :   POP_R : mov   r12, r12, t1 : IntAlu :  D=0x00007ffff7dd91e0
1104500: system.cpu1 T0 : 1104500: system.cpu0 T0 : @_end+140737345679609    : @                         _end+140737345679609    : pop	r13         
1104500: system.cpu0 T0 : 1104500: system.cpu0 T0 : @_end+140737345679609    : @                         _end+140737345679609    : pop	r13         
1106000: system.cpu0 T0 : @_end+1407373456796111106000 : : system.cpu1 T0 : pop	r14
1106000: system.cpu0 T0 : @_end+1407373456796111106000 : : system.cpu1 T0 : pop	r14
1107500: system.cpu0 T0 : 1107500: system.cpu1 T0 : @_end+140737345679613    : @0000000000000000000000000_end+140737345679613   pop	r15
1107500: system.cpu0 T0 : 1107500: system.cpu1 T0 : @_end+140737345679613    : @0000000000000000000000000_end+140737345679613   pop	r15
@_end+140737345679613.10 : 1108000: system.cpu0000000000000000 T0 :   POP_R : addi   rsp, rsp, 0x8 : IntAlu :  D=0x00007fffffffed68
@_end+140737345679613.10 : 1108000: system.cpu0000000000000000 T0 :   POP_R : addi   rsp, rsp, 0x8 : IntAlu :  D=0x00007fffffffed68
 : @_end+140737345679613.20 : 1108500: system.cpu0000000000000000 T0 :  _end+140737345679613.15, t1 : IntAlu20 D=  POP_          r15, r15, t1 : IntAlu   0        0x0000000000001000
 : @_end+140737345679613.20 : 1108500: system.cpu0000000000000000 T0 :  _end+140737345679613.15, t1 : IntAlu20 D=  POP_          r15, r15, t1 : IntAlu   0        0x0000000000001000
01109000: system.cpu1 T0 : 1_end+14:    tem.cpu0 T ret	00000000 0000000000000
1109000: system.cpu1 T0 : 1_end+14:    tem.cpu0 T ret	00000000 0000000000000
1109000: system.cpu0 T0 : @_end+140737345679615.00 :   RET_NEAR : ld   t1, SS:[rsp] : MemRead :  D=0x00007ffff7df0864 A=0x7fffffffed68
1111000: system.cpu1 T0 : @_end+140737345681444    : 1111000: system.cpu0000000000000000 T0 : mov	rdi, DS:[rip + 0x20c43d]
1111000: system.cpu1 T0 : @_end+140737345681444    : 1111000: system.cpu0000000000000000 T0 : mov	rdi, DS:[rip + 0x20c43d]
1111000: system.cpu0000000000000000 T0 : @_end+140737345681444.   :   MOV_R_P : rdip   t7, %ctrl153,  : 0000000000 000000000000 ntAlu : 0x00007ffff7df086b
1111000: system.cpu0000000000000000 T0 : @_end+140737345681444.   :   MOV_R_P : rdip   t7, %ctrl153,  : 0000000000 000000000000 ntAlu : 0x00007ffff7df086b
1111500: system.cpu0 T0 : @_end+140737345681444. 1 : 1111500: system.cpu1                T0 :   MOV_R_P : ld   rdi, DS:[t7 + 0x20c43d] : MemRead :  D=@0000000000000000 A= : 7ffff7ffcca8              t7 + 0x20c43d] : MemRead :  D=0x0000000001111500: system.cpu0 T0 : @_end+140737345681444. 1 : 1111500: system.cpu1                T0 :   MOV_R_P : ld   rdi, DS:[t7 + 0x20c43d] : MemRead :  D=@0000000000000000 A= : 7ffff7ffcca8              t7 + 0x20c43d] : MemRead :  D=0x0000000000000000 A=0x7ffff7ffcca8
1112000: system.cpu0 T0 : 1112000: system.cpu1 T0 : @_end+140737345681451    : @                         _end+140737345681451    : test	rdi, rdi             
1112000: system.cpu0 T0 : 1112000: system.cpu1 T0 : @_end+140737345681451    : @                         _end+140737345681451    : test	rdi, rdi             
1112500: system.cpu0 T0 : 1112500: system.cpu1 T0 : @_end+140737345681454    : jz	0xc                    
1112500: system.cpu0 T0 : 1112500: system.cpu1 T0 : @_end+140737345681454    : jz	0xc                    
1113000: system.cpu0 T0 : @_end+140737345681454.10 :   JZ_I : limm   t2, 0xc000 : IntAlu :  D=0x000000000000000c
1113000: system.cpu0 T0 : @_end+140737345681454.10 :   JZ_I : limm   t2, 0xc000 : IntAlu :  D=0x000000000000000c
1113500: system.cpu0 T0 : @_end+140737345681454.20 :   JZ_I : wrip   , t1, t200 : IntAlu : 
1114000: system.cpu0 T0 : @_end+140737345681468    : xor	edi, edi00000000000000
1114000: system.cpu0 T0 : @_end+140737345681468    : xor	edi, edi00000000000000
1114000: system.cpu0 T0 : @_end+140737345681468    : xor	edi, edi00000000000000
1115000: system.cpu0 T0 : @_end+140737345681470    : 1115000: system.cpu1000000000000000 T0 : call	0xbbd
1115000: system.cpu0 T0 : @_end+140737345681470    : 1115000: system.cpu1000000000000000 T0 : call	0xbbd
1115500: system.cpu0 T0 : @_end+140737345681470. 1 : 1115500: system.cpu1                T0 :   CALL_NEAR_I : rdip   t7, %ctrl153,  : IntAlu@_end+140737345681470 1 0x7ffff7df08830000
1115500: system.cpu0 T0 : @_end+140737345681470. 1 : 1115500: system.cpu1                T0 :   CALL_NEAR_I : rdip   t7, %ctrl153,  : IntAlu@_end+140737345681470 1 0x7ffff7df08830000
1116000: system.cpu0 T0 : 1116000: system.cpu1 @0.2  :  : @_end+140737345681470.2  :   CALL_NEAR_I : stis   t7, SS:[rsp + 0xfffffffffffffff8] : MemWrite :  D=0x00007ffff7df0883 A=0x7fffffffed68
1116000: system.cpu0 T0 : 1116000: system.cpu1 @0.2  :  : @_end+140737345681470.2  :   CALL_NEAR_I : stis   t7, SS:[rsp + 0xfffffffffffffff8] : MemWrite :  D=0x00007ffff7df0883 A=0x7fffffffed68
system.cpu0 T0 : @_end+140737345681470.4  : 1117000: system.cpu1                T0 :   CALL_NEAR_I : wrip   , t7, t1 : IntAlu : 
system.cpu0 T0 : @_end+140737345681470.4  : 1117000: system.cpu1                T0 :   CALL_NEAR_I : wrip   , t7, t1 : IntAlu : 
1117500: system.cpu0 T0 : @_end+140737345684480    : push	rbp                  
1117500: system.cpu0 T0 : @_end+140737345684480.0  :   PUSH_R : stis   rbp, SS:[rsp + 0xfffffffffffffff8] : MemWrite :  D=0x0000000000000009 A=0x7fffffffed60
1118500: system.cpu0 T0 : @_end+1407373456844811118500:  0 T0 :   PUSH_R : stis   rbx, SS:[rsp + 0xfffffffffffffff8] : MemWrite :  D=0x0000000000400040 A=0x7fffffffed58
1118500: system.cpu0 T0 : @_end+1407373456844811118500:  0 T0 :   PUSH_R : stis   rbx, SS:[rsp + 0xfffffffffffffff8] : MemWrite :  D=0x0000000000400040 A=0x7fffffffed58
1120500: system.cpu0 T0 : 1120500: system.cpu1 T0 : @_end+140737345684485    : @                         _end+140737345684485    : sub	rax, 0x8              
1120500: system.cpu0 T0 : 1120500: system.cpu1 T0 : @_end+140737345684485    : @                         _end+140737345684485    : sub	rax, 0x8              
1121500: system.cpu0 T0 : @_end+140737345684489    : 1121500: system.cpu1     mov	rbx,   :[rip + 0x20cc88]u :  D=0
1121500: system.cpu0 T0 : @_end+140737345684489    : 1121500: system.cpu1     mov	rbx,   :[rip + 0x20cc88]u :  D=0
1122000: system.cpu1 T0 : @_end+140737345684489.1  : 1122000: system.cpu0                T0 :   MOV_R_P : ld   rbx, DS:[t7 + 0x20cc88] : _end+140737345684489. D=1 0x6020000000000000 rbx, DS:[t7 + 0x20cc88] :  A=0x7ffff7ffe0d8
1122000: system.cpu1 T0 : @_end+140737345684489.1  : 1122000: system.cpu0                T0 :   MOV_R_P : ld   rbx, DS:[t7 + 0x20cc88] : _end+140737345684489. D=1 0x6020000000000000 rbx, DS:[t7 + 0x20cc88] :  A=0x7ffff7ffe0d8
1122500: system.cpu0 T0 : @_end+140737345684496    : test	rbx, rbx             
1122500: system.cpu0 T0 : @_end+140737345684496.0  :   TEST_R_R : and   t0, rbx, rbx : IntAlu :  D=0x0000000000000000
1122500: system.cpu0 T0 : @_end+140737345684496.0  :   TEST_R_R : and   t0, rbx, rbx : IntAlu :  D=0x0000000000000000
1123000: system.cpu1 T0 : 1123000: system.cpu0 T0 : @_end+140737345684499    : @                         _end+140737345684499    : jz	0x3b                   
1123000: system.cpu1 T0 : 1123000: system.cpu0 T0 : @_end+140737345684499    : @                         _end+140737345684499    : jz	0x3b                   
1123000: system.cpu0                T0 :   JZ_I : rdip   t1, %ctrl153,  : IntAlu@_end+140737345684499. D=0x  JZ_I : rdip   t1, %ctrl153,  : 
1123000: system.cpu0                T0 :   JZ_I : rdip   t1, %ctrl153,  : IntAlu@_end+140737345684499. D=0x  JZ_I : rdip   t1, %ctrl153,  : 
system.cpu1 T0 : @_end+140737345684499.1  : 1123500: system.cpu0                T0 :   JZ_I : limm   t2, 0x3b : IntAlu :  D=0x000000000000003b
system.cpu1 T0 : @_end+140737345684499.1  : 1123500: system.cpu0                T0 :   JZ_I : limm   t2, 0x3b : IntAlu :  D=0x000000000000003b
1124000: system.cpu1 T0 : @_end+140737345684499.2  : 1124000: system.cpu0                T0 :   JZ_I : wrip   , t1, t2 : IntAlu : 
1124000: system.cpu1 T0 : @_end+140737345684499.2  : 1124000: system.cpu0                T0 :   JZ_I : wrip   , t1, t2 : IntAlu : 
1125000: system.cpu1 T0 : @_end+140737345684501    : 1125000: system.cpu0                T0 : @_end+140737345684501    : mov	eax, DS:[rip + 0x20cc5d]
1125000: system.cpu1 T0 : @_end+140737345684501    : 1125000: system.cpu0                T0 : @_end+140737345684501    : mov	eax, DS:[rip + 0x20cc5d]
1125000: system.cpu0                T0 : @_end+140737345684501.0  IntAlu :  D=   : IntAlu7ff D=0x
1125000: system.cpu0                T0 : @_end+140737345684501.0  IntAlu :  D=   : IntAlu7ff D=0x
1125500: system.cpu1 T0 : @_end+140737345684501.01 : 1125500: system.cpu0000000000000000 T0 :   MOV_R_P : ld   eax, DS:[t7 + 0x20cc5d]_enMemRead.: 10 :   M   :   M              0x0000000000000000 A=0x7ffff7ffe0b8
1125500: system.cpu1 T0 : @_end+140737345684501.01 : 1125500: system.cpu0000000000000000 T0 :   MOV_R_P : ld   eax, DS:[t7 + 0x20cc5d]_enMemRead.: 10 :   M   :   M              0x0000000000000000 A=0x7ffff7ffe0b8
1126000: system.cpu0 T0 : 1126000: system.cpu1 @_end+1407373456845070   :  :                        test	eax, eax
1126000: system.cpu0 T0 : 1126000: system.cpu1 @_end+1407373456845070   :  :                        test	eax, eax
1126500: system.cpu0 T0 : @_end+140737345684509    : 1126500: system.cpu1                jnz	0x31
1126500: system.cpu0 T0 : @_end+140737345684509    : 1126500: system.cpu1                jnz	0x31
: system.cpu0 T0 : @_end+140737345684509.1  : 1127000: system.cpu1                T0 :   JNZ_I : limm   t2, 0x31 : IntAlu :  D=0x0000000000000031
: system.cpu0 T0 : @_end+140737345684509.1  : 1127000: system.cpu1                T0 :   JNZ_I : limm   t2, 0x31 : IntAlu :  D=0x0000000000000031
1127500: system.cpu0 T0 : @_end+140737345684509.2  : 1127500: system.cpu1                T0 :   JNZ_I : wrip   , t1, t2 : IntAlu : 
1127500: system.cpu0 T0 : @_end+140737345684509.2  : 1127500: system.cpu1                T0 :   JNZ_I : wrip   , t1, t2 : IntAlu : 
1128500: system.cpu1 T0 : 1128500: system.cpu0 T0 : @_end+140737345684511    : @                         _end+140737345684511    : cmp	rax, 0                
1128500: system.cpu1 T0 : 1128500: system.cpu0 T0 : @_end+140737345684511    : @                         _end+140737345684511    : cmp	rax, 0                
1128500: system.cpu0                T0 :   CMP_R_I : limm   t1, 0 : IntAlu :  D=0x0000000000000000
1128500: system.cpu0                T0 :   CMP_R_I : limm   t1, 0 : IntAlu :  D=0x0000000000000000
1129000: system.cpu1 T0 : @_end+140737345684511.1  : 1129000: system.cpu0                T0 :   CMP_R_I : sub   t0, rbp, t1 : IntAlu :  D=0x0000000000000000@1129000: system.cpu1 T0 : @_end+140737345684511.1  : 1129000: system.cpu0                T0 :   CMP_R_I : sub   t0, rbp, t1 : IntAlu :  D=0x0000000000000000@t_end+140737345684511.1  :   CMP_R_I : sub   t0, rbp, t1 : IntAlu :  D=0x0000000000000000
1129500: system.cpu1 T0 : @_end+140737345684515    : 1129500: system.cpu0                T0 : jz	0x20
1129500: system.cpu1 T0 : @_end+140737345684515    : 1129500: system.cpu0                T0 : jz	0x20
1129500: system.cpu0                T0 :   JZ_I : rdip   t1, %ctrl153,  : IntAlu :  D=0x@00007ffff7df14654515.
1129500: system.cpu0                T0 :   JZ_I : rdip   t1, %ctrl153,  : IntAlu :  D=0x@00007ffff7df14654515.
 T0 : @_end+140737345684515.1  : 1130000: system.cpu0                T0 :   JZ_I : limm   t2, 0x20 : IntAlu :  D=0x000000000000000@
 T0 : @_end+140737345684515.1  : 1130000: system.cpu0                T0 :   JZ_I : limm   t2, 0x20 : IntAlu :  D=0x000000000000000@
1130500: system.cpu1 T0 : @_end+140737345684515.2  : 1130500: system.cpu0                T0 :   JZ_I : wrip   , t1, t2 : IntAlu : 
1130500: system.cpu1 T0 : @_end+140737345684515.2  : 1130500: system.cpu0                T0 :   JZ_I : wrip   , t1, t2 : IntAlu : 
1131500: system.cpu0 T0 : 1   s @ Tend+140737345684549   0: : :                        @add	rax, 0x8
1131500: system.cpu0 T0 : 1   s @ Tend+140737345684549   0: : :                        @add	rax, 0x8
1132000: system.cpu0 T0 : @_end+140737345684549.1  : 1132000: system.cpu1                T0 : @_end+140737345684549  ADD_R_I : add   rsp, rsp, t11  IntAlu :   ADD_R_I : add   rsp, rsp, t1 D=IntAlu0x  D=0000000000000
1132000: system.cpu0 T0 : @_end+140737345684549.1  : 1132000: system.cpu1                T0 : @_end+140737345684549  ADD_R_I : add   rsp, rsp, t11  IntAlu :   ADD_R_I : add   rsp, rsp, t1 D=IntAlu0x  D=0000000000000
1132500: 00000system.cpu0 T0 : 1132500: system.cpu1 T0@: 0_end+140737345684553    : @0000000000000000000000000_end+140737345684553    : mov	rax, rbx00000000000000
1132500: 00000system.cpu0 T0 : 1132500: system.cpu1 T0@: 0_end+140737345684553    : @0000000000000000000000000_end+140737345684553    : mov	rax, rbx00000000000000
1133000: system.cpu0 T0 : 113300@: nd+140737345684556   system.cpu1 pop	rbxI
1133000: system.cpu0 T0 : 113300@: nd+140737345684556   system.cpu1 pop	rbxI
1134500: system.cpu0 T0 : @_end+140737345684557    : pop	rbp0000000000000000000
1134500: system.cpu0 T0 : @_end+140737345684557    : pop	rbp0000000000000000000
1135500: system.cpu0 T0 : @_end+140737345684557.20 :   POP_R : mov   rbp, rbp, t1 : IntAlu :  D=0x0000000000000009
@_system.cpu0 T0 : @_end+140737345684558    : ret	0000000000000000000000
1136000: system.cpu0 T0 : @_end+140737345684558    : ret	0000000000000000000000
1136000: system.cpu0 T0 : @_end+140737345684558    : ret	0000000000000000000000
1138000: system.cpu0 T0 : @_end+140737345681475    : 1138000: system.cpu1000000000000000 T0 : lea	rdx, DS:[rip + 0x20d8de]
1138000: system.cpu0 T0 : @_end+140737345681475    : 1138000: system.cpu1000000000000000 T0 : lea	rdx, DS:[rip + 0x20d8de]
1138500: system.cpu0 T0 : @_end+140737345681475.01 : 1138500: system.cpu1 T0 : @_end+140737345681475.01 :   LEA_R_P : lea   rdx, DS:[t7 + 0x20d8de] : IntAlu :  D=0x00007ffff7ffe168
1138500: system.cpu0 T0 : @_end+140737345681475.01 : 1138500: system.cpu1 T0 : @_end+140737345681475.01 :   LEA_R_P : lea   rdx, DS:[t7 + 0x20d8de] : IntAlu :  D=0x00007ffff7ffe168
1139000: system.cpu1 T0 : @_end+140737345681482.0011  : system.cpu0 T0 : @_end+140737345681482    :   CMP_R_R : sub   t0, rax, rdx : IntAlu :  D=0x0000000000000001
1139000: system.cpu1 T0 : @_end+140737345681482.0011  : system.cpu0 T0 : @_end+140737345681482    :   CMP_R_R : sub   t0, rax, rdx : IntAlu :  D=0x0000000000000001
1139000: system.cpu0 T0 : @_end+1407373456814821139500:: system.cpu1 T0 : @_end+140737345681485    :   CMP_R_R : sub   t0, rax, rdx : IntAlu :  D=0x0000000000000001
1139000: system.cpu0 T0 : @_end+1407373456814821139500:: system.cpu1 T0 : @_end+140737345681485    :   CMP_R_R : sub   t0, rax, rdx : IntAlu :  D=0x0000000000000001
1140000: system.cpu1 T0 : 1139500: system.cpu0 T0 : @_end+140737345681485.10 : @0000000000000000000000000_end+140737345681485    : jz	0x390000000000000000000
1139500: system.cpu0 T0 : 1139500: system.cpu0 T0 : @_end+140737345681485.10 : @0000000000000000000000000_end+140737345681485    : jz	0x390000000000000000000
@_end+140737345681485.20 : 1140000: system.cpu0000000000000000  JZ_I : wrip   , t1, t200T0 : ntAlu : 
@_end+140737345681485.20 : 1140000: system.cpu0000000000000000  JZ_I : wrip   , t1, t200T0 : ntAlu : 
1140500: system.cpu0 T0 : @_end+140737345681485.2011   : :   JZ_I : wrip   , t1, t200stem.cpu1 T0 : IntAlu : 
1141500: system.cpu0 T0 : @_end+140737345681487    : mov	eax, DS:[rip + 0x20c5e3]
1141500: system.cpu0000000000000000 T0 :   MOV_R_P : ld   eax, DS:[t7 + 0x20c5e3] : MemRead :  D=0x0000000000000000@7fff+1407373
1141500: system.cpu0000000000000000 T0 :   MOV_R_P : ld   eax, DS:[t7 + 0x20c5e3] : MemRead :  D=0x0000000000000000@7fff+1407373
1142500: system.cpu0 T0 : @_end+140737345681493    : test	eax, eax0000000000000
1142500: system.cpu0 T0 : 1143500: system.cpu1 @0end+140737345681493.00 :  :  : IntAlu :  D=0x0000000000000000
1143500: system.cpu1 T0 : @_end+140737345681495.00 : 1143500: system.cpu000000 000000000 IntAlu0 :  D=0x00007ffff7df0899
1143500: system.cpu1 T0 : @_end+140737345681495.00 : 1143500: system.cpu000000 000000000 IntAlu0 :  D=0x00007ffff7df0899
1143500: system.cpu0 T0 : @_end+140737345681495.00 :   JNZ_I : rdip   t1, %ctrl153,  : IntAlu :  D=0x00007ffff7df0899
1144000: system.cpu0 T0 : @_end+140737345681495.10 :   JNZ_I : limm   t2, 0x280 : IntAlu :  D=0x0000000000000028
@_end+140737345681495.20 : 1144500: system.cpu0000 00000000000 p   , t1, t20 TIntAlu0 : @_end+140737345681495.20 : 1144500: system.cpu0000 00000000000 p   , t1, t20 TIntAlu0 : @_end+140737345681495.20 :   JNZ_I : wrip   , t1, t20 : IntAlu : 
1145000: system.cpu1 T0 : 1145000: system.cpu0 T0 : @_end+140737345681497    : @0000000000000000000000000_end+140737345681497    : lea	rdx, DS:[rsp + 0x38]00
1145000: system.cpu1 T0 : 1145000: system.cpu0 T0 : @_end+140737345681497    : @0000000000000000000000000_end+140737345681497    : lea	rdx, DS:[rsp + 0x38]00
1145000: system.cpu0000000000000000 T0 : @_end+140737345681497 00 IntAlu :   LEA_R_M : lea   rdx, DS:[rsp + 0x38] : IntAlu0x 0000xfffffffeda8
1145000: system.cpu0000000000000000 T0 : @_end+140737345681497 00 IntAlu :   LEA_R_M : lea   rdx, DS:[rsp + 0x38] : IntAlu0x 0000xfffffffeda8
1145500: system.cpu1 T0 : @_end+140737345681502    : 1145500: system.cpu0                T0 : mov	esi, ebp
1145500: system.cpu1 T0 : @_end+140737345681502    : 1145500: system.cpu0                T0 : mov	esi, ebp
1145500: system.cpu0                T0 :   MOV_R_R : mov   esi, esi, ebp : IntAlu :  D=0x0000000000000009
1145500: system.cpu0                T0 :   MOV_R_R : mov   esi, esi, ebp : IntAlu :  D=0x0000000000000009
1146000: system.cpu1 T0 : @_end+140737345681504    : 1146000: system.cpu0                T0 : mov	rdi, rbx
1146000: system.cpu1 T0 : @_end+140737345681504    : 1146000: system.cpu0                T0 : mov	rdi, rbx
1146000: system.cpu0                T0 :   MOV_R_R : mov   rdi, rdi, rbx : IntAlu :  D=0x0000000000400040
1146000: system.cpu0                T0 :   MOV_R_R : mov   rdi, rdi, rbx : IntAlu :  D=0x0000000000400040
1147000: system.cpu1 T0 : @_end+140737345681507    : 1147000: system.cpu0                T0 : mov	rcx, DS:[rip + 0x20c45e]
1147000: system.cpu1 T0 : @_end+140737345681507    : 1147000: system.cpu0                T0 : mov	rcx, DS:[rip + 0x20c45e]
1147000: system.cpu0                T0 : @_end+140737345681507, %ctrl153,  : IntAlu : 0  :   MOV_R_P : rdip   t7, %ctrl153, 0x00007f
1147000: system.cpu0                T0 : @_end+140737345681507, %ctrl153,  : IntAlu : 0  :   MOV_R_P : rdip   t7, %ctrl153, 0x00007f
1148000: system.cpu1 T0 : 1148000: system.cpu0 T0 : @_end+140737345681514    : @                         _end+140737345681514    : call	r12                  
1148000: system.cpu1 T0 : 1148000: system.cpu0 T0 : @_end+140737345681514    : @                         _end+140737345681514    : call	r12                  
1148000: system.cpu0                T0 :   CALL_NEAR_R : rdip   t1, %ctrl153,  : IntAlu :  D=0x00007ffff7df08ad
@_end+140737345681514.1  :   CALL_NEAR_R : stis   t1, SS:[rsp + 0xfffffffffffffff8] : MemWrite :  D=0x7ffff7d: system.cpu0 T7fffffffed68
1150000: system.cpu1 T0 : 1150000@_end+140737345585568.system.cpu0 T0 PUSH_R : stis   rbp, SS:[rsp + 0xfffffffffffffff8] :  : Write :  D=0x0000000000000009 A=0x7fffffffed60
1150000: system.cpu0 T0 :  @_end+140737345585568.10 :   PUSH_R : subi   rsp, rsp, 0x8 : IntAlu :  D=0x00007fffffffed60
1151000: system.cpu1 T0 : 1150500: system.cpu0 T0 : @_end+140737345585569    : @0000000000000000000000000_end+140737345585568.10 :   PUSH_R : subi   rsp, rsp, 0x8 : IntAlu :  D=0x00007fffffffed60
1151000: system.cpu1 T0 : 1150500: system.cpu0 T0 : @_end+140737345585569    : @0000000000000000000000000_end+140737345585568.10 :   PUSH_R : subi   rsp, rsp, 0x8 : IntAlu :  D=0x00007fffffffed60
1151000: system.cpu1 T0 : 1151000: system.cpu0 T0_end+140737345585569.00 : @0000000000000000000000000_end+140737345585569    : lea	rax, DS:[rip + 0xffffffffffffea98]
1151000: system.cpu1 T0 : 1151000: system.cpu0 T0_end+140737345585569.00 : @0000000000000000000000000_end+140737345585569    : lea	rax, DS:[rip + 0xffffffffffffea98]
@_end+140737345585569.10 : 1151500: system.cpu0000000000000000 T0 :   LEA_R_P : lea   rax, DS:[t7 + 0xffffffffffffea98] : IntAlu :  D=0x00007ffff7dd7c80@@_end+140737345585569.10 : 1151500: system.cpu0000000000000000 T0 :   LEA_R_P : lea   rax, DS:[t7 + 0xffffffffffffea98] : IntAlu :  D=0x00007ffff7dd7c80@f_end+140737345585569.10 :   LEA_R_P : lea   rax, DS:[t7 + 0xffffffffffffea98] : IntAlu :  D=0x00007ffff7dd7c80
1152000: system.cpu0 T0 : @_end+140737345585576    : mov	rbp, rsp00000000000000
1152000: system.cpu0 T0 : @_end+140737345585576.00 :   MOV_R_R : mov   rbp, rbp, rsp : IntAlu :  D=0x00007fffffffed60
1152000: system.cpu0 T0 : @_end+140737345585576.00 :   MOV_R_R : mov   rbp, rbp, rsp : IntAlu :  D=0x00007fffffffed60
1153500: system.cpu0 T0 : @_end+140737345585581    : push	r14000000000000000000
1153500: system.cpu0 T0 : @_end+140737345585581.00 :   PUSH_R : stis   r14, SS:[rsp + 0xfffffffffffffff8] : MemWrite :  D=0x0000000000000001 A=0x7fffffffed50
1154000: system.cpu0 T0 : @_end+140737345585581.10 :   PUSH_R : subi   rsp, rsp, 0x8 : IntAlu :  D=0x00007fffffffed50
1155000: system.cpu0system.cpu1  00 :  : @_end+140737345585583.00 : @ PUSH_R : stis   r13, SS:[rsp + 0xfffffffffffffff8]_enMemWrite345585583    : push	r13000000000000000000 1155000: system.cpu0system.cpu1  00 :  : @_end+140737345585583.00 : @ PUSH_R : stis   r13, SS:[rsp + 0xfffffffffffffff8]_enMemWrite345585583    : push	r13000000000000000000 : 00000000000000000000000 D=0x0000000000000001 A=0x7fffffffed48
1156000: system.cpu0 T0 : @_end+140737345585585    : push	r12000000000000000000
1156500: system.cpu0 T0 : @_end+140737345585585.1  :   PUSH_R : subi   rsp, rsp, 0x8 : IntAlu :  D=0x00007fffffffed40
1157000: system.cpu0 T0 : @_end+140737345585587    : mov	r13, rdx              
1157000: system.cpu0                T0 :   MOV_R_R : mov   r13, r13, rdx_end+140737345585587.IntAlu :  D= :   MOV_R_R : mov   r13, r13, rdx : IntAlu
1157000: system.cpu0                T0 :   MOV_R_R : mov   r13, r13, rdx_end+140737345585587.IntAlu :  D= :   MOV_R_R : mov   r13, r13, rdx : IntAlu
1157500: system.cpu0 T0 : @_end+140737345585590    : push	rbx                  
1157500: system.cpu0 T0 : @_end+140737345585590. 0 :   PUSH_R : stis   rbx, SS:[rsp + 0xfffffffffffffff8] : MemWrite :  D=0x0000000000400040 A=0x7fffffffed38
1158000: system.cpu0 T0 : @_end+140737345585590.1  :   PUSH_R : subi   rsp, rsp, 0x8 : IntAlu :  D=0x00007fffffffed38
1159000: system.cpu1 T0 : @_end+140737345585591    : 1159000: system.cpu0                T0 : mov	edx, 0x9
1159000: system.cpu1 T0 : @_end+140737345585591    : 1159000: system.cpu0                T0 : mov	edx, 0x9
1159000: system.cpu0                T0 :   MOV_R_I : limm   edx, 0x9 : IntAlu :  D=0x0000000000000009
1159000: system.cpu0                T0 :   MOV_R_I : limm   edx, 0x9 : IntAlu :  D=0x0000000000000009
1159500: system.cpu0                 0 : IntAlu :  D=0x0000000000400040
1159500: system.cpu0                 0 : IntAlu :  D=0x0000000000400040
1160500: system.cpu0 T0 : @_end+140737345585599    : mov	r12, rcx400040
1161500: system.cpu0 T0 : @_end+140737345585602    : sub	rax, 0xb8             
1161500: system.cpu0 T0 : 1161500: system.cpu1 T0 : @_end+140737345585602.0  : @                         _end+140737345585602    : sub	rax, 0xb8             
1162500: system.cpu0 T0 : 1162500: system.cpu1 T0 : @_end+140737345585609    : @                         _end+140737345585609    : mov	DS:[rip + 0x2247c0], rax
1162500: system.cpu0 T0 : 1162500: system.cpu1 T0 : @_end+140737345585609    : @                         _end+140737345585609    : mov	DS:[rip + 0x2247c0], rax
1163000: system.cpu0 T0 : 1163000: system.cpu1 T0 : @_end+140737345585609.1  : @                         _end+140737345585609.1  :   MOV_P_R : st   rax, DS:[t7 + 0x2247c0] : MemWrite :  D=0x00007ffff7dd7c80 A=0x7ffff7ffd9d0
1163000: system.cpu0 T0 : 1163000: system.cpu1 T0 : @_end+140737345585609.1  : @                         _end+140737345585609.1  :   MOV_P_R : st   rax, DS:[t7 + 0x2247c0] : MemWrite :  D=0x00007ffff7dd7c80 A=0x7ffff7ffd9d0
1163500: system.cpu0 T0 : @_end+140737345585616    : 1163500: system.cpu1                T0 : lea	rax, DS:[rip + 0x9ee9]
1163500: system.cpu0 T0 : @_end+140737345585616    : 1163500: system.cpu1                T0 : lea	rax, DS:[rip + 0x9ee9]
1164000: system.cpu0 T0 : @_end+140737345585616.1  : 1164000: system.cpu1                T0 : @  LEA_R_P : lea   rax, DS:[t7 + 0x9ee9] : IntAlu : 1 :   L        I           D= 0x000000000000000x11164000: system.cpu0 T0 : @_end+140737345585616.1  : 1164000: system.cpu1                T0 : @  LEA_R_P : lea   rax, DS:[t7 + 0x9ee9] : IntAlu : 1 :   L        I           D= 0x000000000000000x1407373519219200
1165000: system.cpu1 T0 : 1165000: system.cpu0 T0 : @_end+140737345585623    : @                         _end+140737345585623    : mov	DS:[rbp + 0xffffffffffffff58], esi
1165000: system.cpu1 T0 : 1165000: system.cpu0 T0 : @_end+140737345585623    : @                         _end+140737345585623    : mov	DS:[rbp + 0xffffffffffffff58], esi
1166000: system.cpu0 T0 : @_end+140737345585629    : mov	DS:[rbp + 0xffffffffffffff68], 0
1166000: system.cpu0                T0 :   MOV_M_I : limm   t1d, 0 : IntAlu :  D=0x0000000000000000
1166000: system.cpu0                T0 :   MOV_M_I : limm   t1d, 0 : IntAlu :  D=0x0000000000000000
1166500: system.cpu1 T0 : @_end+140737345585629.1  : 1166500: system.cpu0                T0 :   MOV_M_I : st   t1d, DS:[rbp + 0xffffffffffffff68] : MemWrite :  D=0x0000000000000000 A=0x7fffffffecc8
1166500: system.cpu1 T0 : @_end+140737345585629.1  : 1166500: system.cpu0                T0 :   MOV_M_I : st   t1d, DS:[rbp + 0xffffffffffffff68] : MemWrite :  D=0x0000000000000000 A=0x7fffffffecc8
1167500: system.cpu0 T0 : @_end+140737345585639    : mov	DS:[rip + 0x224d7a], rax
1167500: system.cpu0 T0 : @_end+140737345585639.0  : 1167500: system.cpu1                T0 :   MOV_P_R : rdip   t7, %ctrl153,  : IntAlu :  D=0x00007ffff7dd922e
1168000: system.cpu0 T0 : 1167500: system.cpu1 T0 : @_end+140737345585639.1  : @                         _end+140737345585639.0  :   MOV_P_R : st   rax, DS:[t7 + 0x224d7a] : MemWrite :  D=0x00007ffff7de3100 A=0x7ffff7ffdfa8
1168000: system.cpu0 T0 : 1167500: system.cpu1 T0 : @_end+140737345585639.1  : @                         _end+140737345585639.0  :   MOV_P_R : st   rax, DS:[t7 + 0x224d7a] : MemWrite :  D=0x00007ffff7de3100 A=0x7ffff7ffdfa8
1169000: system.cpu0 T0 : @_end+140737345585646    : 1168000: system.cpu1                lea	rax, DS:[rip + 0xffffffffffffea5b]
1169000: system.cpu0                T0 :   MOV_P_R : st   rax, DS:[t7 + 0x224d7a] : MemWrite :  D=0x00007ffff7de3100 A=0x7ffff7ffdfa8
1169000: system.cpu0                T0 :   MOV_P_R : st   rax, DS:[t7 + 0x224d7a] : MemWrite :  D=0x00007ffff7de3100 A=0x7ffff7ffdfa8
1169500: system.cpu0 T0 : @_end+140737345585646.1  : 1169000: system.cpu1                T0 :   LEA_R_P : lea   rax, DS:[t7 + 0xffffffffffffea5b] : IntAlu :  D=0x00007ffff7dd7c90
1169500: system.cpu0 T0 : @_end+140737345585646.1  : 1169000: system.cpu1                T0 :   LEA_R_P : lea   rax, DS:[t7 + 0xffffffffffffea5b] : IntAlu :  D=0x00007ffff7dd7c90
1172000: system.cpu0 T0 : @_end+140737345585660    : lea	rax, DS:[rip + 0xffffffffffffea5d]
1172000: system.cpu0 T0 : @_end+140737345585660.00 : 1172000: system.cpu1000000000000000 T0 :   LEA_R_P : rdip   t7, %ctrl153,  : IntAlu :  D=0x00007ffff7dd9243
1172000: system.cpu0 T0 : @_end+140737345585660.00 : 1172000: system.cpu1000000000000000 T0 :   LEA_R_P : rdip   t7, %ctrl153,  : IntAlu :  D=0x00007ffff7dd9243
1173500: system.cpu0 T0 : 1     : _end+140737345585667    : .cpu1 T0 : @_end+140737345585667    : mov	DS:[rip + 0x224d06], rax
1173500: system.cpu0 T0 : 1     : _end+140737345585667    : .cpu1 T0 : @_end+140737345585667    : mov	DS:[rip + 0x224d06], rax
1174000: 00000system.cpu0 T0 : @_end+140737345585667.01 : 1174000: system.cpu1000000000000000 T0 :   MOV_P_R : st   rax, DS:[t7 + 0x224d06] : MemWrite :  D=0x00007ffff7dd7ca0 A=0x7ffff7ffdf50_1174000: 00000system.cpu0 T0 : @_end+140737345585667.01 : 1174000: system.cpu1000000000000000 T0 :   MOV_P_R : st   rax, DS:[t7 + 0x224d06] : MemWrite :  D=0x00007ffff7dd7ca0 A=0x7ffff7ffdf50_end+140737345585667.10 :   MOV_P_R : st   rax, DS:[t7 + 0x224d06] : MemWrite :  D=0x00007ffff7dd7ca0 A=0x7ffff7ffdf50
1175000: system.cpu0 T0 : 1175000: system.cpu1 T0 : @_end+140737345585674    : @0000000000000000000000000_end+140737345585674    : lea	rax, DS:[rip + 0x11e5f]
1175000: system.cpu0 T0 : 1175000: system.cpu1 T0 : @_end+140737345585674    : @0000000000000000000000000_end+140737345585674    : lea	rax, DS:[rip + 0x11e5f]
1175500: system.cpu0 T0 : @_end+140737345585674.10 : 1175500: system.cpu1000000000000000 T0 : @_end+140737345585674.10 :   LEA_R_P : lea   rax, DS:[t7 + 0x11e5f] : IntAluIntAlu :  D=0x00007ffff000000x
1175500: system.cpu0 T0 : @_end+140737345585674.10 : 1175500: system.cpu1000000000000000 T0 : @_end+140737345585674.10 :   LEA_R_P : lea   rax, DS:[t7 + 0x11e5f] : IntAluIntAlu :  D=0x00007ffff000000x
1176000: system.cpu0 T0 : @_end+140737345585681    : 1176000: system.cpu1 T0 : @_end+140737345585681    : mov	DS:[rip + 0x224d00], rax
1176000: system.cpu0 T0 : @_end+140737345585681    : 1176000: system.cpu1 T0 : @_end+140737345585681    : mov	DS:[rip + 0x224d00], rax
1176500: system.cpu0 T0 : @_end+140737345585681.10 :   MOV_P_R : st   rax, DS:[t7 + 0x224d00] : MemWrite :  D=0x00007ffff7deb0b0 A=0x7ffff7ffdf58
1177000: system.cpu1 T0 : 1177000: system.cpu0 T0 : @_end+140737345585688    : @0000000000000000000000000_end+140737345585688    : mov	rax, DS:[rip + 0x224ea1]
1177000: system.cpu1 T0 : 1177000: system.cpu0 T0 : @_end+140737345585688    : @0000000000000000000000000_end+140737345585688    : mov	rax, DS:[rip + 0x224ea1]
1177000: system.cpu0000000000000000 T0 : @_end+140737345585688.00MOV_R_P : rdip   t7, %ctrl153,  :  :  :  D=0x00007ffff7dd925f
1177000: system.cpu0000000000000000 T0 : @_end+140737345585688.00MOV_R_P : rdip   t7, %ctrl153,  :  :  :  D=0x00007ffff7dd925f
1177500: system.cpu1 T0 : @_end+140737345585688.10 : 1177500: system.cpu0000000000000000 T0 : @_end+140737345585688.10 :  : MemRead :  D=0x00007fffffffee78 A=0x7ffff7ffe100
1177500: system.cpu1 T0 : @_end+140737345585688.10 : 1177500: system.cpu0000000000000000 T0 : @_end+140737345585688.10 :  : MemRead :  D=0x00007fffffffee78 A=0x7ffff7ffe100
1178500: system.cpu1 T0 : 1178500: system.cpu0 T0 : @_end+140737345585695    : @0000000000000000000000000_end+140737345585695    : mov	DS:[rbp + 0xffffffffffffffa0], rax
1178500: system.cpu1 T0 : 1178500: system.cpu0 T0 : @_end+140737345585695    : @0000000000000000000000000_end+140737345585695    : mov	DS:[rbp + 0xffffffffffffffa0], rax
1178500: system.cpu0000000000000000 T0 : @_end+140737345585695.00 :   MOV_M_R : st   rax, DS:[rbp + 0xffffffffffffffa0] : MemWrite :  D=0x00007fffffffee78 A=0x7fffffffed00
1178500: system.cpu0000000000000000 T0 : @_end+140737345585695.00 :   MOV_M_R : st   rax, DS:[rbp + 0xffffffffffffffa0] : MemWrite :  D=0x00007fffffffee78 A=0x7fffffffed00
1179500: system.cpu1 T0 : 1179500: system.cpu0 T0 : @_end+140737345585699    :  : movsxd	rax, DS:[rip + 0x223c0e]
1179500: system.cpu0 T0 : 1179500: system.cpu0 T0 : @_end+140737345585699    :  : movsxd	rax, DS:[rip + 0x223c0e]
1180000: system.cpu0 T0 : @_end+140737345585699.10 : 1180000: system.cpu1000000000000000 T0 :   MOVSXD_R_P : ld   t1d, DS:[t7 + 0x223c0e] : MemRead :  D=0x0000000000000000 A=0x7ffff7ffce78
1180000: system.cpu0 T0 : @_end+140737345585699.10 : 1180000: system.cpu1000000000000000 T0 :   MOVSXD_R_P : ld   t1d, DS:[t7 + 0x223c0e] : MemRead :  D=0x0000000000000000 A=0x7ffff7ffce78
1180500: system.cpu0 T0 : @_end+140737345585699.20 :   MOVSXD_R_P : sexti   rax, t1, 0x1f : IntAlu :  D=0x0000000000000000
